[0.036s] Invoking command in '/home/jelly/ros2_ws/build/moveit2_scripts': CMAKE_PREFIX_PATH=/opt/ros/humble /usr/bin/cmake --build /home/jelly/ros2_ws/build/moveit2_scripts -- -j4 -l4
[0.330s] [ 25%] Built target test_trajectory3
[0.331s] [ 50%] Built target test_trajectory
[0.333s] [ 75%] Built target test_trajectory2
[0.340s] [100%] Built target cartesian_path
[0.457s] Invoked command in '/home/jelly/ros2_ws/build/moveit2_scripts' returned '0': CMAKE_PREFIX_PATH=/opt/ros/humble /usr/bin/cmake --build /home/jelly/ros2_ws/build/moveit2_scripts -- -j4 -l4
[0.547s] Invoking command in '/home/jelly/ros2_ws/build/moveit2_scripts': CMAKE_PREFIX_PATH=/opt/ros/humble /usr/bin/cmake --install /home/jelly/ros2_ws/build/moveit2_scripts
[0.567s] -- Install configuration: ""
[0.568s] -- Execute custom install script
[0.569s] -- Up-to-date symlink: /home/jelly/ros2_ws/install/moveit2_scripts/share/ament_index/resource_index/package_run_dependencies/moveit2_scripts
[0.569s] -- Up-to-date symlink: /home/jelly/ros2_ws/install/moveit2_scripts/share/ament_index/resource_index/parent_prefix_path/moveit2_scripts
[0.571s] -- Up-to-date symlink: /home/jelly/ros2_ws/install/moveit2_scripts/share/moveit2_scripts/environment/ament_prefix_path.sh
[0.571s] -- Up-to-date symlink: /home/jelly/ros2_ws/install/moveit2_scripts/share/moveit2_scripts/environment/ament_prefix_path.dsv
[0.572s] -- Up-to-date symlink: /home/jelly/ros2_ws/install/moveit2_scripts/share/moveit2_scripts/environment/path.sh
[0.573s] -- Up-to-date symlink: /home/jelly/ros2_ws/install/moveit2_scripts/share/moveit2_scripts/environment/path.dsv
[0.574s] -- Up-to-date symlink: /home/jelly/ros2_ws/install/moveit2_scripts/share/moveit2_scripts/local_setup.bash
[0.574s] -- Up-to-date symlink: /home/jelly/ros2_ws/install/moveit2_scripts/share/moveit2_scripts/local_setup.sh
[0.575s] -- Up-to-date symlink: /home/jelly/ros2_ws/install/moveit2_scripts/share/moveit2_scripts/local_setup.zsh
[0.577s] -- Up-to-date symlink: /home/jelly/ros2_ws/install/moveit2_scripts/share/moveit2_scripts/local_setup.dsv
[0.578s] -- Symlinking: /home/jelly/ros2_ws/install/moveit2_scripts/share/moveit2_scripts/package.dsv
[0.601s] -- Up-to-date symlink: /home/jelly/ros2_ws/install/moveit2_scripts/share/ament_index/resource_index/packages/moveit2_scripts
[0.602s] -- Up-to-date symlink: /home/jelly/ros2_ws/install/moveit2_scripts/share/moveit2_scripts/cmake/moveit2_scriptsConfig.cmake
[0.602s] -- Up-to-date symlink: /home/jelly/ros2_ws/install/moveit2_scripts/share/moveit2_scripts/cmake/moveit2_scriptsConfig-version.cmake
[0.603s] -- Up-to-date symlink: /home/jelly/ros2_ws/install/moveit2_scripts/share/moveit2_scripts/package.xml
[0.604s] -- Up-to-date symlink: /home/jelly/ros2_ws/install/moveit2_scripts/lib/moveit2_scripts/test_trajectory
[0.604s] -- Up-to-date symlink: /home/jelly/ros2_ws/install/moveit2_scripts/share/moveit2_scripts/launch/cartesian_path.launch.py
[0.605s] -- Up-to-date symlink: /home/jelly/ros2_ws/install/moveit2_scripts/share/moveit2_scripts/launch/test_trajectory.launch.py
[0.605s] -- Up-to-date symlink: /home/jelly/ros2_ws/install/moveit2_scripts/share/moveit2_scripts/launch/test_trajectory2.launch.py
[0.606s] -- Up-to-date symlink: /home/jelly/ros2_ws/install/moveit2_scripts/share/moveit2_scripts/launch/test_trajectory3.launch.py
[0.606s] -- Up-to-date symlink: /home/jelly/ros2_ws/install/moveit2_scripts/lib/moveit2_scripts/test_trajectory
[0.608s] -- Up-to-date symlink: /home/jelly/ros2_ws/install/moveit2_scripts/lib/moveit2_scripts/test_trajectory2
[0.609s] -- Up-to-date symlink: /home/jelly/ros2_ws/install/moveit2_scripts/lib/moveit2_scripts/test_trajectory
[0.610s] -- Up-to-date symlink: /home/jelly/ros2_ws/install/moveit2_scripts/lib/moveit2_scripts/test_trajectory3
[0.611s] -- Up-to-date symlink: /home/jelly/ros2_ws/install/moveit2_scripts/lib/moveit2_scripts/cartesian_path
[0.630s] Invoked command in '/home/jelly/ros2_ws/build/moveit2_scripts' returned '0': CMAKE_PREFIX_PATH=/opt/ros/humble /usr/bin/cmake --install /home/jelly/ros2_ws/build/moveit2_scripts
