[0.023s] Invoking command in '/home/jelly/ros2_ws/build/mycobot': AMENT_PREFIX_PATH=/home/jelly/ros2_ws/install/serial:/home/jelly/ros2_ws/install/fp:/home/jelly/ros2_ws/install/catch2:${AMENT_PREFIX_PATH} CMAKE_PREFIX_PATH=/home/jelly/ros2_ws/install/serial:/home/jelly/ros2_ws/install/fp:/home/jelly/ros2_ws/install/catch2:/opt/ros/humble LD_LIBRARY_PATH=/home/jelly/ros2_ws/install/serial/lib:${LD_LIBRARY_PATH} /usr/bin/cmake --build /home/jelly/ros2_ws/build/mycobot -- -j4 -l4
[0.139s] [ 50%] Built target mycobot
[0.181s] [ 66%] Built target wiggle
[0.229s] [100%] Built target test_mycobot
[0.255s] Invoked command in '/home/jelly/ros2_ws/build/mycobot' returned '0': AMENT_PREFIX_PATH=/home/jelly/ros2_ws/install/serial:/home/jelly/ros2_ws/install/fp:/home/jelly/ros2_ws/install/catch2:${AMENT_PREFIX_PATH} CMAKE_PREFIX_PATH=/home/jelly/ros2_ws/install/serial:/home/jelly/ros2_ws/install/fp:/home/jelly/ros2_ws/install/catch2:/opt/ros/humble LD_LIBRARY_PATH=/home/jelly/ros2_ws/install/serial/lib:${LD_LIBRARY_PATH} /usr/bin/cmake --build /home/jelly/ros2_ws/build/mycobot -- -j4 -l4
[0.385s] Invoking command in '/home/jelly/ros2_ws/build/mycobot': AMENT_PREFIX_PATH=/home/jelly/ros2_ws/install/serial:/home/jelly/ros2_ws/install/fp:/home/jelly/ros2_ws/install/catch2:${AMENT_PREFIX_PATH} CMAKE_PREFIX_PATH=/home/jelly/ros2_ws/install/serial:/home/jelly/ros2_ws/install/fp:/home/jelly/ros2_ws/install/catch2:/opt/ros/humble LD_LIBRARY_PATH=/home/jelly/ros2_ws/install/serial/lib:${LD_LIBRARY_PATH} /usr/bin/cmake --install /home/jelly/ros2_ws/build/mycobot
[0.401s] -- Install configuration: ""
[0.401s] -- Up-to-date: /home/jelly/ros2_ws/install/mycobot/include
[0.402s] -- Up-to-date: /home/jelly/ros2_ws/install/mycobot/include/mycobot
[0.402s] -- Up-to-date: /home/jelly/ros2_ws/install/mycobot/include/mycobot/protocol_code.hpp
[0.402s] -- Up-to-date: /home/jelly/ros2_ws/install/mycobot/include/mycobot/serialize.hpp
[0.402s] -- Up-to-date: /home/jelly/ros2_ws/install/mycobot/include/mycobot/process_received.hpp
[0.402s] -- Up-to-date: /home/jelly/ros2_ws/install/mycobot/include/mycobot/detect.hpp
[0.403s] -- Up-to-date: /home/jelly/ros2_ws/install/mycobot/include/mycobot/command.hpp
[0.403s] -- Up-to-date: /home/jelly/ros2_ws/install/mycobot/include/mycobot/mycobot.hpp
[0.403s] -- Up-to-date: /home/jelly/ros2_ws/install/mycobot/lib/libmycobot.a
[0.404s] -- Up-to-date: /home/jelly/ros2_ws/install/mycobot/bin/wiggle
[0.404s] -- Up-to-date: /home/jelly/ros2_ws/install/mycobot/share/mycobot/environment/library_path.sh
[0.404s] -- Up-to-date: /home/jelly/ros2_ws/install/mycobot/share/mycobot/environment/library_path.dsv
[0.405s] -- Up-to-date: /home/jelly/ros2_ws/install/mycobot/share/ament_index/resource_index/package_run_dependencies/mycobot
[0.405s] -- Up-to-date: /home/jelly/ros2_ws/install/mycobot/share/ament_index/resource_index/parent_prefix_path/mycobot
[0.405s] -- Up-to-date: /home/jelly/ros2_ws/install/mycobot/share/mycobot/environment/ament_prefix_path.sh
[0.405s] -- Up-to-date: /home/jelly/ros2_ws/install/mycobot/share/mycobot/environment/ament_prefix_path.dsv
[0.406s] -- Up-to-date: /home/jelly/ros2_ws/install/mycobot/share/mycobot/environment/path.sh
[0.406s] -- Up-to-date: /home/jelly/ros2_ws/install/mycobot/share/mycobot/environment/path.dsv
[0.406s] -- Up-to-date: /home/jelly/ros2_ws/install/mycobot/share/mycobot/local_setup.bash
[0.406s] -- Up-to-date: /home/jelly/ros2_ws/install/mycobot/share/mycobot/local_setup.sh
[0.407s] -- Up-to-date: /home/jelly/ros2_ws/install/mycobot/share/mycobot/local_setup.zsh
[0.407s] -- Up-to-date: /home/jelly/ros2_ws/install/mycobot/share/mycobot/local_setup.dsv
[0.407s] -- Installing: /home/jelly/ros2_ws/install/mycobot/share/mycobot/package.dsv
[0.408s] -- Up-to-date: /home/jelly/ros2_ws/install/mycobot/share/ament_index/resource_index/packages/mycobot
[0.409s] -- Up-to-date: /home/jelly/ros2_ws/install/mycobot/share/mycobot/cmake/export_mycobotExport.cmake
[0.409s] -- Up-to-date: /home/jelly/ros2_ws/install/mycobot/share/mycobot/cmake/export_mycobotExport-noconfig.cmake
[0.410s] -- Up-to-date: /home/jelly/ros2_ws/install/mycobot/share/mycobot/cmake/ament_cmake_export_include_directories-extras.cmake
[0.410s] -- Up-to-date: /home/jelly/ros2_ws/install/mycobot/share/mycobot/cmake/ament_cmake_export_libraries-extras.cmake
[0.410s] -- Up-to-date: /home/jelly/ros2_ws/install/mycobot/share/mycobot/cmake/ament_cmake_export_targets-extras.cmake
[0.410s] -- Up-to-date: /home/jelly/ros2_ws/install/mycobot/share/mycobot/cmake/mycobotConfig.cmake
[0.411s] -- Up-to-date: /home/jelly/ros2_ws/install/mycobot/share/mycobot/cmake/mycobotConfig-version.cmake
[0.411s] -- Up-to-date: /home/jelly/ros2_ws/install/mycobot/share/mycobot/package.xml
[0.415s] Invoked command in '/home/jelly/ros2_ws/build/mycobot' returned '0': AMENT_PREFIX_PATH=/home/jelly/ros2_ws/install/serial:/home/jelly/ros2_ws/install/fp:/home/jelly/ros2_ws/install/catch2:${AMENT_PREFIX_PATH} CMAKE_PREFIX_PATH=/home/jelly/ros2_ws/install/serial:/home/jelly/ros2_ws/install/fp:/home/jelly/ros2_ws/install/catch2:/opt/ros/humble LD_LIBRARY_PATH=/home/jelly/ros2_ws/install/serial/lib:${LD_LIBRARY_PATH} /usr/bin/cmake --install /home/jelly/ros2_ws/build/mycobot
