[0.026s] Invoking command in '/home/jelly/ros2_ws/build/mycobot_description': CMAKE_PREFIX_PATH=/opt/ros/humble /usr/bin/cmake --build /home/jelly/ros2_ws/build/mycobot_description -- -j4 -l4
[0.082s] Invoked command in '/home/jelly/ros2_ws/build/mycobot_description' returned '0': CMAKE_PREFIX_PATH=/opt/ros/humble /usr/bin/cmake --build /home/jelly/ros2_ws/build/mycobot_description -- -j4 -l4
[0.143s] Invoking command in '/home/jelly/ros2_ws/build/mycobot_description': CMAKE_PREFIX_PATH=/opt/ros/humble /usr/bin/cmake --install /home/jelly/ros2_ws/build/mycobot_description
[0.156s] -- Install configuration: ""
[0.157s] -- Up-to-date: /home/jelly/ros2_ws/install/mycobot_description/share/mycobot_description/launch
[0.157s] -- Up-to-date: /home/jelly/ros2_ws/install/mycobot_description/share/mycobot_description/meshes
[0.157s] -- Up-to-date: /home/jelly/ros2_ws/install/mycobot_description/share/mycobot_description/meshes/mycobot_280
[0.158s] -- Up-to-date: /home/jelly/ros2_ws/install/mycobot_description/share/mycobot_description/meshes/mycobot_280/joint2.stl
[0.158s] -- Up-to-date: /home/jelly/ros2_ws/install/mycobot_description/share/mycobot_description/meshes/mycobot_280/spectrometer.stl
[0.158s] -- Up-to-date: /home/jelly/ros2_ws/install/mycobot_description/share/mycobot_description/meshes/mycobot_280/joint4.stl
[0.158s] -- Up-to-date: /home/jelly/ros2_ws/install/mycobot_description/share/mycobot_description/meshes/mycobot_280/holder.stl
[0.158s] -- Up-to-date: /home/jelly/ros2_ws/install/mycobot_description/share/mycobot_description/meshes/mycobot_280/joint5.stl
[0.159s] -- Up-to-date: /home/jelly/ros2_ws/install/mycobot_description/share/mycobot_description/meshes/mycobot_280/joint3.stl
[0.159s] -- Up-to-date: /home/jelly/ros2_ws/install/mycobot_description/share/mycobot_description/meshes/mycobot_280/joint7.stl
[0.159s] -- Up-to-date: /home/jelly/ros2_ws/install/mycobot_description/share/mycobot_description/meshes/mycobot_280/joint1.stl
[0.160s] -- Up-to-date: /home/jelly/ros2_ws/install/mycobot_description/share/mycobot_description/meshes/mycobot_280/joint6.stl
[0.160s] -- Up-to-date: /home/jelly/ros2_ws/install/mycobot_description/share/mycobot_description/rviz
[0.160s] -- Up-to-date: /home/jelly/ros2_ws/install/mycobot_description/share/mycobot_description/urdf
[0.161s] -- Up-to-date: /home/jelly/ros2_ws/install/mycobot_description/share/mycobot_description/urdf/mycobot_280_urdf.xacro
[0.161s] -- Up-to-date: /home/jelly/ros2_ws/install/mycobot_description/share/ament_index/resource_index/package_run_dependencies/mycobot_description
[0.161s] -- Up-to-date: /home/jelly/ros2_ws/install/mycobot_description/share/ament_index/resource_index/parent_prefix_path/mycobot_description
[0.162s] -- Up-to-date: /home/jelly/ros2_ws/install/mycobot_description/share/mycobot_description/environment/ament_prefix_path.sh
[0.162s] -- Up-to-date: /home/jelly/ros2_ws/install/mycobot_description/share/mycobot_description/environment/ament_prefix_path.dsv
[0.162s] -- Up-to-date: /home/jelly/ros2_ws/install/mycobot_description/share/mycobot_description/environment/path.sh
[0.162s] -- Up-to-date: /home/jelly/ros2_ws/install/mycobot_description/share/mycobot_description/environment/path.dsv
[0.162s] -- Up-to-date: /home/jelly/ros2_ws/install/mycobot_description/share/mycobot_description/local_setup.bash
[0.163s] -- Up-to-date: /home/jelly/ros2_ws/install/mycobot_description/share/mycobot_description/local_setup.sh
[0.163s] -- Up-to-date: /home/jelly/ros2_ws/install/mycobot_description/share/mycobot_description/local_setup.zsh
[0.163s] -- Up-to-date: /home/jelly/ros2_ws/install/mycobot_description/share/mycobot_description/local_setup.dsv
[0.163s] -- Installing: /home/jelly/ros2_ws/install/mycobot_description/share/mycobot_description/package.dsv
[0.164s] -- Up-to-date: /home/jelly/ros2_ws/install/mycobot_description/share/ament_index/resource_index/packages/mycobot_description
[0.171s] -- Up-to-date: /home/jelly/ros2_ws/install/mycobot_description/share/mycobot_description/cmake/mycobot_descriptionConfig.cmake
[0.173s] -- Up-to-date: /home/jelly/ros2_ws/install/mycobot_description/share/mycobot_description/cmake/mycobot_descriptionConfig-version.cmake
[0.179s] -- Up-to-date: /home/jelly/ros2_ws/install/mycobot_description/share/mycobot_description/package.xml
[0.187s] Invoked command in '/home/jelly/ros2_ws/build/mycobot_description' returned '0': CMAKE_PREFIX_PATH=/opt/ros/humble /usr/bin/cmake --install /home/jelly/ros2_ws/build/mycobot_description
