[  4%] Built target fmt
[  7%] Built target gtest
[ 12%] Built target test-main
[ 21%] Built target scan-test
[ 30%] Built target format-impl-test
[ 39%] Built target compile-fp-test
[ 47%] Built target unicode-test
[ 50%] Built target xchar-test
[ 53%] Built target enforce-checks-test
[ 61%] Built target posix-mock-test
[ 64%] Built target os-test
[ 67%] Built target args-test
[ 70%] Built target base-test
[ 73%] Built target color-test
[ 76%] Built target assert-test
[ 78%] Built target chrono-test
[ 81%] Built target gtest-extra-test
[ 84%] Built target format-test
[ 87%] Built target ostream-test
[ 90%] Built target compile-test
[ 92%] Built target printf-test
[ 97%] Built target ranges-test
[100%] Built target std-test
-- Install configuration: "Release"
-- Up-to-date: /home/jelly/ros2_ws/install/FMT/lib/libfmt.a
-- Up-to-date: /home/jelly/ros2_ws/install/FMT/include/fmt/args.h
-- Up-to-date: /home/jelly/ros2_ws/install/FMT/include/fmt/base.h
-- Up-to-date: /home/jelly/ros2_ws/install/FMT/include/fmt/chrono.h
-- Up-to-date: /home/jelly/ros2_ws/install/FMT/include/fmt/color.h
-- Up-to-date: /home/jelly/ros2_ws/install/FMT/include/fmt/compile.h
-- Up-to-date: /home/jelly/ros2_ws/install/FMT/include/fmt/core.h
-- Up-to-date: /home/jelly/ros2_ws/install/FMT/include/fmt/format.h
-- Up-to-date: /home/jelly/ros2_ws/install/FMT/include/fmt/format-inl.h
-- Up-to-date: /home/jelly/ros2_ws/install/FMT/include/fmt/os.h
-- Up-to-date: /home/jelly/ros2_ws/install/FMT/include/fmt/ostream.h
-- Up-to-date: /home/jelly/ros2_ws/install/FMT/include/fmt/printf.h
-- Up-to-date: /home/jelly/ros2_ws/install/FMT/include/fmt/ranges.h
-- Up-to-date: /home/jelly/ros2_ws/install/FMT/include/fmt/std.h
-- Up-to-date: /home/jelly/ros2_ws/install/FMT/include/fmt/xchar.h
-- Up-to-date: /home/jelly/ros2_ws/install/FMT/lib/cmake/fmt/fmt-config.cmake
-- Up-to-date: /home/jelly/ros2_ws/install/FMT/lib/cmake/fmt/fmt-config-version.cmake
-- Up-to-date: /home/jelly/ros2_ws/install/FMT/lib/cmake/fmt/fmt-targets.cmake
-- Up-to-date: /home/jelly/ros2_ws/install/FMT/lib/cmake/fmt/fmt-targets-release.cmake
-- Up-to-date: /home/jelly/ros2_ws/install/FMT/lib/pkgconfig/fmt.pc
