[0.047s] Invoking command in '/home/jelly/ros2_ws/build/FMT': /usr/bin/cmake --build /home/jelly/ros2_ws/build/FMT -- -j4 -l4
[0.164s] [  4%] Built target fmt
[0.164s] [  7%] Built target gtest
[0.423s] [ 12%] Built target test-main
[0.451s] [ 21%] Built target scan-test
[0.451s] [ 30%] Built target format-impl-test
[0.452s] [ 39%] Built target compile-fp-test
[0.453s] [ 47%] Built target unicode-test
[0.454s] [ 50%] Built target xchar-test
[0.454s] [ 53%] Built target enforce-checks-test
[0.454s] [ 61%] Built target posix-mock-test
[0.471s] [ 64%] Built target os-test
[0.489s] [ 67%] Built target args-test
[0.524s] [ 70%] Built target base-test
[0.548s] [ 73%] Built target color-test
[0.570s] [ 76%] Built target assert-test
[0.625s] [ 78%] Built target chrono-test
[0.663s] [ 81%] Built target gtest-extra-test
[0.723s] [ 84%] Built target format-test
[0.724s] [ 87%] Built target ostream-test
[0.796s] [ 90%] Built target compile-test
[0.866s] [ 92%] Built target printf-test
[0.879s] [ 97%] Built target ranges-test
[0.887s] [100%] Built target std-test
[1.083s] Invoked command in '/home/jelly/ros2_ws/build/FMT' returned '0': /usr/bin/cmake --build /home/jelly/ros2_ws/build/FMT -- -j4 -l4
[1.283s] Invoking command in '/home/jelly/ros2_ws/build/FMT': /usr/bin/cmake --install /home/jelly/ros2_ws/build/FMT
[1.306s] -- Install configuration: "Release"
[1.306s] -- Up-to-date: /home/jelly/ros2_ws/install/FMT/lib/libfmt.a
[1.307s] -- Up-to-date: /home/jelly/ros2_ws/install/FMT/include/fmt/args.h
[1.307s] -- Up-to-date: /home/jelly/ros2_ws/install/FMT/include/fmt/base.h
[1.307s] -- Up-to-date: /home/jelly/ros2_ws/install/FMT/include/fmt/chrono.h
[1.307s] -- Up-to-date: /home/jelly/ros2_ws/install/FMT/include/fmt/color.h
[1.308s] -- Up-to-date: /home/jelly/ros2_ws/install/FMT/include/fmt/compile.h
[1.308s] -- Up-to-date: /home/jelly/ros2_ws/install/FMT/include/fmt/core.h
[1.308s] -- Up-to-date: /home/jelly/ros2_ws/install/FMT/include/fmt/format.h
[1.308s] -- Up-to-date: /home/jelly/ros2_ws/install/FMT/include/fmt/format-inl.h
[1.309s] -- Up-to-date: /home/jelly/ros2_ws/install/FMT/include/fmt/os.h
[1.309s] -- Up-to-date: /home/jelly/ros2_ws/install/FMT/include/fmt/ostream.h
[1.309s] -- Up-to-date: /home/jelly/ros2_ws/install/FMT/include/fmt/printf.h
[1.309s] -- Up-to-date: /home/jelly/ros2_ws/install/FMT/include/fmt/ranges.h
[1.309s] -- Up-to-date: /home/jelly/ros2_ws/install/FMT/include/fmt/std.h
[1.310s] -- Up-to-date: /home/jelly/ros2_ws/install/FMT/include/fmt/xchar.h
[1.310s] -- Up-to-date: /home/jelly/ros2_ws/install/FMT/lib/cmake/fmt/fmt-config.cmake
[1.310s] -- Up-to-date: /home/jelly/ros2_ws/install/FMT/lib/cmake/fmt/fmt-config-version.cmake
[1.318s] -- Up-to-date: /home/jelly/ros2_ws/install/FMT/lib/cmake/fmt/fmt-targets.cmake
[1.318s] -- Up-to-date: /home/jelly/ros2_ws/install/FMT/lib/cmake/fmt/fmt-targets-release.cmake
[1.318s] -- Up-to-date: /home/jelly/ros2_ws/install/FMT/lib/pkgconfig/fmt.pc
[1.318s] Invoked command in '/home/jelly/ros2_ws/build/FMT' returned '0': /usr/bin/cmake --install /home/jelly/ros2_ws/build/FMT
