[0.035s] Invoking command in '/home/jelly/ros2_ws/build/catch2': CMAKE_PREFIX_PATH=/opt/ros/humble /usr/bin/cmake --build /home/jelly/ros2_ws/build/catch2 -- -j4 -l4
[0.111s] Invoked command in '/home/jelly/ros2_ws/build/catch2' returned '0': CMAKE_PREFIX_PATH=/opt/ros/humble /usr/bin/cmake --build /home/jelly/ros2_ws/build/catch2 -- -j4 -l4
[0.283s] Invoking command in '/home/jelly/ros2_ws/build/catch2': CMAKE_PREFIX_PATH=/opt/ros/humble /usr/bin/cmake --install /home/jelly/ros2_ws/build/catch2
[0.296s] -- Install configuration: ""
[0.297s] -- Up-to-date: /home/jelly/ros2_ws/install/catch2/include/
[0.297s] -- Up-to-date: /home/jelly/ros2_ws/install/catch2/include//catch2
[0.297s] -- Up-to-date: /home/jelly/ros2_ws/install/catch2/include//catch2/.clang-format
[0.298s] -- Up-to-date: /home/jelly/ros2_ws/install/catch2/include//catch2/catch.hpp
[0.298s] -- Up-to-date: /home/jelly/ros2_ws/install/catch2/include//catch2/fakeit.hpp
[0.298s] -- Up-to-date: /home/jelly/ros2_ws/install/catch2/share/ament_index/resource_index/package_run_dependencies/catch2
[0.298s] -- Up-to-date: /home/jelly/ros2_ws/install/catch2/share/ament_index/resource_index/parent_prefix_path/catch2
[0.299s] -- Up-to-date: /home/jelly/ros2_ws/install/catch2/share/catch2/environment/ament_prefix_path.sh
[0.299s] -- Up-to-date: /home/jelly/ros2_ws/install/catch2/share/catch2/environment/ament_prefix_path.dsv
[0.299s] -- Up-to-date: /home/jelly/ros2_ws/install/catch2/share/catch2/environment/path.sh
[0.299s] -- Up-to-date: /home/jelly/ros2_ws/install/catch2/share/catch2/environment/path.dsv
[0.299s] -- Up-to-date: /home/jelly/ros2_ws/install/catch2/share/catch2/local_setup.bash
[0.300s] -- Up-to-date: /home/jelly/ros2_ws/install/catch2/share/catch2/local_setup.sh
[0.300s] -- Up-to-date: /home/jelly/ros2_ws/install/catch2/share/catch2/local_setup.zsh
[0.301s] -- Up-to-date: /home/jelly/ros2_ws/install/catch2/share/catch2/local_setup.dsv
[0.301s] -- Installing: /home/jelly/ros2_ws/install/catch2/share/catch2/package.dsv
[0.301s] -- Up-to-date: /home/jelly/ros2_ws/install/catch2/share/ament_index/resource_index/packages/catch2
[0.302s] -- Up-to-date: /home/jelly/ros2_ws/install/catch2/share/catch2/cmake/catch2_TargetsExport.cmake
[0.302s] -- Up-to-date: /home/jelly/ros2_ws/install/catch2/share/catch2/cmake/ament_cmake_export_include_directories-extras.cmake
[0.302s] -- Up-to-date: /home/jelly/ros2_ws/install/catch2/share/catch2/cmake/ament_cmake_export_targets-extras.cmake
[0.302s] -- Up-to-date: /home/jelly/ros2_ws/install/catch2/share/catch2/cmake/catch2Config.cmake
[0.302s] -- Up-to-date: /home/jelly/ros2_ws/install/catch2/share/catch2/cmake/catch2Config-version.cmake
[0.303s] -- Up-to-date: /home/jelly/ros2_ws/install/catch2/share/catch2/package.xml
[0.312s] Invoked command in '/home/jelly/ros2_ws/build/catch2' returned '0': CMAKE_PREFIX_PATH=/opt/ros/humble /usr/bin/cmake --install /home/jelly/ros2_ws/build/catch2
