[35m[1mConsolidate compiler generated dependencies of target maybe_error[0m
[35m[1mConsolidate compiler generated dependencies of target no_discard[0m
[35m[1mConsolidate compiler generated dependencies of target validate_in[0m
[35m[1mConsolidate compiler generated dependencies of target result[0m
[ 10%] Built target maybe_error
[ 20%] Built target validate_in
[35m[1mConsolidate compiler generated dependencies of target validate_range[0m
[ 30%] Built target no_discard
[ 40%] Built target result
[ 50%] Built target validate_range
[35m[1mConsolidate compiler generated dependencies of target gtest_main[0m
[ 60%] Built target gtest_main
[ 65%] [32mBuilding CXX object gtest/CMakeFiles/gtest.dir/src/gtest-all.cc.o[0m
[ 70%] [32m[1mLinking CXX static library libgtest.a[0m
[ 70%] Built target gtest
[ 75%] [32mBuilding CXX object test/CMakeFiles/validate_tests.dir/validate_tests.cpp.o[0m
[ 80%] [32mBuilding CXX object test/CMakeFiles/result_tests.dir/result_tests.cpp.o[0m
[ 85%] [32mBuilding CXX object test/CMakeFiles/mbind_tests.dir/mbind_tests.cpp.o[0m
[ 90%] [32m[1mLinking CXX executable mbind_tests[0m
[ 90%] Built target mbind_tests
[ 95%] [32m[1mLinking CXX executable validate_tests[0m
[ 95%] Built target validate_tests
[100%] [32m[1mLinking CXX executable result_tests[0m
[100%] Built target result_tests
