running egg_info
writing ../../build/my_moveit2_package/my_moveit2_package.egg-info/PKG-INFO
writing dependency_links to ../../build/my_moveit2_package/my_moveit2_package.egg-info/dependency_links.txt
writing entry points to ../../build/my_moveit2_package/my_moveit2_package.egg-info/entry_points.txt
writing requirements to ../../build/my_moveit2_package/my_moveit2_package.egg-info/requires.txt
writing top-level names to ../../build/my_moveit2_package/my_moveit2_package.egg-info/top_level.txt
reading manifest file '../../build/my_moveit2_package/my_moveit2_package.egg-info/SOURCES.txt'
writing manifest file '../../build/my_moveit2_package/my_moveit2_package.egg-info/SOURCES.txt'
running build
running build_py
copying my_moveit2_package/__init__.py -> /home/jelly/ros2_ws/build/my_moveit2_package/build/lib/my_moveit2_package
copying my_moveit2_package/pose_handler.py -> /home/jelly/ros2_ws/build/my_moveit2_package/build/lib/my_moveit2_package
running install
running install_lib
running install_data
copying resource/my_moveit2_package -> /home/jelly/ros2_ws/install/my_moveit2_package/share/ament_index/resource_index/packages
copying package.xml -> /home/jelly/ros2_ws/install/my_moveit2_package/share/my_moveit2_package
creating /home/jelly/ros2_ws/install/my_moveit2_package/share/my_moveit2_package/launch
running install_egg_info
removing '/home/jelly/ros2_ws/install/my_moveit2_package/lib/python3.10/site-packages/my_moveit2_package-0.0.0-py3.10.egg-info' (and everything under it)
Copying ../../build/my_moveit2_package/my_moveit2_package.egg-info to /home/jelly/ros2_ws/install/my_moveit2_package/lib/python3.10/site-packages/my_moveit2_package-0.0.0-py3.10.egg-info
running install_scripts
Installing pose_handler script to /home/jelly/ros2_ws/install/my_moveit2_package/lib/my_moveit2_package
writing list of installed files to '/home/jelly/ros2_ws/build/my_moveit2_package/install.log'
