[0.033s] Invoking command in '/home/jelly/ros2_ws/build/FMT': /usr/bin/cmake --build /home/jelly/ros2_ws/build/FMT -- -j4 -l4
[0.151s] [  5%] Built target gtest
[0.151s] [  7%] Built target fmt
[0.220s] [ 15%] Built target scan-test
[0.221s] [ 25%] Built target format-impl-test
[0.229s] [ 30%] Built target test-main
[0.279s] [ 39%] Built target compile-fp-test
[0.314s] [ 47%] Built target posix-mock-test
[0.340s] [ 50%] Built target base-test
[0.341s] [ 59%] Built target unicode-test
[0.366s] [ 61%] Built target args-test
[0.434s] [ 64%] Built target chrono-test
[0.435s] [ 67%] Built target assert-test
[0.462s] [ 70%] Built target color-test
[0.470s] [ 73%] Built target gtest-extra-test
[0.525s] [ 76%] Built target format-test
[0.548s] [ 78%] Built target ostream-test
[0.561s] [ 81%] Built target compile-test
[0.572s] [ 84%] Built target printf-test
[0.621s] [ 88%] Built target ranges-test
[0.646s] [ 91%] Built target std-test
[0.650s] [ 94%] Built target xchar-test
[0.668s] [ 97%] Built target enforce-checks-test
[0.688s] [100%] Built target os-test
[0.713s] Invoked command in '/home/jelly/ros2_ws/build/FMT' returned '0': /usr/bin/cmake --build /home/jelly/ros2_ws/build/FMT -- -j4 -l4
[0.865s] Invoking command in '/home/jelly/ros2_ws/build/FMT': /usr/bin/cmake --install /home/jelly/ros2_ws/build/FMT
[0.881s] -- Install configuration: "Release"
[0.881s] -- Up-to-date: /home/jelly/ros2_ws/install/FMT/lib/libfmt.a
[0.882s] -- Up-to-date: /home/jelly/ros2_ws/install/FMT/include/fmt/args.h
[0.882s] -- Up-to-date: /home/jelly/ros2_ws/install/FMT/include/fmt/base.h
[0.882s] -- Up-to-date: /home/jelly/ros2_ws/install/FMT/include/fmt/chrono.h
[0.883s] -- Up-to-date: /home/jelly/ros2_ws/install/FMT/include/fmt/color.h
[0.886s] -- Up-to-date: /home/jelly/ros2_ws/install/FMT/include/fmt/compile.h
[0.886s] -- Up-to-date: /home/jelly/ros2_ws/install/FMT/include/fmt/core.h
[0.886s] -- Up-to-date: /home/jelly/ros2_ws/install/FMT/include/fmt/format.h
[0.886s] -- Up-to-date: /home/jelly/ros2_ws/install/FMT/include/fmt/format-inl.h
[0.887s] -- Up-to-date: /home/jelly/ros2_ws/install/FMT/include/fmt/os.h
[0.887s] -- Up-to-date: /home/jelly/ros2_ws/install/FMT/include/fmt/ostream.h
[0.888s] -- Up-to-date: /home/jelly/ros2_ws/install/FMT/include/fmt/printf.h
[0.888s] -- Up-to-date: /home/jelly/ros2_ws/install/FMT/include/fmt/ranges.h
[0.888s] -- Up-to-date: /home/jelly/ros2_ws/install/FMT/include/fmt/std.h
[0.888s] -- Up-to-date: /home/jelly/ros2_ws/install/FMT/include/fmt/xchar.h
[0.889s] -- Up-to-date: /home/jelly/ros2_ws/install/FMT/lib/cmake/fmt/fmt-config.cmake
[0.889s] -- Up-to-date: /home/jelly/ros2_ws/install/FMT/lib/cmake/fmt/fmt-config-version.cmake
[0.889s] -- Up-to-date: /home/jelly/ros2_ws/install/FMT/lib/cmake/fmt/fmt-targets.cmake
[0.890s] -- Up-to-date: /home/jelly/ros2_ws/install/FMT/lib/cmake/fmt/fmt-targets-release.cmake
[0.890s] -- Up-to-date: /home/jelly/ros2_ws/install/FMT/lib/pkgconfig/fmt.pc
[0.925s] Invoked command in '/home/jelly/ros2_ws/build/FMT' returned '0': /usr/bin/cmake --install /home/jelly/ros2_ws/build/FMT
