[0.043s] Invoking command in '/home/jelly/ros2_ws/build/serial': CMAKE_PREFIX_PATH=${CMAKE_PREFIX_PATH}:/home/jelly/ros2_ws/install/mycobot_280:/opt/ros/humble /usr/bin/cmake --build /home/jelly/ros2_ws/build/serial -- -j4 -l4
[0.165s] [100%] Built target serial
[0.202s] Invoked command in '/home/jelly/ros2_ws/build/serial' returned '0': CMAKE_PREFIX_PATH=${CMAKE_PREFIX_PATH}:/home/jelly/ros2_ws/install/mycobot_280:/opt/ros/humble /usr/bin/cmake --build /home/jelly/ros2_ws/build/serial -- -j4 -l4
[0.359s] Invoking command in '/home/jelly/ros2_ws/build/serial': CMAKE_PREFIX_PATH=${CMAKE_PREFIX_PATH}:/home/jelly/ros2_ws/install/mycobot_280:/opt/ros/humble /usr/bin/cmake --install /home/jelly/ros2_ws/build/serial
[0.372s] -- Install configuration: ""
[0.372s] -- Execute custom install script
[0.373s] -- Up-to-date symlink: /home/jelly/ros2_ws/install/serial/include/serial/impl/unix.h
[0.374s] -- Up-to-date symlink: /home/jelly/ros2_ws/install/serial/include/serial/impl/win.h
[0.374s] -- Up-to-date symlink: /home/jelly/ros2_ws/install/serial/include/serial/serial.h
[0.375s] -- Up-to-date symlink: /home/jelly/ros2_ws/install/serial/include/serial/v8stdint.h
[0.375s] -- Up-to-date symlink: /home/jelly/ros2_ws/install/serial/share/serial/environment/library_path.sh
[0.375s] -- Up-to-date symlink: /home/jelly/ros2_ws/install/serial/share/serial/environment/library_path.dsv
[0.376s] -- Up-to-date symlink: /home/jelly/ros2_ws/install/serial/share/ament_index/resource_index/package_run_dependencies/serial
[0.376s] -- Up-to-date symlink: /home/jelly/ros2_ws/install/serial/share/ament_index/resource_index/parent_prefix_path/serial
[0.376s] -- Up-to-date symlink: /home/jelly/ros2_ws/install/serial/share/serial/environment/ament_prefix_path.sh
[0.376s] -- Up-to-date symlink: /home/jelly/ros2_ws/install/serial/share/serial/environment/ament_prefix_path.dsv
[0.376s] -- Up-to-date symlink: /home/jelly/ros2_ws/install/serial/share/serial/environment/path.sh
[0.376s] -- Up-to-date symlink: /home/jelly/ros2_ws/install/serial/share/serial/environment/path.dsv
[0.377s] -- Up-to-date symlink: /home/jelly/ros2_ws/install/serial/share/serial/local_setup.bash
[0.378s] -- Up-to-date symlink: /home/jelly/ros2_ws/install/serial/share/serial/local_setup.sh
[0.378s] -- Up-to-date symlink: /home/jelly/ros2_ws/install/serial/share/serial/local_setup.zsh
[0.378s] -- Up-to-date symlink: /home/jelly/ros2_ws/install/serial/share/serial/local_setup.dsv
[0.379s] -- Symlinking: /home/jelly/ros2_ws/install/serial/share/serial/package.dsv
[0.407s] -- Up-to-date symlink: /home/jelly/ros2_ws/install/serial/share/ament_index/resource_index/packages/serial
[0.408s] -- Up-to-date symlink: /home/jelly/ros2_ws/install/serial/share/serial/cmake/ament_cmake_export_include_directories-extras.cmake
[0.408s] -- Up-to-date symlink: /home/jelly/ros2_ws/install/serial/share/serial/cmake/ament_cmake_export_libraries-extras.cmake
[0.410s] -- Up-to-date symlink: /home/jelly/ros2_ws/install/serial/share/serial/cmake/ament_cmake_export_targets-extras.cmake
[0.411s] -- Up-to-date symlink: /home/jelly/ros2_ws/install/serial/share/serial/cmake/serialConfig.cmake
[0.411s] -- Up-to-date symlink: /home/jelly/ros2_ws/install/serial/share/serial/cmake/serialConfig-version.cmake
[0.416s] -- Up-to-date symlink: /home/jelly/ros2_ws/install/serial/share/serial/package.xml
[0.416s] -- Up-to-date: /home/jelly/ros2_ws/install/serial/lib/libserial.a
[0.417s] -- Up-to-date: /home/jelly/ros2_ws/install/serial/share/serial/cmake/export_serialExport.cmake
[0.417s] -- Up-to-date: /home/jelly/ros2_ws/install/serial/share/serial/cmake/export_serialExport-noconfig.cmake
[0.442s] Invoked command in '/home/jelly/ros2_ws/build/serial' returned '0': CMAKE_PREFIX_PATH=${CMAKE_PREFIX_PATH}:/home/jelly/ros2_ws/install/mycobot_280:/opt/ros/humble /usr/bin/cmake --install /home/jelly/ros2_ws/build/serial
