[0.043s] Invoking command in '/home/jelly/ros2_ws/build/FMT': /usr/bin/cmake --build /home/jelly/ros2_ws/build/FMT -- -j4 -l4
[0.152s] [  4%] Built target fmt
[0.156s] [  7%] Built target gtest
[0.218s] [ 16%] Built target format-impl-test
[0.220s] [ 25%] Built target scan-test
[0.263s] [ 33%] Built target unicode-test
[0.276s] [ 42%] Built target posix-mock-test
[0.362s] [ 50%] Built target compile-fp-test
[0.369s] [ 56%] Built target test-main
[0.462s] [ 59%] Built target args-test
[0.475s] [ 61%] Built target chrono-test
[0.484s] [ 64%] Built target color-test
[0.519s] [ 67%] Built target gtest-extra-test
[0.565s] [ 70%] Built target format-test
[0.608s] [ 73%] Built target ostream-test
[0.663s] [ 76%] Built target compile-test
[0.721s] [ 78%] Built target printf-test
[0.760s] [ 83%] Built target ranges-test
[0.800s] [ 85%] Built target std-test
[0.836s] [ 88%] Built target xchar-test
[0.872s] [ 91%] Built target enforce-checks-test
[0.909s] [ 94%] Built target os-test
[0.963s] [ 97%] Built target assert-test
[1.007s] [100%] Built target base-test
[1.029s] Invoked command in '/home/jelly/ros2_ws/build/FMT' returned '0': /usr/bin/cmake --build /home/jelly/ros2_ws/build/FMT -- -j4 -l4
[1.166s] Invoking command in '/home/jelly/ros2_ws/build/FMT': /usr/bin/cmake --install /home/jelly/ros2_ws/build/FMT
[1.184s] -- Install configuration: "Release"
[1.184s] -- Up-to-date: /home/jelly/ros2_ws/install/FMT/lib/libfmt.a
[1.185s] -- Up-to-date: /home/jelly/ros2_ws/install/FMT/include/fmt/args.h
[1.185s] -- Up-to-date: /home/jelly/ros2_ws/install/FMT/include/fmt/base.h
[1.185s] -- Up-to-date: /home/jelly/ros2_ws/install/FMT/include/fmt/chrono.h
[1.186s] -- Up-to-date: /home/jelly/ros2_ws/install/FMT/include/fmt/color.h
[1.187s] -- Up-to-date: /home/jelly/ros2_ws/install/FMT/include/fmt/compile.h
[1.187s] -- Up-to-date: /home/jelly/ros2_ws/install/FMT/include/fmt/core.h
[1.187s] -- Up-to-date: /home/jelly/ros2_ws/install/FMT/include/fmt/format.h
[1.187s] -- Up-to-date: /home/jelly/ros2_ws/install/FMT/include/fmt/format-inl.h
[1.188s] -- Up-to-date: /home/jelly/ros2_ws/install/FMT/include/fmt/os.h
[1.188s] -- Up-to-date: /home/jelly/ros2_ws/install/FMT/include/fmt/ostream.h
[1.188s] -- Up-to-date: /home/jelly/ros2_ws/install/FMT/include/fmt/printf.h
[1.189s] -- Up-to-date: /home/jelly/ros2_ws/install/FMT/include/fmt/ranges.h
[1.189s] -- Up-to-date: /home/jelly/ros2_ws/install/FMT/include/fmt/std.h
[1.190s] -- Up-to-date: /home/jelly/ros2_ws/install/FMT/include/fmt/xchar.h
[1.190s] -- Up-to-date: /home/jelly/ros2_ws/install/FMT/lib/cmake/fmt/fmt-config.cmake
[1.191s] -- Up-to-date: /home/jelly/ros2_ws/install/FMT/lib/cmake/fmt/fmt-config-version.cmake
[1.191s] -- Up-to-date: /home/jelly/ros2_ws/install/FMT/lib/cmake/fmt/fmt-targets.cmake
[1.192s] -- Up-to-date: /home/jelly/ros2_ws/install/FMT/lib/cmake/fmt/fmt-targets-release.cmake
[1.192s] -- Up-to-date: /home/jelly/ros2_ws/install/FMT/lib/pkgconfig/fmt.pc
[1.218s] Invoked command in '/home/jelly/ros2_ws/build/FMT' returned '0': /usr/bin/cmake --install /home/jelly/ros2_ws/build/FMT
