[0.017s] Invoking command in '/home/jelly/ros2_ws/build/FMT': /usr/bin/cmake --build /home/jelly/ros2_ws/build/FMT -- -j4 -l4
[0.118s] [  4%] Built target fmt
[0.135s] [  7%] Built target gtest
[0.274s] [ 12%] Built target test-main
[0.296s] [ 22%] Built target format-impl-test
[0.346s] [ 30%] Built target scan-test
[0.370s] [ 39%] Built target compile-fp-test
[0.394s] [ 47%] Built target unicode-test
[0.394s] [ 50%] Built target enforce-checks-test
[0.395s] [ 59%] Built target posix-mock-test
[0.396s] [ 61%] Built target xchar-test
[0.414s] [ 64%] Built target os-test
[0.439s] [ 67%] Built target base-test
[0.439s] [ 70%] Built target args-test
[0.465s] [ 73%] Built target assert-test
[0.477s] [ 76%] Built target chrono-test
[0.513s] [ 78%] Built target color-test
[0.543s] [ 83%] Built target format-test
[0.543s] [ 84%] Built target gtest-extra-test
[0.550s] [ 87%] Built target ostream-test
[0.613s] [ 90%] Built target compile-test
[0.635s] [ 94%] Built target ranges-test
[0.643s] [ 97%] Built target printf-test
[0.655s] [100%] Built target std-test
[0.676s] Invoked command in '/home/jelly/ros2_ws/build/FMT' returned '0': /usr/bin/cmake --build /home/jelly/ros2_ws/build/FMT -- -j4 -l4
[0.813s] Invoking command in '/home/jelly/ros2_ws/build/FMT': /usr/bin/cmake --install /home/jelly/ros2_ws/build/FMT
[0.828s] -- Install configuration: "Release"
[0.828s] -- Up-to-date: /home/jelly/ros2_ws/install/FMT/lib/libfmt.a
[0.829s] -- Up-to-date: /home/jelly/ros2_ws/install/FMT/include/fmt/args.h
[0.829s] -- Up-to-date: /home/jelly/ros2_ws/install/FMT/include/fmt/base.h
[0.829s] -- Up-to-date: /home/jelly/ros2_ws/install/FMT/include/fmt/chrono.h
[0.830s] -- Up-to-date: /home/jelly/ros2_ws/install/FMT/include/fmt/color.h
[0.830s] -- Up-to-date: /home/jelly/ros2_ws/install/FMT/include/fmt/compile.h
[0.830s] -- Up-to-date: /home/jelly/ros2_ws/install/FMT/include/fmt/core.h
[0.831s] -- Up-to-date: /home/jelly/ros2_ws/install/FMT/include/fmt/format.h
[0.831s] -- Up-to-date: /home/jelly/ros2_ws/install/FMT/include/fmt/format-inl.h
[0.831s] -- Up-to-date: /home/jelly/ros2_ws/install/FMT/include/fmt/os.h
[0.832s] -- Up-to-date: /home/jelly/ros2_ws/install/FMT/include/fmt/ostream.h
[0.832s] -- Up-to-date: /home/jelly/ros2_ws/install/FMT/include/fmt/printf.h
[0.832s] -- Up-to-date: /home/jelly/ros2_ws/install/FMT/include/fmt/ranges.h
[0.832s] -- Up-to-date: /home/jelly/ros2_ws/install/FMT/include/fmt/std.h
[0.833s] -- Up-to-date: /home/jelly/ros2_ws/install/FMT/include/fmt/xchar.h
[0.833s] -- Up-to-date: /home/jelly/ros2_ws/install/FMT/lib/cmake/fmt/fmt-config.cmake
[0.833s] -- Up-to-date: /home/jelly/ros2_ws/install/FMT/lib/cmake/fmt/fmt-config-version.cmake
[0.833s] -- Up-to-date: /home/jelly/ros2_ws/install/FMT/lib/cmake/fmt/fmt-targets.cmake
[0.833s] -- Up-to-date: /home/jelly/ros2_ws/install/FMT/lib/cmake/fmt/fmt-targets-release.cmake
[0.834s] -- Up-to-date: /home/jelly/ros2_ws/install/FMT/lib/pkgconfig/fmt.pc
[0.844s] Invoked command in '/home/jelly/ros2_ws/build/FMT' returned '0': /usr/bin/cmake --install /home/jelly/ros2_ws/build/FMT
