[0.064s] Invoking command in '/home/jelly/ros2_ws/build/FMT': /usr/bin/cmake --build /home/jelly/ros2_ws/build/FMT -- -j4 -l4
[0.180s] [  4%] Built target fmt
[0.187s] [  7%] Built target gtest
[0.317s] [ 15%] Built target scan-test
[0.351s] [ 23%] Built target compile-fp-test
[0.368s] [ 35%] Built target test-main
[0.368s] [ 39%] Built target format-impl-test
[0.450s] [ 47%] Built target posix-mock-test
[0.488s] [ 56%] Built target unicode-test
[0.491s] [ 59%] Built target args-test
[0.492s] [ 61%] Built target base-test
[0.492s] [ 64%] Built target assert-test
[0.493s] [ 67%] Built target chrono-test
[0.517s] [ 70%] Built target color-test
[0.536s] [ 73%] Built target gtest-extra-test
[0.581s] [ 76%] Built target compile-test
[0.591s] [ 78%] Built target format-test
[0.599s] [ 81%] Built target ostream-test
[0.629s] [ 84%] Built target printf-test
[0.702s] [ 87%] Built target xchar-test
[0.706s] [ 90%] Built target std-test
[0.724s] [ 92%] Built target enforce-checks-test
[0.725s] [ 97%] Built target ranges-test
[0.754s] [100%] Built target os-test
[0.797s] Invoked command in '/home/jelly/ros2_ws/build/FMT' returned '0': /usr/bin/cmake --build /home/jelly/ros2_ws/build/FMT -- -j4 -l4
[1.214s] Invoking command in '/home/jelly/ros2_ws/build/FMT': /usr/bin/cmake --install /home/jelly/ros2_ws/build/FMT
[1.230s] -- Install configuration: "Release"
[1.230s] -- Up-to-date: /home/jelly/ros2_ws/install/FMT/lib/libfmt.a
[1.230s] -- Up-to-date: /home/jelly/ros2_ws/install/FMT/include/fmt/args.h
[1.230s] -- Up-to-date: /home/jelly/ros2_ws/install/FMT/include/fmt/base.h
[1.230s] -- Up-to-date: /home/jelly/ros2_ws/install/FMT/include/fmt/chrono.h
[1.230s] -- Up-to-date: /home/jelly/ros2_ws/install/FMT/include/fmt/color.h
[1.230s] -- Up-to-date: /home/jelly/ros2_ws/install/FMT/include/fmt/compile.h
[1.231s] -- Up-to-date: /home/jelly/ros2_ws/install/FMT/include/fmt/core.h
[1.231s] -- Up-to-date: /home/jelly/ros2_ws/install/FMT/include/fmt/format.h
[1.231s] -- Up-to-date: /home/jelly/ros2_ws/install/FMT/include/fmt/format-inl.h
[1.231s] -- Up-to-date: /home/jelly/ros2_ws/install/FMT/include/fmt/os.h
[1.231s] -- Up-to-date: /home/jelly/ros2_ws/install/FMT/include/fmt/ostream.h
[1.231s] -- Up-to-date: /home/jelly/ros2_ws/install/FMT/include/fmt/printf.h
[1.231s] -- Up-to-date: /home/jelly/ros2_ws/install/FMT/include/fmt/ranges.h
[1.231s] -- Up-to-date: /home/jelly/ros2_ws/install/FMT/include/fmt/std.h
[1.231s] -- Up-to-date: /home/jelly/ros2_ws/install/FMT/include/fmt/xchar.h
[1.232s] -- Up-to-date: /home/jelly/ros2_ws/install/FMT/lib/cmake/fmt/fmt-config.cmake
[1.232s] -- Up-to-date: /home/jelly/ros2_ws/install/FMT/lib/cmake/fmt/fmt-config-version.cmake
[1.232s] -- Up-to-date: /home/jelly/ros2_ws/install/FMT/lib/cmake/fmt/fmt-targets.cmake
[1.232s] -- Up-to-date: /home/jelly/ros2_ws/install/FMT/lib/cmake/fmt/fmt-targets-release.cmake
[1.232s] -- Up-to-date: /home/jelly/ros2_ws/install/FMT/lib/pkgconfig/fmt.pc
[1.238s] Invoked command in '/home/jelly/ros2_ws/build/FMT' returned '0': /usr/bin/cmake --install /home/jelly/ros2_ws/build/FMT
