[0.029s] Invoking command in '/home/jelly/ros2_ws/build/fp': CMAKE_PREFIX_PATH=/opt/ros/humble /usr/bin/cmake --build /home/jelly/ros2_ws/build/fp -- -j4 -l4
[0.143s] [ 10%] Built target validate_in
[0.150s] [ 25%] Built target no_discard
[0.155s] [ 30%] Built target maybe_error
[0.159s] [ 40%] Built target result
[0.204s] [ 50%] Built target gtest_main
[0.209s] [ 60%] Built target validate_range
[0.247s] [ 70%] Built target gtest
[0.305s] [ 80%] Built target mbind_tests
[0.306s] [ 90%] Built target validate_tests
[0.340s] [100%] Built target result_tests
[0.370s] Invoked command in '/home/jelly/ros2_ws/build/fp' returned '0': CMAKE_PREFIX_PATH=/opt/ros/humble /usr/bin/cmake --build /home/jelly/ros2_ws/build/fp -- -j4 -l4
[0.469s] Invoking command in '/home/jelly/ros2_ws/build/fp': CMAKE_PREFIX_PATH=/opt/ros/humble /usr/bin/cmake --install /home/jelly/ros2_ws/build/fp
[0.481s] -- Install configuration: ""
[0.482s] -- Up-to-date: /home/jelly/ros2_ws/install/fp/include/
[0.482s] -- Up-to-date: /home/jelly/ros2_ws/install/fp/include//fp
[0.482s] -- Up-to-date: /home/jelly/ros2_ws/install/fp/include//fp/all.hpp
[0.482s] -- Up-to-date: /home/jelly/ros2_ws/install/fp/include//fp/monad.hpp
[0.482s] -- Up-to-date: /home/jelly/ros2_ws/install/fp/include//fp/result.hpp
[0.483s] -- Up-to-date: /home/jelly/ros2_ws/install/fp/include//fp/_external
[0.483s] -- Up-to-date: /home/jelly/ros2_ws/install/fp/include//fp/_external/expected.hpp
[0.483s] -- Up-to-date: /home/jelly/ros2_ws/install/fp/include//fp/no_discard.hpp
[0.483s] -- Up-to-date: /home/jelly/ros2_ws/install/fp/include//fp/macros.hpp
[0.484s] -- Up-to-date: /home/jelly/ros2_ws/install/fp/include//fp/validate.hpp
[0.484s] -- Up-to-date: /home/jelly/ros2_ws/install/fp/share/ament_index/resource_index/package_run_dependencies/fp
[0.484s] -- Up-to-date: /home/jelly/ros2_ws/install/fp/share/ament_index/resource_index/parent_prefix_path/fp
[0.484s] -- Up-to-date: /home/jelly/ros2_ws/install/fp/share/fp/environment/ament_prefix_path.sh
[0.485s] -- Up-to-date: /home/jelly/ros2_ws/install/fp/share/fp/environment/ament_prefix_path.dsv
[0.485s] -- Up-to-date: /home/jelly/ros2_ws/install/fp/share/fp/environment/path.sh
[0.485s] -- Up-to-date: /home/jelly/ros2_ws/install/fp/share/fp/environment/path.dsv
[0.485s] -- Up-to-date: /home/jelly/ros2_ws/install/fp/share/fp/local_setup.bash
[0.485s] -- Up-to-date: /home/jelly/ros2_ws/install/fp/share/fp/local_setup.sh
[0.485s] -- Up-to-date: /home/jelly/ros2_ws/install/fp/share/fp/local_setup.zsh
[0.485s] -- Up-to-date: /home/jelly/ros2_ws/install/fp/share/fp/local_setup.dsv
[0.485s] -- Installing: /home/jelly/ros2_ws/install/fp/share/fp/package.dsv
[0.485s] -- Up-to-date: /home/jelly/ros2_ws/install/fp/share/ament_index/resource_index/packages/fp
[0.486s] -- Up-to-date: /home/jelly/ros2_ws/install/fp/share/fp/cmake/fpTargetsExport.cmake
[0.486s] -- Up-to-date: /home/jelly/ros2_ws/install/fp/share/fp/cmake/ament_cmake_export_include_directories-extras.cmake
[0.486s] -- Up-to-date: /home/jelly/ros2_ws/install/fp/share/fp/cmake/ament_cmake_export_targets-extras.cmake
[0.486s] -- Up-to-date: /home/jelly/ros2_ws/install/fp/share/fp/cmake/ament_cmake_export_dependencies-extras.cmake
[0.486s] -- Up-to-date: /home/jelly/ros2_ws/install/fp/share/fp/cmake/fpConfig.cmake
[0.486s] -- Up-to-date: /home/jelly/ros2_ws/install/fp/share/fp/cmake/fpConfig-version.cmake
[0.486s] -- Up-to-date: /home/jelly/ros2_ws/install/fp/share/fp/package.xml
[0.488s] Invoked command in '/home/jelly/ros2_ws/build/fp' returned '0': CMAKE_PREFIX_PATH=/opt/ros/humble /usr/bin/cmake --install /home/jelly/ros2_ws/build/fp
