[0.061s] Invoking command in '/home/jelly/ros2_ws/build/mycobot': CMAKE_PREFIX_PATH=/home/jelly/ros2_ws/install/serial:/home/jelly/ros2_ws/install/fp:/home/jelly/ros2_ws/install/catch2:/home/jelly/ros2_ws/install/mycobot_280_description:/home/jelly/ros2_ws/install/mycobot_hardware_interface:/home/jelly/ros2_ws/install/mycobot:/home/jelly/ros2_ws/install/mycobot_ros2:/home/jelly/ros2_ws/install/mycobot_moveit_config:/home/jelly/ros2_ws/install/mycobot_gazebo:/home/jelly/ros2_ws/install/mycobot_description:/home/jelly/ros2_ws/install/moveit2_scripts:/home/jelly/ros2_ws/install/motion_planning_python_api:/home/jelly/ros2_ws/install/FMT:/home/jelly/ros2_ws/install/mycobot_real_moveit:/home/jelly/ros2_ws/install/mycobot_280:/home/jelly/ros2_ws/install/my_moveit2_package:/opt/ros/humble /usr/bin/cmake --build /home/jelly/ros2_ws/build/mycobot -- -j4 -l4
[0.234s] [ 50%] Built target mycobot
[0.295s] [ 66%] Built target wiggle
[0.315s] [100%] Built target test_mycobot
[0.340s] Invoked command in '/home/jelly/ros2_ws/build/mycobot' returned '0': CMAKE_PREFIX_PATH=/home/jelly/ros2_ws/install/serial:/home/jelly/ros2_ws/install/fp:/home/jelly/ros2_ws/install/catch2:/home/jelly/ros2_ws/install/mycobot_280_description:/home/jelly/ros2_ws/install/mycobot_hardware_interface:/home/jelly/ros2_ws/install/mycobot:/home/jelly/ros2_ws/install/mycobot_ros2:/home/jelly/ros2_ws/install/mycobot_moveit_config:/home/jelly/ros2_ws/install/mycobot_gazebo:/home/jelly/ros2_ws/install/mycobot_description:/home/jelly/ros2_ws/install/moveit2_scripts:/home/jelly/ros2_ws/install/motion_planning_python_api:/home/jelly/ros2_ws/install/FMT:/home/jelly/ros2_ws/install/mycobot_real_moveit:/home/jelly/ros2_ws/install/mycobot_280:/home/jelly/ros2_ws/install/my_moveit2_package:/opt/ros/humble /usr/bin/cmake --build /home/jelly/ros2_ws/build/mycobot -- -j4 -l4
[0.465s] Invoking command in '/home/jelly/ros2_ws/build/mycobot': CMAKE_PREFIX_PATH=/home/jelly/ros2_ws/install/serial:/home/jelly/ros2_ws/install/fp:/home/jelly/ros2_ws/install/catch2:/home/jelly/ros2_ws/install/mycobot_280_description:/home/jelly/ros2_ws/install/mycobot_hardware_interface:/home/jelly/ros2_ws/install/mycobot:/home/jelly/ros2_ws/install/mycobot_ros2:/home/jelly/ros2_ws/install/mycobot_moveit_config:/home/jelly/ros2_ws/install/mycobot_gazebo:/home/jelly/ros2_ws/install/mycobot_description:/home/jelly/ros2_ws/install/moveit2_scripts:/home/jelly/ros2_ws/install/motion_planning_python_api:/home/jelly/ros2_ws/install/FMT:/home/jelly/ros2_ws/install/mycobot_real_moveit:/home/jelly/ros2_ws/install/mycobot_280:/home/jelly/ros2_ws/install/my_moveit2_package:/opt/ros/humble /usr/bin/cmake --install /home/jelly/ros2_ws/build/mycobot
[0.483s] -- Install configuration: ""
[0.485s] -- Execute custom install script
[0.489s] -- Up-to-date symlink: /home/jelly/ros2_ws/install/mycobot/include/mycobot/command.hpp
[0.489s] -- Up-to-date symlink: /home/jelly/ros2_ws/install/mycobot/include/mycobot/detect.hpp
[0.490s] -- Up-to-date symlink: /home/jelly/ros2_ws/install/mycobot/include/mycobot/mycobot.hpp
[0.490s] -- Up-to-date symlink: /home/jelly/ros2_ws/install/mycobot/include/mycobot/process_received.hpp
[0.492s] -- Up-to-date symlink: /home/jelly/ros2_ws/install/mycobot/include/mycobot/protocol_code.hpp
[0.493s] -- Up-to-date symlink: /home/jelly/ros2_ws/install/mycobot/include/mycobot/serialize.hpp
[0.493s] -- Up-to-date symlink: /home/jelly/ros2_ws/install/mycobot/share/mycobot/environment/library_path.sh
[0.493s] -- Up-to-date symlink: /home/jelly/ros2_ws/install/mycobot/share/mycobot/environment/library_path.dsv
[0.494s] -- Up-to-date symlink: /home/jelly/ros2_ws/install/mycobot/share/ament_index/resource_index/package_run_dependencies/mycobot
[0.494s] -- Up-to-date symlink: /home/jelly/ros2_ws/install/mycobot/share/ament_index/resource_index/parent_prefix_path/mycobot
[0.494s] -- Up-to-date symlink: /home/jelly/ros2_ws/install/mycobot/share/mycobot/environment/ament_prefix_path.sh
[0.494s] -- Up-to-date symlink: /home/jelly/ros2_ws/install/mycobot/share/mycobot/environment/ament_prefix_path.dsv
[0.494s] -- Up-to-date symlink: /home/jelly/ros2_ws/install/mycobot/share/mycobot/environment/path.sh
[0.495s] -- Up-to-date symlink: /home/jelly/ros2_ws/install/mycobot/share/mycobot/environment/path.dsv
[0.495s] -- Up-to-date symlink: /home/jelly/ros2_ws/install/mycobot/share/mycobot/local_setup.bash
[0.495s] -- Up-to-date symlink: /home/jelly/ros2_ws/install/mycobot/share/mycobot/local_setup.sh
[0.495s] -- Up-to-date symlink: /home/jelly/ros2_ws/install/mycobot/share/mycobot/local_setup.zsh
[0.496s] -- Up-to-date symlink: /home/jelly/ros2_ws/install/mycobot/share/mycobot/local_setup.dsv
[0.496s] -- Symlinking: /home/jelly/ros2_ws/install/mycobot/share/mycobot/package.dsv
[0.523s] -- Up-to-date symlink: /home/jelly/ros2_ws/install/mycobot/share/ament_index/resource_index/packages/mycobot
[0.525s] -- Up-to-date symlink: /home/jelly/ros2_ws/install/mycobot/share/mycobot/cmake/ament_cmake_export_include_directories-extras.cmake
[0.526s] -- Up-to-date symlink: /home/jelly/ros2_ws/install/mycobot/share/mycobot/cmake/ament_cmake_export_libraries-extras.cmake
[0.527s] -- Up-to-date symlink: /home/jelly/ros2_ws/install/mycobot/share/mycobot/cmake/ament_cmake_export_targets-extras.cmake
[0.527s] -- Up-to-date symlink: /home/jelly/ros2_ws/install/mycobot/share/mycobot/cmake/mycobotConfig.cmake
[0.527s] -- Up-to-date symlink: /home/jelly/ros2_ws/install/mycobot/share/mycobot/cmake/mycobotConfig-version.cmake
[0.527s] -- Up-to-date symlink: /home/jelly/ros2_ws/install/mycobot/share/mycobot/package.xml
[0.528s] -- Up-to-date: /home/jelly/ros2_ws/install/mycobot/lib/libmycobot.a
[0.528s] -- Up-to-date: /home/jelly/ros2_ws/install/mycobot/bin/wiggle
[0.529s] -- Up-to-date: /home/jelly/ros2_ws/install/mycobot/share/mycobot/cmake/export_mycobotExport.cmake
[0.529s] -- Up-to-date: /home/jelly/ros2_ws/install/mycobot/share/mycobot/cmake/export_mycobotExport-noconfig.cmake
[0.533s] Invoked command in '/home/jelly/ros2_ws/build/mycobot' returned '0': CMAKE_PREFIX_PATH=/home/jelly/ros2_ws/install/serial:/home/jelly/ros2_ws/install/fp:/home/jelly/ros2_ws/install/catch2:/home/jelly/ros2_ws/install/mycobot_280_description:/home/jelly/ros2_ws/install/mycobot_hardware_interface:/home/jelly/ros2_ws/install/mycobot:/home/jelly/ros2_ws/install/mycobot_ros2:/home/jelly/ros2_ws/install/mycobot_moveit_config:/home/jelly/ros2_ws/install/mycobot_gazebo:/home/jelly/ros2_ws/install/mycobot_description:/home/jelly/ros2_ws/install/moveit2_scripts:/home/jelly/ros2_ws/install/motion_planning_python_api:/home/jelly/ros2_ws/install/FMT:/home/jelly/ros2_ws/install/mycobot_real_moveit:/home/jelly/ros2_ws/install/mycobot_280:/home/jelly/ros2_ws/install/my_moveit2_package:/opt/ros/humble /usr/bin/cmake --install /home/jelly/ros2_ws/build/mycobot
