[1.623s] Invoking command in '/home/jelly/ros2_ws/src/mycobot_280': AMENT_PREFIX_PATH=/home/jelly/ros2_ws/install/mycobot_description:${AMENT_PREFIX_PATH} CMAKE_PREFIX_PATH=/home/jelly/ros2_ws/install/mycobot_description:${CMAKE_PREFIX_PATH} PYTHONPATH=/home/jelly/ros2_ws/build/mycobot_280/prefix_override:/usr/lib/python3/dist-packages/colcon_core/task/python/colcon_distutils_commands:/home/jelly/ros2_ws/install/mycobot_280/lib/python3.10/site-packages:${PYTHONPATH} /usr/bin/python3 -W ignore:setup.py install is deprecated setup.py egg_info --egg-base ../../build/mycobot_280 build --build-base /home/jelly/ros2_ws/build/mycobot_280/build install --record /home/jelly/ros2_ws/build/mycobot_280/install.log --single-version-externally-managed install_data
[2.150s] running egg_info
[2.151s] writing ../../build/mycobot_280/mycobot_280.egg-info/PKG-INFO
[2.152s] writing dependency_links to ../../build/mycobot_280/mycobot_280.egg-info/dependency_links.txt
[2.152s] writing entry points to ../../build/mycobot_280/mycobot_280.egg-info/entry_points.txt
[2.152s] writing requirements to ../../build/mycobot_280/mycobot_280.egg-info/requires.txt
[2.155s] writing top-level names to ../../build/mycobot_280/mycobot_280.egg-info/top_level.txt
[2.157s] reading manifest file '../../build/mycobot_280/mycobot_280.egg-info/SOURCES.txt'
[2.158s] adding license file 'LICENSE'
[2.159s] writing manifest file '../../build/mycobot_280/mycobot_280.egg-info/SOURCES.txt'
[2.159s] running build
[2.161s] running build_py
[2.161s] copying mycobot_280/detect_marker.py -> /home/jelly/ros2_ws/build/mycobot_280/build/lib/mycobot_280
[2.161s] copying mycobot_280/following_marker.py -> /home/jelly/ros2_ws/build/mycobot_280/build/lib/mycobot_280
[2.162s] copying mycobot_280/follow_display.py -> /home/jelly/ros2_ws/build/mycobot_280/build/lib/mycobot_280
[2.162s] copying mycobot_280/slider_control.py -> /home/jelly/ros2_ws/build/mycobot_280/build/lib/mycobot_280
[2.162s] copying mycobot_280/__init__.py -> /home/jelly/ros2_ws/build/mycobot_280/build/lib/mycobot_280
[2.162s] copying mycobot_280/listen_real_of_topic.py -> /home/jelly/ros2_ws/build/mycobot_280/build/lib/mycobot_280
[2.163s] copying mycobot_280/opencv_camera.py -> /home/jelly/ros2_ws/build/mycobot_280/build/lib/mycobot_280
[2.163s] copying mycobot_280/camera_display.py -> /home/jelly/ros2_ws/build/mycobot_280/build/lib/mycobot_280
[2.163s] copying mycobot_280/teleop_keyboard.py -> /home/jelly/ros2_ws/build/mycobot_280/build/lib/mycobot_280
[2.163s] copying mycobot_280/listen_real.py -> /home/jelly/ros2_ws/build/mycobot_280/build/lib/mycobot_280
[2.164s] copying mycobot_280/simple_gui.py -> /home/jelly/ros2_ws/build/mycobot_280/build/lib/mycobot_280
[2.164s] copying mycobot_280/follow_and_pump.py -> /home/jelly/ros2_ws/build/mycobot_280/build/lib/mycobot_280
[2.164s] running install
[2.165s] running install_lib
[2.166s] copying /home/jelly/ros2_ws/build/mycobot_280/build/lib/mycobot_280/detect_marker.py -> /home/jelly/ros2_ws/install/mycobot_280/lib/python3.10/site-packages/mycobot_280
[2.166s] copying /home/jelly/ros2_ws/build/mycobot_280/build/lib/mycobot_280/following_marker.py -> /home/jelly/ros2_ws/install/mycobot_280/lib/python3.10/site-packages/mycobot_280
[2.166s] copying /home/jelly/ros2_ws/build/mycobot_280/build/lib/mycobot_280/follow_display.py -> /home/jelly/ros2_ws/install/mycobot_280/lib/python3.10/site-packages/mycobot_280
[2.166s] copying /home/jelly/ros2_ws/build/mycobot_280/build/lib/mycobot_280/slider_control.py -> /home/jelly/ros2_ws/install/mycobot_280/lib/python3.10/site-packages/mycobot_280
[2.166s] copying /home/jelly/ros2_ws/build/mycobot_280/build/lib/mycobot_280/__init__.py -> /home/jelly/ros2_ws/install/mycobot_280/lib/python3.10/site-packages/mycobot_280
[2.167s] copying /home/jelly/ros2_ws/build/mycobot_280/build/lib/mycobot_280/listen_real_of_topic.py -> /home/jelly/ros2_ws/install/mycobot_280/lib/python3.10/site-packages/mycobot_280
[2.167s] copying /home/jelly/ros2_ws/build/mycobot_280/build/lib/mycobot_280/opencv_camera.py -> /home/jelly/ros2_ws/install/mycobot_280/lib/python3.10/site-packages/mycobot_280
[2.167s] copying /home/jelly/ros2_ws/build/mycobot_280/build/lib/mycobot_280/camera_display.py -> /home/jelly/ros2_ws/install/mycobot_280/lib/python3.10/site-packages/mycobot_280
[2.168s] copying /home/jelly/ros2_ws/build/mycobot_280/build/lib/mycobot_280/teleop_keyboard.py -> /home/jelly/ros2_ws/install/mycobot_280/lib/python3.10/site-packages/mycobot_280
[2.168s] copying /home/jelly/ros2_ws/build/mycobot_280/build/lib/mycobot_280/listen_real.py -> /home/jelly/ros2_ws/install/mycobot_280/lib/python3.10/site-packages/mycobot_280
[2.168s] copying /home/jelly/ros2_ws/build/mycobot_280/build/lib/mycobot_280/simple_gui.py -> /home/jelly/ros2_ws/install/mycobot_280/lib/python3.10/site-packages/mycobot_280
[2.168s] copying /home/jelly/ros2_ws/build/mycobot_280/build/lib/mycobot_280/follow_and_pump.py -> /home/jelly/ros2_ws/install/mycobot_280/lib/python3.10/site-packages/mycobot_280
[2.169s] byte-compiling /home/jelly/ros2_ws/install/mycobot_280/lib/python3.10/site-packages/mycobot_280/detect_marker.py to detect_marker.cpython-310.pyc
[2.171s] byte-compiling /home/jelly/ros2_ws/install/mycobot_280/lib/python3.10/site-packages/mycobot_280/following_marker.py to following_marker.cpython-310.pyc
[2.171s] byte-compiling /home/jelly/ros2_ws/install/mycobot_280/lib/python3.10/site-packages/mycobot_280/follow_display.py to follow_display.cpython-310.pyc
[2.173s] byte-compiling /home/jelly/ros2_ws/install/mycobot_280/lib/python3.10/site-packages/mycobot_280/slider_control.py to slider_control.cpython-310.pyc
[2.174s] byte-compiling /home/jelly/ros2_ws/install/mycobot_280/lib/python3.10/site-packages/mycobot_280/__init__.py to __init__.cpython-310.pyc
[2.174s] byte-compiling /home/jelly/ros2_ws/install/mycobot_280/lib/python3.10/site-packages/mycobot_280/listen_real_of_topic.py to listen_real_of_topic.cpython-310.pyc
[2.175s] byte-compiling /home/jelly/ros2_ws/install/mycobot_280/lib/python3.10/site-packages/mycobot_280/opencv_camera.py to opencv_camera.cpython-310.pyc
[2.175s] byte-compiling /home/jelly/ros2_ws/install/mycobot_280/lib/python3.10/site-packages/mycobot_280/camera_display.py to camera_display.cpython-310.pyc
[2.176s] byte-compiling /home/jelly/ros2_ws/install/mycobot_280/lib/python3.10/site-packages/mycobot_280/teleop_keyboard.py to teleop_keyboard.cpython-310.pyc
[2.178s] byte-compiling /home/jelly/ros2_ws/install/mycobot_280/lib/python3.10/site-packages/mycobot_280/listen_real.py to listen_real.cpython-310.pyc
[2.180s] byte-compiling /home/jelly/ros2_ws/install/mycobot_280/lib/python3.10/site-packages/mycobot_280/simple_gui.py to simple_gui.cpython-310.pyc
[2.185s] byte-compiling /home/jelly/ros2_ws/install/mycobot_280/lib/python3.10/site-packages/mycobot_280/follow_and_pump.py to follow_and_pump.cpython-310.pyc
[2.186s] running install_data
[2.187s] copying resource/mycobot_280 -> /home/jelly/ros2_ws/install/mycobot_280/share/ament_index/resource_index/packages
[2.187s] copying package.xml -> /home/jelly/ros2_ws/install/mycobot_280/share/mycobot_280
[2.187s] copying launch/test.launch.py -> /home/jelly/ros2_ws/install/mycobot_280/share/mycobot_280/launch
[2.187s] copying launch/slider_control_pump.launch.py -> /home/jelly/ros2_ws/install/mycobot_280/share/mycobot_280/launch
[2.187s] copying launch/teleop_keyboard.launch.py -> /home/jelly/ros2_ws/install/mycobot_280/share/mycobot_280/launch
[2.188s] copying launch/test_camera_flange.launch.py -> /home/jelly/ros2_ws/install/mycobot_280/share/mycobot_280/launch
[2.188s] copying launch/detect_marker.launch.py -> /home/jelly/ros2_ws/install/mycobot_280/share/mycobot_280/launch
[2.188s] copying launch/detect_marker_with_topic.launch.py -> /home/jelly/ros2_ws/install/mycobot_280/share/mycobot_280/launch
[2.188s] copying launch/simple_gui_pump.launch.py -> /home/jelly/ros2_ws/install/mycobot_280/share/mycobot_280/launch
[2.188s] copying launch/mycobot_follow.launch.py -> /home/jelly/ros2_ws/install/mycobot_280/share/mycobot_280/launch
[2.189s] copying launch/slider_control_camera_flange.launch.py -> /home/jelly/ros2_ws/install/mycobot_280/share/mycobot_280/launch
[2.189s] copying launch/test_camera_flange_pump.launch.py -> /home/jelly/ros2_ws/install/mycobot_280/share/mycobot_280/launch
[2.189s] copying launch/test_pump.launch.py -> /home/jelly/ros2_ws/install/mycobot_280/share/mycobot_280/launch
[2.189s] copying launch/simple_gui.launch.py -> /home/jelly/ros2_ws/install/mycobot_280/share/mycobot_280/launch
[2.189s] copying launch/slider_control.launch.py -> /home/jelly/ros2_ws/install/mycobot_280/share/mycobot_280/launch
[2.190s] copying config/mycobot.rviz -> /home/jelly/ros2_ws/install/mycobot_280/share/mycobot_280/config
[2.190s] copying config/mycobot_with_marker.rviz -> /home/jelly/ros2_ws/install/mycobot_280/share/mycobot_280/config
[2.190s] running install_egg_info
[2.192s] removing '/home/jelly/ros2_ws/install/mycobot_280/lib/python3.10/site-packages/mycobot_280-0.0.0-py3.10.egg-info' (and everything under it)
[2.192s] Copying ../../build/mycobot_280/mycobot_280.egg-info to /home/jelly/ros2_ws/install/mycobot_280/lib/python3.10/site-packages/mycobot_280-0.0.0-py3.10.egg-info
[2.193s] running install_scripts
[2.224s] Installing camera_display script to /home/jelly/ros2_ws/install/mycobot_280/lib/mycobot_280
[2.224s] Installing detect_marker script to /home/jelly/ros2_ws/install/mycobot_280/lib/mycobot_280
[2.225s] Installing follow_display script to /home/jelly/ros2_ws/install/mycobot_280/lib/mycobot_280
[2.225s] Installing following_marker script to /home/jelly/ros2_ws/install/mycobot_280/lib/mycobot_280
[2.225s] Installing listen_real script to /home/jelly/ros2_ws/install/mycobot_280/lib/mycobot_280
[2.225s] Installing listen_real_of_topic script to /home/jelly/ros2_ws/install/mycobot_280/lib/mycobot_280
[2.226s] Installing opencv_camera script to /home/jelly/ros2_ws/install/mycobot_280/lib/mycobot_280
[2.226s] Installing simple_gui script to /home/jelly/ros2_ws/install/mycobot_280/lib/mycobot_280
[2.226s] Installing slider_control script to /home/jelly/ros2_ws/install/mycobot_280/lib/mycobot_280
[2.226s] Installing teleop_keyboard script to /home/jelly/ros2_ws/install/mycobot_280/lib/mycobot_280
[2.227s] writing list of installed files to '/home/jelly/ros2_ws/build/mycobot_280/install.log'
