[0.040s] Invoking command in '/home/jelly/ros2_ws/build/moveit2_scripts': CMAKE_PREFIX_PATH=${CMAKE_PREFIX_PATH}:/home/jelly/ros2_ws/install/mycobot_real_moveit:/home/jelly/ros2_ws/install/mycobot_280:/home/jelly/ros2_ws/install/my_moveit2_package:/opt/ros/humble /usr/bin/cmake --build /home/jelly/ros2_ws/build/moveit2_scripts -- -j4 -l4
[0.169s] [35m[1mConsolidate compiler generated dependencies of target test_trajectory2[0m
[0.258s] [ 33%] Built target test_trajectory
[0.297s] [ 50%] [32mBuilding CXX object CMakeFiles/test_trajectory2.dir/src/test_trajectory2.cpp.o[0m
[0.302s] [ 83%] Built target position_publisher
[7.818s] [01m[K/home/jelly/ros2_ws/src/moveit2_scripts/src/test_trajectory2.cpp:[m[K In constructor ‘[01m[KRobotController::RobotController()[m[K’:
[7.818s] [01m[K/home/jelly/ros2_ws/src/moveit2_scripts/src/test_trajectory2.cpp:15:49:[m[K [01;31m[Kerror: [m[Kno matching function for call to ‘[01m[Kmoveit::planning_interface::MoveGroupInterface::MoveGroupInterface(const char [10])[m[K’
[7.818s]    15 |   RobotController() : Node("robot_controller"), [01;31m[Kmove_group("arm_group")[m[K {
[7.818s]       |                                                 [01;31m[K^~~~~~~~~~~~~~~~~~~~~~~[m[K
[7.818s] In file included from [01m[K/home/jelly/ros2_ws/src/moveit2_scripts/src/test_trajectory2.cpp:6[m[K:
[7.818s] [01m[K/opt/ros/humble/include/moveit/move_group_interface/move_group_interface.h:159:3:[m[K [01;36m[Knote: [m[Kcandidate: ‘[01m[Kmoveit::planning_interface::MoveGroupInterface::MoveGroupInterface(moveit::planning_interface::MoveGroupInterface&&)[m[K’
[7.818s]   159 |   [01;36m[KMoveGroupInterface[m[K(MoveGroupInterface&& other) noexcept;
[7.819s]       |   [01;36m[K^~~~~~~~~~~~~~~~~~[m[K
[7.819s] [01m[K/opt/ros/humble/include/moveit/move_group_interface/move_group_interface.h:159:43:[m[K [01;36m[Knote: [m[K  no known conversion for argument 1 from ‘[01m[Kconst char [10][m[K’ to ‘[01m[Kmoveit::planning_interface::MoveGroupInterface&&[m[K’
[7.819s]   159 |   MoveGroupInterface([01;36m[KMoveGroupInterface&& other[m[K) noexcept;
[7.819s]       |                      [01;36m[K~~~~~~~~~~~~~~~~~~~~~^~~~~[m[K
[7.819s] [01m[K/opt/ros/humble/include/moveit/move_group_interface/move_group_interface.h:145:3:[m[K [01;36m[Knote: [m[Kcandidate: ‘[01m[Kmoveit::planning_interface::MoveGroupInterface::MoveGroupInterface(const SharedPtr&, const string&, const std::shared_ptr<tf2_ros::Buffer>&, const rclcpp::Duration&)[m[K’
[7.819s]   145 |   [01;36m[KMoveGroupInterface[m[K(const rclcpp::Node::SharedPtr& node, const std::string& group,
[7.819s]       |   [01;36m[K^~~~~~~~~~~~~~~~~~[m[K
[7.819s] [01m[K/opt/ros/humble/include/moveit/move_group_interface/move_group_interface.h:145:3:[m[K [01;36m[Knote: [m[K  candidate expects 4 arguments, 1 provided
[7.819s] [01m[K/opt/ros/humble/include/moveit/move_group_interface/move_group_interface.h:134:3:[m[K [01;36m[Knote: [m[Kcandidate: ‘[01m[Kmoveit::planning_interface::MoveGroupInterface::MoveGroupInterface(const SharedPtr&, const moveit::planning_interface::MoveGroupInterface::Options&, const std::shared_ptr<tf2_ros::Buffer>&, const rclcpp::Duration&)[m[K’
[7.819s]   134 |   [01;36m[KMoveGroupInterface[m[K(const rclcpp::Node::SharedPtr& node, const Options& opt,
[7.819s]       |   [01;36m[K^~~~~~~~~~~~~~~~~~[m[K
[7.820s] [01m[K/opt/ros/humble/include/moveit/move_group_interface/move_group_interface.h:134:3:[m[K [01;36m[Knote: [m[K  candidate expects 4 arguments, 1 provided
[14.260s] gmake[2]: *** [CMakeFiles/test_trajectory2.dir/build.make:76: CMakeFiles/test_trajectory2.dir/src/test_trajectory2.cpp.o] Error 1
[14.260s] gmake[1]: *** [CMakeFiles/Makefile2:167: CMakeFiles/test_trajectory2.dir/all] Error 2
[14.260s] gmake: *** [Makefile:146: all] Error 2
[14.263s] Invoked command in '/home/jelly/ros2_ws/build/moveit2_scripts' returned '2': CMAKE_PREFIX_PATH=${CMAKE_PREFIX_PATH}:/home/jelly/ros2_ws/install/mycobot_real_moveit:/home/jelly/ros2_ws/install/mycobot_280:/home/jelly/ros2_ws/install/my_moveit2_package:/opt/ros/humble /usr/bin/cmake --build /home/jelly/ros2_ws/build/moveit2_scripts -- -j4 -l4
