[0.040s] Invoking command in '/home/jelly/ros2_ws/build/catch2': CMAKE_PREFIX_PATH=${CMAKE_PREFIX_PATH}:/home/jelly/ros2_ws/install/my_robot_motion:/opt/ros/humble /usr/bin/cmake /home/jelly/ros2_ws/src/catch2_ros -DCMAKE_INSTALL_PREFIX=/home/jelly/ros2_ws/install/catch2
[0.070s] -- Found ament_cmake: 1.3.9 (/opt/ros/humble/share/ament_cmake/cmake)
[0.248s] -- Override CMake install command with custom implementation using symlinks instead of copying resources
[0.376s] -- Configuring done
[0.384s] -- Generating done
[0.385s] -- Build files have been written to: /home/jelly/ros2_ws/build/catch2
[0.389s] Invoked command in '/home/jelly/ros2_ws/build/catch2' returned '0': CMAKE_PREFIX_PATH=${CMAKE_PREFIX_PATH}:/home/jelly/ros2_ws/install/my_robot_motion:/opt/ros/humble /usr/bin/cmake /home/jelly/ros2_ws/src/catch2_ros -DCMAKE_INSTALL_PREFIX=/home/jelly/ros2_ws/install/catch2
[0.392s] Invoking command in '/home/jelly/ros2_ws/build/catch2': CMAKE_PREFIX_PATH=${CMAKE_PREFIX_PATH}:/home/jelly/ros2_ws/install/my_robot_motion:/opt/ros/humble /usr/bin/cmake --build /home/jelly/ros2_ws/build/catch2 -- -j4 -l4
[0.461s] Invoked command in '/home/jelly/ros2_ws/build/catch2' returned '0': CMAKE_PREFIX_PATH=${CMAKE_PREFIX_PATH}:/home/jelly/ros2_ws/install/my_robot_motion:/opt/ros/humble /usr/bin/cmake --build /home/jelly/ros2_ws/build/catch2 -- -j4 -l4
[0.580s] Invoking command in '/home/jelly/ros2_ws/build/catch2': CMAKE_PREFIX_PATH=${CMAKE_PREFIX_PATH}:/home/jelly/ros2_ws/install/my_robot_motion:/opt/ros/humble /usr/bin/cmake --install /home/jelly/ros2_ws/build/catch2
[0.608s] -- Install configuration: ""
[0.620s] -- Execute custom install script
[0.621s] -- Up-to-date symlink: /home/jelly/ros2_ws/install/catch2/include//catch2/.clang-format
[0.621s] -- Up-to-date symlink: /home/jelly/ros2_ws/install/catch2/include//catch2/catch.hpp
[0.622s] -- Up-to-date symlink: /home/jelly/ros2_ws/install/catch2/include//catch2/fakeit.hpp
[0.622s] -- Up-to-date symlink: /home/jelly/ros2_ws/install/catch2/share/ament_index/resource_index/package_run_dependencies/catch2
[0.623s] -- Up-to-date symlink: /home/jelly/ros2_ws/install/catch2/share/ament_index/resource_index/parent_prefix_path/catch2
[0.624s] -- Up-to-date symlink: /home/jelly/ros2_ws/install/catch2/share/catch2/environment/ament_prefix_path.sh
[0.628s] -- Up-to-date symlink: /home/jelly/ros2_ws/install/catch2/share/catch2/environment/ament_prefix_path.dsv
[0.628s] -- Up-to-date symlink: /home/jelly/ros2_ws/install/catch2/share/catch2/environment/path.sh
[0.631s] -- Up-to-date symlink: /home/jelly/ros2_ws/install/catch2/share/catch2/environment/path.dsv
[0.631s] -- Up-to-date symlink: /home/jelly/ros2_ws/install/catch2/share/catch2/local_setup.bash
[0.632s] -- Up-to-date symlink: /home/jelly/ros2_ws/install/catch2/share/catch2/local_setup.sh
[0.632s] -- Up-to-date symlink: /home/jelly/ros2_ws/install/catch2/share/catch2/local_setup.zsh
[0.632s] -- Up-to-date symlink: /home/jelly/ros2_ws/install/catch2/share/catch2/local_setup.dsv
[0.632s] -- Symlinking: /home/jelly/ros2_ws/install/catch2/share/catch2/package.dsv
[0.672s] -- Up-to-date symlink: /home/jelly/ros2_ws/install/catch2/share/ament_index/resource_index/packages/catch2
[0.672s] -- Up-to-date symlink: /home/jelly/ros2_ws/install/catch2/share/catch2/cmake/ament_cmake_export_include_directories-extras.cmake
[0.673s] -- Up-to-date symlink: /home/jelly/ros2_ws/install/catch2/share/catch2/cmake/ament_cmake_export_targets-extras.cmake
[0.673s] -- Up-to-date symlink: /home/jelly/ros2_ws/install/catch2/share/catch2/cmake/catch2Config.cmake
[0.673s] -- Up-to-date symlink: /home/jelly/ros2_ws/install/catch2/share/catch2/cmake/catch2Config-version.cmake
[0.673s] -- Up-to-date symlink: /home/jelly/ros2_ws/install/catch2/share/catch2/package.xml
[0.673s] -- Up-to-date: /home/jelly/ros2_ws/install/catch2/share/catch2/cmake/catch2_TargetsExport.cmake
[0.676s] Invoked command in '/home/jelly/ros2_ws/build/catch2' returned '0': CMAKE_PREFIX_PATH=${CMAKE_PREFIX_PATH}:/home/jelly/ros2_ws/install/my_robot_motion:/opt/ros/humble /usr/bin/cmake --install /home/jelly/ros2_ws/build/catch2
