[0.905s] Invoking command in '/home/jelly/ros2_ws/src/mycobot_controller': PYTHONPATH=/home/jelly/ros2_ws/build/mycobot_controller/prefix_override:/usr/lib/python3/dist-packages/colcon_core/task/python/colcon_distutils_commands:/home/jelly/ros2_ws/install/mycobot_controller/lib/python3.10/site-packages:${PYTHONPATH} /usr/bin/python3 -W ignore:setup.py install is deprecated setup.py egg_info --egg-base ../../build/mycobot_controller build --build-base /home/jelly/ros2_ws/build/mycobot_controller/build install --record /home/jelly/ros2_ws/build/mycobot_controller/install.log --single-version-externally-managed install_data
[1.256s] running egg_info
[1.257s] creating ../../build/mycobot_controller/mycobot_controller.egg-info
[1.258s] writing ../../build/mycobot_controller/mycobot_controller.egg-info/PKG-INFO
[1.258s] writing dependency_links to ../../build/mycobot_controller/mycobot_controller.egg-info/dependency_links.txt
[1.259s] writing entry points to ../../build/mycobot_controller/mycobot_controller.egg-info/entry_points.txt
[1.259s] writing requirements to ../../build/mycobot_controller/mycobot_controller.egg-info/requires.txt
[1.259s] writing top-level names to ../../build/mycobot_controller/mycobot_controller.egg-info/top_level.txt
[1.260s] writing manifest file '../../build/mycobot_controller/mycobot_controller.egg-info/SOURCES.txt'
[1.262s] reading manifest file '../../build/mycobot_controller/mycobot_controller.egg-info/SOURCES.txt'
[1.264s] writing manifest file '../../build/mycobot_controller/mycobot_controller.egg-info/SOURCES.txt'
[1.264s] running build
[1.264s] running build_py
[1.265s] creating /home/jelly/ros2_ws/build/mycobot_controller/build
[1.265s] creating /home/jelly/ros2_ws/build/mycobot_controller/build/lib
[1.265s] creating /home/jelly/ros2_ws/build/mycobot_controller/build/lib/mycobot_controller
[1.266s] copying mycobot_controller/mycobot_joint_state_node.py -> /home/jelly/ros2_ws/build/mycobot_controller/build/lib/mycobot_controller
[1.266s] copying mycobot_controller/__init__.py -> /home/jelly/ros2_ws/build/mycobot_controller/build/lib/mycobot_controller
[1.266s] running install
[1.267s] running install_lib
[1.269s] creating /home/jelly/ros2_ws/install/mycobot_controller/lib/python3.10/site-packages/mycobot_controller
[1.269s] copying /home/jelly/ros2_ws/build/mycobot_controller/build/lib/mycobot_controller/mycobot_joint_state_node.py -> /home/jelly/ros2_ws/install/mycobot_controller/lib/python3.10/site-packages/mycobot_controller
[1.269s] copying /home/jelly/ros2_ws/build/mycobot_controller/build/lib/mycobot_controller/__init__.py -> /home/jelly/ros2_ws/install/mycobot_controller/lib/python3.10/site-packages/mycobot_controller
[1.270s] byte-compiling /home/jelly/ros2_ws/install/mycobot_controller/lib/python3.10/site-packages/mycobot_controller/mycobot_joint_state_node.py to mycobot_joint_state_node.cpython-310.pyc
[1.272s] byte-compiling /home/jelly/ros2_ws/install/mycobot_controller/lib/python3.10/site-packages/mycobot_controller/__init__.py to __init__.cpython-310.pyc
[1.272s] running install_data
[1.273s] creating /home/jelly/ros2_ws/install/mycobot_controller/share/ament_index
[1.273s] creating /home/jelly/ros2_ws/install/mycobot_controller/share/ament_index/resource_index
[1.273s] creating /home/jelly/ros2_ws/install/mycobot_controller/share/ament_index/resource_index/packages
[1.274s] copying resource/mycobot_controller -> /home/jelly/ros2_ws/install/mycobot_controller/share/ament_index/resource_index/packages
[1.274s] copying package.xml -> /home/jelly/ros2_ws/install/mycobot_controller/share/mycobot_controller
[1.274s] running install_egg_info
[1.277s] Copying ../../build/mycobot_controller/mycobot_controller.egg-info to /home/jelly/ros2_ws/install/mycobot_controller/lib/python3.10/site-packages/mycobot_controller-0.0.0-py3.10.egg-info
[1.278s] running install_scripts
[1.307s] Installing mycobot_joint_state_node script to /home/jelly/ros2_ws/install/mycobot_controller/lib/mycobot_controller
[1.308s] writing list of installed files to '/home/jelly/ros2_ws/build/mycobot_controller/install.log'
[1.336s] Invoked command in '/home/jelly/ros2_ws/src/mycobot_controller' returned '0': PYTHONPATH=/home/jelly/ros2_ws/build/mycobot_controller/prefix_override:/usr/lib/python3/dist-packages/colcon_core/task/python/colcon_distutils_commands:/home/jelly/ros2_ws/install/mycobot_controller/lib/python3.10/site-packages:${PYTHONPATH} /usr/bin/python3 -W ignore:setup.py install is deprecated setup.py egg_info --egg-base ../../build/mycobot_controller build --build-base /home/jelly/ros2_ws/build/mycobot_controller/build install --record /home/jelly/ros2_ws/build/mycobot_controller/install.log --single-version-externally-managed install_data
