[0.054s] Invoking command in '/home/jelly/ros2_ws/build/fp': /usr/bin/cmake --build /home/jelly/ros2_ws/build/fp -- -j4 -l4
[0.226s] [ 10%] Built target no_discard
[0.226s] [ 20%] Built target result
[0.246s] [ 30%] Built target maybe_error
[0.255s] [ 40%] Built target validate_in
[0.301s] [ 50%] Built target gtest_main
[0.319s] [ 60%] Built target gtest
[0.321s] [ 70%] Built target validate_range
[0.393s] [ 80%] Built target mbind_tests
[0.401s] [ 90%] Built target validate_tests
[0.421s] [100%] Built target result_tests
[0.445s] Invoked command in '/home/jelly/ros2_ws/build/fp' returned '0': /usr/bin/cmake --build /home/jelly/ros2_ws/build/fp -- -j4 -l4
[0.571s] Invoking command in '/home/jelly/ros2_ws/build/fp': /usr/bin/cmake --install /home/jelly/ros2_ws/build/fp
[0.584s] -- Install configuration: ""
[0.585s] -- Up-to-date: /usr/local/include/
[0.592s] [31mCMake Error at cmake_install.cmake:51 (file):
[0.592s]   file INSTALL cannot set permissions on "/usr/local/include/": Operation not
[0.593s]   permitted.
[0.594s] 
[0.594s] [0m
[0.595s] Invoked command in '/home/jelly/ros2_ws/build/fp' returned '1': /usr/bin/cmake --install /home/jelly/ros2_ws/build/fp
