[0.047s] Invoking command in '/home/jelly/ros2_ws/build/mycobot_description': /usr/bin/cmake /home/jelly/ros2_ws/src/mycobot_ros2/mycobot_description -DCMAKE_INSTALL_PREFIX=/home/jelly/ros2_ws/install/mycobot_description
[0.189s] -- The C compiler identification is GNU 11.4.0
[0.530s] -- The CXX compiler identification is GNU 11.4.0
[0.546s] -- Detecting C compiler ABI info
[0.972s] -- Detecting C compiler ABI info - done
[0.985s] -- Check for working C compiler: /usr/bin/cc - skipped
[0.992s] -- Detecting C compile features
[0.992s] -- Detecting C compile features - done
[1.012s] -- Detecting CXX compiler ABI info
[1.476s] -- Detecting CXX compiler ABI info - done
[1.485s] -- Check for working CXX compiler: /usr/bin/c++ - skipped
[1.485s] -- Detecting CXX compile features
[1.491s] -- Detecting CXX compile features - done
[1.491s] -- Found ament_cmake: 1.3.9 (/opt/ros/humble/share/ament_cmake/cmake)
[2.090s] -- Found Python3: /usr/bin/python3 (found version "3.10.12") found components: Interpreter 
[2.466s] -- Found ament_lint_auto: 0.12.11 (/opt/ros/humble/share/ament_lint_auto/cmake)
[2.822s] -- Added test 'lint_cmake' to check CMake code style
[2.824s] -- Added test 'xmllint' to check XML markup files
[2.833s] -- Configuring done
[2.842s] -- Generating done
[2.855s] -- Build files have been written to: /home/jelly/ros2_ws/build/mycobot_description
[2.883s] Invoked command in '/home/jelly/ros2_ws/build/mycobot_description' returned '0': /usr/bin/cmake /home/jelly/ros2_ws/src/mycobot_ros2/mycobot_description -DCMAKE_INSTALL_PREFIX=/home/jelly/ros2_ws/install/mycobot_description
[2.883s] Invoking command in '/home/jelly/ros2_ws/build/mycobot_description': /usr/bin/cmake --build /home/jelly/ros2_ws/build/mycobot_description -- -j4 -l4
[3.110s] Invoked command in '/home/jelly/ros2_ws/build/mycobot_description' returned '0': /usr/bin/cmake --build /home/jelly/ros2_ws/build/mycobot_description -- -j4 -l4
[3.564s] Invoking command in '/home/jelly/ros2_ws/build/mycobot_description': /usr/bin/cmake --install /home/jelly/ros2_ws/build/mycobot_description
[3.607s] -- Install configuration: ""
[3.614s] -- Installing: /home/jelly/ros2_ws/install/mycobot_description/share/mycobot_description/meshes
[3.615s] -- Installing: /home/jelly/ros2_ws/install/mycobot_description/share/mycobot_description/meshes/mycobot_280
[3.615s] -- Installing: /home/jelly/ros2_ws/install/mycobot_description/share/mycobot_description/meshes/mycobot_280/joint2.stl
[3.619s] -- Installing: /home/jelly/ros2_ws/install/mycobot_description/share/mycobot_description/meshes/mycobot_280/spectrometer.stl
[3.619s] -- Installing: /home/jelly/ros2_ws/install/mycobot_description/share/mycobot_description/meshes/mycobot_280/joint4.stl
[3.622s] -- Installing: /home/jelly/ros2_ws/install/mycobot_description/share/mycobot_description/meshes/mycobot_280/holder.stl
[3.626s] -- Installing: /home/jelly/ros2_ws/install/mycobot_description/share/mycobot_description/meshes/mycobot_280/joint5.stl
[3.628s] -- Installing: /home/jelly/ros2_ws/install/mycobot_description/share/mycobot_description/meshes/mycobot_280/joint3.stl
[3.635s] -- Installing: /home/jelly/ros2_ws/install/mycobot_description/share/mycobot_description/meshes/mycobot_280/joint7.stl
[3.640s] -- Installing: /home/jelly/ros2_ws/install/mycobot_description/share/mycobot_description/meshes/mycobot_280/joint1.stl
[3.641s] -- Installing: /home/jelly/ros2_ws/install/mycobot_description/share/mycobot_description/meshes/mycobot_280/joint6.stl
[3.644s] -- Installing: /home/jelly/ros2_ws/install/mycobot_description/share/mycobot_description/urdf
[3.647s] -- Installing: /home/jelly/ros2_ws/install/mycobot_description/share/mycobot_description/urdf/mycobot_280_urdf.xacro
[3.647s] -- Installing: /home/jelly/ros2_ws/install/mycobot_description/share/ament_index/resource_index/package_run_dependencies/mycobot_description
[3.651s] -- Installing: /home/jelly/ros2_ws/install/mycobot_description/share/ament_index/resource_index/parent_prefix_path/mycobot_description
[3.651s] -- Installing: /home/jelly/ros2_ws/install/mycobot_description/share/mycobot_description/environment/ament_prefix_path.sh
[3.651s] -- Installing: /home/jelly/ros2_ws/install/mycobot_description/share/mycobot_description/environment/ament_prefix_path.dsv
[3.651s] -- Installing: /home/jelly/ros2_ws/install/mycobot_description/share/mycobot_description/environment/path.sh
[3.651s] -- Installing: /home/jelly/ros2_ws/install/mycobot_description/share/mycobot_description/environment/path.dsv
[3.651s] -- Installing: /home/jelly/ros2_ws/install/mycobot_description/share/mycobot_description/local_setup.bash
[3.653s] -- Installing: /home/jelly/ros2_ws/install/mycobot_description/share/mycobot_description/local_setup.sh
[3.654s] -- Installing: /home/jelly/ros2_ws/install/mycobot_description/share/mycobot_description/local_setup.zsh
[3.656s] -- Installing: /home/jelly/ros2_ws/install/mycobot_description/share/mycobot_description/local_setup.dsv
[3.656s] -- Installing: /home/jelly/ros2_ws/install/mycobot_description/share/mycobot_description/package.dsv
[3.656s] -- Installing: /home/jelly/ros2_ws/install/mycobot_description/share/ament_index/resource_index/packages/mycobot_description
[3.664s] -- Installing: /home/jelly/ros2_ws/install/mycobot_description/share/mycobot_description/cmake/mycobot_descriptionConfig.cmake
[3.664s] -- Installing: /home/jelly/ros2_ws/install/mycobot_description/share/mycobot_description/cmake/mycobot_descriptionConfig-version.cmake
[3.664s] -- Installing: /home/jelly/ros2_ws/install/mycobot_description/share/mycobot_description/package.xml
[3.683s] Invoked command in '/home/jelly/ros2_ws/build/mycobot_description' returned '0': /usr/bin/cmake --install /home/jelly/ros2_ws/build/mycobot_description
