[0.028s] Invoking command in '/home/jelly/ros2_ws/build/serial': CMAKE_PREFIX_PATH=/opt/ros/humble /usr/bin/cmake --build /home/jelly/ros2_ws/build/serial -- -j4 -l4
[0.130s] [100%] Built target serial
[0.159s] Invoked command in '/home/jelly/ros2_ws/build/serial' returned '0': CMAKE_PREFIX_PATH=/opt/ros/humble /usr/bin/cmake --build /home/jelly/ros2_ws/build/serial -- -j4 -l4
[0.307s] Invoking command in '/home/jelly/ros2_ws/build/serial': CMAKE_PREFIX_PATH=/opt/ros/humble /usr/bin/cmake --install /home/jelly/ros2_ws/build/serial
[0.318s] -- Install configuration: ""
[0.319s] -- Up-to-date: /home/jelly/ros2_ws/install/serial/lib/libserial.a
[0.319s] -- Up-to-date: /home/jelly/ros2_ws/install/serial/include
[0.320s] -- Up-to-date: /home/jelly/ros2_ws/install/serial/include/serial
[0.323s] -- Up-to-date: /home/jelly/ros2_ws/install/serial/include/serial/impl
[0.324s] -- Up-to-date: /home/jelly/ros2_ws/install/serial/include/serial/impl/win.h
[0.324s] -- Up-to-date: /home/jelly/ros2_ws/install/serial/include/serial/impl/unix.h
[0.326s] -- Up-to-date: /home/jelly/ros2_ws/install/serial/include/serial/v8stdint.h
[0.327s] -- Up-to-date: /home/jelly/ros2_ws/install/serial/include/serial/serial.h
[0.327s] -- Up-to-date: /home/jelly/ros2_ws/install/serial/share/serial/environment/library_path.sh
[0.327s] -- Up-to-date: /home/jelly/ros2_ws/install/serial/share/serial/environment/library_path.dsv
[0.327s] -- Up-to-date: /home/jelly/ros2_ws/install/serial/share/ament_index/resource_index/package_run_dependencies/serial
[0.328s] -- Up-to-date: /home/jelly/ros2_ws/install/serial/share/ament_index/resource_index/parent_prefix_path/serial
[0.328s] -- Up-to-date: /home/jelly/ros2_ws/install/serial/share/serial/environment/ament_prefix_path.sh
[0.328s] -- Up-to-date: /home/jelly/ros2_ws/install/serial/share/serial/environment/ament_prefix_path.dsv
[0.329s] -- Up-to-date: /home/jelly/ros2_ws/install/serial/share/serial/environment/path.sh
[0.329s] -- Up-to-date: /home/jelly/ros2_ws/install/serial/share/serial/environment/path.dsv
[0.329s] -- Up-to-date: /home/jelly/ros2_ws/install/serial/share/serial/local_setup.bash
[0.330s] -- Up-to-date: /home/jelly/ros2_ws/install/serial/share/serial/local_setup.sh
[0.330s] -- Up-to-date: /home/jelly/ros2_ws/install/serial/share/serial/local_setup.zsh
[0.330s] -- Up-to-date: /home/jelly/ros2_ws/install/serial/share/serial/local_setup.dsv
[0.331s] -- Installing: /home/jelly/ros2_ws/install/serial/share/serial/package.dsv
[0.331s] -- Up-to-date: /home/jelly/ros2_ws/install/serial/share/ament_index/resource_index/packages/serial
[0.331s] -- Up-to-date: /home/jelly/ros2_ws/install/serial/share/serial/cmake/export_serialExport.cmake
[0.332s] -- Up-to-date: /home/jelly/ros2_ws/install/serial/share/serial/cmake/export_serialExport-noconfig.cmake
[0.332s] -- Up-to-date: /home/jelly/ros2_ws/install/serial/share/serial/cmake/ament_cmake_export_include_directories-extras.cmake
[0.332s] -- Up-to-date: /home/jelly/ros2_ws/install/serial/share/serial/cmake/ament_cmake_export_libraries-extras.cmake
[0.332s] -- Up-to-date: /home/jelly/ros2_ws/install/serial/share/serial/cmake/ament_cmake_export_targets-extras.cmake
[0.333s] -- Up-to-date: /home/jelly/ros2_ws/install/serial/share/serial/cmake/serialConfig.cmake
[0.333s] -- Up-to-date: /home/jelly/ros2_ws/install/serial/share/serial/cmake/serialConfig-version.cmake
[0.334s] -- Up-to-date: /home/jelly/ros2_ws/install/serial/share/serial/package.xml
[0.344s] Invoked command in '/home/jelly/ros2_ws/build/serial' returned '0': CMAKE_PREFIX_PATH=/opt/ros/humble /usr/bin/cmake --install /home/jelly/ros2_ws/build/serial
