[0.040s] Invoking command in '/home/coleman/ros2_ws/build/mycobot_gazebo': CMAKE_PREFIX_PATH=${CMAKE_PREFIX_PATH}:/opt/ros/humble /usr/bin/cmake --build /home/coleman/ros2_ws/build/mycobot_gazebo -- -j16 -l16
[0.081s] -- Found ament_cmake: 1.3.9 (/opt/ros/humble/share/ament_cmake/cmake)
[0.334s] -- Found controller_manager: 2.41.0 (/opt/ros/humble/share/controller_manager/cmake)
[0.394s] -- Found rosidl_generator_c: 3.1.5 (/opt/ros/humble/share/rosidl_generator_c/cmake)
[0.400s] -- Found rosidl_adapter: 3.1.5 (/opt/ros/humble/share/rosidl_adapter/cmake)
[0.416s] -- Found rosidl_generator_cpp: 3.1.5 (/opt/ros/humble/share/rosidl_generator_cpp/cmake)
[0.443s] -- Using all available rosidl_typesupport_c: rosidl_typesupport_fastrtps_c;rosidl_typesupport_introspection_c
[0.478s] -- Using all available rosidl_typesupport_cpp: rosidl_typesupport_fastrtps_cpp;rosidl_typesupport_introspection_cpp
[1.669s] -- Found rmw_implementation_cmake: 6.1.2 (/opt/ros/humble/share/rmw_implementation_cmake/cmake)
[1.671s] -- Found rmw_fastrtps_cpp: 6.2.6 (/opt/ros/humble/share/rmw_fastrtps_cpp/cmake)
[1.729s] -- Found TinyXML2 via Config file: TinyXML2_DIR-NOTFOUND
[1.746s] -- Found TinyXML2 via Config file: TinyXML2_DIR-NOTFOUND
[1.790s] -- Found TinyXML2 via Config file: TinyXML2_DIR-NOTFOUND
[1.804s] -- Found TinyXML2 via Config file: TinyXML2_DIR-NOTFOUND
[1.820s] -- Using RMW implementation 'rmw_fastrtps_cpp' as default
[2.933s] -- Found gazebo_ros: 3.7.0 (/opt/ros/humble/share/gazebo_ros/cmake)
[2.996s] -- Found DART: /usr/include (Required is at least version "6.6") found components: dart 
[3.047s] -- Looking for ignition-math6 -- found version 6.15.1
[3.068s] [33mCMake Warning at /usr/share/cmake-3.22/Modules/CMakeFindDependencyMacro.cmake:47 (find_package):
[3.068s]   By not providing "Findignition-cmake2.cmake" in CMAKE_MODULE_PATH this
[3.068s]   project has asked CMake to find a package configuration file provided by
[3.068s]   "ignition-cmake2", but CMake did not find one.
[3.069s] 
[3.069s]   Could not find a package configuration file provided by "ignition-cmake2"
[3.069s]   with any of the following names:
[3.069s] 
[3.069s]     ignition-cmake2Config.cmake
[3.069s]     ignition-cmake2-config.cmake
[3.069s] 
[3.070s]   Add the installation prefix of "ignition-cmake2" to CMAKE_PREFIX_PATH or
[3.070s]   set "ignition-cmake2_DIR" to a directory containing one of the above files.
[3.070s]   If "ignition-cmake2" provides a separate development package or SDK, be
[3.070s]   sure it has been installed.
[3.070s] Call Stack (most recent call first):
[3.070s]   /usr/lib/x86_64-linux-gnu/cmake/ignition-math6/ignition-math6-config.cmake:63 (find_dependency)
[3.071s]   /usr/lib/x86_64-linux-gnu/cmake/sdformat9/sdformat9-config.cmake:60 (find_package)
[3.071s]   /usr/lib/x86_64-linux-gnu/cmake/gazebo/gazebo-config.cmake:208 (find_package)
[3.071s]   /opt/ros/humble/share/gazebo_dev/cmake/gazebo_dev-extras.cmake:3 (find_package)
[3.071s]   /opt/ros/humble/share/gazebo_dev/cmake/gazebo_devConfig.cmake:41 (include)
[3.071s]   /opt/ros/humble/share/gazebo_ros/cmake/ament_cmake_export_dependencies-extras.cmake:21 (find_package)
[3.071s]   /opt/ros/humble/share/gazebo_ros/cmake/gazebo_rosConfig.cmake:41 (include)
[3.071s]   CMakeLists.txt:11 (find_package)
[3.072s] 
[3.072s] [0m
[3.072s] [33mCMake Warning at /usr/lib/x86_64-linux-gnu/cmake/sdformat9/sdformat9-config.cmake:60 (find_package):
[3.072s]   Found package configuration file:
[3.073s] 
[3.073s]     /usr/lib/x86_64-linux-gnu/cmake/ignition-math6/ignition-math6-config.cmake
[3.073s] 
[3.073s]   but it set ignition-math6_FOUND to FALSE so package "ignition-math6" is
[3.073s]   considered to be NOT FOUND.  Reason given by package:
[3.073s] 
[3.073s]   ignition-math6 could not be found because dependency ignition-cmake2 could
[3.074s]   not be found.
[3.074s] 
[3.074s] Call Stack (most recent call first):
[3.074s]   /usr/lib/x86_64-linux-gnu/cmake/gazebo/gazebo-config.cmake:208 (find_package)
[3.074s]   /opt/ros/humble/share/gazebo_dev/cmake/gazebo_dev-extras.cmake:3 (find_package)
[3.074s]   /opt/ros/humble/share/gazebo_dev/cmake/gazebo_devConfig.cmake:41 (include)
[3.074s]   /opt/ros/humble/share/gazebo_ros/cmake/ament_cmake_export_dependencies-extras.cmake:21 (find_package)
[3.074s]   /opt/ros/humble/share/gazebo_ros/cmake/gazebo_rosConfig.cmake:41 (include)
[3.075s]   CMakeLists.txt:11 (find_package)
[3.075s] 
[3.075s] [0m
[3.075s] -- Looking for OGRE...
[3.079s] -- Found Ogre Ghadamon (1.9.0)
[3.079s] -- Found OGRE: optimized;/usr/lib/x86_64-linux-gnu/libOgreMain.so;debug;/usr/lib/x86_64-linux-gnu/libOgreMain.so
[3.095s] -- Looking for OGRE_Paging...
[3.096s] -- Found OGRE_Paging: optimized;/usr/lib/x86_64-linux-gnu/libOgrePaging.so;debug;/usr/lib/x86_64-linux-gnu/libOgrePaging.so
[3.096s] -- Looking for OGRE_Terrain...
[3.097s] -- Found OGRE_Terrain: optimized;/usr/lib/x86_64-linux-gnu/libOgreTerrain.so;debug;/usr/lib/x86_64-linux-gnu/libOgreTerrain.so
[3.097s] -- Looking for OGRE_Property...
[3.097s] -- Found OGRE_Property: optimized;/usr/lib/x86_64-linux-gnu/libOgreProperty.so;debug;/usr/lib/x86_64-linux-gnu/libOgreProperty.so
[3.097s] -- Looking for OGRE_RTShaderSystem...
[3.098s] -- Found OGRE_RTShaderSystem: optimized;/usr/lib/x86_64-linux-gnu/libOgreRTShaderSystem.so;debug;/usr/lib/x86_64-linux-gnu/libOgreRTShaderSystem.so
[3.098s] -- Looking for OGRE_Volume...
[3.099s] -- Found OGRE_Volume: optimized;/usr/lib/x86_64-linux-gnu/libOgreVolume.so;debug;/usr/lib/x86_64-linux-gnu/libOgreVolume.so
[3.099s] -- Looking for OGRE_Overlay...
[3.099s] -- Found OGRE_Overlay: optimized;/usr/lib/x86_64-linux-gnu/libOgreOverlay.so;debug;/usr/lib/x86_64-linux-gnu/libOgreOverlay.so
[3.285s] -- Looking for ignition-math6 -- found version 6.15.1
[3.286s] -- Looking for ignition-transport8 -- found version 8.2.1
[3.303s] [31mCMake Error at /usr/share/cmake-3.22/Modules/CMakeFindDependencyMacro.cmake:47 (find_package):
[3.303s]   By not providing "Findignition-cmake2.cmake" in CMAKE_MODULE_PATH this
[3.303s]   project has asked CMake to find a package configuration file provided by
[3.304s]   "ignition-cmake2", but CMake did not find one.
[3.304s] 
[3.304s]   Could not find a package configuration file provided by "ignition-cmake2"
[3.305s]   with any of the following names:
[3.305s] 
[3.305s]     ignition-cmake2Config.cmake
[3.305s]     ignition-cmake2-config.cmake
[3.305s] 
[3.306s]   Add the installation prefix of "ignition-cmake2" to CMAKE_PREFIX_PATH or
[3.306s]   set "ignition-cmake2_DIR" to a directory containing one of the above files.
[3.306s]   If "ignition-cmake2" provides a separate development package or SDK, be
[3.306s]   sure it has been installed.
[3.306s] Call Stack (most recent call first):
[3.306s]   /usr/lib/x86_64-linux-gnu/cmake/ignition-transport8/ignition-transport8-config.cmake:63 (find_dependency)
[3.307s]   /usr/lib/x86_64-linux-gnu/cmake/gazebo/gazebo-config.cmake:235 (find_package)
[3.307s]   /opt/ros/humble/share/gazebo_dev/cmake/gazebo_dev-extras.cmake:3 (find_package)
[3.307s]   /opt/ros/humble/share/gazebo_dev/cmake/gazebo_devConfig.cmake:41 (include)
[3.307s]   /opt/ros/humble/share/gazebo_ros/cmake/ament_cmake_export_dependencies-extras.cmake:21 (find_package)
[3.307s]   /opt/ros/humble/share/gazebo_ros/cmake/gazebo_rosConfig.cmake:41 (include)
[3.307s]   CMakeLists.txt:11 (find_package)
[3.307s] 
[3.308s] [0m
[3.308s] -- Configuring incomplete, errors occurred!
[3.308s] See also "/home/coleman/ros2_ws/build/mycobot_gazebo/CMakeFiles/CMakeOutput.log".
[3.321s] gmake: *** [Makefile:226: cmake_check_build_system] Error 1
[3.327s] Invoked command in '/home/coleman/ros2_ws/build/mycobot_gazebo' returned '2': CMAKE_PREFIX_PATH=${CMAKE_PREFIX_PATH}:/opt/ros/humble /usr/bin/cmake --build /home/coleman/ros2_ws/build/mycobot_gazebo -- -j16 -l16
