[  4%] Built target fmt
[  7%] Built target gtest
[ 12%] Built target test-main
[ 21%] Built target scan-test
[ 29%] Built target unicode-test
[ 32%] Built target xchar-test
[ 35%] Built target enforce-checks-test
[ 43%] Built target posix-mock-test
[ 46%] Built target os-test
[ 49%] Built target args-test
[ 52%] Built target base-test
[ 54%] Built target assert-test
[ 57%] Built target chrono-test
[ 60%] Built target color-test
[ 63%] Built target gtest-extra-test
[ 66%] Built target format-test
[ 69%] Built target ostream-test
[ 71%] Built target compile-test
[ 74%] Built target printf-test
[ 78%] Built target ranges-test
[ 81%] Built target std-test
[ 90%] Built target compile-fp-test
[100%] Built target format-impl-test
-- Install configuration: "Release"
-- Up-to-date: /home/jelly/ros2_ws/install/FMT/lib/libfmt.a
-- Up-to-date: /home/jelly/ros2_ws/install/FMT/include/fmt/args.h
-- Up-to-date: /home/jelly/ros2_ws/install/FMT/include/fmt/base.h
-- Up-to-date: /home/jelly/ros2_ws/install/FMT/include/fmt/chrono.h
-- Up-to-date: /home/jelly/ros2_ws/install/FMT/include/fmt/color.h
-- Up-to-date: /home/jelly/ros2_ws/install/FMT/include/fmt/compile.h
-- Up-to-date: /home/jelly/ros2_ws/install/FMT/include/fmt/core.h
-- Up-to-date: /home/jelly/ros2_ws/install/FMT/include/fmt/format.h
-- Up-to-date: /home/jelly/ros2_ws/install/FMT/include/fmt/format-inl.h
-- Up-to-date: /home/jelly/ros2_ws/install/FMT/include/fmt/os.h
-- Up-to-date: /home/jelly/ros2_ws/install/FMT/include/fmt/ostream.h
-- Up-to-date: /home/jelly/ros2_ws/install/FMT/include/fmt/printf.h
-- Up-to-date: /home/jelly/ros2_ws/install/FMT/include/fmt/ranges.h
-- Up-to-date: /home/jelly/ros2_ws/install/FMT/include/fmt/std.h
-- Up-to-date: /home/jelly/ros2_ws/install/FMT/include/fmt/xchar.h
-- Up-to-date: /home/jelly/ros2_ws/install/FMT/lib/cmake/fmt/fmt-config.cmake
-- Up-to-date: /home/jelly/ros2_ws/install/FMT/lib/cmake/fmt/fmt-config-version.cmake
-- Up-to-date: /home/jelly/ros2_ws/install/FMT/lib/cmake/fmt/fmt-targets.cmake
-- Up-to-date: /home/jelly/ros2_ws/install/FMT/lib/cmake/fmt/fmt-targets-release.cmake
-- Up-to-date: /home/jelly/ros2_ws/install/FMT/lib/pkgconfig/fmt.pc
