[1.463s] Invoking command in '/home/jelly/ros2_ws/src/my_moveit2_package': PYTHONPATH=/home/jelly/ros2_ws/build/my_moveit2_package/prefix_override:/usr/lib/python3/dist-packages/colcon_core/task/python/colcon_distutils_commands:/home/jelly/ros2_ws/install/my_moveit2_package/lib/python3.10/site-packages:${PYTHONPATH} /usr/bin/python3 -W ignore:setup.py install is deprecated setup.py egg_info --egg-base ../../build/my_moveit2_package build --build-base /home/jelly/ros2_ws/build/my_moveit2_package/build install --record /home/jelly/ros2_ws/build/my_moveit2_package/install.log --single-version-externally-managed install_data
[1.929s] running egg_info
[1.958s] writing ../../build/my_moveit2_package/my_moveit2_package.egg-info/PKG-INFO
[1.959s] writing dependency_links to ../../build/my_moveit2_package/my_moveit2_package.egg-info/dependency_links.txt
[1.959s] writing entry points to ../../build/my_moveit2_package/my_moveit2_package.egg-info/entry_points.txt
[1.960s] writing requirements to ../../build/my_moveit2_package/my_moveit2_package.egg-info/requires.txt
[1.960s] writing top-level names to ../../build/my_moveit2_package/my_moveit2_package.egg-info/top_level.txt
[2.018s] reading manifest file '../../build/my_moveit2_package/my_moveit2_package.egg-info/SOURCES.txt'
[2.018s] writing manifest file '../../build/my_moveit2_package/my_moveit2_package.egg-info/SOURCES.txt'
[2.019s] running build
[2.019s] running build_py
[2.019s] copying my_moveit2_package/__init__.py -> /home/jelly/ros2_ws/build/my_moveit2_package/build/lib/my_moveit2_package
[2.020s] copying my_moveit2_package/pose_handler.py -> /home/jelly/ros2_ws/build/my_moveit2_package/build/lib/my_moveit2_package
[2.020s] running install
[2.028s] running install_lib
[2.055s] running install_data
[2.055s] copying resource/my_moveit2_package -> /home/jelly/ros2_ws/install/my_moveit2_package/share/ament_index/resource_index/packages
[2.055s] copying package.xml -> /home/jelly/ros2_ws/install/my_moveit2_package/share/my_moveit2_package
[2.056s] running install_egg_info
[2.081s] removing '/home/jelly/ros2_ws/install/my_moveit2_package/lib/python3.10/site-packages/my_moveit2_package-0.0.0-py3.10.egg-info' (and everything under it)
[2.081s] Copying ../../build/my_moveit2_package/my_moveit2_package.egg-info to /home/jelly/ros2_ws/install/my_moveit2_package/lib/python3.10/site-packages/my_moveit2_package-0.0.0-py3.10.egg-info
[2.083s] running install_scripts
[2.296s] Installing pose_handler script to /home/jelly/ros2_ws/install/my_moveit2_package/lib/my_moveit2_package
[2.297s] writing list of installed files to '/home/jelly/ros2_ws/build/my_moveit2_package/install.log'
[2.331s] Invoked command in '/home/jelly/ros2_ws/src/my_moveit2_package' returned '0': PYTHONPATH=/home/jelly/ros2_ws/build/my_moveit2_package/prefix_override:/usr/lib/python3/dist-packages/colcon_core/task/python/colcon_distutils_commands:/home/jelly/ros2_ws/install/my_moveit2_package/lib/python3.10/site-packages:${PYTHONPATH} /usr/bin/python3 -W ignore:setup.py install is deprecated setup.py egg_info --egg-base ../../build/my_moveit2_package build --build-base /home/jelly/ros2_ws/build/my_moveit2_package/build install --record /home/jelly/ros2_ws/build/my_moveit2_package/install.log --single-version-externally-managed install_data
