[0.001s] Invoking command in '/home/coleman/ros2_ws/build/mycobot_ros2': CMAKE_PREFIX_PATH=/home/coleman/ros2_ws/install/mycobot_description:/home/coleman/ros2_ws/install/mycobot_ros2:/home/coleman/ros2_ws/install/mycobot_moveit_config:/home/coleman/ros2_ws/install/mycobot_gazebo:/opt/ros/humble /usr/bin/cmake --build /home/coleman/ros2_ws/build/mycobot_ros2 -- -j16 -l16
[0.005s] Invoked command in '/home/coleman/ros2_ws/build/mycobot_ros2' returned '0': CMAKE_PREFIX_PATH=/home/coleman/ros2_ws/install/mycobot_description:/home/coleman/ros2_ws/install/mycobot_ros2:/home/coleman/ros2_ws/install/mycobot_moveit_config:/home/coleman/ros2_ws/install/mycobot_gazebo:/opt/ros/humble /usr/bin/cmake --build /home/coleman/ros2_ws/build/mycobot_ros2 -- -j16 -l16
[0.036s] Invoking command in '/home/coleman/ros2_ws/build/mycobot_ros2': CMAKE_PREFIX_PATH=/home/coleman/ros2_ws/install/mycobot_description:/home/coleman/ros2_ws/install/mycobot_ros2:/home/coleman/ros2_ws/install/mycobot_moveit_config:/home/coleman/ros2_ws/install/mycobot_gazebo:/opt/ros/humble /usr/bin/cmake --install /home/coleman/ros2_ws/build/mycobot_ros2
[0.058s] -- Install configuration: ""
[0.059s] -- Up-to-date: /home/coleman/ros2_ws/install/mycobot_ros2/share/ament_index/resource_index/package_run_dependencies/mycobot_ros2
[0.059s] -- Up-to-date: /home/coleman/ros2_ws/install/mycobot_ros2/share/ament_index/resource_index/parent_prefix_path/mycobot_ros2
[0.059s] -- Up-to-date: /home/coleman/ros2_ws/install/mycobot_ros2/share/mycobot_ros2/environment/ament_prefix_path.sh
[0.059s] -- Up-to-date: /home/coleman/ros2_ws/install/mycobot_ros2/share/mycobot_ros2/environment/ament_prefix_path.dsv
[0.060s] -- Up-to-date: /home/coleman/ros2_ws/install/mycobot_ros2/share/mycobot_ros2/environment/path.sh
[0.060s] -- Up-to-date: /home/coleman/ros2_ws/install/mycobot_ros2/share/mycobot_ros2/environment/path.dsv
[0.060s] -- Up-to-date: /home/coleman/ros2_ws/install/mycobot_ros2/share/mycobot_ros2/local_setup.bash
[0.062s] -- Up-to-date: /home/coleman/ros2_ws/install/mycobot_ros2/share/mycobot_ros2/local_setup.sh
[0.062s] -- Up-to-date: /home/coleman/ros2_ws/install/mycobot_ros2/share/mycobot_ros2/local_setup.zsh
[0.063s] -- Up-to-date: /home/coleman/ros2_ws/install/mycobot_ros2/share/mycobot_ros2/local_setup.dsv
[0.068s] -- Installing: /home/coleman/ros2_ws/install/mycobot_ros2/share/mycobot_ros2/package.dsv
[0.069s] -- Up-to-date: /home/coleman/ros2_ws/install/mycobot_ros2/share/ament_index/resource_index/packages/mycobot_ros2
[0.069s] -- Up-to-date: /home/coleman/ros2_ws/install/mycobot_ros2/share/mycobot_ros2/cmake/mycobot_ros2Config.cmake
[0.070s] -- Up-to-date: /home/coleman/ros2_ws/install/mycobot_ros2/share/mycobot_ros2/cmake/mycobot_ros2Config-version.cmake
[0.070s] -- Up-to-date: /home/coleman/ros2_ws/install/mycobot_ros2/share/mycobot_ros2/package.xml
[0.074s] Invoked command in '/home/coleman/ros2_ws/build/mycobot_ros2' returned '0': CMAKE_PREFIX_PATH=/home/coleman/ros2_ws/install/mycobot_description:/home/coleman/ros2_ws/install/mycobot_ros2:/home/coleman/ros2_ws/install/mycobot_moveit_config:/home/coleman/ros2_ws/install/mycobot_gazebo:/opt/ros/humble /usr/bin/cmake --install /home/coleman/ros2_ws/build/mycobot_ros2
