[0.040s] Invoking command in '/home/coleman/ros2_ws/build/mycobot_gazebo': CMAKE_PREFIX_PATH=${CMAKE_PREFIX_PATH}:/opt/ros/humble /usr/bin/cmake --build /home/coleman/ros2_ws/build/mycobot_gazebo -- -j16 -l16
[0.088s] -- Found ament_cmake: 1.3.9 (/opt/ros/humble/share/ament_cmake/cmake)
[0.369s] -- Found controller_manager: 2.41.0 (/opt/ros/humble/share/controller_manager/cmake)
[0.450s] -- Found rosidl_generator_c: 3.1.5 (/opt/ros/humble/share/rosidl_generator_c/cmake)
[0.455s] -- Found rosidl_adapter: 3.1.5 (/opt/ros/humble/share/rosidl_adapter/cmake)
[0.469s] -- Found rosidl_generator_cpp: 3.1.5 (/opt/ros/humble/share/rosidl_generator_cpp/cmake)
[0.495s] -- Using all available rosidl_typesupport_c: rosidl_typesupport_fastrtps_c;rosidl_typesupport_introspection_c
[0.536s] -- Using all available rosidl_typesupport_cpp: rosidl_typesupport_fastrtps_cpp;rosidl_typesupport_introspection_cpp
[1.780s] -- Found rmw_implementation_cmake: 6.1.2 (/opt/ros/humble/share/rmw_implementation_cmake/cmake)
[1.782s] -- Found rmw_fastrtps_cpp: 6.2.6 (/opt/ros/humble/share/rmw_fastrtps_cpp/cmake)
[1.847s] -- Found TinyXML2 via Config file: TinyXML2_DIR-NOTFOUND
[1.866s] -- Found TinyXML2 via Config file: TinyXML2_DIR-NOTFOUND
[1.913s] -- Found TinyXML2 via Config file: TinyXML2_DIR-NOTFOUND
[1.931s] -- Found TinyXML2 via Config file: TinyXML2_DIR-NOTFOUND
[1.954s] -- Using RMW implementation 'rmw_fastrtps_cpp' as default
[3.307s] -- Found ros_gz: 0.244.14 (/opt/ros/humble/share/ros_gz/cmake)
[3.311s] -- Found ros_gz_bridge: 0.244.14 (/opt/ros/humble/share/ros_gz_bridge/cmake)
[3.540s] [31mCMake Error at /usr/share/cmake-3.22/Modules/CMakeFindDependencyMacro.cmake:47 (find_package):
[3.540s]   By not providing "Findignition-cmake2.cmake" in CMAKE_MODULE_PATH this
[3.540s]   project has asked CMake to find a package configuration file provided by
[3.540s]   "ignition-cmake2", but CMake did not find one.
[3.540s] 
[3.541s]   Could not find a package configuration file provided by "ignition-cmake2"
[3.541s]   with any of the following names:
[3.541s] 
[3.541s]     ignition-cmake2Config.cmake
[3.541s]     ignition-cmake2-config.cmake
[3.541s] 
[3.541s]   Add the installation prefix of "ignition-cmake2" to CMAKE_PREFIX_PATH or
[3.542s]   set "ignition-cmake2_DIR" to a directory containing one of the above files.
[3.542s]   If "ignition-cmake2" provides a separate development package or SDK, be
[3.542s]   sure it has been installed.
[3.542s] Call Stack (most recent call first):
[3.542s]   /usr/lib/x86_64-linux-gnu/cmake/ignition-msgs8/ignition-msgs8-config.cmake:63 (find_dependency)
[3.542s]   /opt/ros/humble/share/ros_gz_bridge/cmake/ament_cmake_export_dependencies-extras.cmake:21 (find_package)
[3.542s]   /opt/ros/humble/share/ros_gz_bridge/cmake/ros_gz_bridgeConfig.cmake:41 (include)
[3.543s]   CMakeLists.txt:13 (find_package)
[3.543s] 
[3.544s] [0m
[3.544s] -- Configuring incomplete, errors occurred!
[3.544s] See also "/home/coleman/ros2_ws/build/mycobot_gazebo/CMakeFiles/CMakeOutput.log".
[3.560s] gmake: *** [Makefile:226: cmake_check_build_system] Error 1
[3.573s] Invoked command in '/home/coleman/ros2_ws/build/mycobot_gazebo' returned '2': CMAKE_PREFIX_PATH=${CMAKE_PREFIX_PATH}:/opt/ros/humble /usr/bin/cmake --build /home/coleman/ros2_ws/build/mycobot_gazebo -- -j16 -l16
