[1.556s] Invoking command in '/home/jelly/ros2_ws/src/mycobot_280': CMAKE_PREFIX_PATH=/home/jelly/ros2_ws/install/mycobot_description:/home/jelly/ros2_ws/install/mycobot_280_description:/home/jelly/ros2_ws/install/mycobot_hardware_interface:/home/jelly/ros2_ws/install/mycobot:/home/jelly/ros2_ws/install/serial:/home/jelly/ros2_ws/install/mycobot_ros2:/home/jelly/ros2_ws/install/mycobot_moveit_config:/home/jelly/ros2_ws/install/mycobot_gazebo:/home/jelly/ros2_ws/install/moveit2_scripts:/home/jelly/ros2_ws/install/motion_planning_python_api:/home/jelly/ros2_ws/install/fp:/home/jelly/ros2_ws/install/catch2:/home/jelly/ros2_ws/install/FMT PYTHONPATH=/home/jelly/ros2_ws/build/mycobot_280/prefix_override:/usr/lib/python3/dist-packages/colcon_core/task/python/colcon_distutils_commands:/home/jelly/ros2_ws/install/mycobot_280/lib/python3.10/site-packages:${PYTHONPATH} /usr/bin/python3 -W ignore:setup.py install is deprecated setup.py egg_info --egg-base ../../build/mycobot_280 build --build-base /home/jelly/ros2_ws/build/mycobot_280/build install --record /home/jelly/ros2_ws/build/mycobot_280/install.log --single-version-externally-managed install_data
[1.945s] running egg_info
[1.970s] writing ../../build/mycobot_280/mycobot_280.egg-info/PKG-INFO
[1.971s] writing dependency_links to ../../build/mycobot_280/mycobot_280.egg-info/dependency_links.txt
[1.971s] writing entry points to ../../build/mycobot_280/mycobot_280.egg-info/entry_points.txt
[1.971s] writing requirements to ../../build/mycobot_280/mycobot_280.egg-info/requires.txt
[1.972s] writing top-level names to ../../build/mycobot_280/mycobot_280.egg-info/top_level.txt
[2.024s] reading manifest file '../../build/mycobot_280/mycobot_280.egg-info/SOURCES.txt'
[2.025s] adding license file 'LICENSE'
[2.026s] writing manifest file '../../build/mycobot_280/mycobot_280.egg-info/SOURCES.txt'
[2.026s] running build
[2.027s] running build_py
[2.027s] copying mycobot_280/detect_marker.py -> /home/jelly/ros2_ws/build/mycobot_280/build/lib/mycobot_280
[2.027s] copying mycobot_280/following_marker.py -> /home/jelly/ros2_ws/build/mycobot_280/build/lib/mycobot_280
[2.027s] copying mycobot_280/follow_display.py -> /home/jelly/ros2_ws/build/mycobot_280/build/lib/mycobot_280
[2.028s] copying mycobot_280/slider_control.py -> /home/jelly/ros2_ws/build/mycobot_280/build/lib/mycobot_280
[2.028s] copying mycobot_280/__init__.py -> /home/jelly/ros2_ws/build/mycobot_280/build/lib/mycobot_280
[2.028s] copying mycobot_280/listen_real_of_topic.py -> /home/jelly/ros2_ws/build/mycobot_280/build/lib/mycobot_280
[2.028s] copying mycobot_280/opencv_camera.py -> /home/jelly/ros2_ws/build/mycobot_280/build/lib/mycobot_280
[2.029s] copying mycobot_280/camera_display.py -> /home/jelly/ros2_ws/build/mycobot_280/build/lib/mycobot_280
[2.029s] copying mycobot_280/teleop_keyboard.py -> /home/jelly/ros2_ws/build/mycobot_280/build/lib/mycobot_280
[2.029s] copying mycobot_280/listen_real.py -> /home/jelly/ros2_ws/build/mycobot_280/build/lib/mycobot_280
[2.030s] copying mycobot_280/simple_gui.py -> /home/jelly/ros2_ws/build/mycobot_280/build/lib/mycobot_280
[2.030s] copying mycobot_280/follow_and_pump.py -> /home/jelly/ros2_ws/build/mycobot_280/build/lib/mycobot_280
[2.030s] running install
[2.038s] running install_lib
[2.064s] running install_data
[2.065s] copying resource/mycobot_280 -> /home/jelly/ros2_ws/install/mycobot_280/share/ament_index/resource_index/packages
[2.065s] copying package.xml -> /home/jelly/ros2_ws/install/mycobot_280/share/mycobot_280
[2.065s] copying launch/test.launch.py -> /home/jelly/ros2_ws/install/mycobot_280/share/mycobot_280/launch
[2.065s] copying launch/slider_control_pump.launch.py -> /home/jelly/ros2_ws/install/mycobot_280/share/mycobot_280/launch
[2.066s] copying launch/teleop_keyboard.launch.py -> /home/jelly/ros2_ws/install/mycobot_280/share/mycobot_280/launch
[2.066s] copying launch/test_camera_flange.launch.py -> /home/jelly/ros2_ws/install/mycobot_280/share/mycobot_280/launch
[2.066s] copying launch/detect_marker.launch.py -> /home/jelly/ros2_ws/install/mycobot_280/share/mycobot_280/launch
[2.067s] copying launch/detect_marker_with_topic.launch.py -> /home/jelly/ros2_ws/install/mycobot_280/share/mycobot_280/launch
[2.067s] copying launch/simple_gui_pump.launch.py -> /home/jelly/ros2_ws/install/mycobot_280/share/mycobot_280/launch
[2.067s] copying launch/mycobot_follow.launch.py -> /home/jelly/ros2_ws/install/mycobot_280/share/mycobot_280/launch
[2.067s] copying launch/slider_control_camera_flange.launch.py -> /home/jelly/ros2_ws/install/mycobot_280/share/mycobot_280/launch
[2.067s] copying launch/test_camera_flange_pump.launch.py -> /home/jelly/ros2_ws/install/mycobot_280/share/mycobot_280/launch
[2.068s] copying launch/test_pump.launch.py -> /home/jelly/ros2_ws/install/mycobot_280/share/mycobot_280/launch
[2.068s] copying launch/simple_gui.launch.py -> /home/jelly/ros2_ws/install/mycobot_280/share/mycobot_280/launch
[2.068s] copying launch/slider_control.launch.py -> /home/jelly/ros2_ws/install/mycobot_280/share/mycobot_280/launch
[2.068s] copying config/mycobot.rviz -> /home/jelly/ros2_ws/install/mycobot_280/share/mycobot_280/config
[2.068s] copying config/mycobot_with_marker.rviz -> /home/jelly/ros2_ws/install/mycobot_280/share/mycobot_280/config
[2.068s] running install_egg_info
[2.094s] removing '/home/jelly/ros2_ws/install/mycobot_280/lib/python3.10/site-packages/mycobot_280-0.0.0-py3.10.egg-info' (and everything under it)
[2.094s] Copying ../../build/mycobot_280/mycobot_280.egg-info to /home/jelly/ros2_ws/install/mycobot_280/lib/python3.10/site-packages/mycobot_280-0.0.0-py3.10.egg-info
[2.095s] running install_scripts
[2.301s] Installing camera_display script to /home/jelly/ros2_ws/install/mycobot_280/lib/mycobot_280
[2.301s] Installing detect_marker script to /home/jelly/ros2_ws/install/mycobot_280/lib/mycobot_280
[2.302s] Installing follow_display script to /home/jelly/ros2_ws/install/mycobot_280/lib/mycobot_280
[2.302s] Installing following_marker script to /home/jelly/ros2_ws/install/mycobot_280/lib/mycobot_280
[2.302s] Installing listen_real script to /home/jelly/ros2_ws/install/mycobot_280/lib/mycobot_280
[2.303s] Installing listen_real_of_topic script to /home/jelly/ros2_ws/install/mycobot_280/lib/mycobot_280
[2.303s] Installing opencv_camera script to /home/jelly/ros2_ws/install/mycobot_280/lib/mycobot_280
[2.303s] Installing simple_gui script to /home/jelly/ros2_ws/install/mycobot_280/lib/mycobot_280
[2.303s] Installing slider_control script to /home/jelly/ros2_ws/install/mycobot_280/lib/mycobot_280
[2.304s] Installing teleop_keyboard script to /home/jelly/ros2_ws/install/mycobot_280/lib/mycobot_280
[2.305s] writing list of installed files to '/home/jelly/ros2_ws/build/mycobot_280/install.log'
[2.335s] Invoked command in '/home/jelly/ros2_ws/src/mycobot_280' returned '0': CMAKE_PREFIX_PATH=/home/jelly/ros2_ws/install/mycobot_description:/home/jelly/ros2_ws/install/mycobot_280_description:/home/jelly/ros2_ws/install/mycobot_hardware_interface:/home/jelly/ros2_ws/install/mycobot:/home/jelly/ros2_ws/install/serial:/home/jelly/ros2_ws/install/mycobot_ros2:/home/jelly/ros2_ws/install/mycobot_moveit_config:/home/jelly/ros2_ws/install/mycobot_gazebo:/home/jelly/ros2_ws/install/moveit2_scripts:/home/jelly/ros2_ws/install/motion_planning_python_api:/home/jelly/ros2_ws/install/fp:/home/jelly/ros2_ws/install/catch2:/home/jelly/ros2_ws/install/FMT PYTHONPATH=/home/jelly/ros2_ws/build/mycobot_280/prefix_override:/usr/lib/python3/dist-packages/colcon_core/task/python/colcon_distutils_commands:/home/jelly/ros2_ws/install/mycobot_280/lib/python3.10/site-packages:${PYTHONPATH} /usr/bin/python3 -W ignore:setup.py install is deprecated setup.py egg_info --egg-base ../../build/mycobot_280 build --build-base /home/jelly/ros2_ws/build/mycobot_280/build install --record /home/jelly/ros2_ws/build/mycobot_280/install.log --single-version-externally-managed install_data
