[0.044s] Invoking command in '/home/jelly/ros2_ws/build/catch2': CMAKE_PREFIX_PATH=${CMAKE_PREFIX_PATH}:/home/jelly/ros2_ws/install/mycobot_280:/opt/ros/humble /usr/bin/cmake --build /home/jelly/ros2_ws/build/catch2 -- -j4 -l4
[0.176s] Invoked command in '/home/jelly/ros2_ws/build/catch2' returned '0': CMAKE_PREFIX_PATH=${CMAKE_PREFIX_PATH}:/home/jelly/ros2_ws/install/mycobot_280:/opt/ros/humble /usr/bin/cmake --build /home/jelly/ros2_ws/build/catch2 -- -j4 -l4
[0.373s] Invoking command in '/home/jelly/ros2_ws/build/catch2': CMAKE_PREFIX_PATH=${CMAKE_PREFIX_PATH}:/home/jelly/ros2_ws/install/mycobot_280:/opt/ros/humble /usr/bin/cmake --install /home/jelly/ros2_ws/build/catch2
[0.394s] -- Install configuration: ""
[0.394s] -- Execute custom install script
[0.397s] -- Up-to-date symlink: /home/jelly/ros2_ws/install/catch2/include//catch2/.clang-format
[0.398s] -- Up-to-date symlink: /home/jelly/ros2_ws/install/catch2/include//catch2/catch.hpp
[0.399s] -- Up-to-date symlink: /home/jelly/ros2_ws/install/catch2/include//catch2/fakeit.hpp
[0.399s] -- Up-to-date symlink: /home/jelly/ros2_ws/install/catch2/share/ament_index/resource_index/package_run_dependencies/catch2
[0.399s] -- Up-to-date symlink: /home/jelly/ros2_ws/install/catch2/share/ament_index/resource_index/parent_prefix_path/catch2
[0.400s] -- Up-to-date symlink: /home/jelly/ros2_ws/install/catch2/share/catch2/environment/ament_prefix_path.sh
[0.401s] -- Up-to-date symlink: /home/jelly/ros2_ws/install/catch2/share/catch2/environment/ament_prefix_path.dsv
[0.401s] -- Up-to-date symlink: /home/jelly/ros2_ws/install/catch2/share/catch2/environment/path.sh
[0.402s] -- Up-to-date symlink: /home/jelly/ros2_ws/install/catch2/share/catch2/environment/path.dsv
[0.402s] -- Up-to-date symlink: /home/jelly/ros2_ws/install/catch2/share/catch2/local_setup.bash
[0.403s] -- Up-to-date symlink: /home/jelly/ros2_ws/install/catch2/share/catch2/local_setup.sh
[0.404s] -- Up-to-date symlink: /home/jelly/ros2_ws/install/catch2/share/catch2/local_setup.zsh
[0.404s] -- Up-to-date symlink: /home/jelly/ros2_ws/install/catch2/share/catch2/local_setup.dsv
[0.405s] -- Symlinking: /home/jelly/ros2_ws/install/catch2/share/catch2/package.dsv
[0.433s] -- Up-to-date symlink: /home/jelly/ros2_ws/install/catch2/share/ament_index/resource_index/packages/catch2
[0.434s] -- Up-to-date symlink: /home/jelly/ros2_ws/install/catch2/share/catch2/cmake/ament_cmake_export_include_directories-extras.cmake
[0.434s] -- Up-to-date symlink: /home/jelly/ros2_ws/install/catch2/share/catch2/cmake/ament_cmake_export_targets-extras.cmake
[0.437s] -- Up-to-date symlink: /home/jelly/ros2_ws/install/catch2/share/catch2/cmake/catch2Config.cmake
[0.437s] -- Up-to-date symlink: /home/jelly/ros2_ws/install/catch2/share/catch2/cmake/catch2Config-version.cmake
[0.437s] -- Up-to-date symlink: /home/jelly/ros2_ws/install/catch2/share/catch2/package.xml
[0.438s] -- Up-to-date: /home/jelly/ros2_ws/install/catch2/share/catch2/cmake/catch2_TargetsExport.cmake
[0.441s] Invoked command in '/home/jelly/ros2_ws/build/catch2' returned '0': CMAKE_PREFIX_PATH=${CMAKE_PREFIX_PATH}:/home/jelly/ros2_ws/install/mycobot_280:/opt/ros/humble /usr/bin/cmake --install /home/jelly/ros2_ws/build/catch2
