[0.044s] Invoking command in '/home/jelly/ros2_ws/build/mycobot_hardware_interface': CMAKE_PREFIX_PATH=/home/jelly/ros2_ws/install/mycobot:/home/jelly/ros2_ws/install/serial:/home/jelly/ros2_ws/install/fp:/home/jelly/ros2_ws/install/catch2:/home/jelly/ros2_ws/install/mycobot_280_description:/home/jelly/ros2_ws/install/mycobot_hardware_interface:/home/jelly/ros2_ws/install/mycobot_ros2:/home/jelly/ros2_ws/install/mycobot_moveit_config:/home/jelly/ros2_ws/install/mycobot_gazebo:/home/jelly/ros2_ws/install/mycobot_description:/home/jelly/ros2_ws/install/moveit2_scripts:/home/jelly/ros2_ws/install/motion_planning_python_api:/home/jelly/ros2_ws/install/FMT:/home/jelly/ros2_ws/install/mycobot_real_moveit:/home/jelly/ros2_ws/install/mycobot_280:/home/jelly/ros2_ws/install/my_moveit2_package:/opt/ros/humble /usr/bin/cmake --build /home/jelly/ros2_ws/build/mycobot_hardware_interface -- -j4 -l4
[0.183s] [100%] Built target mycobot_hardware_interface
[0.201s] Invoked command in '/home/jelly/ros2_ws/build/mycobot_hardware_interface' returned '0': CMAKE_PREFIX_PATH=/home/jelly/ros2_ws/install/mycobot:/home/jelly/ros2_ws/install/serial:/home/jelly/ros2_ws/install/fp:/home/jelly/ros2_ws/install/catch2:/home/jelly/ros2_ws/install/mycobot_280_description:/home/jelly/ros2_ws/install/mycobot_hardware_interface:/home/jelly/ros2_ws/install/mycobot_ros2:/home/jelly/ros2_ws/install/mycobot_moveit_config:/home/jelly/ros2_ws/install/mycobot_gazebo:/home/jelly/ros2_ws/install/mycobot_description:/home/jelly/ros2_ws/install/moveit2_scripts:/home/jelly/ros2_ws/install/motion_planning_python_api:/home/jelly/ros2_ws/install/FMT:/home/jelly/ros2_ws/install/mycobot_real_moveit:/home/jelly/ros2_ws/install/mycobot_280:/home/jelly/ros2_ws/install/my_moveit2_package:/opt/ros/humble /usr/bin/cmake --build /home/jelly/ros2_ws/build/mycobot_hardware_interface -- -j4 -l4
[0.279s] Invoking command in '/home/jelly/ros2_ws/build/mycobot_hardware_interface': CMAKE_PREFIX_PATH=/home/jelly/ros2_ws/install/mycobot:/home/jelly/ros2_ws/install/serial:/home/jelly/ros2_ws/install/fp:/home/jelly/ros2_ws/install/catch2:/home/jelly/ros2_ws/install/mycobot_280_description:/home/jelly/ros2_ws/install/mycobot_hardware_interface:/home/jelly/ros2_ws/install/mycobot_ros2:/home/jelly/ros2_ws/install/mycobot_moveit_config:/home/jelly/ros2_ws/install/mycobot_gazebo:/home/jelly/ros2_ws/install/mycobot_description:/home/jelly/ros2_ws/install/moveit2_scripts:/home/jelly/ros2_ws/install/motion_planning_python_api:/home/jelly/ros2_ws/install/FMT:/home/jelly/ros2_ws/install/mycobot_real_moveit:/home/jelly/ros2_ws/install/mycobot_280:/home/jelly/ros2_ws/install/my_moveit2_package:/opt/ros/humble /usr/bin/cmake --install /home/jelly/ros2_ws/build/mycobot_hardware_interface
[0.292s] -- Install configuration: ""
[0.292s] -- Execute custom install script
[0.293s] -- Up-to-date symlink: /home/jelly/ros2_ws/install/mycobot_hardware_interface/share/mycobot_hardware_interface//hardware_interface_plugin.xml
[0.293s] -- Up-to-date symlink: /home/jelly/ros2_ws/install/mycobot_hardware_interface/include/mycobot_hardware_interface/hardware_interface.hpp
[0.293s] -- Up-to-date symlink: /home/jelly/ros2_ws/install/mycobot_hardware_interface/share/mycobot_hardware_interface/environment/library_path.sh
[0.293s] -- Up-to-date symlink: /home/jelly/ros2_ws/install/mycobot_hardware_interface/share/mycobot_hardware_interface/environment/library_path.dsv
[0.293s] -- Up-to-date symlink: /home/jelly/ros2_ws/install/mycobot_hardware_interface/share/ament_index/resource_index/package_run_dependencies/mycobot_hardware_interface
[0.293s] -- Up-to-date symlink: /home/jelly/ros2_ws/install/mycobot_hardware_interface/share/ament_index/resource_index/parent_prefix_path/mycobot_hardware_interface
[0.294s] -- Up-to-date symlink: /home/jelly/ros2_ws/install/mycobot_hardware_interface/share/mycobot_hardware_interface/environment/ament_prefix_path.sh
[0.294s] -- Up-to-date symlink: /home/jelly/ros2_ws/install/mycobot_hardware_interface/share/mycobot_hardware_interface/environment/ament_prefix_path.dsv
[0.295s] -- Up-to-date symlink: /home/jelly/ros2_ws/install/mycobot_hardware_interface/share/mycobot_hardware_interface/environment/path.sh
[0.295s] -- Up-to-date symlink: /home/jelly/ros2_ws/install/mycobot_hardware_interface/share/mycobot_hardware_interface/environment/path.dsv
[0.295s] -- Up-to-date symlink: /home/jelly/ros2_ws/install/mycobot_hardware_interface/share/mycobot_hardware_interface/local_setup.bash
[0.295s] -- Up-to-date symlink: /home/jelly/ros2_ws/install/mycobot_hardware_interface/share/mycobot_hardware_interface/local_setup.sh
[0.295s] -- Up-to-date symlink: /home/jelly/ros2_ws/install/mycobot_hardware_interface/share/mycobot_hardware_interface/local_setup.zsh
[0.295s] -- Up-to-date symlink: /home/jelly/ros2_ws/install/mycobot_hardware_interface/share/mycobot_hardware_interface/local_setup.dsv
[0.295s] -- Symlinking: /home/jelly/ros2_ws/install/mycobot_hardware_interface/share/mycobot_hardware_interface/package.dsv
[0.310s] -- Up-to-date symlink: /home/jelly/ros2_ws/install/mycobot_hardware_interface/share/ament_index/resource_index/packages/mycobot_hardware_interface
[0.311s] -- Up-to-date symlink: /home/jelly/ros2_ws/install/mycobot_hardware_interface/share/ament_index/resource_index/hardware_interface__pluginlib__plugin/mycobot_hardware_interface
[0.311s] -- Up-to-date symlink: /home/jelly/ros2_ws/install/mycobot_hardware_interface/share/mycobot_hardware_interface/cmake/ament_cmake_export_include_directories-extras.cmake
[0.311s] -- Up-to-date symlink: /home/jelly/ros2_ws/install/mycobot_hardware_interface/share/mycobot_hardware_interface/cmake/ament_cmake_export_libraries-extras.cmake
[0.311s] -- Up-to-date symlink: /home/jelly/ros2_ws/install/mycobot_hardware_interface/share/mycobot_hardware_interface/cmake/ament_cmake_export_targets-extras.cmake
[0.311s] -- Up-to-date symlink: /home/jelly/ros2_ws/install/mycobot_hardware_interface/share/mycobot_hardware_interface/cmake/mycobot_hardware_interfaceConfig.cmake
[0.312s] -- Up-to-date symlink: /home/jelly/ros2_ws/install/mycobot_hardware_interface/share/mycobot_hardware_interface/cmake/mycobot_hardware_interfaceConfig-version.cmake
[0.312s] -- Up-to-date symlink: /home/jelly/ros2_ws/install/mycobot_hardware_interface/share/mycobot_hardware_interface/package.xml
[0.312s] -- Up-to-date: /home/jelly/ros2_ws/install/mycobot_hardware_interface/lib/libmycobot_hardware_interface.so
[0.312s] -- Up-to-date: /home/jelly/ros2_ws/install/mycobot_hardware_interface/share/mycobot_hardware_interface/cmake/export_mycobot_hardware_interfaceExport.cmake
[0.313s] -- Up-to-date: /home/jelly/ros2_ws/install/mycobot_hardware_interface/share/mycobot_hardware_interface/cmake/export_mycobot_hardware_interfaceExport-noconfig.cmake
[0.323s] Invoked command in '/home/jelly/ros2_ws/build/mycobot_hardware_interface' returned '0': CMAKE_PREFIX_PATH=/home/jelly/ros2_ws/install/mycobot:/home/jelly/ros2_ws/install/serial:/home/jelly/ros2_ws/install/fp:/home/jelly/ros2_ws/install/catch2:/home/jelly/ros2_ws/install/mycobot_280_description:/home/jelly/ros2_ws/install/mycobot_hardware_interface:/home/jelly/ros2_ws/install/mycobot_ros2:/home/jelly/ros2_ws/install/mycobot_moveit_config:/home/jelly/ros2_ws/install/mycobot_gazebo:/home/jelly/ros2_ws/install/mycobot_description:/home/jelly/ros2_ws/install/moveit2_scripts:/home/jelly/ros2_ws/install/motion_planning_python_api:/home/jelly/ros2_ws/install/FMT:/home/jelly/ros2_ws/install/mycobot_real_moveit:/home/jelly/ros2_ws/install/mycobot_280:/home/jelly/ros2_ws/install/my_moveit2_package:/opt/ros/humble /usr/bin/cmake --install /home/jelly/ros2_ws/build/mycobot_hardware_interface
