[0.945s] Invoking command in '/home/jelly/ros2_ws/src/mycobot_280': CMAKE_PREFIX_PATH=/home/jelly/ros2_ws/install/mycobot_description:/home/jelly/ros2_ws/install/ros2_control_demo_example_7:/home/jelly/ros2_ws/install/ros2_control_demo_description:/home/jelly/ros2_ws/install/hardware_interface:/home/jelly/ros2_ws/install/mycobot_ros2:/home/jelly/ros2_ws/install/mycobot_moveit_config:/home/jelly/ros2_ws/install/mycobot_gazebo:/home/jelly/ros2_ws/install/custom_hardware PYTHONPATH=/home/jelly/ros2_ws/build/mycobot_280/prefix_override:/usr/lib/python3/dist-packages/colcon_core/task/python/colcon_distutils_commands:/home/jelly/ros2_ws/install/mycobot_280/lib/python3.10/site-packages:${PYTHONPATH} /usr/bin/python3 -W ignore:setup.py install is deprecated setup.py egg_info --egg-base ../../build/mycobot_280 build --build-base /home/jelly/ros2_ws/build/mycobot_280/build install --record /home/jelly/ros2_ws/build/mycobot_280/install.log --single-version-externally-managed install_data
[1.303s] running egg_info
[1.304s] writing ../../build/mycobot_280/mycobot_280.egg-info/PKG-INFO
[1.305s] writing dependency_links to ../../build/mycobot_280/mycobot_280.egg-info/dependency_links.txt
[1.305s] writing entry points to ../../build/mycobot_280/mycobot_280.egg-info/entry_points.txt
[1.306s] writing requirements to ../../build/mycobot_280/mycobot_280.egg-info/requires.txt
[1.306s] writing top-level names to ../../build/mycobot_280/mycobot_280.egg-info/top_level.txt
[1.308s] reading manifest file '../../build/mycobot_280/mycobot_280.egg-info/SOURCES.txt'
[1.309s] adding license file 'LICENSE'
[1.310s] writing manifest file '../../build/mycobot_280/mycobot_280.egg-info/SOURCES.txt'
[1.310s] running build
[1.310s] running build_py
[1.311s] copying mycobot_280/slider_control.py -> /home/jelly/ros2_ws/build/mycobot_280/build/lib/mycobot_280
[1.312s] running install
[1.312s] running install_lib
[1.313s] copying /home/jelly/ros2_ws/build/mycobot_280/build/lib/mycobot_280/slider_control.py -> /home/jelly/ros2_ws/install/mycobot_280/lib/python3.10/site-packages/mycobot_280
[1.314s] byte-compiling /home/jelly/ros2_ws/install/mycobot_280/lib/python3.10/site-packages/mycobot_280/slider_control.py to slider_control.cpython-310.pyc
[1.315s] running install_data
[1.316s] running install_egg_info
[1.319s] removing '/home/jelly/ros2_ws/install/mycobot_280/lib/python3.10/site-packages/mycobot_280-0.0.0-py3.10.egg-info' (and everything under it)
[1.319s] Copying ../../build/mycobot_280/mycobot_280.egg-info to /home/jelly/ros2_ws/install/mycobot_280/lib/python3.10/site-packages/mycobot_280-0.0.0-py3.10.egg-info
[1.321s] running install_scripts
[1.348s] Installing camera_display script to /home/jelly/ros2_ws/install/mycobot_280/lib/mycobot_280
[1.348s] Installing detect_marker script to /home/jelly/ros2_ws/install/mycobot_280/lib/mycobot_280
[1.348s] Installing follow_display script to /home/jelly/ros2_ws/install/mycobot_280/lib/mycobot_280
[1.349s] Installing following_marker script to /home/jelly/ros2_ws/install/mycobot_280/lib/mycobot_280
[1.349s] Installing listen_real script to /home/jelly/ros2_ws/install/mycobot_280/lib/mycobot_280
[1.349s] Installing listen_real_of_topic script to /home/jelly/ros2_ws/install/mycobot_280/lib/mycobot_280
[1.350s] Installing opencv_camera script to /home/jelly/ros2_ws/install/mycobot_280/lib/mycobot_280
[1.350s] Installing simple_gui script to /home/jelly/ros2_ws/install/mycobot_280/lib/mycobot_280
[1.350s] Installing slider_control script to /home/jelly/ros2_ws/install/mycobot_280/lib/mycobot_280
[1.351s] Installing teleop_keyboard script to /home/jelly/ros2_ws/install/mycobot_280/lib/mycobot_280
[1.351s] writing list of installed files to '/home/jelly/ros2_ws/build/mycobot_280/install.log'
[1.379s] Invoked command in '/home/jelly/ros2_ws/src/mycobot_280' returned '0': CMAKE_PREFIX_PATH=/home/jelly/ros2_ws/install/mycobot_description:/home/jelly/ros2_ws/install/ros2_control_demo_example_7:/home/jelly/ros2_ws/install/ros2_control_demo_description:/home/jelly/ros2_ws/install/hardware_interface:/home/jelly/ros2_ws/install/mycobot_ros2:/home/jelly/ros2_ws/install/mycobot_moveit_config:/home/jelly/ros2_ws/install/mycobot_gazebo:/home/jelly/ros2_ws/install/custom_hardware PYTHONPATH=/home/jelly/ros2_ws/build/mycobot_280/prefix_override:/usr/lib/python3/dist-packages/colcon_core/task/python/colcon_distutils_commands:/home/jelly/ros2_ws/install/mycobot_280/lib/python3.10/site-packages:${PYTHONPATH} /usr/bin/python3 -W ignore:setup.py install is deprecated setup.py egg_info --egg-base ../../build/mycobot_280 build --build-base /home/jelly/ros2_ws/build/mycobot_280/build install --record /home/jelly/ros2_ws/build/mycobot_280/install.log --single-version-externally-managed install_data
