[1.486s] Invoking command in '/home/jelly/ros2_ws/src/mycobot_280': CMAKE_PREFIX_PATH=/home/jelly/ros2_ws/install/mycobot_description:/home/jelly/ros2_ws/install/mycobot_280_description:/home/jelly/ros2_ws/install/mycobot_hardware_interface:/home/jelly/ros2_ws/install/mycobot:/home/jelly/ros2_ws/install/serial:/home/jelly/ros2_ws/install/mycobot_ros2:/home/jelly/ros2_ws/install/mycobot_moveit_config:/home/jelly/ros2_ws/install/mycobot_gazebo:/home/jelly/ros2_ws/install/moveit2_scripts:/home/jelly/ros2_ws/install/motion_planning_python_api:/home/jelly/ros2_ws/install/fp:/home/jelly/ros2_ws/install/catch2:/home/jelly/ros2_ws/install/FMT PYTHONPATH=/home/jelly/ros2_ws/build/mycobot_280/prefix_override:/usr/lib/python3/dist-packages/colcon_core/task/python/colcon_distutils_commands:/home/jelly/ros2_ws/install/mycobot_280/lib/python3.10/site-packages:${PYTHONPATH} /usr/bin/python3 -W ignore:setup.py install is deprecated setup.py egg_info --egg-base ../../build/mycobot_280 build --build-base /home/jelly/ros2_ws/build/mycobot_280/build install --record /home/jelly/ros2_ws/build/mycobot_280/install.log --single-version-externally-managed install_data
[1.898s] running egg_info
[1.923s] writing ../../build/mycobot_280/mycobot_280.egg-info/PKG-INFO
[1.923s] writing dependency_links to ../../build/mycobot_280/mycobot_280.egg-info/dependency_links.txt
[1.924s] writing entry points to ../../build/mycobot_280/mycobot_280.egg-info/entry_points.txt
[1.924s] writing requirements to ../../build/mycobot_280/mycobot_280.egg-info/requires.txt
[1.925s] writing top-level names to ../../build/mycobot_280/mycobot_280.egg-info/top_level.txt
[1.977s] reading manifest file '../../build/mycobot_280/mycobot_280.egg-info/SOURCES.txt'
[1.978s] adding license file 'LICENSE'
[1.979s] writing manifest file '../../build/mycobot_280/mycobot_280.egg-info/SOURCES.txt'
[1.980s] running build
[1.980s] running build_py
[1.980s] copying mycobot_280/detect_marker.py -> /home/jelly/ros2_ws/build/mycobot_280/build/lib/mycobot_280
[1.980s] copying mycobot_280/following_marker.py -> /home/jelly/ros2_ws/build/mycobot_280/build/lib/mycobot_280
[1.981s] copying mycobot_280/follow_display.py -> /home/jelly/ros2_ws/build/mycobot_280/build/lib/mycobot_280
[1.981s] copying mycobot_280/slider_control.py -> /home/jelly/ros2_ws/build/mycobot_280/build/lib/mycobot_280
[1.981s] copying mycobot_280/__init__.py -> /home/jelly/ros2_ws/build/mycobot_280/build/lib/mycobot_280
[1.981s] copying mycobot_280/listen_real_of_topic.py -> /home/jelly/ros2_ws/build/mycobot_280/build/lib/mycobot_280
[1.982s] copying mycobot_280/opencv_camera.py -> /home/jelly/ros2_ws/build/mycobot_280/build/lib/mycobot_280
[1.982s] copying mycobot_280/camera_display.py -> /home/jelly/ros2_ws/build/mycobot_280/build/lib/mycobot_280
[1.982s] copying mycobot_280/teleop_keyboard.py -> /home/jelly/ros2_ws/build/mycobot_280/build/lib/mycobot_280
[1.982s] copying mycobot_280/listen_real.py -> /home/jelly/ros2_ws/build/mycobot_280/build/lib/mycobot_280
[1.983s] copying mycobot_280/simple_gui.py -> /home/jelly/ros2_ws/build/mycobot_280/build/lib/mycobot_280
[1.983s] copying mycobot_280/follow_and_pump.py -> /home/jelly/ros2_ws/build/mycobot_280/build/lib/mycobot_280
[1.983s] running install
[1.991s] running install_lib
[2.016s] running install_data
[2.016s] copying resource/mycobot_280 -> /home/jelly/ros2_ws/install/mycobot_280/share/ament_index/resource_index/packages
[2.016s] copying package.xml -> /home/jelly/ros2_ws/install/mycobot_280/share/mycobot_280
[2.017s] copying launch/test.launch.py -> /home/jelly/ros2_ws/install/mycobot_280/share/mycobot_280/launch
[2.017s] copying launch/slider_control_pump.launch.py -> /home/jelly/ros2_ws/install/mycobot_280/share/mycobot_280/launch
[2.017s] copying launch/teleop_keyboard.launch.py -> /home/jelly/ros2_ws/install/mycobot_280/share/mycobot_280/launch
[2.018s] copying launch/test_camera_flange.launch.py -> /home/jelly/ros2_ws/install/mycobot_280/share/mycobot_280/launch
[2.018s] copying launch/detect_marker.launch.py -> /home/jelly/ros2_ws/install/mycobot_280/share/mycobot_280/launch
[2.018s] copying launch/detect_marker_with_topic.launch.py -> /home/jelly/ros2_ws/install/mycobot_280/share/mycobot_280/launch
[2.018s] copying launch/simple_gui_pump.launch.py -> /home/jelly/ros2_ws/install/mycobot_280/share/mycobot_280/launch
[2.018s] copying launch/mycobot_follow.launch.py -> /home/jelly/ros2_ws/install/mycobot_280/share/mycobot_280/launch
[2.019s] copying launch/slider_control_camera_flange.launch.py -> /home/jelly/ros2_ws/install/mycobot_280/share/mycobot_280/launch
[2.019s] copying launch/test_camera_flange_pump.launch.py -> /home/jelly/ros2_ws/install/mycobot_280/share/mycobot_280/launch
[2.019s] copying launch/test_pump.launch.py -> /home/jelly/ros2_ws/install/mycobot_280/share/mycobot_280/launch
[2.019s] copying launch/simple_gui.launch.py -> /home/jelly/ros2_ws/install/mycobot_280/share/mycobot_280/launch
[2.020s] copying launch/slider_control.launch.py -> /home/jelly/ros2_ws/install/mycobot_280/share/mycobot_280/launch
[2.020s] copying config/mycobot.rviz -> /home/jelly/ros2_ws/install/mycobot_280/share/mycobot_280/config
[2.020s] copying config/mycobot_with_marker.rviz -> /home/jelly/ros2_ws/install/mycobot_280/share/mycobot_280/config
[2.020s] running install_egg_info
[2.048s] removing '/home/jelly/ros2_ws/install/mycobot_280/lib/python3.10/site-packages/mycobot_280-0.0.0-py3.10.egg-info' (and everything under it)
[2.048s] Copying ../../build/mycobot_280/mycobot_280.egg-info to /home/jelly/ros2_ws/install/mycobot_280/lib/python3.10/site-packages/mycobot_280-0.0.0-py3.10.egg-info
[2.049s] running install_scripts
[2.252s] Installing camera_display script to /home/jelly/ros2_ws/install/mycobot_280/lib/mycobot_280
[2.253s] Installing detect_marker script to /home/jelly/ros2_ws/install/mycobot_280/lib/mycobot_280
[2.253s] Installing follow_display script to /home/jelly/ros2_ws/install/mycobot_280/lib/mycobot_280
[2.253s] Installing following_marker script to /home/jelly/ros2_ws/install/mycobot_280/lib/mycobot_280
[2.254s] Installing listen_real script to /home/jelly/ros2_ws/install/mycobot_280/lib/mycobot_280
[2.254s] Installing listen_real_of_topic script to /home/jelly/ros2_ws/install/mycobot_280/lib/mycobot_280
[2.254s] Installing opencv_camera script to /home/jelly/ros2_ws/install/mycobot_280/lib/mycobot_280
[2.255s] Installing simple_gui script to /home/jelly/ros2_ws/install/mycobot_280/lib/mycobot_280
[2.255s] Installing slider_control script to /home/jelly/ros2_ws/install/mycobot_280/lib/mycobot_280
[2.255s] Installing teleop_keyboard script to /home/jelly/ros2_ws/install/mycobot_280/lib/mycobot_280
[2.256s] writing list of installed files to '/home/jelly/ros2_ws/build/mycobot_280/install.log'
[2.288s] Invoked command in '/home/jelly/ros2_ws/src/mycobot_280' returned '0': CMAKE_PREFIX_PATH=/home/jelly/ros2_ws/install/mycobot_description:/home/jelly/ros2_ws/install/mycobot_280_description:/home/jelly/ros2_ws/install/mycobot_hardware_interface:/home/jelly/ros2_ws/install/mycobot:/home/jelly/ros2_ws/install/serial:/home/jelly/ros2_ws/install/mycobot_ros2:/home/jelly/ros2_ws/install/mycobot_moveit_config:/home/jelly/ros2_ws/install/mycobot_gazebo:/home/jelly/ros2_ws/install/moveit2_scripts:/home/jelly/ros2_ws/install/motion_planning_python_api:/home/jelly/ros2_ws/install/fp:/home/jelly/ros2_ws/install/catch2:/home/jelly/ros2_ws/install/FMT PYTHONPATH=/home/jelly/ros2_ws/build/mycobot_280/prefix_override:/usr/lib/python3/dist-packages/colcon_core/task/python/colcon_distutils_commands:/home/jelly/ros2_ws/install/mycobot_280/lib/python3.10/site-packages:${PYTHONPATH} /usr/bin/python3 -W ignore:setup.py install is deprecated setup.py egg_info --egg-base ../../build/mycobot_280 build --build-base /home/jelly/ros2_ws/build/mycobot_280/build install --record /home/jelly/ros2_ws/build/mycobot_280/install.log --single-version-externally-managed install_data
