[0.059s] Invoking command in '/home/jelly/ros2_ws/build/FMT': /usr/bin/cmake --build /home/jelly/ros2_ws/build/FMT -- -j4 -l4
[0.197s] [  2%] Built target gtest
[0.197s] [  7%] Built target fmt
[0.284s] [ 15%] Built target compile-fp-test
[0.293s] [ 25%] Built target format-impl-test
[0.294s] [ 33%] Built target scan-test
[0.394s] [ 39%] Built target test-main
[0.407s] [ 47%] Built target unicode-test
[0.411s] [ 56%] Built target posix-mock-test
[0.529s] [ 59%] Built target args-test
[0.532s] [ 61%] Built target chrono-test
[0.532s] [ 64%] Built target assert-test
[0.532s] [ 67%] Built target base-test
[0.600s] [ 70%] Built target color-test
[0.606s] [ 73%] Built target gtest-extra-test
[0.613s] [ 76%] Built target format-test
[0.632s] [ 78%] Built target ostream-test
[0.697s] [ 81%] Built target printf-test
[0.697s] [ 84%] Built target compile-test
[0.718s] [ 88%] Built target ranges-test
[0.739s] [ 91%] Built target std-test
[0.753s] [ 94%] Built target xchar-test
[0.790s] [ 97%] Built target enforce-checks-test
[0.801s] [100%] Built target os-test
[1.143s] Invoked command in '/home/jelly/ros2_ws/build/FMT' returned '0': /usr/bin/cmake --build /home/jelly/ros2_ws/build/FMT -- -j4 -l4
[1.289s] Invoking command in '/home/jelly/ros2_ws/build/FMT': /usr/bin/cmake --install /home/jelly/ros2_ws/build/FMT
[1.309s] -- Install configuration: "Release"
[1.310s] -- Up-to-date: /home/jelly/ros2_ws/install/FMT/lib/libfmt.a
[1.310s] -- Up-to-date: /home/jelly/ros2_ws/install/FMT/include/fmt/args.h
[1.310s] -- Up-to-date: /home/jelly/ros2_ws/install/FMT/include/fmt/base.h
[1.310s] -- Up-to-date: /home/jelly/ros2_ws/install/FMT/include/fmt/chrono.h
[1.310s] -- Up-to-date: /home/jelly/ros2_ws/install/FMT/include/fmt/color.h
[1.310s] -- Up-to-date: /home/jelly/ros2_ws/install/FMT/include/fmt/compile.h
[1.310s] -- Up-to-date: /home/jelly/ros2_ws/install/FMT/include/fmt/core.h
[1.310s] -- Up-to-date: /home/jelly/ros2_ws/install/FMT/include/fmt/format.h
[1.310s] -- Up-to-date: /home/jelly/ros2_ws/install/FMT/include/fmt/format-inl.h
[1.311s] -- Up-to-date: /home/jelly/ros2_ws/install/FMT/include/fmt/os.h
[1.311s] -- Up-to-date: /home/jelly/ros2_ws/install/FMT/include/fmt/ostream.h
[1.311s] -- Up-to-date: /home/jelly/ros2_ws/install/FMT/include/fmt/printf.h
[1.312s] -- Up-to-date: /home/jelly/ros2_ws/install/FMT/include/fmt/ranges.h
[1.312s] -- Up-to-date: /home/jelly/ros2_ws/install/FMT/include/fmt/std.h
[1.312s] -- Up-to-date: /home/jelly/ros2_ws/install/FMT/include/fmt/xchar.h
[1.312s] -- Up-to-date: /home/jelly/ros2_ws/install/FMT/lib/cmake/fmt/fmt-config.cmake
[1.312s] -- Up-to-date: /home/jelly/ros2_ws/install/FMT/lib/cmake/fmt/fmt-config-version.cmake
[1.312s] -- Up-to-date: /home/jelly/ros2_ws/install/FMT/lib/cmake/fmt/fmt-targets.cmake
[1.313s] -- Up-to-date: /home/jelly/ros2_ws/install/FMT/lib/cmake/fmt/fmt-targets-release.cmake
[1.313s] -- Up-to-date: /home/jelly/ros2_ws/install/FMT/lib/pkgconfig/fmt.pc
[1.318s] Invoked command in '/home/jelly/ros2_ws/build/FMT' returned '0': /usr/bin/cmake --install /home/jelly/ros2_ws/build/FMT
