[1.381s] Invoking command in '/home/jelly/ros2_ws/src/my_moveit2_package': PYTHONPATH=/home/jelly/ros2_ws/build/my_moveit2_package/prefix_override:/usr/lib/python3/dist-packages/colcon_core/task/python/colcon_distutils_commands:/home/jelly/ros2_ws/install/my_moveit2_package/lib/python3.10/site-packages:${PYTHONPATH} /usr/bin/python3 -W ignore:setup.py install is deprecated setup.py egg_info --egg-base ../../build/my_moveit2_package build --build-base /home/jelly/ros2_ws/build/my_moveit2_package/build install --record /home/jelly/ros2_ws/build/my_moveit2_package/install.log --single-version-externally-managed install_data
[1.916s] running egg_info
[1.951s] writing ../../build/my_moveit2_package/my_moveit2_package.egg-info/PKG-INFO
[1.951s] writing dependency_links to ../../build/my_moveit2_package/my_moveit2_package.egg-info/dependency_links.txt
[1.951s] writing entry points to ../../build/my_moveit2_package/my_moveit2_package.egg-info/entry_points.txt
[1.951s] writing requirements to ../../build/my_moveit2_package/my_moveit2_package.egg-info/requires.txt
[1.952s] writing top-level names to ../../build/my_moveit2_package/my_moveit2_package.egg-info/top_level.txt
[2.010s] reading manifest file '../../build/my_moveit2_package/my_moveit2_package.egg-info/SOURCES.txt'
[2.011s] writing manifest file '../../build/my_moveit2_package/my_moveit2_package.egg-info/SOURCES.txt'
[2.012s] running build
[2.012s] running build_py
[2.012s] copying my_moveit2_package/__init__.py -> /home/jelly/ros2_ws/build/my_moveit2_package/build/lib/my_moveit2_package
[2.013s] copying my_moveit2_package/pose_handler.py -> /home/jelly/ros2_ws/build/my_moveit2_package/build/lib/my_moveit2_package
[2.014s] running install
[2.022s] running install_lib
[2.049s] running install_data
[2.049s] copying resource/my_moveit2_package -> /home/jelly/ros2_ws/install/my_moveit2_package/share/ament_index/resource_index/packages
[2.049s] copying package.xml -> /home/jelly/ros2_ws/install/my_moveit2_package/share/my_moveit2_package
[2.050s] running install_egg_info
[2.078s] removing '/home/jelly/ros2_ws/install/my_moveit2_package/lib/python3.10/site-packages/my_moveit2_package-0.0.0-py3.10.egg-info' (and everything under it)
[2.079s] Copying ../../build/my_moveit2_package/my_moveit2_package.egg-info to /home/jelly/ros2_ws/install/my_moveit2_package/lib/python3.10/site-packages/my_moveit2_package-0.0.0-py3.10.egg-info
[2.080s] running install_scripts
[2.298s] Installing pose_handler script to /home/jelly/ros2_ws/install/my_moveit2_package/lib/my_moveit2_package
[2.298s] writing list of installed files to '/home/jelly/ros2_ws/build/my_moveit2_package/install.log'
[2.340s] Invoked command in '/home/jelly/ros2_ws/src/my_moveit2_package' returned '0': PYTHONPATH=/home/jelly/ros2_ws/build/my_moveit2_package/prefix_override:/usr/lib/python3/dist-packages/colcon_core/task/python/colcon_distutils_commands:/home/jelly/ros2_ws/install/my_moveit2_package/lib/python3.10/site-packages:${PYTHONPATH} /usr/bin/python3 -W ignore:setup.py install is deprecated setup.py egg_info --egg-base ../../build/my_moveit2_package build --build-base /home/jelly/ros2_ws/build/my_moveit2_package/build install --record /home/jelly/ros2_ws/build/my_moveit2_package/install.log --single-version-externally-managed install_data
