[0.042s] Invoking command in '/home/jelly/ros2_ws/build/FMT': /usr/bin/cmake --build /home/jelly/ros2_ws/build/FMT -- -j4 -l4
[0.140s] [  4%] Built target fmt
[0.181s] [  7%] Built target gtest
[0.275s] [ 16%] Built target format-impl-test
[0.275s] [ 22%] Built target test-main
[0.283s] [ 30%] Built target compile-fp-test
[0.288s] [ 39%] Built target scan-test
[0.360s] [ 47%] Built target posix-mock-test
[0.361s] [ 56%] Built target unicode-test
[0.399s] [ 59%] Built target os-test
[0.437s] [ 61%] Built target args-test
[0.443s] [ 67%] Built target assert-test
[0.444s] [ 67%] Built target base-test
[0.471s] [ 70%] Built target chrono-test
[0.502s] [ 73%] Built target gtest-extra-test
[0.505s] [ 76%] Built target color-test
[0.529s] [ 78%] Built target format-test
[0.543s] [ 81%] Built target ostream-test
[0.585s] [ 84%] Built target compile-test
[0.597s] [ 87%] Built target printf-test
[0.611s] [ 90%] Built target std-test
[0.645s] [ 94%] Built target ranges-test
[0.646s] [ 97%] Built target xchar-test
[0.668s] [100%] Built target enforce-checks-test
[0.702s] Invoked command in '/home/jelly/ros2_ws/build/FMT' returned '0': /usr/bin/cmake --build /home/jelly/ros2_ws/build/FMT -- -j4 -l4
[0.849s] Invoking command in '/home/jelly/ros2_ws/build/FMT': /usr/bin/cmake --install /home/jelly/ros2_ws/build/FMT
[0.863s] -- Install configuration: "Release"
[0.864s] -- Up-to-date: /home/jelly/ros2_ws/install/FMT/lib/libfmt.a
[0.865s] -- Up-to-date: /home/jelly/ros2_ws/install/FMT/include/fmt/args.h
[0.865s] -- Up-to-date: /home/jelly/ros2_ws/install/FMT/include/fmt/base.h
[0.865s] -- Up-to-date: /home/jelly/ros2_ws/install/FMT/include/fmt/chrono.h
[0.865s] -- Up-to-date: /home/jelly/ros2_ws/install/FMT/include/fmt/color.h
[0.865s] -- Up-to-date: /home/jelly/ros2_ws/install/FMT/include/fmt/compile.h
[0.865s] -- Up-to-date: /home/jelly/ros2_ws/install/FMT/include/fmt/core.h
[0.865s] -- Up-to-date: /home/jelly/ros2_ws/install/FMT/include/fmt/format.h
[0.866s] -- Up-to-date: /home/jelly/ros2_ws/install/FMT/include/fmt/format-inl.h
[0.866s] -- Up-to-date: /home/jelly/ros2_ws/install/FMT/include/fmt/os.h
[0.867s] -- Up-to-date: /home/jelly/ros2_ws/install/FMT/include/fmt/ostream.h
[0.867s] -- Up-to-date: /home/jelly/ros2_ws/install/FMT/include/fmt/printf.h
[0.867s] -- Up-to-date: /home/jelly/ros2_ws/install/FMT/include/fmt/ranges.h
[0.867s] -- Up-to-date: /home/jelly/ros2_ws/install/FMT/include/fmt/std.h
[0.868s] -- Up-to-date: /home/jelly/ros2_ws/install/FMT/include/fmt/xchar.h
[0.868s] -- Up-to-date: /home/jelly/ros2_ws/install/FMT/lib/cmake/fmt/fmt-config.cmake
[0.868s] -- Up-to-date: /home/jelly/ros2_ws/install/FMT/lib/cmake/fmt/fmt-config-version.cmake
[0.868s] -- Up-to-date: /home/jelly/ros2_ws/install/FMT/lib/cmake/fmt/fmt-targets.cmake
[0.868s] -- Up-to-date: /home/jelly/ros2_ws/install/FMT/lib/cmake/fmt/fmt-targets-release.cmake
[0.868s] -- Up-to-date: /home/jelly/ros2_ws/install/FMT/lib/pkgconfig/fmt.pc
[0.872s] Invoked command in '/home/jelly/ros2_ws/build/FMT' returned '0': /usr/bin/cmake --install /home/jelly/ros2_ws/build/FMT
