[0.034s] Invoking command in '/home/coleman/ros2_ws/build/mycobot_gazebo': CMAKE_PREFIX_PATH=${CMAKE_PREFIX_PATH}:/opt/ros/humble /usr/bin/cmake --build /home/coleman/ros2_ws/build/mycobot_gazebo -- -j16 -l16
[0.082s] -- Found ament_cmake: 1.3.9 (/opt/ros/humble/share/ament_cmake/cmake)
[0.337s] -- Found rclcpp: 16.0.9 (/opt/ros/humble/share/rclcpp/cmake)
[0.400s] -- Found rosidl_generator_c: 3.1.5 (/opt/ros/humble/share/rosidl_generator_c/cmake)
[0.409s] -- Found rosidl_adapter: 3.1.5 (/opt/ros/humble/share/rosidl_adapter/cmake)
[0.425s] -- Found rosidl_generator_cpp: 3.1.5 (/opt/ros/humble/share/rosidl_generator_cpp/cmake)
[0.459s] -- Using all available rosidl_typesupport_c: rosidl_typesupport_fastrtps_c;rosidl_typesupport_introspection_c
[0.494s] -- Using all available rosidl_typesupport_cpp: rosidl_typesupport_fastrtps_cpp;rosidl_typesupport_introspection_cpp
[0.618s] -- Found rmw_implementation_cmake: 6.1.2 (/opt/ros/humble/share/rmw_implementation_cmake/cmake)
[0.621s] -- Found rmw_fastrtps_cpp: 6.2.6 (/opt/ros/humble/share/rmw_fastrtps_cpp/cmake)
[0.851s] -- Using RMW implementation 'rmw_fastrtps_cpp' as default
[1.162s] -- Found xacro: 2.0.8 (/opt/ros/humble/share/xacro/cmake)
[1.163s] -- Found trajectory_msgs: 4.2.4 (/opt/ros/humble/share/trajectory_msgs/cmake)
[1.398s] -- Found ament_lint_auto: 0.12.11 (/opt/ros/humble/share/ament_lint_auto/cmake)
[1.666s] -- Added test 'lint_cmake' to check CMake code style
[1.791s] -- Added test 'xmllint' to check XML markup files
[1.793s] -- Configuring done
[1.802s] -- Generating done
[1.807s] -- Build files have been written to: /home/coleman/ros2_ws/build/mycobot_gazebo
[1.857s] Invoked command in '/home/coleman/ros2_ws/build/mycobot_gazebo' returned '0': CMAKE_PREFIX_PATH=${CMAKE_PREFIX_PATH}:/opt/ros/humble /usr/bin/cmake --build /home/coleman/ros2_ws/build/mycobot_gazebo -- -j16 -l16
[1.904s] Invoking command in '/home/coleman/ros2_ws/build/mycobot_gazebo': CMAKE_PREFIX_PATH=${CMAKE_PREFIX_PATH}:/opt/ros/humble /usr/bin/cmake --install /home/coleman/ros2_ws/build/mycobot_gazebo
[1.919s] -- Install configuration: ""
[1.920s] -- Up-to-date: /home/coleman/ros2_ws/install/mycobot_gazebo/share/ament_index/resource_index/package_run_dependencies/mycobot_gazebo
[1.920s] -- Up-to-date: /home/coleman/ros2_ws/install/mycobot_gazebo/share/ament_index/resource_index/parent_prefix_path/mycobot_gazebo
[1.920s] -- Up-to-date: /home/coleman/ros2_ws/install/mycobot_gazebo/share/mycobot_gazebo/environment/ament_prefix_path.sh
[1.920s] -- Installing: /home/coleman/ros2_ws/install/mycobot_gazebo/share/mycobot_gazebo/environment/ament_prefix_path.dsv
[1.921s] -- Up-to-date: /home/coleman/ros2_ws/install/mycobot_gazebo/share/mycobot_gazebo/environment/path.sh
[1.921s] -- Installing: /home/coleman/ros2_ws/install/mycobot_gazebo/share/mycobot_gazebo/environment/path.dsv
[1.921s] -- Up-to-date: /home/coleman/ros2_ws/install/mycobot_gazebo/share/mycobot_gazebo/local_setup.bash
[1.922s] -- Up-to-date: /home/coleman/ros2_ws/install/mycobot_gazebo/share/mycobot_gazebo/local_setup.sh
[1.922s] -- Up-to-date: /home/coleman/ros2_ws/install/mycobot_gazebo/share/mycobot_gazebo/local_setup.zsh
[1.923s] -- Installing: /home/coleman/ros2_ws/install/mycobot_gazebo/share/mycobot_gazebo/local_setup.dsv
[1.923s] -- Installing: /home/coleman/ros2_ws/install/mycobot_gazebo/share/mycobot_gazebo/package.dsv
[1.924s] -- Up-to-date: /home/coleman/ros2_ws/install/mycobot_gazebo/share/ament_index/resource_index/packages/mycobot_gazebo
[1.924s] -- Up-to-date: /home/coleman/ros2_ws/install/mycobot_gazebo/share/mycobot_gazebo/cmake/mycobot_gazeboConfig.cmake
[1.924s] -- Up-to-date: /home/coleman/ros2_ws/install/mycobot_gazebo/share/mycobot_gazebo/cmake/mycobot_gazeboConfig-version.cmake
[1.924s] -- Up-to-date: /home/coleman/ros2_ws/install/mycobot_gazebo/share/mycobot_gazebo/package.xml
[1.928s] Invoked command in '/home/coleman/ros2_ws/build/mycobot_gazebo' returned '0': CMAKE_PREFIX_PATH=${CMAKE_PREFIX_PATH}:/opt/ros/humble /usr/bin/cmake --install /home/coleman/ros2_ws/build/mycobot_gazebo
