[0.125s] Invoking command in '/home/jelly/ros2_ws/build/mycobot_description': CMAKE_PREFIX_PATH=/opt/ros/humble /usr/bin/cmake --build /home/jelly/ros2_ws/build/mycobot_description -- -j4 -l4
[0.312s] Invoked command in '/home/jelly/ros2_ws/build/mycobot_description' returned '0': CMAKE_PREFIX_PATH=/opt/ros/humble /usr/bin/cmake --build /home/jelly/ros2_ws/build/mycobot_description -- -j4 -l4
[0.443s] Invoking command in '/home/jelly/ros2_ws/build/mycobot_description': CMAKE_PREFIX_PATH=/opt/ros/humble /usr/bin/cmake --install /home/jelly/ros2_ws/build/mycobot_description
[0.463s] -- Install configuration: ""
[0.467s] -- Execute custom install script
[0.471s] -- Up-to-date symlink: /home/jelly/ros2_ws/install/mycobot_description/share/mycobot_description/meshes/mycobot_280/holder.stl
[0.473s] -- Up-to-date symlink: /home/jelly/ros2_ws/install/mycobot_description/share/mycobot_description/meshes/mycobot_280/joint1.stl
[0.474s] -- Up-to-date symlink: /home/jelly/ros2_ws/install/mycobot_description/share/mycobot_description/meshes/mycobot_280/joint2.stl
[0.475s] -- Up-to-date symlink: /home/jelly/ros2_ws/install/mycobot_description/share/mycobot_description/meshes/mycobot_280/joint3.stl
[0.476s] -- Up-to-date symlink: /home/jelly/ros2_ws/install/mycobot_description/share/mycobot_description/meshes/mycobot_280/joint4.stl
[0.476s] -- Up-to-date symlink: /home/jelly/ros2_ws/install/mycobot_description/share/mycobot_description/meshes/mycobot_280/joint5.stl
[0.477s] -- Up-to-date symlink: /home/jelly/ros2_ws/install/mycobot_description/share/mycobot_description/meshes/mycobot_280/joint6.stl
[0.478s] -- Up-to-date symlink: /home/jelly/ros2_ws/install/mycobot_description/share/mycobot_description/meshes/mycobot_280/joint7.stl
[0.479s] -- Up-to-date symlink: /home/jelly/ros2_ws/install/mycobot_description/share/mycobot_description/meshes/mycobot_280/spectrometer.stl
[0.481s] -- Up-to-date symlink: /home/jelly/ros2_ws/install/mycobot_description/share/mycobot_description/urdf/mycobot_280_urdf.xacro
[0.482s] -- Up-to-date symlink: /home/jelly/ros2_ws/install/mycobot_description/share/ament_index/resource_index/package_run_dependencies/mycobot_description
[0.484s] -- Up-to-date symlink: /home/jelly/ros2_ws/install/mycobot_description/share/ament_index/resource_index/parent_prefix_path/mycobot_description
[0.485s] -- Up-to-date symlink: /home/jelly/ros2_ws/install/mycobot_description/share/mycobot_description/environment/ament_prefix_path.sh
[0.488s] -- Up-to-date symlink: /home/jelly/ros2_ws/install/mycobot_description/share/mycobot_description/environment/ament_prefix_path.dsv
[0.493s] -- Up-to-date symlink: /home/jelly/ros2_ws/install/mycobot_description/share/mycobot_description/environment/path.sh
[0.505s] -- Up-to-date symlink: /home/jelly/ros2_ws/install/mycobot_description/share/mycobot_description/environment/path.dsv
[0.511s] -- Up-to-date symlink: /home/jelly/ros2_ws/install/mycobot_description/share/mycobot_description/local_setup.bash
[0.511s] -- Up-to-date symlink: /home/jelly/ros2_ws/install/mycobot_description/share/mycobot_description/local_setup.sh
[0.511s] -- Up-to-date symlink: /home/jelly/ros2_ws/install/mycobot_description/share/mycobot_description/local_setup.zsh
[0.511s] -- Up-to-date symlink: /home/jelly/ros2_ws/install/mycobot_description/share/mycobot_description/local_setup.dsv
[0.512s] -- Symlinking: /home/jelly/ros2_ws/install/mycobot_description/share/mycobot_description/package.dsv
[0.547s] -- Up-to-date symlink: /home/jelly/ros2_ws/install/mycobot_description/share/ament_index/resource_index/packages/mycobot_description
[0.554s] -- Up-to-date symlink: /home/jelly/ros2_ws/install/mycobot_description/share/mycobot_description/cmake/mycobot_descriptionConfig.cmake
[0.556s] -- Up-to-date symlink: /home/jelly/ros2_ws/install/mycobot_description/share/mycobot_description/cmake/mycobot_descriptionConfig-version.cmake
[0.560s] -- Up-to-date symlink: /home/jelly/ros2_ws/install/mycobot_description/share/mycobot_description/package.xml
[0.565s] Invoked command in '/home/jelly/ros2_ws/build/mycobot_description' returned '0': CMAKE_PREFIX_PATH=/opt/ros/humble /usr/bin/cmake --install /home/jelly/ros2_ws/build/mycobot_description
