[0.018s] Invoking command in '/home/jelly/ros2_ws/build/FMT': /usr/bin/cmake --build /home/jelly/ros2_ws/build/FMT -- -j4 -l4
[0.133s] [  4%] Built target fmt
[0.133s] [  7%] Built target gtest
[0.223s] [ 16%] Built target format-impl-test
[0.224s] [ 22%] Built target test-main
[0.248s] [ 30%] Built target scan-test
[0.275s] [ 39%] Built target compile-fp-test
[0.291s] [ 47%] Built target unicode-test
[0.296s] [ 56%] Built target posix-mock-test
[0.317s] [ 59%] Built target args-test
[0.338s] [ 61%] Built target os-test
[0.351s] [ 64%] Built target base-test
[0.364s] [ 67%] Built target assert-test
[0.374s] [ 70%] Built target chrono-test
[0.397s] [ 73%] Built target gtest-extra-test
[0.445s] [ 76%] Built target color-test
[0.446s] [ 78%] Built target format-test
[0.446s] [ 81%] Built target ostream-test
[0.478s] [ 84%] Built target compile-test
[0.507s] [ 88%] Built target ranges-test
[0.515s] [ 91%] Built target printf-test
[0.525s] [ 94%] Built target std-test
[0.552s] [ 97%] Built target xchar-test
[0.577s] [100%] Built target enforce-checks-test
[0.933s] Invoked command in '/home/jelly/ros2_ws/build/FMT' returned '0': /usr/bin/cmake --build /home/jelly/ros2_ws/build/FMT -- -j4 -l4
[1.047s] Invoking command in '/home/jelly/ros2_ws/build/FMT': /usr/bin/cmake --install /home/jelly/ros2_ws/build/FMT
[1.070s] -- Install configuration: "Release"
[1.071s] -- Up-to-date: /home/jelly/ros2_ws/install/FMT/lib/libfmt.a
[1.071s] -- Up-to-date: /home/jelly/ros2_ws/install/FMT/include/fmt/args.h
[1.071s] -- Up-to-date: /home/jelly/ros2_ws/install/FMT/include/fmt/base.h
[1.072s] -- Up-to-date: /home/jelly/ros2_ws/install/FMT/include/fmt/chrono.h
[1.072s] -- Up-to-date: /home/jelly/ros2_ws/install/FMT/include/fmt/color.h
[1.074s] -- Up-to-date: /home/jelly/ros2_ws/install/FMT/include/fmt/compile.h
[1.074s] -- Up-to-date: /home/jelly/ros2_ws/install/FMT/include/fmt/core.h
[1.074s] -- Up-to-date: /home/jelly/ros2_ws/install/FMT/include/fmt/format.h
[1.075s] -- Up-to-date: /home/jelly/ros2_ws/install/FMT/include/fmt/format-inl.h
[1.075s] -- Up-to-date: /home/jelly/ros2_ws/install/FMT/include/fmt/os.h
[1.075s] -- Up-to-date: /home/jelly/ros2_ws/install/FMT/include/fmt/ostream.h
[1.075s] -- Up-to-date: /home/jelly/ros2_ws/install/FMT/include/fmt/printf.h
[1.075s] -- Up-to-date: /home/jelly/ros2_ws/install/FMT/include/fmt/ranges.h
[1.075s] -- Up-to-date: /home/jelly/ros2_ws/install/FMT/include/fmt/std.h
[1.076s] -- Up-to-date: /home/jelly/ros2_ws/install/FMT/include/fmt/xchar.h
[1.079s] -- Up-to-date: /home/jelly/ros2_ws/install/FMT/lib/cmake/fmt/fmt-config.cmake
[1.080s] -- Up-to-date: /home/jelly/ros2_ws/install/FMT/lib/cmake/fmt/fmt-config-version.cmake
[1.080s] -- Up-to-date: /home/jelly/ros2_ws/install/FMT/lib/cmake/fmt/fmt-targets.cmake
[1.080s] -- Up-to-date: /home/jelly/ros2_ws/install/FMT/lib/cmake/fmt/fmt-targets-release.cmake
[1.082s] -- Up-to-date: /home/jelly/ros2_ws/install/FMT/lib/pkgconfig/fmt.pc
[1.103s] Invoked command in '/home/jelly/ros2_ws/build/FMT' returned '0': /usr/bin/cmake --install /home/jelly/ros2_ws/build/FMT
