[0.035s] Invoking command in '/home/jelly/ros2_ws/build/motion_planning_python_api': CMAKE_PREFIX_PATH=/opt/ros/humble /usr/bin/cmake --build /home/jelly/ros2_ws/build/motion_planning_python_api -- -j4 -l4
[0.112s] Invoked command in '/home/jelly/ros2_ws/build/motion_planning_python_api' returned '0': CMAKE_PREFIX_PATH=/opt/ros/humble /usr/bin/cmake --build /home/jelly/ros2_ws/build/motion_planning_python_api -- -j4 -l4
[0.172s] Invoking command in '/home/jelly/ros2_ws/build/motion_planning_python_api': CMAKE_PREFIX_PATH=/opt/ros/humble /usr/bin/cmake --install /home/jelly/ros2_ws/build/motion_planning_python_api
[0.184s] -- Install configuration: ""
[0.184s] -- Up-to-date: /home/jelly/ros2_ws/install/motion_planning_python_api/lib/motion_planning_python_api/motion_planning_python_api_tutorial.py
[0.184s] -- Up-to-date: /home/jelly/ros2_ws/install/motion_planning_python_api/lib/motion_planning_python_api/motion_planning_python_api_planning_scene.py
[0.185s] -- Up-to-date: /home/jelly/ros2_ws/install/motion_planning_python_api/share/motion_planning_python_api/config
[0.185s] -- Up-to-date: /home/jelly/ros2_ws/install/motion_planning_python_api/share/motion_planning_python_api/config/motion_planning_python_api_tutorial.yaml
[0.185s] -- Up-to-date: /home/jelly/ros2_ws/install/motion_planning_python_api/share/motion_planning_python_api/config/motion_planning_python_api_tutorial.rviz
[0.185s] -- Up-to-date: /home/jelly/ros2_ws/install/motion_planning_python_api/share/motion_planning_python_api/launch
[0.186s] -- Up-to-date: /home/jelly/ros2_ws/install/motion_planning_python_api/share/motion_planning_python_api/launch/motion_planning_python_api_tutorial.launch.py
[0.186s] -- Up-to-date: /home/jelly/ros2_ws/install/motion_planning_python_api/share/ament_index/resource_index/package_run_dependencies/motion_planning_python_api
[0.186s] -- Up-to-date: /home/jelly/ros2_ws/install/motion_planning_python_api/share/ament_index/resource_index/parent_prefix_path/motion_planning_python_api
[0.186s] -- Up-to-date: /home/jelly/ros2_ws/install/motion_planning_python_api/share/motion_planning_python_api/environment/ament_prefix_path.sh
[0.186s] -- Up-to-date: /home/jelly/ros2_ws/install/motion_planning_python_api/share/motion_planning_python_api/environment/ament_prefix_path.dsv
[0.186s] -- Up-to-date: /home/jelly/ros2_ws/install/motion_planning_python_api/share/motion_planning_python_api/environment/path.sh
[0.187s] -- Up-to-date: /home/jelly/ros2_ws/install/motion_planning_python_api/share/motion_planning_python_api/environment/path.dsv
[0.187s] -- Up-to-date: /home/jelly/ros2_ws/install/motion_planning_python_api/share/motion_planning_python_api/local_setup.bash
[0.187s] -- Up-to-date: /home/jelly/ros2_ws/install/motion_planning_python_api/share/motion_planning_python_api/local_setup.sh
[0.187s] -- Up-to-date: /home/jelly/ros2_ws/install/motion_planning_python_api/share/motion_planning_python_api/local_setup.zsh
[0.188s] -- Up-to-date: /home/jelly/ros2_ws/install/motion_planning_python_api/share/motion_planning_python_api/local_setup.dsv
[0.188s] -- Installing: /home/jelly/ros2_ws/install/motion_planning_python_api/share/motion_planning_python_api/package.dsv
[0.188s] -- Up-to-date: /home/jelly/ros2_ws/install/motion_planning_python_api/share/ament_index/resource_index/packages/motion_planning_python_api
[0.188s] -- Up-to-date: /home/jelly/ros2_ws/install/motion_planning_python_api/share/motion_planning_python_api/cmake/motion_planning_python_apiConfig.cmake
[0.188s] -- Up-to-date: /home/jelly/ros2_ws/install/motion_planning_python_api/share/motion_planning_python_api/cmake/motion_planning_python_apiConfig-version.cmake
[0.188s] -- Up-to-date: /home/jelly/ros2_ws/install/motion_planning_python_api/share/motion_planning_python_api/package.xml
[0.195s] Invoked command in '/home/jelly/ros2_ws/build/motion_planning_python_api' returned '0': CMAKE_PREFIX_PATH=/opt/ros/humble /usr/bin/cmake --install /home/jelly/ros2_ws/build/motion_planning_python_api
