[0.033s] Invoking command in '/home/jelly/ros2_ws/build/serial': CMAKE_PREFIX_PATH=${CMAKE_PREFIX_PATH}:/opt/ros/humble /usr/bin/cmake --build /home/jelly/ros2_ws/build/serial -- -j4 -l4
[0.158s] [100%] Built target serial
[0.182s] Invoked command in '/home/jelly/ros2_ws/build/serial' returned '0': CMAKE_PREFIX_PATH=${CMAKE_PREFIX_PATH}:/opt/ros/humble /usr/bin/cmake --build /home/jelly/ros2_ws/build/serial -- -j4 -l4
[0.338s] Invoking command in '/home/jelly/ros2_ws/build/serial': CMAKE_PREFIX_PATH=${CMAKE_PREFIX_PATH}:/opt/ros/humble /usr/bin/cmake --install /home/jelly/ros2_ws/build/serial
[0.355s] -- Install configuration: ""
[0.356s] -- Up-to-date: /home/jelly/ros2_ws/install/serial/lib/libserial.a
[0.356s] -- Up-to-date: /home/jelly/ros2_ws/install/serial/include
[0.356s] -- Up-to-date: /home/jelly/ros2_ws/install/serial/include/serial
[0.356s] -- Up-to-date: /home/jelly/ros2_ws/install/serial/include/serial/impl
[0.357s] -- Up-to-date: /home/jelly/ros2_ws/install/serial/include/serial/impl/win.h
[0.357s] -- Up-to-date: /home/jelly/ros2_ws/install/serial/include/serial/impl/unix.h
[0.357s] -- Up-to-date: /home/jelly/ros2_ws/install/serial/include/serial/v8stdint.h
[0.357s] -- Up-to-date: /home/jelly/ros2_ws/install/serial/include/serial/serial.h
[0.357s] -- Up-to-date: /home/jelly/ros2_ws/install/serial/share/serial/environment/library_path.sh
[0.358s] -- Up-to-date: /home/jelly/ros2_ws/install/serial/share/serial/environment/library_path.dsv
[0.360s] -- Up-to-date: /home/jelly/ros2_ws/install/serial/share/ament_index/resource_index/package_run_dependencies/serial
[0.360s] -- Up-to-date: /home/jelly/ros2_ws/install/serial/share/ament_index/resource_index/parent_prefix_path/serial
[0.360s] -- Up-to-date: /home/jelly/ros2_ws/install/serial/share/serial/environment/ament_prefix_path.sh
[0.360s] -- Up-to-date: /home/jelly/ros2_ws/install/serial/share/serial/environment/ament_prefix_path.dsv
[0.361s] -- Up-to-date: /home/jelly/ros2_ws/install/serial/share/serial/environment/path.sh
[0.361s] -- Up-to-date: /home/jelly/ros2_ws/install/serial/share/serial/environment/path.dsv
[0.361s] -- Up-to-date: /home/jelly/ros2_ws/install/serial/share/serial/local_setup.bash
[0.361s] -- Up-to-date: /home/jelly/ros2_ws/install/serial/share/serial/local_setup.sh
[0.361s] -- Up-to-date: /home/jelly/ros2_ws/install/serial/share/serial/local_setup.zsh
[0.362s] -- Up-to-date: /home/jelly/ros2_ws/install/serial/share/serial/local_setup.dsv
[0.362s] -- Installing: /home/jelly/ros2_ws/install/serial/share/serial/package.dsv
[0.362s] -- Up-to-date: /home/jelly/ros2_ws/install/serial/share/ament_index/resource_index/packages/serial
[0.362s] -- Up-to-date: /home/jelly/ros2_ws/install/serial/share/serial/cmake/export_serialExport.cmake
[0.362s] -- Up-to-date: /home/jelly/ros2_ws/install/serial/share/serial/cmake/export_serialExport-noconfig.cmake
[0.362s] -- Up-to-date: /home/jelly/ros2_ws/install/serial/share/serial/cmake/ament_cmake_export_include_directories-extras.cmake
[0.362s] -- Up-to-date: /home/jelly/ros2_ws/install/serial/share/serial/cmake/ament_cmake_export_libraries-extras.cmake
[0.363s] -- Up-to-date: /home/jelly/ros2_ws/install/serial/share/serial/cmake/ament_cmake_export_targets-extras.cmake
[0.363s] -- Up-to-date: /home/jelly/ros2_ws/install/serial/share/serial/cmake/serialConfig.cmake
[0.363s] -- Up-to-date: /home/jelly/ros2_ws/install/serial/share/serial/cmake/serialConfig-version.cmake
[0.363s] -- Up-to-date: /home/jelly/ros2_ws/install/serial/share/serial/package.xml
[0.383s] Invoked command in '/home/jelly/ros2_ws/build/serial' returned '0': CMAKE_PREFIX_PATH=${CMAKE_PREFIX_PATH}:/opt/ros/humble /usr/bin/cmake --install /home/jelly/ros2_ws/build/serial
