-- Found ament_cmake: 1.3.9 (/opt/ros/humble/share/ament_cmake/cmake)
-- Override CMake install command with custom implementation using symlinks instead of copying resources
-- Found ament_lint_auto: 0.12.11 (/opt/ros/humble/share/ament_lint_auto/cmake)
-- Found gtest sources under '/opt/ros/humble/src/gtest_vendor': C++ tests using 'Google Test' will be built
-- Added test 'copyright' to check source files copyright and LICENSE
-- Added test 'cppcheck' to perform static code analysis on C / C++ code
-- Configured cppcheck include dirs: $<BUILD_INTERFACE:/home/jelly/ros2_ws/src/fp/include>
-- Configured cppcheck exclude dirs and/or files: 
-- Added test 'lint_cmake' to check CMake code style
-- Added test 'xmllint' to check XML markup files
-- Configuring done
-- Generating done
-- Build files have been written to: /home/jelly/ros2_ws/build/fp
[35m[1mConsolidate compiler generated dependencies of target result[0m
[35m[1mConsolidate compiler generated dependencies of target maybe_error[0m
[35m[1mConsolidate compiler generated dependencies of target no_discard[0m
[35m[1mConsolidate compiler generated dependencies of target validate_in[0m
[ 10%] Built target result
[ 20%] Built target validate_in
[35m[1mConsolidate compiler generated dependencies of target validate_range[0m
[ 30%] Built target no_discard
[ 40%] Built target maybe_error
[35m[1mConsolidate compiler generated dependencies of target gtest_main[0m
[ 50%] Built target validate_range
[35m[1mConsolidate compiler generated dependencies of target gtest[0m
[ 60%] Built target gtest_main
[ 70%] Built target gtest
[35m[1mConsolidate compiler generated dependencies of target result_tests[0m
[35m[1mConsolidate compiler generated dependencies of target validate_tests[0m
[35m[1mConsolidate compiler generated dependencies of target mbind_tests[0m
[ 80%] Built target validate_tests
[ 90%] Built target result_tests
[100%] Built target mbind_tests
-- Install configuration: ""
-- Execute custom install script
-- Up-to-date symlink: /home/jelly/ros2_ws/install/fp/include//fp/_external/expected.hpp
-- Up-to-date symlink: /home/jelly/ros2_ws/install/fp/include//fp/all.hpp
-- Up-to-date symlink: /home/jelly/ros2_ws/install/fp/include//fp/macros.hpp
-- Up-to-date symlink: /home/jelly/ros2_ws/install/fp/include//fp/monad.hpp
-- Up-to-date symlink: /home/jelly/ros2_ws/install/fp/include//fp/no_discard.hpp
-- Up-to-date symlink: /home/jelly/ros2_ws/install/fp/include//fp/result.hpp
-- Up-to-date symlink: /home/jelly/ros2_ws/install/fp/include//fp/validate.hpp
-- Up-to-date symlink: /home/jelly/ros2_ws/install/fp/share/ament_index/resource_index/package_run_dependencies/fp
-- Up-to-date symlink: /home/jelly/ros2_ws/install/fp/share/ament_index/resource_index/parent_prefix_path/fp
-- Up-to-date symlink: /home/jelly/ros2_ws/install/fp/share/fp/environment/ament_prefix_path.sh
-- Up-to-date symlink: /home/jelly/ros2_ws/install/fp/share/fp/environment/ament_prefix_path.dsv
-- Up-to-date symlink: /home/jelly/ros2_ws/install/fp/share/fp/environment/path.sh
-- Up-to-date symlink: /home/jelly/ros2_ws/install/fp/share/fp/environment/path.dsv
-- Up-to-date symlink: /home/jelly/ros2_ws/install/fp/share/fp/local_setup.bash
-- Up-to-date symlink: /home/jelly/ros2_ws/install/fp/share/fp/local_setup.sh
-- Up-to-date symlink: /home/jelly/ros2_ws/install/fp/share/fp/local_setup.zsh
-- Up-to-date symlink: /home/jelly/ros2_ws/install/fp/share/fp/local_setup.dsv
-- Symlinking: /home/jelly/ros2_ws/install/fp/share/fp/package.dsv
-- Up-to-date symlink: /home/jelly/ros2_ws/install/fp/share/ament_index/resource_index/packages/fp
-- Up-to-date symlink: /home/jelly/ros2_ws/install/fp/share/fp/cmake/ament_cmake_export_include_directories-extras.cmake
-- Up-to-date symlink: /home/jelly/ros2_ws/install/fp/share/fp/cmake/ament_cmake_export_targets-extras.cmake
-- Up-to-date symlink: /home/jelly/ros2_ws/install/fp/share/fp/cmake/ament_cmake_export_dependencies-extras.cmake
-- Up-to-date symlink: /home/jelly/ros2_ws/install/fp/share/fp/cmake/fpConfig.cmake
-- Up-to-date symlink: /home/jelly/ros2_ws/install/fp/share/fp/cmake/fpConfig-version.cmake
-- Up-to-date symlink: /home/jelly/ros2_ws/install/fp/share/fp/package.xml
-- Up-to-date: /home/jelly/ros2_ws/install/fp/share/fp/cmake/fpTargetsExport.cmake
