[0.032s] Invoking command in '/home/jelly/ros2_ws/build/moveit2_scripts': CMAKE_PREFIX_PATH=${CMAKE_PREFIX_PATH}:/home/jelly/ros2_ws/install/mycobot_280:/opt/ros/humble /usr/bin/cmake --build /home/jelly/ros2_ws/build/moveit2_scripts -- -j4 -l4
[0.169s] [ 25%] Built target test_trajectory
[0.175s] [ 50%] Built target test_trajectory2
[0.224s] [ 75%] Built target cartesian_path
[0.227s] [100%] Built target test_trajectory3
[0.402s] Invoked command in '/home/jelly/ros2_ws/build/moveit2_scripts' returned '0': CMAKE_PREFIX_PATH=${CMAKE_PREFIX_PATH}:/home/jelly/ros2_ws/install/mycobot_280:/opt/ros/humble /usr/bin/cmake --build /home/jelly/ros2_ws/build/moveit2_scripts -- -j4 -l4
[0.492s] Invoking command in '/home/jelly/ros2_ws/build/moveit2_scripts': CMAKE_PREFIX_PATH=${CMAKE_PREFIX_PATH}:/home/jelly/ros2_ws/install/mycobot_280:/opt/ros/humble /usr/bin/cmake --install /home/jelly/ros2_ws/build/moveit2_scripts
[0.510s] -- Install configuration: ""
[0.510s] -- Execute custom install script
[0.511s] -- Up-to-date symlink: /home/jelly/ros2_ws/install/moveit2_scripts/share/ament_index/resource_index/package_run_dependencies/moveit2_scripts
[0.512s] -- Up-to-date symlink: /home/jelly/ros2_ws/install/moveit2_scripts/share/ament_index/resource_index/parent_prefix_path/moveit2_scripts
[0.513s] -- Up-to-date symlink: /home/jelly/ros2_ws/install/moveit2_scripts/share/moveit2_scripts/environment/ament_prefix_path.sh
[0.513s] -- Up-to-date symlink: /home/jelly/ros2_ws/install/moveit2_scripts/share/moveit2_scripts/environment/ament_prefix_path.dsv
[0.513s] -- Up-to-date symlink: /home/jelly/ros2_ws/install/moveit2_scripts/share/moveit2_scripts/environment/path.sh
[0.514s] -- Up-to-date symlink: /home/jelly/ros2_ws/install/moveit2_scripts/share/moveit2_scripts/environment/path.dsv
[0.514s] -- Up-to-date symlink: /home/jelly/ros2_ws/install/moveit2_scripts/share/moveit2_scripts/local_setup.bash
[0.515s] -- Up-to-date symlink: /home/jelly/ros2_ws/install/moveit2_scripts/share/moveit2_scripts/local_setup.sh
[0.515s] -- Up-to-date symlink: /home/jelly/ros2_ws/install/moveit2_scripts/share/moveit2_scripts/local_setup.zsh
[0.515s] -- Up-to-date symlink: /home/jelly/ros2_ws/install/moveit2_scripts/share/moveit2_scripts/local_setup.dsv
[0.515s] -- Symlinking: /home/jelly/ros2_ws/install/moveit2_scripts/share/moveit2_scripts/package.dsv
[0.534s] -- Up-to-date symlink: /home/jelly/ros2_ws/install/moveit2_scripts/share/ament_index/resource_index/packages/moveit2_scripts
[0.537s] -- Up-to-date symlink: /home/jelly/ros2_ws/install/moveit2_scripts/share/moveit2_scripts/cmake/moveit2_scriptsConfig.cmake
[0.537s] -- Up-to-date symlink: /home/jelly/ros2_ws/install/moveit2_scripts/share/moveit2_scripts/cmake/moveit2_scriptsConfig-version.cmake
[0.538s] -- Up-to-date symlink: /home/jelly/ros2_ws/install/moveit2_scripts/share/moveit2_scripts/package.xml
[0.538s] -- Up-to-date symlink: /home/jelly/ros2_ws/install/moveit2_scripts/lib/moveit2_scripts/test_trajectory
[0.538s] -- Up-to-date symlink: /home/jelly/ros2_ws/install/moveit2_scripts/share/moveit2_scripts/launch/cartesian_path.launch.py
[0.538s] -- Up-to-date symlink: /home/jelly/ros2_ws/install/moveit2_scripts/share/moveit2_scripts/launch/test_trajectory.launch.py
[0.538s] -- Up-to-date symlink: /home/jelly/ros2_ws/install/moveit2_scripts/share/moveit2_scripts/launch/test_trajectory2.launch.py
[0.538s] -- Up-to-date symlink: /home/jelly/ros2_ws/install/moveit2_scripts/share/moveit2_scripts/launch/test_trajectory3.launch.py
[0.538s] -- Up-to-date symlink: /home/jelly/ros2_ws/install/moveit2_scripts/lib/moveit2_scripts/test_trajectory
[0.538s] -- Up-to-date symlink: /home/jelly/ros2_ws/install/moveit2_scripts/lib/moveit2_scripts/test_trajectory2
[0.539s] -- Up-to-date symlink: /home/jelly/ros2_ws/install/moveit2_scripts/lib/moveit2_scripts/test_trajectory
[0.539s] -- Up-to-date symlink: /home/jelly/ros2_ws/install/moveit2_scripts/lib/moveit2_scripts/test_trajectory3
[0.539s] -- Up-to-date symlink: /home/jelly/ros2_ws/install/moveit2_scripts/lib/moveit2_scripts/cartesian_path
[0.542s] Invoked command in '/home/jelly/ros2_ws/build/moveit2_scripts' returned '0': CMAKE_PREFIX_PATH=${CMAKE_PREFIX_PATH}:/home/jelly/ros2_ws/install/mycobot_280:/opt/ros/humble /usr/bin/cmake --install /home/jelly/ros2_ws/build/moveit2_scripts
