[0.066s] Invoking command in '/home/jelly/ros2_ws/build/FMT': /usr/bin/cmake --build /home/jelly/ros2_ws/build/FMT -- -j4 -l4
[0.288s] [  2%] Built target gtest
[0.322s] [  7%] Built target fmt
[1.077s] [ 15%] Built target compile-fp-test
[1.087s] [ 25%] Built target format-impl-test
[1.090s] [ 33%] Built target unicode-test
[1.103s] [ 42%] Built target scan-test
[1.118s] [ 50%] Built target posix-mock-test
[1.119s] [ 56%] Built target test-main
[1.119s] [ 59%] Built target chrono-test
[1.123s] [ 61%] Built target assert-test
[1.124s] [ 64%] Built target base-test
[1.124s] [ 67%] Built target args-test
[1.226s] [ 70%] Built target color-test
[1.227s] [ 73%] Built target gtest-extra-test
[1.301s] [ 76%] Built target ostream-test
[1.302s] [ 78%] Built target format-test
[1.389s] [ 81%] Built target compile-test
[1.445s] [ 84%] Built target printf-test
[1.587s] [ 87%] Built target xchar-test
[1.588s] [ 91%] Built target ranges-test
[1.588s] [ 94%] Built target std-test
[1.652s] [ 97%] Built target enforce-checks-test
[1.736s] [100%] Built target os-test
[2.443s] Invoked command in '/home/jelly/ros2_ws/build/FMT' returned '0': /usr/bin/cmake --build /home/jelly/ros2_ws/build/FMT -- -j4 -l4
[2.895s] Invoking command in '/home/jelly/ros2_ws/build/FMT': /usr/bin/cmake --install /home/jelly/ros2_ws/build/FMT
[2.936s] -- Install configuration: "Release"
[2.937s] -- Up-to-date: /home/jelly/ros2_ws/install/FMT/lib/libfmt.a
[2.941s] -- Up-to-date: /home/jelly/ros2_ws/install/FMT/include/fmt/args.h
[2.945s] -- Up-to-date: /home/jelly/ros2_ws/install/FMT/include/fmt/base.h
[2.945s] -- Up-to-date: /home/jelly/ros2_ws/install/FMT/include/fmt/chrono.h
[2.945s] -- Up-to-date: /home/jelly/ros2_ws/install/FMT/include/fmt/color.h
[2.945s] -- Up-to-date: /home/jelly/ros2_ws/install/FMT/include/fmt/compile.h
[2.945s] -- Up-to-date: /home/jelly/ros2_ws/install/FMT/include/fmt/core.h
[2.945s] -- Up-to-date: /home/jelly/ros2_ws/install/FMT/include/fmt/format.h
[2.945s] -- Up-to-date: /home/jelly/ros2_ws/install/FMT/include/fmt/format-inl.h
[2.948s] -- Up-to-date: /home/jelly/ros2_ws/install/FMT/include/fmt/os.h
[2.948s] -- Up-to-date: /home/jelly/ros2_ws/install/FMT/include/fmt/ostream.h
[2.949s] -- Up-to-date: /home/jelly/ros2_ws/install/FMT/include/fmt/printf.h
[2.950s] -- Up-to-date: /home/jelly/ros2_ws/install/FMT/include/fmt/ranges.h
[2.950s] -- Up-to-date: /home/jelly/ros2_ws/install/FMT/include/fmt/std.h
[2.950s] -- Up-to-date: /home/jelly/ros2_ws/install/FMT/include/fmt/xchar.h
[2.950s] -- Up-to-date: /home/jelly/ros2_ws/install/FMT/lib/cmake/fmt/fmt-config.cmake
[2.950s] -- Up-to-date: /home/jelly/ros2_ws/install/FMT/lib/cmake/fmt/fmt-config-version.cmake
[2.951s] -- Up-to-date: /home/jelly/ros2_ws/install/FMT/lib/cmake/fmt/fmt-targets.cmake
[2.951s] -- Up-to-date: /home/jelly/ros2_ws/install/FMT/lib/cmake/fmt/fmt-targets-release.cmake
[2.956s] -- Up-to-date: /home/jelly/ros2_ws/install/FMT/lib/pkgconfig/fmt.pc
[2.960s] Invoked command in '/home/jelly/ros2_ws/build/FMT' returned '0': /usr/bin/cmake --install /home/jelly/ros2_ws/build/FMT
