[0.023s] Invoking command in '/home/jelly/ros2_ws/build/FMT': /usr/bin/cmake --build /home/jelly/ros2_ws/build/FMT -- -j4 -l4
[0.163s] [  4%] Built target fmt
[0.197s] [  7%] Built target gtest
[0.288s] [ 12%] Built target test-main
[0.305s] [ 21%] Built target compile-fp-test
[0.305s] [ 29%] Built target scan-test
[0.353s] [ 39%] Built target format-impl-test
[0.517s] [ 49%] Built target posix-mock-test
[0.518s] [ 50%] Built target enforce-checks-test
[0.518s] [ 59%] Built target unicode-test
[0.522s] [ 61%] Built target xchar-test
[0.675s] [ 64%] Built target assert-test
[0.675s] [ 67%] Built target base-test
[0.675s] [ 70%] Built target os-test
[0.681s] [ 73%] Built target args-test
[0.754s] [ 76%] Built target chrono-test
[0.777s] [ 78%] Built target format-test
[0.779s] [ 81%] Built target color-test
[0.792s] [ 84%] Built target gtest-extra-test
[0.873s] [ 87%] Built target compile-test
[0.876s] [ 90%] Built target ostream-test
[0.886s] [ 94%] Built target ranges-test
[0.910s] [ 97%] Built target printf-test
[0.947s] [100%] Built target std-test
[0.996s] Invoked command in '/home/jelly/ros2_ws/build/FMT' returned '0': /usr/bin/cmake --build /home/jelly/ros2_ws/build/FMT -- -j4 -l4
[1.220s] Invoking command in '/home/jelly/ros2_ws/build/FMT': /usr/bin/cmake --install /home/jelly/ros2_ws/build/FMT
[1.241s] -- Install configuration: "Release"
[1.241s] -- Up-to-date: /home/jelly/ros2_ws/install/FMT/lib/libfmt.a
[1.241s] -- Up-to-date: /home/jelly/ros2_ws/install/FMT/include/fmt/args.h
[1.241s] -- Up-to-date: /home/jelly/ros2_ws/install/FMT/include/fmt/base.h
[1.242s] -- Up-to-date: /home/jelly/ros2_ws/install/FMT/include/fmt/chrono.h
[1.242s] -- Up-to-date: /home/jelly/ros2_ws/install/FMT/include/fmt/color.h
[1.243s] -- Up-to-date: /home/jelly/ros2_ws/install/FMT/include/fmt/compile.h
[1.243s] -- Up-to-date: /home/jelly/ros2_ws/install/FMT/include/fmt/core.h
[1.243s] -- Up-to-date: /home/jelly/ros2_ws/install/FMT/include/fmt/format.h
[1.243s] -- Up-to-date: /home/jelly/ros2_ws/install/FMT/include/fmt/format-inl.h
[1.243s] -- Up-to-date: /home/jelly/ros2_ws/install/FMT/include/fmt/os.h
[1.243s] -- Up-to-date: /home/jelly/ros2_ws/install/FMT/include/fmt/ostream.h
[1.243s] -- Up-to-date: /home/jelly/ros2_ws/install/FMT/include/fmt/printf.h
[1.243s] -- Up-to-date: /home/jelly/ros2_ws/install/FMT/include/fmt/ranges.h
[1.244s] -- Up-to-date: /home/jelly/ros2_ws/install/FMT/include/fmt/std.h
[1.244s] -- Up-to-date: /home/jelly/ros2_ws/install/FMT/include/fmt/xchar.h
[1.244s] -- Up-to-date: /home/jelly/ros2_ws/install/FMT/lib/cmake/fmt/fmt-config.cmake
[1.244s] -- Up-to-date: /home/jelly/ros2_ws/install/FMT/lib/cmake/fmt/fmt-config-version.cmake
[1.244s] -- Up-to-date: /home/jelly/ros2_ws/install/FMT/lib/cmake/fmt/fmt-targets.cmake
[1.244s] -- Up-to-date: /home/jelly/ros2_ws/install/FMT/lib/cmake/fmt/fmt-targets-release.cmake
[1.244s] -- Up-to-date: /home/jelly/ros2_ws/install/FMT/lib/pkgconfig/fmt.pc
[1.249s] Invoked command in '/home/jelly/ros2_ws/build/FMT' returned '0': /usr/bin/cmake --install /home/jelly/ros2_ws/build/FMT
