[0.039s] Invoking command in '/home/jelly/ros2_ws/build/mycobot_hardware_interface': CMAKE_PREFIX_PATH=/home/jelly/ros2_ws/install/mycobot:/home/jelly/ros2_ws/install/serial:/home/jelly/ros2_ws/install/fp:/home/jelly/ros2_ws/install/catch2:/home/jelly/ros2_ws/install/mycobot_280_description:/home/jelly/ros2_ws/install/mycobot_hardware_interface:/home/jelly/ros2_ws/install/mycobot_ros2:/home/jelly/ros2_ws/install/mycobot_moveit_config:/home/jelly/ros2_ws/install/mycobot_gazebo:/home/jelly/ros2_ws/install/mycobot_description:/home/jelly/ros2_ws/install/moveit2_scripts:/home/jelly/ros2_ws/install/motion_planning_python_api:/home/jelly/ros2_ws/install/FMT:/home/jelly/ros2_ws/install/my_robot_motion:/opt/ros/humble /usr/bin/cmake /home/jelly/ros2_ws/src/mycobot-ros2-fix/mycobot_hardware_interface -DCMAKE_INSTALL_PREFIX=/home/jelly/ros2_ws/install/mycobot_hardware_interface
[0.058s] -- Found ament_cmake: 1.3.9 (/opt/ros/humble/share/ament_cmake/cmake)
[0.293s] -- Override CMake install command with custom implementation using symlinks instead of copying resources
[0.309s] -- Found fp: 0.0.1 (/home/jelly/ros2_ws/install/fp/share/fp/cmake)
[0.313s] -- Found hardware_interface: 2.41.0 (/opt/ros/humble/share/hardware_interface/cmake)
[0.351s] -- Found rosidl_generator_c: 3.1.5 (/opt/ros/humble/share/rosidl_generator_c/cmake)
[0.356s] -- Found rosidl_adapter: 3.1.5 (/opt/ros/humble/share/rosidl_adapter/cmake)
[0.365s] -- Found rosidl_generator_cpp: 3.1.5 (/opt/ros/humble/share/rosidl_generator_cpp/cmake)
[0.381s] -- Using all available rosidl_typesupport_c: rosidl_typesupport_fastrtps_c;rosidl_typesupport_introspection_c
[0.404s] -- Using all available rosidl_typesupport_cpp: rosidl_typesupport_fastrtps_cpp;rosidl_typesupport_introspection_cpp
[1.486s] -- Found rmw_implementation_cmake: 6.1.2 (/opt/ros/humble/share/rmw_implementation_cmake/cmake)
[1.488s] -- Found rmw_fastrtps_cpp: 6.2.6 (/opt/ros/humble/share/rmw_fastrtps_cpp/cmake)
[1.536s] -- Found TinyXML2 via Config file: TinyXML2_DIR-NOTFOUND
[1.549s] -- Found TinyXML2 via Config file: TinyXML2_DIR-NOTFOUND
[1.581s] -- Found TinyXML2 via Config file: TinyXML2_DIR-NOTFOUND
[1.594s] -- Found TinyXML2 via Config file: TinyXML2_DIR-NOTFOUND
[1.610s] -- Using RMW implementation 'rmw_fastrtps_cpp' as default
[1.878s] -- Found mycobot: 0.0.0 (/home/jelly/ros2_ws/install/mycobot/share/mycobot/cmake)
[1.878s] -- Found serial: 1.2.1 (/home/jelly/ros2_ws/install/serial/share/serial/cmake)
[2.076s] -- Configuring done
[2.117s] -- Generating done
[2.118s] -- Build files have been written to: /home/jelly/ros2_ws/build/mycobot_hardware_interface
[2.131s] Invoked command in '/home/jelly/ros2_ws/build/mycobot_hardware_interface' returned '0': CMAKE_PREFIX_PATH=/home/jelly/ros2_ws/install/mycobot:/home/jelly/ros2_ws/install/serial:/home/jelly/ros2_ws/install/fp:/home/jelly/ros2_ws/install/catch2:/home/jelly/ros2_ws/install/mycobot_280_description:/home/jelly/ros2_ws/install/mycobot_hardware_interface:/home/jelly/ros2_ws/install/mycobot_ros2:/home/jelly/ros2_ws/install/mycobot_moveit_config:/home/jelly/ros2_ws/install/mycobot_gazebo:/home/jelly/ros2_ws/install/mycobot_description:/home/jelly/ros2_ws/install/moveit2_scripts:/home/jelly/ros2_ws/install/motion_planning_python_api:/home/jelly/ros2_ws/install/FMT:/home/jelly/ros2_ws/install/my_robot_motion:/opt/ros/humble /usr/bin/cmake /home/jelly/ros2_ws/src/mycobot-ros2-fix/mycobot_hardware_interface -DCMAKE_INSTALL_PREFIX=/home/jelly/ros2_ws/install/mycobot_hardware_interface
[2.133s] Invoking command in '/home/jelly/ros2_ws/build/mycobot_hardware_interface': CMAKE_PREFIX_PATH=/home/jelly/ros2_ws/install/mycobot:/home/jelly/ros2_ws/install/serial:/home/jelly/ros2_ws/install/fp:/home/jelly/ros2_ws/install/catch2:/home/jelly/ros2_ws/install/mycobot_280_description:/home/jelly/ros2_ws/install/mycobot_hardware_interface:/home/jelly/ros2_ws/install/mycobot_ros2:/home/jelly/ros2_ws/install/mycobot_moveit_config:/home/jelly/ros2_ws/install/mycobot_gazebo:/home/jelly/ros2_ws/install/mycobot_description:/home/jelly/ros2_ws/install/moveit2_scripts:/home/jelly/ros2_ws/install/motion_planning_python_api:/home/jelly/ros2_ws/install/FMT:/home/jelly/ros2_ws/install/my_robot_motion:/opt/ros/humble /usr/bin/cmake --build /home/jelly/ros2_ws/build/mycobot_hardware_interface -- -j4 -l4
[2.209s] [35m[1mConsolidate compiler generated dependencies of target mycobot_hardware_interface[0m
[2.249s] [100%] Built target mycobot_hardware_interface
[2.280s] Invoked command in '/home/jelly/ros2_ws/build/mycobot_hardware_interface' returned '0': CMAKE_PREFIX_PATH=/home/jelly/ros2_ws/install/mycobot:/home/jelly/ros2_ws/install/serial:/home/jelly/ros2_ws/install/fp:/home/jelly/ros2_ws/install/catch2:/home/jelly/ros2_ws/install/mycobot_280_description:/home/jelly/ros2_ws/install/mycobot_hardware_interface:/home/jelly/ros2_ws/install/mycobot_ros2:/home/jelly/ros2_ws/install/mycobot_moveit_config:/home/jelly/ros2_ws/install/mycobot_gazebo:/home/jelly/ros2_ws/install/mycobot_description:/home/jelly/ros2_ws/install/moveit2_scripts:/home/jelly/ros2_ws/install/motion_planning_python_api:/home/jelly/ros2_ws/install/FMT:/home/jelly/ros2_ws/install/my_robot_motion:/opt/ros/humble /usr/bin/cmake --build /home/jelly/ros2_ws/build/mycobot_hardware_interface -- -j4 -l4
[2.342s] Invoking command in '/home/jelly/ros2_ws/build/mycobot_hardware_interface': CMAKE_PREFIX_PATH=/home/jelly/ros2_ws/install/mycobot:/home/jelly/ros2_ws/install/serial:/home/jelly/ros2_ws/install/fp:/home/jelly/ros2_ws/install/catch2:/home/jelly/ros2_ws/install/mycobot_280_description:/home/jelly/ros2_ws/install/mycobot_hardware_interface:/home/jelly/ros2_ws/install/mycobot_ros2:/home/jelly/ros2_ws/install/mycobot_moveit_config:/home/jelly/ros2_ws/install/mycobot_gazebo:/home/jelly/ros2_ws/install/mycobot_description:/home/jelly/ros2_ws/install/moveit2_scripts:/home/jelly/ros2_ws/install/motion_planning_python_api:/home/jelly/ros2_ws/install/FMT:/home/jelly/ros2_ws/install/my_robot_motion:/opt/ros/humble /usr/bin/cmake --install /home/jelly/ros2_ws/build/mycobot_hardware_interface
[2.356s] -- Install configuration: ""
[2.357s] -- Execute custom install script
[2.358s] -- Up-to-date symlink: /home/jelly/ros2_ws/install/mycobot_hardware_interface/share/mycobot_hardware_interface//hardware_interface_plugin.xml
[2.358s] -- Up-to-date symlink: /home/jelly/ros2_ws/install/mycobot_hardware_interface/include/mycobot_hardware_interface/hardware_interface.hpp
[2.358s] -- Up-to-date symlink: /home/jelly/ros2_ws/install/mycobot_hardware_interface/share/mycobot_hardware_interface/environment/library_path.sh
[2.360s] -- Up-to-date symlink: /home/jelly/ros2_ws/install/mycobot_hardware_interface/share/mycobot_hardware_interface/environment/library_path.dsv
[2.360s] -- Up-to-date symlink: /home/jelly/ros2_ws/install/mycobot_hardware_interface/share/ament_index/resource_index/package_run_dependencies/mycobot_hardware_interface
[2.360s] -- Up-to-date symlink: /home/jelly/ros2_ws/install/mycobot_hardware_interface/share/ament_index/resource_index/parent_prefix_path/mycobot_hardware_interface
[2.360s] -- Up-to-date symlink: /home/jelly/ros2_ws/install/mycobot_hardware_interface/share/mycobot_hardware_interface/environment/ament_prefix_path.sh
[2.361s] -- Up-to-date symlink: /home/jelly/ros2_ws/install/mycobot_hardware_interface/share/mycobot_hardware_interface/environment/ament_prefix_path.dsv
[2.361s] -- Up-to-date symlink: /home/jelly/ros2_ws/install/mycobot_hardware_interface/share/mycobot_hardware_interface/environment/path.sh
[2.361s] -- Up-to-date symlink: /home/jelly/ros2_ws/install/mycobot_hardware_interface/share/mycobot_hardware_interface/environment/path.dsv
[2.361s] -- Up-to-date symlink: /home/jelly/ros2_ws/install/mycobot_hardware_interface/share/mycobot_hardware_interface/local_setup.bash
[2.361s] -- Up-to-date symlink: /home/jelly/ros2_ws/install/mycobot_hardware_interface/share/mycobot_hardware_interface/local_setup.sh
[2.361s] -- Up-to-date symlink: /home/jelly/ros2_ws/install/mycobot_hardware_interface/share/mycobot_hardware_interface/local_setup.zsh
[2.361s] -- Up-to-date symlink: /home/jelly/ros2_ws/install/mycobot_hardware_interface/share/mycobot_hardware_interface/local_setup.dsv
[2.361s] -- Symlinking: /home/jelly/ros2_ws/install/mycobot_hardware_interface/share/mycobot_hardware_interface/package.dsv
[2.376s] -- Up-to-date symlink: /home/jelly/ros2_ws/install/mycobot_hardware_interface/share/ament_index/resource_index/packages/mycobot_hardware_interface
[2.376s] -- Up-to-date symlink: /home/jelly/ros2_ws/install/mycobot_hardware_interface/share/ament_index/resource_index/hardware_interface__pluginlib__plugin/mycobot_hardware_interface
[2.376s] -- Up-to-date symlink: /home/jelly/ros2_ws/install/mycobot_hardware_interface/share/mycobot_hardware_interface/cmake/ament_cmake_export_include_directories-extras.cmake
[2.376s] -- Up-to-date symlink: /home/jelly/ros2_ws/install/mycobot_hardware_interface/share/mycobot_hardware_interface/cmake/ament_cmake_export_libraries-extras.cmake
[2.377s] -- Up-to-date symlink: /home/jelly/ros2_ws/install/mycobot_hardware_interface/share/mycobot_hardware_interface/cmake/ament_cmake_export_targets-extras.cmake
[2.377s] -- Up-to-date symlink: /home/jelly/ros2_ws/install/mycobot_hardware_interface/share/mycobot_hardware_interface/cmake/mycobot_hardware_interfaceConfig.cmake
[2.378s] -- Up-to-date symlink: /home/jelly/ros2_ws/install/mycobot_hardware_interface/share/mycobot_hardware_interface/cmake/mycobot_hardware_interfaceConfig-version.cmake
[2.378s] -- Up-to-date symlink: /home/jelly/ros2_ws/install/mycobot_hardware_interface/share/mycobot_hardware_interface/package.xml
[2.378s] -- Up-to-date: /home/jelly/ros2_ws/install/mycobot_hardware_interface/lib/libmycobot_hardware_interface.so
[2.378s] -- Up-to-date: /home/jelly/ros2_ws/install/mycobot_hardware_interface/share/mycobot_hardware_interface/cmake/export_mycobot_hardware_interfaceExport.cmake
[2.378s] -- Up-to-date: /home/jelly/ros2_ws/install/mycobot_hardware_interface/share/mycobot_hardware_interface/cmake/export_mycobot_hardware_interfaceExport-noconfig.cmake
[2.393s] Invoked command in '/home/jelly/ros2_ws/build/mycobot_hardware_interface' returned '0': CMAKE_PREFIX_PATH=/home/jelly/ros2_ws/install/mycobot:/home/jelly/ros2_ws/install/serial:/home/jelly/ros2_ws/install/fp:/home/jelly/ros2_ws/install/catch2:/home/jelly/ros2_ws/install/mycobot_280_description:/home/jelly/ros2_ws/install/mycobot_hardware_interface:/home/jelly/ros2_ws/install/mycobot_ros2:/home/jelly/ros2_ws/install/mycobot_moveit_config:/home/jelly/ros2_ws/install/mycobot_gazebo:/home/jelly/ros2_ws/install/mycobot_description:/home/jelly/ros2_ws/install/moveit2_scripts:/home/jelly/ros2_ws/install/motion_planning_python_api:/home/jelly/ros2_ws/install/FMT:/home/jelly/ros2_ws/install/my_robot_motion:/opt/ros/humble /usr/bin/cmake --install /home/jelly/ros2_ws/build/mycobot_hardware_interface
