[0.157s] DEBUG:colcon:Command line arguments: ['/usr/bin/colcon', 'build']
[0.157s] DEBUG:colcon:Parsed command line arguments: Namespace(log_base=None, log_level=None, verb_name='build', build_base='build', install_base='install', merge_install=False, symlink_install=False, test_result_base=None, continue_on_error=False, executor='parallel', parallel_workers=4, event_handlers=None, ignore_user_meta=False, metas=['./colcon.meta'], base_paths=['.'], packages_ignore=None, packages_ignore_regex=None, paths=None, packages_up_to=None, packages_up_to_regex=None, packages_above=None, packages_above_and_dependencies=None, packages_above_depth=None, packages_select_by_dep=None, packages_skip_by_dep=None, packages_skip_up_to=None, packages_select_build_failed=False, packages_skip_build_finished=False, packages_select_test_failures=False, packages_skip_test_passed=False, packages_select=None, packages_skip=None, packages_select_regex=None, packages_skip_regex=None, packages_start=None, packages_end=None, allow_overriding=[], cmake_args=None, cmake_target=None, cmake_target_skip_unavailable=False, cmake_clean_cache=False, cmake_clean_first=False, cmake_force_configure=False, ament_cmake_args=None, catkin_cmake_args=None, catkin_skip_building_tests=False, verb_parser=<colcon_defaults.argument_parser.defaults.DefaultArgumentsDecorator object at 0x74fde07f1060>, verb_extension=<colcon_core.verb.build.BuildVerb object at 0x74fde07f0b20>, main=<bound method BuildVerb.main of <colcon_core.verb.build.BuildVerb object at 0x74fde07f0b20>>)
[0.406s] Level 1:colcon.colcon_core.package_discovery:discover_packages(colcon_meta) check parameters
[0.406s] Level 1:colcon.colcon_core.package_discovery:discover_packages(recursive) check parameters
[0.406s] Level 1:colcon.colcon_core.package_discovery:discover_packages(ignore) check parameters
[0.406s] Level 1:colcon.colcon_core.package_discovery:discover_packages(path) check parameters
[0.406s] Level 1:colcon.colcon_core.package_discovery:discover_packages(colcon_meta) discover
[0.406s] Level 1:colcon.colcon_core.package_discovery:discover_packages(recursive) discover
[0.406s] INFO:colcon.colcon_core.package_discovery:Crawling recursively for packages in '/home/jelly/ros2_ws'
[0.406s] Level 1:colcon.colcon_core.package_identification:_identify(.) by extensions ['ignore', 'ignore_ament_install']
[0.407s] Level 1:colcon.colcon_core.package_identification:_identify(.) by extension 'ignore'
[0.407s] Level 1:colcon.colcon_core.package_identification:_identify(.) by extension 'ignore_ament_install'
[0.407s] Level 1:colcon.colcon_core.package_identification:_identify(.) by extensions ['colcon_pkg']
[0.407s] Level 1:colcon.colcon_core.package_identification:_identify(.) by extension 'colcon_pkg'
[0.407s] Level 1:colcon.colcon_core.package_identification:_identify(.) by extensions ['colcon_meta']
[0.407s] Level 1:colcon.colcon_core.package_identification:_identify(.) by extension 'colcon_meta'
[0.407s] Level 1:colcon.colcon_core.package_identification:_identify(.) by extensions ['ros']
[0.407s] Level 1:colcon.colcon_core.package_identification:_identify(.) by extension 'ros'
[0.424s] Level 1:colcon.colcon_core.package_identification:_identify(.) by extensions ['cmake', 'python']
[0.424s] Level 1:colcon.colcon_core.package_identification:_identify(.) by extension 'cmake'
[0.425s] Level 1:colcon.colcon_core.package_identification:_identify(.) by extension 'python'
[0.425s] Level 1:colcon.colcon_core.package_identification:_identify(.) by extensions ['python_setup_py']
[0.425s] Level 1:colcon.colcon_core.package_identification:_identify(.) by extension 'python_setup_py'
[0.425s] Level 1:colcon.colcon_core.package_identification:_identify(build) by extensions ['ignore', 'ignore_ament_install']
[0.425s] Level 1:colcon.colcon_core.package_identification:_identify(build) by extension 'ignore'
[0.425s] Level 1:colcon.colcon_core.package_identification:_identify(build) ignored
[0.425s] Level 1:colcon.colcon_core.package_identification:_identify(install) by extensions ['ignore', 'ignore_ament_install']
[0.426s] Level 1:colcon.colcon_core.package_identification:_identify(install) by extension 'ignore'
[0.426s] Level 1:colcon.colcon_core.package_identification:_identify(install) ignored
[0.426s] Level 1:colcon.colcon_core.package_identification:_identify(log) by extensions ['ignore', 'ignore_ament_install']
[0.426s] Level 1:colcon.colcon_core.package_identification:_identify(log) by extension 'ignore'
[0.426s] Level 1:colcon.colcon_core.package_identification:_identify(log) ignored
[0.426s] Level 1:colcon.colcon_core.package_identification:_identify(src) by extensions ['ignore', 'ignore_ament_install']
[0.426s] Level 1:colcon.colcon_core.package_identification:_identify(src) by extension 'ignore'
[0.426s] Level 1:colcon.colcon_core.package_identification:_identify(src) by extension 'ignore_ament_install'
[0.427s] Level 1:colcon.colcon_core.package_identification:_identify(src) by extensions ['colcon_pkg']
[0.427s] Level 1:colcon.colcon_core.package_identification:_identify(src) by extension 'colcon_pkg'
[0.427s] Level 1:colcon.colcon_core.package_identification:_identify(src) by extensions ['colcon_meta']
[0.427s] Level 1:colcon.colcon_core.package_identification:_identify(src) by extension 'colcon_meta'
[0.427s] Level 1:colcon.colcon_core.package_identification:_identify(src) by extensions ['ros']
[0.427s] Level 1:colcon.colcon_core.package_identification:_identify(src) by extension 'ros'
[0.427s] Level 1:colcon.colcon_core.package_identification:_identify(src) by extensions ['cmake', 'python']
[0.427s] Level 1:colcon.colcon_core.package_identification:_identify(src) by extension 'cmake'
[0.427s] Level 1:colcon.colcon_core.package_identification:_identify(src) by extension 'python'
[0.427s] Level 1:colcon.colcon_core.package_identification:_identify(src) by extensions ['python_setup_py']
[0.427s] Level 1:colcon.colcon_core.package_identification:_identify(src) by extension 'python_setup_py'
[0.427s] Level 1:colcon.colcon_core.package_identification:_identify(src/catch2_ros) by extensions ['ignore', 'ignore_ament_install']
[0.428s] Level 1:colcon.colcon_core.package_identification:_identify(src/catch2_ros) by extension 'ignore'
[0.428s] Level 1:colcon.colcon_core.package_identification:_identify(src/catch2_ros) by extension 'ignore_ament_install'
[0.428s] Level 1:colcon.colcon_core.package_identification:_identify(src/catch2_ros) by extensions ['colcon_pkg']
[0.428s] Level 1:colcon.colcon_core.package_identification:_identify(src/catch2_ros) by extension 'colcon_pkg'
[0.428s] Level 1:colcon.colcon_core.package_identification:_identify(src/catch2_ros) by extensions ['colcon_meta']
[0.428s] Level 1:colcon.colcon_core.package_identification:_identify(src/catch2_ros) by extension 'colcon_meta'
[0.428s] Level 1:colcon.colcon_core.package_identification:_identify(src/catch2_ros) by extensions ['ros']
[0.428s] Level 1:colcon.colcon_core.package_identification:_identify(src/catch2_ros) by extension 'ros'
[0.431s] DEBUG:colcon.colcon_core.package_identification:Package 'src/catch2_ros' with type 'ros.ament_cmake' and name 'catch2'
[0.432s] Level 1:colcon.colcon_core.package_identification:_identify(src/fmt) by extensions ['ignore', 'ignore_ament_install']
[0.432s] Level 1:colcon.colcon_core.package_identification:_identify(src/fmt) by extension 'ignore'
[0.432s] Level 1:colcon.colcon_core.package_identification:_identify(src/fmt) by extension 'ignore_ament_install'
[0.432s] Level 1:colcon.colcon_core.package_identification:_identify(src/fmt) by extensions ['colcon_pkg']
[0.432s] Level 1:colcon.colcon_core.package_identification:_identify(src/fmt) by extension 'colcon_pkg'
[0.432s] Level 1:colcon.colcon_core.package_identification:_identify(src/fmt) by extensions ['colcon_meta']
[0.432s] Level 1:colcon.colcon_core.package_identification:_identify(src/fmt) by extension 'colcon_meta'
[0.432s] Level 1:colcon.colcon_core.package_identification:_identify(src/fmt) by extensions ['ros']
[0.432s] Level 1:colcon.colcon_core.package_identification:_identify(src/fmt) by extension 'ros'
[0.432s] Level 1:colcon.colcon_core.package_identification:_identify(src/fmt) by extensions ['cmake', 'python']
[0.433s] Level 1:colcon.colcon_core.package_identification:_identify(src/fmt) by extension 'cmake'
[0.441s] Level 1:colcon.colcon_core.package_identification:_identify(src/fmt) by extension 'python'
[0.441s] DEBUG:colcon.colcon_core.package_identification:Package 'src/fmt' with type 'cmake' and name 'FMT'
[0.441s] Level 1:colcon.colcon_core.package_identification:_identify(src/fp) by extensions ['ignore', 'ignore_ament_install']
[0.441s] Level 1:colcon.colcon_core.package_identification:_identify(src/fp) by extension 'ignore'
[0.441s] Level 1:colcon.colcon_core.package_identification:_identify(src/fp) by extension 'ignore_ament_install'
[0.441s] Level 1:colcon.colcon_core.package_identification:_identify(src/fp) by extensions ['colcon_pkg']
[0.441s] Level 1:colcon.colcon_core.package_identification:_identify(src/fp) by extension 'colcon_pkg'
[0.441s] Level 1:colcon.colcon_core.package_identification:_identify(src/fp) by extensions ['colcon_meta']
[0.441s] Level 1:colcon.colcon_core.package_identification:_identify(src/fp) by extension 'colcon_meta'
[0.441s] Level 1:colcon.colcon_core.package_identification:_identify(src/fp) by extensions ['ros']
[0.441s] Level 1:colcon.colcon_core.package_identification:_identify(src/fp) by extension 'ros'
[0.442s] DEBUG:colcon.colcon_core.package_identification:Package 'src/fp' with type 'ros.ament_cmake' and name 'fp'
[0.443s] Level 1:colcon.colcon_core.package_identification:_identify(src/motion_planning_python_api) by extensions ['ignore', 'ignore_ament_install']
[0.443s] Level 1:colcon.colcon_core.package_identification:_identify(src/motion_planning_python_api) by extension 'ignore'
[0.443s] Level 1:colcon.colcon_core.package_identification:_identify(src/motion_planning_python_api) by extension 'ignore_ament_install'
[0.443s] Level 1:colcon.colcon_core.package_identification:_identify(src/motion_planning_python_api) by extensions ['colcon_pkg']
[0.443s] Level 1:colcon.colcon_core.package_identification:_identify(src/motion_planning_python_api) by extension 'colcon_pkg'
[0.443s] Level 1:colcon.colcon_core.package_identification:_identify(src/motion_planning_python_api) by extensions ['colcon_meta']
[0.443s] Level 1:colcon.colcon_core.package_identification:_identify(src/motion_planning_python_api) by extension 'colcon_meta'
[0.443s] Level 1:colcon.colcon_core.package_identification:_identify(src/motion_planning_python_api) by extensions ['ros']
[0.443s] Level 1:colcon.colcon_core.package_identification:_identify(src/motion_planning_python_api) by extension 'ros'
[0.444s] DEBUG:colcon.colcon_core.package_identification:Package 'src/motion_planning_python_api' with type 'ros.ament_cmake' and name 'motion_planning_python_api'
[0.444s] Level 1:colcon.colcon_core.package_identification:_identify(src/moveit2_scripts) by extensions ['ignore', 'ignore_ament_install']
[0.444s] Level 1:colcon.colcon_core.package_identification:_identify(src/moveit2_scripts) by extension 'ignore'
[0.444s] Level 1:colcon.colcon_core.package_identification:_identify(src/moveit2_scripts) by extension 'ignore_ament_install'
[0.445s] Level 1:colcon.colcon_core.package_identification:_identify(src/moveit2_scripts) by extensions ['colcon_pkg']
[0.445s] Level 1:colcon.colcon_core.package_identification:_identify(src/moveit2_scripts) by extension 'colcon_pkg'
[0.445s] Level 1:colcon.colcon_core.package_identification:_identify(src/moveit2_scripts) by extensions ['colcon_meta']
[0.445s] Level 1:colcon.colcon_core.package_identification:_identify(src/moveit2_scripts) by extension 'colcon_meta'
[0.445s] Level 1:colcon.colcon_core.package_identification:_identify(src/moveit2_scripts) by extensions ['ros']
[0.445s] Level 1:colcon.colcon_core.package_identification:_identify(src/moveit2_scripts) by extension 'ros'
[0.446s] DEBUG:colcon.colcon_core.package_identification:Package 'src/moveit2_scripts' with type 'ros.ament_cmake' and name 'moveit2_scripts'
[0.447s] Level 1:colcon.colcon_core.package_identification:_identify(src/mycobot-ros2-fix) by extensions ['ignore', 'ignore_ament_install']
[0.447s] Level 1:colcon.colcon_core.package_identification:_identify(src/mycobot-ros2-fix) by extension 'ignore'
[0.447s] Level 1:colcon.colcon_core.package_identification:_identify(src/mycobot-ros2-fix) by extension 'ignore_ament_install'
[0.447s] Level 1:colcon.colcon_core.package_identification:_identify(src/mycobot-ros2-fix) by extensions ['colcon_pkg']
[0.447s] Level 1:colcon.colcon_core.package_identification:_identify(src/mycobot-ros2-fix) by extension 'colcon_pkg'
[0.447s] Level 1:colcon.colcon_core.package_identification:_identify(src/mycobot-ros2-fix) by extensions ['colcon_meta']
[0.447s] Level 1:colcon.colcon_core.package_identification:_identify(src/mycobot-ros2-fix) by extension 'colcon_meta'
[0.447s] Level 1:colcon.colcon_core.package_identification:_identify(src/mycobot-ros2-fix) by extensions ['ros']
[0.447s] Level 1:colcon.colcon_core.package_identification:_identify(src/mycobot-ros2-fix) by extension 'ros'
[0.447s] Level 1:colcon.colcon_core.package_identification:_identify(src/mycobot-ros2-fix) by extensions ['cmake', 'python']
[0.447s] Level 1:colcon.colcon_core.package_identification:_identify(src/mycobot-ros2-fix) by extension 'cmake'
[0.448s] Level 1:colcon.colcon_core.package_identification:_identify(src/mycobot-ros2-fix) by extension 'python'
[0.448s] Level 1:colcon.colcon_core.package_identification:_identify(src/mycobot-ros2-fix) by extensions ['python_setup_py']
[0.448s] Level 1:colcon.colcon_core.package_identification:_identify(src/mycobot-ros2-fix) by extension 'python_setup_py'
[0.448s] Level 1:colcon.colcon_core.package_identification:_identify(src/mycobot-ros2-fix/build) by extensions ['ignore', 'ignore_ament_install']
[0.448s] Level 1:colcon.colcon_core.package_identification:_identify(src/mycobot-ros2-fix/build) by extension 'ignore'
[0.448s] Level 1:colcon.colcon_core.package_identification:_identify(src/mycobot-ros2-fix/build) ignored
[0.448s] Level 1:colcon.colcon_core.package_identification:_identify(src/mycobot-ros2-fix/install) by extensions ['ignore', 'ignore_ament_install']
[0.448s] Level 1:colcon.colcon_core.package_identification:_identify(src/mycobot-ros2-fix/install) by extension 'ignore'
[0.448s] Level 1:colcon.colcon_core.package_identification:_identify(src/mycobot-ros2-fix/install) ignored
[0.449s] Level 1:colcon.colcon_core.package_identification:_identify(src/mycobot-ros2-fix/log) by extensions ['ignore', 'ignore_ament_install']
[0.449s] Level 1:colcon.colcon_core.package_identification:_identify(src/mycobot-ros2-fix/log) by extension 'ignore'
[0.449s] Level 1:colcon.colcon_core.package_identification:_identify(src/mycobot-ros2-fix/log) ignored
[0.449s] Level 1:colcon.colcon_core.package_identification:_identify(src/mycobot-ros2-fix/mycobot) by extensions ['ignore', 'ignore_ament_install']
[0.449s] Level 1:colcon.colcon_core.package_identification:_identify(src/mycobot-ros2-fix/mycobot) by extension 'ignore'
[0.449s] Level 1:colcon.colcon_core.package_identification:_identify(src/mycobot-ros2-fix/mycobot) by extension 'ignore_ament_install'
[0.449s] Level 1:colcon.colcon_core.package_identification:_identify(src/mycobot-ros2-fix/mycobot) by extensions ['colcon_pkg']
[0.449s] Level 1:colcon.colcon_core.package_identification:_identify(src/mycobot-ros2-fix/mycobot) by extension 'colcon_pkg'
[0.449s] Level 1:colcon.colcon_core.package_identification:_identify(src/mycobot-ros2-fix/mycobot) by extensions ['colcon_meta']
[0.449s] Level 1:colcon.colcon_core.package_identification:_identify(src/mycobot-ros2-fix/mycobot) by extension 'colcon_meta'
[0.449s] Level 1:colcon.colcon_core.package_identification:_identify(src/mycobot-ros2-fix/mycobot) by extensions ['ros']
[0.449s] Level 1:colcon.colcon_core.package_identification:_identify(src/mycobot-ros2-fix/mycobot) by extension 'ros'
[0.450s] DEBUG:colcon.colcon_core.package_identification:Package 'src/mycobot-ros2-fix/mycobot' with type 'ros.ament_cmake' and name 'mycobot'
[0.451s] Level 1:colcon.colcon_core.package_identification:_identify(src/mycobot-ros2-fix/mycobot_280_description) by extensions ['ignore', 'ignore_ament_install']
[0.451s] Level 1:colcon.colcon_core.package_identification:_identify(src/mycobot-ros2-fix/mycobot_280_description) by extension 'ignore'
[0.451s] Level 1:colcon.colcon_core.package_identification:_identify(src/mycobot-ros2-fix/mycobot_280_description) by extension 'ignore_ament_install'
[0.451s] Level 1:colcon.colcon_core.package_identification:_identify(src/mycobot-ros2-fix/mycobot_280_description) by extensions ['colcon_pkg']
[0.451s] Level 1:colcon.colcon_core.package_identification:_identify(src/mycobot-ros2-fix/mycobot_280_description) by extension 'colcon_pkg'
[0.451s] Level 1:colcon.colcon_core.package_identification:_identify(src/mycobot-ros2-fix/mycobot_280_description) by extensions ['colcon_meta']
[0.451s] Level 1:colcon.colcon_core.package_identification:_identify(src/mycobot-ros2-fix/mycobot_280_description) by extension 'colcon_meta'
[0.451s] Level 1:colcon.colcon_core.package_identification:_identify(src/mycobot-ros2-fix/mycobot_280_description) by extensions ['ros']
[0.451s] Level 1:colcon.colcon_core.package_identification:_identify(src/mycobot-ros2-fix/mycobot_280_description) by extension 'ros'
[0.452s] DEBUG:colcon.colcon_core.package_identification:Package 'src/mycobot-ros2-fix/mycobot_280_description' with type 'ros.ament_cmake' and name 'mycobot_280_description'
[0.453s] Level 1:colcon.colcon_core.package_identification:_identify(src/mycobot-ros2-fix/mycobot_hardware_interface) by extensions ['ignore', 'ignore_ament_install']
[0.453s] Level 1:colcon.colcon_core.package_identification:_identify(src/mycobot-ros2-fix/mycobot_hardware_interface) by extension 'ignore'
[0.453s] Level 1:colcon.colcon_core.package_identification:_identify(src/mycobot-ros2-fix/mycobot_hardware_interface) by extension 'ignore_ament_install'
[0.453s] Level 1:colcon.colcon_core.package_identification:_identify(src/mycobot-ros2-fix/mycobot_hardware_interface) by extensions ['colcon_pkg']
[0.453s] Level 1:colcon.colcon_core.package_identification:_identify(src/mycobot-ros2-fix/mycobot_hardware_interface) by extension 'colcon_pkg'
[0.453s] Level 1:colcon.colcon_core.package_identification:_identify(src/mycobot-ros2-fix/mycobot_hardware_interface) by extensions ['colcon_meta']
[0.453s] Level 1:colcon.colcon_core.package_identification:_identify(src/mycobot-ros2-fix/mycobot_hardware_interface) by extension 'colcon_meta'
[0.453s] Level 1:colcon.colcon_core.package_identification:_identify(src/mycobot-ros2-fix/mycobot_hardware_interface) by extensions ['ros']
[0.453s] Level 1:colcon.colcon_core.package_identification:_identify(src/mycobot-ros2-fix/mycobot_hardware_interface) by extension 'ros'
[0.455s] DEBUG:colcon.colcon_core.package_identification:Package 'src/mycobot-ros2-fix/mycobot_hardware_interface' with type 'ros.ament_cmake' and name 'mycobot_hardware_interface'
[0.455s] Level 1:colcon.colcon_core.package_identification:_identify(src/mycobot_280) by extensions ['ignore', 'ignore_ament_install']
[0.455s] Level 1:colcon.colcon_core.package_identification:_identify(src/mycobot_280) by extension 'ignore'
[0.455s] Level 1:colcon.colcon_core.package_identification:_identify(src/mycobot_280) by extension 'ignore_ament_install'
[0.455s] Level 1:colcon.colcon_core.package_identification:_identify(src/mycobot_280) by extensions ['colcon_pkg']
[0.455s] Level 1:colcon.colcon_core.package_identification:_identify(src/mycobot_280) by extension 'colcon_pkg'
[0.455s] Level 1:colcon.colcon_core.package_identification:_identify(src/mycobot_280) by extensions ['colcon_meta']
[0.455s] Level 1:colcon.colcon_core.package_identification:_identify(src/mycobot_280) by extension 'colcon_meta'
[0.456s] Level 1:colcon.colcon_core.package_identification:_identify(src/mycobot_280) by extensions ['ros']
[0.456s] Level 1:colcon.colcon_core.package_identification:_identify(src/mycobot_280) by extension 'ros'
[0.457s] DEBUG:colcon.colcon_core.package_identification:Package 'src/mycobot_280' with type 'ros.ament_python' and name 'mycobot_280'
[0.457s] Level 1:colcon.colcon_core.package_identification:_identify(src/mycobot_ros2) by extensions ['ignore', 'ignore_ament_install']
[0.457s] Level 1:colcon.colcon_core.package_identification:_identify(src/mycobot_ros2) by extension 'ignore'
[0.457s] Level 1:colcon.colcon_core.package_identification:_identify(src/mycobot_ros2) by extension 'ignore_ament_install'
[0.457s] Level 1:colcon.colcon_core.package_identification:_identify(src/mycobot_ros2) by extensions ['colcon_pkg']
[0.457s] Level 1:colcon.colcon_core.package_identification:_identify(src/mycobot_ros2) by extension 'colcon_pkg'
[0.457s] Level 1:colcon.colcon_core.package_identification:_identify(src/mycobot_ros2) by extensions ['colcon_meta']
[0.457s] Level 1:colcon.colcon_core.package_identification:_identify(src/mycobot_ros2) by extension 'colcon_meta'
[0.458s] Level 1:colcon.colcon_core.package_identification:_identify(src/mycobot_ros2) by extensions ['ros']
[0.458s] Level 1:colcon.colcon_core.package_identification:_identify(src/mycobot_ros2) by extension 'ros'
[0.458s] Level 1:colcon.colcon_core.package_identification:_identify(src/mycobot_ros2) by extensions ['cmake', 'python']
[0.458s] Level 1:colcon.colcon_core.package_identification:_identify(src/mycobot_ros2) by extension 'cmake'
[0.458s] Level 1:colcon.colcon_core.package_identification:_identify(src/mycobot_ros2) by extension 'python'
[0.458s] Level 1:colcon.colcon_core.package_identification:_identify(src/mycobot_ros2) by extensions ['python_setup_py']
[0.458s] Level 1:colcon.colcon_core.package_identification:_identify(src/mycobot_ros2) by extension 'python_setup_py'
[0.458s] Level 1:colcon.colcon_core.package_identification:_identify(src/mycobot_ros2/mycobot_description) by extensions ['ignore', 'ignore_ament_install']
[0.458s] Level 1:colcon.colcon_core.package_identification:_identify(src/mycobot_ros2/mycobot_description) by extension 'ignore'
[0.458s] Level 1:colcon.colcon_core.package_identification:_identify(src/mycobot_ros2/mycobot_description) by extension 'ignore_ament_install'
[0.458s] Level 1:colcon.colcon_core.package_identification:_identify(src/mycobot_ros2/mycobot_description) by extensions ['colcon_pkg']
[0.459s] Level 1:colcon.colcon_core.package_identification:_identify(src/mycobot_ros2/mycobot_description) by extension 'colcon_pkg'
[0.459s] Level 1:colcon.colcon_core.package_identification:_identify(src/mycobot_ros2/mycobot_description) by extensions ['colcon_meta']
[0.459s] Level 1:colcon.colcon_core.package_identification:_identify(src/mycobot_ros2/mycobot_description) by extension 'colcon_meta'
[0.459s] Level 1:colcon.colcon_core.package_identification:_identify(src/mycobot_ros2/mycobot_description) by extensions ['ros']
[0.459s] Level 1:colcon.colcon_core.package_identification:_identify(src/mycobot_ros2/mycobot_description) by extension 'ros'
[0.459s] DEBUG:colcon.colcon_core.package_identification:Package 'src/mycobot_ros2/mycobot_description' with type 'ros.ament_cmake' and name 'mycobot_description'
[0.460s] Level 1:colcon.colcon_core.package_identification:_identify(src/mycobot_ros2/mycobot_gazebo) by extensions ['ignore', 'ignore_ament_install']
[0.460s] Level 1:colcon.colcon_core.package_identification:_identify(src/mycobot_ros2/mycobot_gazebo) by extension 'ignore'
[0.460s] Level 1:colcon.colcon_core.package_identification:_identify(src/mycobot_ros2/mycobot_gazebo) by extension 'ignore_ament_install'
[0.460s] Level 1:colcon.colcon_core.package_identification:_identify(src/mycobot_ros2/mycobot_gazebo) by extensions ['colcon_pkg']
[0.460s] Level 1:colcon.colcon_core.package_identification:_identify(src/mycobot_ros2/mycobot_gazebo) by extension 'colcon_pkg'
[0.460s] Level 1:colcon.colcon_core.package_identification:_identify(src/mycobot_ros2/mycobot_gazebo) by extensions ['colcon_meta']
[0.460s] Level 1:colcon.colcon_core.package_identification:_identify(src/mycobot_ros2/mycobot_gazebo) by extension 'colcon_meta'
[0.460s] Level 1:colcon.colcon_core.package_identification:_identify(src/mycobot_ros2/mycobot_gazebo) by extensions ['ros']
[0.460s] Level 1:colcon.colcon_core.package_identification:_identify(src/mycobot_ros2/mycobot_gazebo) by extension 'ros'
[0.461s] DEBUG:colcon.colcon_core.package_identification:Package 'src/mycobot_ros2/mycobot_gazebo' with type 'ros.ament_cmake' and name 'mycobot_gazebo'
[0.461s] Level 1:colcon.colcon_core.package_identification:_identify(src/mycobot_ros2/mycobot_moveit_config) by extensions ['ignore', 'ignore_ament_install']
[0.461s] Level 1:colcon.colcon_core.package_identification:_identify(src/mycobot_ros2/mycobot_moveit_config) by extension 'ignore'
[0.462s] Level 1:colcon.colcon_core.package_identification:_identify(src/mycobot_ros2/mycobot_moveit_config) by extension 'ignore_ament_install'
[0.462s] Level 1:colcon.colcon_core.package_identification:_identify(src/mycobot_ros2/mycobot_moveit_config) by extensions ['colcon_pkg']
[0.462s] Level 1:colcon.colcon_core.package_identification:_identify(src/mycobot_ros2/mycobot_moveit_config) by extension 'colcon_pkg'
[0.462s] Level 1:colcon.colcon_core.package_identification:_identify(src/mycobot_ros2/mycobot_moveit_config) by extensions ['colcon_meta']
[0.462s] Level 1:colcon.colcon_core.package_identification:_identify(src/mycobot_ros2/mycobot_moveit_config) by extension 'colcon_meta'
[0.462s] Level 1:colcon.colcon_core.package_identification:_identify(src/mycobot_ros2/mycobot_moveit_config) by extensions ['ros']
[0.462s] Level 1:colcon.colcon_core.package_identification:_identify(src/mycobot_ros2/mycobot_moveit_config) by extension 'ros'
[0.463s] DEBUG:colcon.colcon_core.package_identification:Package 'src/mycobot_ros2/mycobot_moveit_config' with type 'ros.ament_cmake' and name 'mycobot_moveit_config'
[0.463s] Level 1:colcon.colcon_core.package_identification:_identify(src/mycobot_ros2/mycobot_ros2) by extensions ['ignore', 'ignore_ament_install']
[0.463s] Level 1:colcon.colcon_core.package_identification:_identify(src/mycobot_ros2/mycobot_ros2) by extension 'ignore'
[0.463s] Level 1:colcon.colcon_core.package_identification:_identify(src/mycobot_ros2/mycobot_ros2) by extension 'ignore_ament_install'
[0.464s] Level 1:colcon.colcon_core.package_identification:_identify(src/mycobot_ros2/mycobot_ros2) by extensions ['colcon_pkg']
[0.464s] Level 1:colcon.colcon_core.package_identification:_identify(src/mycobot_ros2/mycobot_ros2) by extension 'colcon_pkg'
[0.464s] Level 1:colcon.colcon_core.package_identification:_identify(src/mycobot_ros2/mycobot_ros2) by extensions ['colcon_meta']
[0.464s] Level 1:colcon.colcon_core.package_identification:_identify(src/mycobot_ros2/mycobot_ros2) by extension 'colcon_meta'
[0.464s] Level 1:colcon.colcon_core.package_identification:_identify(src/mycobot_ros2/mycobot_ros2) by extensions ['ros']
[0.464s] Level 1:colcon.colcon_core.package_identification:_identify(src/mycobot_ros2/mycobot_ros2) by extension 'ros'
[0.465s] DEBUG:colcon.colcon_core.package_identification:Package 'src/mycobot_ros2/mycobot_ros2' with type 'ros.ament_cmake' and name 'mycobot_ros2'
[0.465s] Level 1:colcon.colcon_core.package_identification:_identify(src/serial) by extensions ['ignore', 'ignore_ament_install']
[0.465s] Level 1:colcon.colcon_core.package_identification:_identify(src/serial) by extension 'ignore'
[0.465s] Level 1:colcon.colcon_core.package_identification:_identify(src/serial) by extension 'ignore_ament_install'
[0.465s] Level 1:colcon.colcon_core.package_identification:_identify(src/serial) by extensions ['colcon_pkg']
[0.465s] Level 1:colcon.colcon_core.package_identification:_identify(src/serial) by extension 'colcon_pkg'
[0.466s] Level 1:colcon.colcon_core.package_identification:_identify(src/serial) by extensions ['colcon_meta']
[0.466s] Level 1:colcon.colcon_core.package_identification:_identify(src/serial) by extension 'colcon_meta'
[0.466s] Level 1:colcon.colcon_core.package_identification:_identify(src/serial) by extensions ['ros']
[0.466s] Level 1:colcon.colcon_core.package_identification:_identify(src/serial) by extension 'ros'
[0.466s] DEBUG:colcon.colcon_core.package_identification:Package 'src/serial' with type 'ros.ament_cmake' and name 'serial'
[0.467s] Level 1:colcon.colcon_core.package_discovery:discover_packages(recursive) using defaults
[0.467s] Level 1:colcon.colcon_core.package_discovery:discover_packages(ignore) discover
[0.467s] Level 1:colcon.colcon_core.package_discovery:discover_packages(ignore) using defaults
[0.467s] Level 1:colcon.colcon_core.package_discovery:discover_packages(path) discover
[0.467s] Level 1:colcon.colcon_core.package_discovery:discover_packages(path) using defaults
[0.511s] Level 1:colcon.colcon_core.package_discovery:discover_packages(prefix_path) check parameters
[0.511s] Level 1:colcon.colcon_core.package_discovery:discover_packages(prefix_path) discover
[0.513s] DEBUG:colcon.colcon_installed_package_information.package_discovery:Found 8 installed packages in /home/jelly/ros2_ws/install
[0.515s] DEBUG:colcon.colcon_installed_package_information.package_discovery:Found 371 installed packages in /opt/ros/humble
[0.518s] Level 1:colcon.colcon_core.package_discovery:discover_packages(prefix_path) using defaults
[0.587s] Level 5:colcon.colcon_core.verb:set package 'FMT' build argument 'cmake_args' from command line to 'None'
[0.587s] Level 5:colcon.colcon_core.verb:set package 'FMT' build argument 'cmake_target' from command line to 'None'
[0.587s] Level 5:colcon.colcon_core.verb:set package 'FMT' build argument 'cmake_target_skip_unavailable' from command line to 'False'
[0.587s] Level 5:colcon.colcon_core.verb:set package 'FMT' build argument 'cmake_clean_cache' from command line to 'False'
[0.588s] Level 5:colcon.colcon_core.verb:set package 'FMT' build argument 'cmake_clean_first' from command line to 'False'
[0.588s] Level 5:colcon.colcon_core.verb:set package 'FMT' build argument 'cmake_force_configure' from command line to 'False'
[0.588s] Level 5:colcon.colcon_core.verb:set package 'FMT' build argument 'ament_cmake_args' from command line to 'None'
[0.588s] Level 5:colcon.colcon_core.verb:set package 'FMT' build argument 'catkin_cmake_args' from command line to 'None'
[0.588s] Level 5:colcon.colcon_core.verb:set package 'FMT' build argument 'catkin_skip_building_tests' from command line to 'False'
[0.588s] DEBUG:colcon.colcon_core.verb:Building package 'FMT' with the following arguments: {'ament_cmake_args': None, 'build_base': '/home/jelly/ros2_ws/build/FMT', 'catkin_cmake_args': None, 'catkin_skip_building_tests': False, 'cmake_args': None, 'cmake_clean_cache': False, 'cmake_clean_first': False, 'cmake_force_configure': False, 'cmake_target': None, 'cmake_target_skip_unavailable': False, 'install_base': '/home/jelly/ros2_ws/install/FMT', 'merge_install': False, 'path': '/home/jelly/ros2_ws/src/fmt', 'symlink_install': False, 'test_result_base': None}
[0.588s] Level 5:colcon.colcon_core.verb:set package 'catch2' build argument 'cmake_args' from command line to 'None'
[0.588s] Level 5:colcon.colcon_core.verb:set package 'catch2' build argument 'cmake_target' from command line to 'None'
[0.588s] Level 5:colcon.colcon_core.verb:set package 'catch2' build argument 'cmake_target_skip_unavailable' from command line to 'False'
[0.589s] Level 5:colcon.colcon_core.verb:set package 'catch2' build argument 'cmake_clean_cache' from command line to 'False'
[0.589s] Level 5:colcon.colcon_core.verb:set package 'catch2' build argument 'cmake_clean_first' from command line to 'False'
[0.589s] Level 5:colcon.colcon_core.verb:set package 'catch2' build argument 'cmake_force_configure' from command line to 'False'
[0.589s] Level 5:colcon.colcon_core.verb:set package 'catch2' build argument 'ament_cmake_args' from command line to 'None'
[0.589s] Level 5:colcon.colcon_core.verb:set package 'catch2' build argument 'catkin_cmake_args' from command line to 'None'
[0.589s] Level 5:colcon.colcon_core.verb:set package 'catch2' build argument 'catkin_skip_building_tests' from command line to 'False'
[0.589s] DEBUG:colcon.colcon_core.verb:Building package 'catch2' with the following arguments: {'ament_cmake_args': None, 'build_base': '/home/jelly/ros2_ws/build/catch2', 'catkin_cmake_args': None, 'catkin_skip_building_tests': False, 'cmake_args': None, 'cmake_clean_cache': False, 'cmake_clean_first': False, 'cmake_force_configure': False, 'cmake_target': None, 'cmake_target_skip_unavailable': False, 'install_base': '/home/jelly/ros2_ws/install/catch2', 'merge_install': False, 'path': '/home/jelly/ros2_ws/src/catch2_ros', 'symlink_install': False, 'test_result_base': None}
[0.589s] Level 5:colcon.colcon_core.verb:set package 'fp' build argument 'cmake_args' from command line to 'None'
[0.589s] Level 5:colcon.colcon_core.verb:set package 'fp' build argument 'cmake_target' from command line to 'None'
[0.589s] Level 5:colcon.colcon_core.verb:set package 'fp' build argument 'cmake_target_skip_unavailable' from command line to 'False'
[0.589s] Level 5:colcon.colcon_core.verb:set package 'fp' build argument 'cmake_clean_cache' from command line to 'False'
[0.590s] Level 5:colcon.colcon_core.verb:set package 'fp' build argument 'cmake_clean_first' from command line to 'False'
[0.590s] Level 5:colcon.colcon_core.verb:set package 'fp' build argument 'cmake_force_configure' from command line to 'False'
[0.590s] Level 5:colcon.colcon_core.verb:set package 'fp' build argument 'ament_cmake_args' from command line to 'None'
[0.590s] Level 5:colcon.colcon_core.verb:set package 'fp' build argument 'catkin_cmake_args' from command line to 'None'
[0.590s] Level 5:colcon.colcon_core.verb:set package 'fp' build argument 'catkin_skip_building_tests' from command line to 'False'
[0.590s] DEBUG:colcon.colcon_core.verb:Building package 'fp' with the following arguments: {'ament_cmake_args': None, 'build_base': '/home/jelly/ros2_ws/build/fp', 'catkin_cmake_args': None, 'catkin_skip_building_tests': False, 'cmake_args': None, 'cmake_clean_cache': False, 'cmake_clean_first': False, 'cmake_force_configure': False, 'cmake_target': None, 'cmake_target_skip_unavailable': False, 'install_base': '/home/jelly/ros2_ws/install/fp', 'merge_install': False, 'path': '/home/jelly/ros2_ws/src/fp', 'symlink_install': False, 'test_result_base': None}
[0.590s] Level 5:colcon.colcon_core.verb:set package 'motion_planning_python_api' build argument 'cmake_args' from command line to 'None'
[0.590s] Level 5:colcon.colcon_core.verb:set package 'motion_planning_python_api' build argument 'cmake_target' from command line to 'None'
[0.590s] Level 5:colcon.colcon_core.verb:set package 'motion_planning_python_api' build argument 'cmake_target_skip_unavailable' from command line to 'False'
[0.590s] Level 5:colcon.colcon_core.verb:set package 'motion_planning_python_api' build argument 'cmake_clean_cache' from command line to 'False'
[0.590s] Level 5:colcon.colcon_core.verb:set package 'motion_planning_python_api' build argument 'cmake_clean_first' from command line to 'False'
[0.591s] Level 5:colcon.colcon_core.verb:set package 'motion_planning_python_api' build argument 'cmake_force_configure' from command line to 'False'
[0.591s] Level 5:colcon.colcon_core.verb:set package 'motion_planning_python_api' build argument 'ament_cmake_args' from command line to 'None'
[0.591s] Level 5:colcon.colcon_core.verb:set package 'motion_planning_python_api' build argument 'catkin_cmake_args' from command line to 'None'
[0.591s] Level 5:colcon.colcon_core.verb:set package 'motion_planning_python_api' build argument 'catkin_skip_building_tests' from command line to 'False'
[0.591s] DEBUG:colcon.colcon_core.verb:Building package 'motion_planning_python_api' with the following arguments: {'ament_cmake_args': None, 'build_base': '/home/jelly/ros2_ws/build/motion_planning_python_api', 'catkin_cmake_args': None, 'catkin_skip_building_tests': False, 'cmake_args': None, 'cmake_clean_cache': False, 'cmake_clean_first': False, 'cmake_force_configure': False, 'cmake_target': None, 'cmake_target_skip_unavailable': False, 'install_base': '/home/jelly/ros2_ws/install/motion_planning_python_api', 'merge_install': False, 'path': '/home/jelly/ros2_ws/src/motion_planning_python_api', 'symlink_install': False, 'test_result_base': None}
[0.591s] Level 5:colcon.colcon_core.verb:set package 'moveit2_scripts' build argument 'cmake_args' from command line to 'None'
[0.591s] Level 5:colcon.colcon_core.verb:set package 'moveit2_scripts' build argument 'cmake_target' from command line to 'None'
[0.591s] Level 5:colcon.colcon_core.verb:set package 'moveit2_scripts' build argument 'cmake_target_skip_unavailable' from command line to 'False'
[0.591s] Level 5:colcon.colcon_core.verb:set package 'moveit2_scripts' build argument 'cmake_clean_cache' from command line to 'False'
[0.591s] Level 5:colcon.colcon_core.verb:set package 'moveit2_scripts' build argument 'cmake_clean_first' from command line to 'False'
[0.591s] Level 5:colcon.colcon_core.verb:set package 'moveit2_scripts' build argument 'cmake_force_configure' from command line to 'False'
[0.591s] Level 5:colcon.colcon_core.verb:set package 'moveit2_scripts' build argument 'ament_cmake_args' from command line to 'None'
[0.591s] Level 5:colcon.colcon_core.verb:set package 'moveit2_scripts' build argument 'catkin_cmake_args' from command line to 'None'
[0.592s] Level 5:colcon.colcon_core.verb:set package 'moveit2_scripts' build argument 'catkin_skip_building_tests' from command line to 'False'
[0.592s] DEBUG:colcon.colcon_core.verb:Building package 'moveit2_scripts' with the following arguments: {'ament_cmake_args': None, 'build_base': '/home/jelly/ros2_ws/build/moveit2_scripts', 'catkin_cmake_args': None, 'catkin_skip_building_tests': False, 'cmake_args': None, 'cmake_clean_cache': False, 'cmake_clean_first': False, 'cmake_force_configure': False, 'cmake_target': None, 'cmake_target_skip_unavailable': False, 'install_base': '/home/jelly/ros2_ws/install/moveit2_scripts', 'merge_install': False, 'path': '/home/jelly/ros2_ws/src/moveit2_scripts', 'symlink_install': False, 'test_result_base': None}
[0.592s] Level 5:colcon.colcon_core.verb:set package 'mycobot_description' build argument 'cmake_args' from command line to 'None'
[0.592s] Level 5:colcon.colcon_core.verb:set package 'mycobot_description' build argument 'cmake_target' from command line to 'None'
[0.592s] Level 5:colcon.colcon_core.verb:set package 'mycobot_description' build argument 'cmake_target_skip_unavailable' from command line to 'False'
[0.592s] Level 5:colcon.colcon_core.verb:set package 'mycobot_description' build argument 'cmake_clean_cache' from command line to 'False'
[0.592s] Level 5:colcon.colcon_core.verb:set package 'mycobot_description' build argument 'cmake_clean_first' from command line to 'False'
[0.592s] Level 5:colcon.colcon_core.verb:set package 'mycobot_description' build argument 'cmake_force_configure' from command line to 'False'
[0.592s] Level 5:colcon.colcon_core.verb:set package 'mycobot_description' build argument 'ament_cmake_args' from command line to 'None'
[0.593s] Level 5:colcon.colcon_core.verb:set package 'mycobot_description' build argument 'catkin_cmake_args' from command line to 'None'
[0.593s] Level 5:colcon.colcon_core.verb:set package 'mycobot_description' build argument 'catkin_skip_building_tests' from command line to 'False'
[0.593s] DEBUG:colcon.colcon_core.verb:Building package 'mycobot_description' with the following arguments: {'ament_cmake_args': None, 'build_base': '/home/jelly/ros2_ws/build/mycobot_description', 'catkin_cmake_args': None, 'catkin_skip_building_tests': False, 'cmake_args': None, 'cmake_clean_cache': False, 'cmake_clean_first': False, 'cmake_force_configure': False, 'cmake_target': None, 'cmake_target_skip_unavailable': False, 'install_base': '/home/jelly/ros2_ws/install/mycobot_description', 'merge_install': False, 'path': '/home/jelly/ros2_ws/src/mycobot_ros2/mycobot_description', 'symlink_install': False, 'test_result_base': None}
[0.593s] Level 5:colcon.colcon_core.verb:set package 'mycobot_gazebo' build argument 'cmake_args' from command line to 'None'
[0.593s] Level 5:colcon.colcon_core.verb:set package 'mycobot_gazebo' build argument 'cmake_target' from command line to 'None'
[0.593s] Level 5:colcon.colcon_core.verb:set package 'mycobot_gazebo' build argument 'cmake_target_skip_unavailable' from command line to 'False'
[0.593s] Level 5:colcon.colcon_core.verb:set package 'mycobot_gazebo' build argument 'cmake_clean_cache' from command line to 'False'
[0.593s] Level 5:colcon.colcon_core.verb:set package 'mycobot_gazebo' build argument 'cmake_clean_first' from command line to 'False'
[0.593s] Level 5:colcon.colcon_core.verb:set package 'mycobot_gazebo' build argument 'cmake_force_configure' from command line to 'False'
[0.593s] Level 5:colcon.colcon_core.verb:set package 'mycobot_gazebo' build argument 'ament_cmake_args' from command line to 'None'
[0.593s] Level 5:colcon.colcon_core.verb:set package 'mycobot_gazebo' build argument 'catkin_cmake_args' from command line to 'None'
[0.593s] Level 5:colcon.colcon_core.verb:set package 'mycobot_gazebo' build argument 'catkin_skip_building_tests' from command line to 'False'
[0.594s] DEBUG:colcon.colcon_core.verb:Building package 'mycobot_gazebo' with the following arguments: {'ament_cmake_args': None, 'build_base': '/home/jelly/ros2_ws/build/mycobot_gazebo', 'catkin_cmake_args': None, 'catkin_skip_building_tests': False, 'cmake_args': None, 'cmake_clean_cache': False, 'cmake_clean_first': False, 'cmake_force_configure': False, 'cmake_target': None, 'cmake_target_skip_unavailable': False, 'install_base': '/home/jelly/ros2_ws/install/mycobot_gazebo', 'merge_install': False, 'path': '/home/jelly/ros2_ws/src/mycobot_ros2/mycobot_gazebo', 'symlink_install': False, 'test_result_base': None}
[0.594s] Level 5:colcon.colcon_core.verb:set package 'serial' build argument 'cmake_args' from command line to 'None'
[0.594s] Level 5:colcon.colcon_core.verb:set package 'serial' build argument 'cmake_target' from command line to 'None'
[0.594s] Level 5:colcon.colcon_core.verb:set package 'serial' build argument 'cmake_target_skip_unavailable' from command line to 'False'
[0.594s] Level 5:colcon.colcon_core.verb:set package 'serial' build argument 'cmake_clean_cache' from command line to 'False'
[0.594s] Level 5:colcon.colcon_core.verb:set package 'serial' build argument 'cmake_clean_first' from command line to 'False'
[0.594s] Level 5:colcon.colcon_core.verb:set package 'serial' build argument 'cmake_force_configure' from command line to 'False'
[0.594s] Level 5:colcon.colcon_core.verb:set package 'serial' build argument 'ament_cmake_args' from command line to 'None'
[0.594s] Level 5:colcon.colcon_core.verb:set package 'serial' build argument 'catkin_cmake_args' from command line to 'None'
[0.594s] Level 5:colcon.colcon_core.verb:set package 'serial' build argument 'catkin_skip_building_tests' from command line to 'False'
[0.594s] DEBUG:colcon.colcon_core.verb:Building package 'serial' with the following arguments: {'ament_cmake_args': None, 'build_base': '/home/jelly/ros2_ws/build/serial', 'catkin_cmake_args': None, 'catkin_skip_building_tests': False, 'cmake_args': None, 'cmake_clean_cache': False, 'cmake_clean_first': False, 'cmake_force_configure': False, 'cmake_target': None, 'cmake_target_skip_unavailable': False, 'install_base': '/home/jelly/ros2_ws/install/serial', 'merge_install': False, 'path': '/home/jelly/ros2_ws/src/serial', 'symlink_install': False, 'test_result_base': None}
[0.595s] Level 5:colcon.colcon_core.verb:set package 'mycobot' build argument 'cmake_args' from command line to 'None'
[0.595s] Level 5:colcon.colcon_core.verb:set package 'mycobot' build argument 'cmake_target' from command line to 'None'
[0.595s] Level 5:colcon.colcon_core.verb:set package 'mycobot' build argument 'cmake_target_skip_unavailable' from command line to 'False'
[0.595s] Level 5:colcon.colcon_core.verb:set package 'mycobot' build argument 'cmake_clean_cache' from command line to 'False'
[0.595s] Level 5:colcon.colcon_core.verb:set package 'mycobot' build argument 'cmake_clean_first' from command line to 'False'
[0.595s] Level 5:colcon.colcon_core.verb:set package 'mycobot' build argument 'cmake_force_configure' from command line to 'False'
[0.595s] Level 5:colcon.colcon_core.verb:set package 'mycobot' build argument 'ament_cmake_args' from command line to 'None'
[0.595s] Level 5:colcon.colcon_core.verb:set package 'mycobot' build argument 'catkin_cmake_args' from command line to 'None'
[0.595s] Level 5:colcon.colcon_core.verb:set package 'mycobot' build argument 'catkin_skip_building_tests' from command line to 'False'
[0.595s] DEBUG:colcon.colcon_core.verb:Building package 'mycobot' with the following arguments: {'ament_cmake_args': None, 'build_base': '/home/jelly/ros2_ws/build/mycobot', 'catkin_cmake_args': None, 'catkin_skip_building_tests': False, 'cmake_args': None, 'cmake_clean_cache': False, 'cmake_clean_first': False, 'cmake_force_configure': False, 'cmake_target': None, 'cmake_target_skip_unavailable': False, 'install_base': '/home/jelly/ros2_ws/install/mycobot', 'merge_install': False, 'path': '/home/jelly/ros2_ws/src/mycobot-ros2-fix/mycobot', 'symlink_install': False, 'test_result_base': None}
[0.596s] Level 5:colcon.colcon_core.verb:set package 'mycobot_280' build argument 'cmake_args' from command line to 'None'
[0.596s] Level 5:colcon.colcon_core.verb:set package 'mycobot_280' build argument 'cmake_target' from command line to 'None'
[0.596s] Level 5:colcon.colcon_core.verb:set package 'mycobot_280' build argument 'cmake_target_skip_unavailable' from command line to 'False'
[0.596s] Level 5:colcon.colcon_core.verb:set package 'mycobot_280' build argument 'cmake_clean_cache' from command line to 'False'
[0.596s] Level 5:colcon.colcon_core.verb:set package 'mycobot_280' build argument 'cmake_clean_first' from command line to 'False'
[0.596s] Level 5:colcon.colcon_core.verb:set package 'mycobot_280' build argument 'cmake_force_configure' from command line to 'False'
[0.596s] Level 5:colcon.colcon_core.verb:set package 'mycobot_280' build argument 'ament_cmake_args' from command line to 'None'
[0.596s] Level 5:colcon.colcon_core.verb:set package 'mycobot_280' build argument 'catkin_cmake_args' from command line to 'None'
[0.596s] Level 5:colcon.colcon_core.verb:set package 'mycobot_280' build argument 'catkin_skip_building_tests' from command line to 'False'
[0.596s] DEBUG:colcon.colcon_core.verb:Building package 'mycobot_280' with the following arguments: {'ament_cmake_args': None, 'build_base': '/home/jelly/ros2_ws/build/mycobot_280', 'catkin_cmake_args': None, 'catkin_skip_building_tests': False, 'cmake_args': None, 'cmake_clean_cache': False, 'cmake_clean_first': False, 'cmake_force_configure': False, 'cmake_target': None, 'cmake_target_skip_unavailable': False, 'install_base': '/home/jelly/ros2_ws/install/mycobot_280', 'merge_install': False, 'path': '/home/jelly/ros2_ws/src/mycobot_280', 'symlink_install': False, 'test_result_base': None}
[0.597s] Level 5:colcon.colcon_core.verb:set package 'mycobot_moveit_config' build argument 'cmake_args' from command line to 'None'
[0.597s] Level 5:colcon.colcon_core.verb:set package 'mycobot_moveit_config' build argument 'cmake_target' from command line to 'None'
[0.597s] Level 5:colcon.colcon_core.verb:set package 'mycobot_moveit_config' build argument 'cmake_target_skip_unavailable' from command line to 'False'
[0.597s] Level 5:colcon.colcon_core.verb:set package 'mycobot_moveit_config' build argument 'cmake_clean_cache' from command line to 'False'
[0.597s] Level 5:colcon.colcon_core.verb:set package 'mycobot_moveit_config' build argument 'cmake_clean_first' from command line to 'False'
[0.597s] Level 5:colcon.colcon_core.verb:set package 'mycobot_moveit_config' build argument 'cmake_force_configure' from command line to 'False'
[0.597s] Level 5:colcon.colcon_core.verb:set package 'mycobot_moveit_config' build argument 'ament_cmake_args' from command line to 'None'
[0.597s] Level 5:colcon.colcon_core.verb:set package 'mycobot_moveit_config' build argument 'catkin_cmake_args' from command line to 'None'
[0.597s] Level 5:colcon.colcon_core.verb:set package 'mycobot_moveit_config' build argument 'catkin_skip_building_tests' from command line to 'False'
[0.597s] DEBUG:colcon.colcon_core.verb:Building package 'mycobot_moveit_config' with the following arguments: {'ament_cmake_args': None, 'build_base': '/home/jelly/ros2_ws/build/mycobot_moveit_config', 'catkin_cmake_args': None, 'catkin_skip_building_tests': False, 'cmake_args': None, 'cmake_clean_cache': False, 'cmake_clean_first': False, 'cmake_force_configure': False, 'cmake_target': None, 'cmake_target_skip_unavailable': False, 'install_base': '/home/jelly/ros2_ws/install/mycobot_moveit_config', 'merge_install': False, 'path': '/home/jelly/ros2_ws/src/mycobot_ros2/mycobot_moveit_config', 'symlink_install': False, 'test_result_base': None}
[0.598s] Level 5:colcon.colcon_core.verb:set package 'mycobot_ros2' build argument 'cmake_args' from command line to 'None'
[0.598s] Level 5:colcon.colcon_core.verb:set package 'mycobot_ros2' build argument 'cmake_target' from command line to 'None'
[0.598s] Level 5:colcon.colcon_core.verb:set package 'mycobot_ros2' build argument 'cmake_target_skip_unavailable' from command line to 'False'
[0.598s] Level 5:colcon.colcon_core.verb:set package 'mycobot_ros2' build argument 'cmake_clean_cache' from command line to 'False'
[0.598s] Level 5:colcon.colcon_core.verb:set package 'mycobot_ros2' build argument 'cmake_clean_first' from command line to 'False'
[0.598s] Level 5:colcon.colcon_core.verb:set package 'mycobot_ros2' build argument 'cmake_force_configure' from command line to 'False'
[0.598s] Level 5:colcon.colcon_core.verb:set package 'mycobot_ros2' build argument 'ament_cmake_args' from command line to 'None'
[0.598s] Level 5:colcon.colcon_core.verb:set package 'mycobot_ros2' build argument 'catkin_cmake_args' from command line to 'None'
[0.598s] Level 5:colcon.colcon_core.verb:set package 'mycobot_ros2' build argument 'catkin_skip_building_tests' from command line to 'False'
[0.598s] DEBUG:colcon.colcon_core.verb:Building package 'mycobot_ros2' with the following arguments: {'ament_cmake_args': None, 'build_base': '/home/jelly/ros2_ws/build/mycobot_ros2', 'catkin_cmake_args': None, 'catkin_skip_building_tests': False, 'cmake_args': None, 'cmake_clean_cache': False, 'cmake_clean_first': False, 'cmake_force_configure': False, 'cmake_target': None, 'cmake_target_skip_unavailable': False, 'install_base': '/home/jelly/ros2_ws/install/mycobot_ros2', 'merge_install': False, 'path': '/home/jelly/ros2_ws/src/mycobot_ros2/mycobot_ros2', 'symlink_install': False, 'test_result_base': None}
[0.599s] Level 5:colcon.colcon_core.verb:set package 'mycobot_hardware_interface' build argument 'cmake_args' from command line to 'None'
[0.599s] Level 5:colcon.colcon_core.verb:set package 'mycobot_hardware_interface' build argument 'cmake_target' from command line to 'None'
[0.599s] Level 5:colcon.colcon_core.verb:set package 'mycobot_hardware_interface' build argument 'cmake_target_skip_unavailable' from command line to 'False'
[0.599s] Level 5:colcon.colcon_core.verb:set package 'mycobot_hardware_interface' build argument 'cmake_clean_cache' from command line to 'False'
[0.599s] Level 5:colcon.colcon_core.verb:set package 'mycobot_hardware_interface' build argument 'cmake_clean_first' from command line to 'False'
[0.599s] Level 5:colcon.colcon_core.verb:set package 'mycobot_hardware_interface' build argument 'cmake_force_configure' from command line to 'False'
[0.599s] Level 5:colcon.colcon_core.verb:set package 'mycobot_hardware_interface' build argument 'ament_cmake_args' from command line to 'None'
[0.599s] Level 5:colcon.colcon_core.verb:set package 'mycobot_hardware_interface' build argument 'catkin_cmake_args' from command line to 'None'
[0.599s] Level 5:colcon.colcon_core.verb:set package 'mycobot_hardware_interface' build argument 'catkin_skip_building_tests' from command line to 'False'
[0.599s] DEBUG:colcon.colcon_core.verb:Building package 'mycobot_hardware_interface' with the following arguments: {'ament_cmake_args': None, 'build_base': '/home/jelly/ros2_ws/build/mycobot_hardware_interface', 'catkin_cmake_args': None, 'catkin_skip_building_tests': False, 'cmake_args': None, 'cmake_clean_cache': False, 'cmake_clean_first': False, 'cmake_force_configure': False, 'cmake_target': None, 'cmake_target_skip_unavailable': False, 'install_base': '/home/jelly/ros2_ws/install/mycobot_hardware_interface', 'merge_install': False, 'path': '/home/jelly/ros2_ws/src/mycobot-ros2-fix/mycobot_hardware_interface', 'symlink_install': False, 'test_result_base': None}
[0.600s] Level 5:colcon.colcon_core.verb:set package 'mycobot_280_description' build argument 'cmake_args' from command line to 'None'
[0.600s] Level 5:colcon.colcon_core.verb:set package 'mycobot_280_description' build argument 'cmake_target' from command line to 'None'
[0.600s] Level 5:colcon.colcon_core.verb:set package 'mycobot_280_description' build argument 'cmake_target_skip_unavailable' from command line to 'False'
[0.600s] Level 5:colcon.colcon_core.verb:set package 'mycobot_280_description' build argument 'cmake_clean_cache' from command line to 'False'
[0.600s] Level 5:colcon.colcon_core.verb:set package 'mycobot_280_description' build argument 'cmake_clean_first' from command line to 'False'
[0.600s] Level 5:colcon.colcon_core.verb:set package 'mycobot_280_description' build argument 'cmake_force_configure' from command line to 'False'
[0.600s] Level 5:colcon.colcon_core.verb:set package 'mycobot_280_description' build argument 'ament_cmake_args' from command line to 'None'
[0.600s] Level 5:colcon.colcon_core.verb:set package 'mycobot_280_description' build argument 'catkin_cmake_args' from command line to 'None'
[0.600s] Level 5:colcon.colcon_core.verb:set package 'mycobot_280_description' build argument 'catkin_skip_building_tests' from command line to 'False'
[0.600s] DEBUG:colcon.colcon_core.verb:Building package 'mycobot_280_description' with the following arguments: {'ament_cmake_args': None, 'build_base': '/home/jelly/ros2_ws/build/mycobot_280_description', 'catkin_cmake_args': None, 'catkin_skip_building_tests': False, 'cmake_args': None, 'cmake_clean_cache': False, 'cmake_clean_first': False, 'cmake_force_configure': False, 'cmake_target': None, 'cmake_target_skip_unavailable': False, 'install_base': '/home/jelly/ros2_ws/install/mycobot_280_description', 'merge_install': False, 'path': '/home/jelly/ros2_ws/src/mycobot-ros2-fix/mycobot_280_description', 'symlink_install': False, 'test_result_base': None}
[0.600s] INFO:colcon.colcon_core.executor:Executing jobs using 'parallel' executor
[0.602s] DEBUG:colcon.colcon_parallel_executor.executor.parallel:run_until_complete
[0.602s] INFO:colcon.colcon_ros.task.ament_cmake.build:Building ROS package in '/home/jelly/ros2_ws/src/catch2_ros' with build type 'ament_cmake'
[0.602s] INFO:colcon.colcon_cmake.task.cmake.build:Building CMake package in '/home/jelly/ros2_ws/src/catch2_ros'
[0.606s] INFO:colcon.colcon_core.plugin_system:Skipping extension 'colcon_core.shell.bat': Not used on non-Windows systems
[0.607s] INFO:colcon.colcon_core.shell:Skip shell extension 'powershell' for command environment: Not usable outside of PowerShell
[0.607s] DEBUG:colcon.colcon_core.shell:Skip shell extension 'dsv' for command environment
[0.612s] INFO:colcon.colcon_ros.task.ament_cmake.build:Building ROS package in '/home/jelly/ros2_ws/src/fp' with build type 'ament_cmake'
[0.613s] INFO:colcon.colcon_cmake.task.cmake.build:Building CMake package in '/home/jelly/ros2_ws/src/fp'
[0.613s] INFO:colcon.colcon_core.shell:Skip shell extension 'powershell' for command environment: Not usable outside of PowerShell
[0.613s] DEBUG:colcon.colcon_core.shell:Skip shell extension 'dsv' for command environment
[0.628s] INFO:colcon.colcon_ros.task.ament_cmake.build:Building ROS package in '/home/jelly/ros2_ws/src/serial' with build type 'ament_cmake'
[0.629s] INFO:colcon.colcon_cmake.task.cmake.build:Building CMake package in '/home/jelly/ros2_ws/src/serial'
[0.629s] INFO:colcon.colcon_core.shell:Skip shell extension 'powershell' for command environment: Not usable outside of PowerShell
[0.629s] DEBUG:colcon.colcon_core.shell:Skip shell extension 'dsv' for command environment
[0.636s] INFO:colcon.colcon_ros.task.ament_cmake.build:Building ROS package in '/home/jelly/ros2_ws/src/mycobot_ros2/mycobot_description' with build type 'ament_cmake'
[0.637s] INFO:colcon.colcon_cmake.task.cmake.build:Building CMake package in '/home/jelly/ros2_ws/src/mycobot_ros2/mycobot_description'
[0.638s] INFO:colcon.colcon_core.shell:Skip shell extension 'powershell' for command environment: Not usable outside of PowerShell
[0.638s] DEBUG:colcon.colcon_core.shell:Skip shell extension 'dsv' for command environment
[0.653s] DEBUG:colcon.colcon_core.event_handler.log_command:Invoking command in '/home/jelly/ros2_ws/build/catch2': /usr/bin/cmake --build /home/jelly/ros2_ws/build/catch2 -- -j4 -l4
[0.667s] DEBUG:colcon.colcon_core.event_handler.log_command:Invoking command in '/home/jelly/ros2_ws/build/fp': /usr/bin/cmake --build /home/jelly/ros2_ws/build/fp -- -j4 -l4
[0.678s] DEBUG:colcon.colcon_core.event_handler.log_command:Invoking command in '/home/jelly/ros2_ws/build/serial': /usr/bin/cmake --build /home/jelly/ros2_ws/build/serial -- -j4 -l4
[0.720s] DEBUG:colcon.colcon_core.event_handler.log_command:Invoking command in '/home/jelly/ros2_ws/build/mycobot_description': /usr/bin/cmake --build /home/jelly/ros2_ws/build/mycobot_description -- -j4 -l4
[0.802s] DEBUG:colcon.colcon_core.event_handler.log_command:Invoked command in '/home/jelly/ros2_ws/build/catch2' returned '0': /usr/bin/cmake --build /home/jelly/ros2_ws/build/catch2 -- -j4 -l4
[0.856s] DEBUG:colcon.colcon_core.event_handler.log_command:Invoked command in '/home/jelly/ros2_ws/build/mycobot_description' returned '0': /usr/bin/cmake --build /home/jelly/ros2_ws/build/mycobot_description -- -j4 -l4
[0.893s] DEBUG:colcon.colcon_core.event_handler.log_command:Invoked command in '/home/jelly/ros2_ws/build/serial' returned '0': /usr/bin/cmake --build /home/jelly/ros2_ws/build/serial -- -j4 -l4
[0.946s] DEBUG:colcon.colcon_core.event_handler.log_command:Invoking command in '/home/jelly/ros2_ws/build/catch2': /usr/bin/cmake --install /home/jelly/ros2_ws/build/catch2
[0.957s] DEBUG:colcon.colcon_core.event_handler.log_command:Invoking command in '/home/jelly/ros2_ws/build/mycobot_description': /usr/bin/cmake --install /home/jelly/ros2_ws/build/mycobot_description
[0.986s] Level 1:colcon.colcon_core.environment:create_environment_scripts_only(catch2)
[0.987s] DEBUG:colcon.colcon_core.event_handler.log_command:Invoked command in '/home/jelly/ros2_ws/build/catch2' returned '0': /usr/bin/cmake --install /home/jelly/ros2_ws/build/catch2
[0.991s] Level 1:colcon.colcon_core.environment:checking '/home/jelly/ros2_ws/install/catch2' for CMake module files
[0.992s] Level 1:colcon.colcon_core.environment:checking '/home/jelly/ros2_ws/install/catch2' for CMake config files
[0.992s] Level 1:colcon.colcon_core.shell:create_environment_hook('catch2', 'cmake_prefix_path')
[0.992s] INFO:colcon.colcon_core.shell:Creating environment hook '/home/jelly/ros2_ws/install/catch2/share/catch2/hook/cmake_prefix_path.ps1'
[0.993s] INFO:colcon.colcon_core.shell:Creating environment descriptor '/home/jelly/ros2_ws/install/catch2/share/catch2/hook/cmake_prefix_path.dsv'
[0.994s] INFO:colcon.colcon_core.shell:Creating environment hook '/home/jelly/ros2_ws/install/catch2/share/catch2/hook/cmake_prefix_path.sh'
[0.995s] Level 1:colcon.colcon_core.environment:checking '/home/jelly/ros2_ws/install/catch2/bin'
[0.995s] Level 1:colcon.colcon_core.environment:checking '/home/jelly/ros2_ws/install/catch2/lib/pkgconfig/catch2.pc'
[0.996s] Level 1:colcon.colcon_core.environment:checking '/home/jelly/ros2_ws/install/catch2/lib/python3.10/site-packages'
[0.997s] Level 1:colcon.colcon_core.environment:checking '/home/jelly/ros2_ws/install/catch2/bin'
[0.997s] INFO:colcon.colcon_core.shell:Creating package script '/home/jelly/ros2_ws/install/catch2/share/catch2/package.ps1'
[0.999s] INFO:colcon.colcon_core.shell:Creating package descriptor '/home/jelly/ros2_ws/install/catch2/share/catch2/package.dsv'
[1.000s] INFO:colcon.colcon_core.shell:Creating package script '/home/jelly/ros2_ws/install/catch2/share/catch2/package.sh'
[1.001s] INFO:colcon.colcon_core.shell:Creating package script '/home/jelly/ros2_ws/install/catch2/share/catch2/package.bash'
[1.002s] INFO:colcon.colcon_core.shell:Creating package script '/home/jelly/ros2_ws/install/catch2/share/catch2/package.zsh'
[1.004s] Level 1:colcon.colcon_core.environment:create_file_with_runtime_dependencies(/home/jelly/ros2_ws/install/catch2/share/colcon-core/packages/catch2)
[1.007s] Level 1:colcon.colcon_core.environment:create_environment_scripts_only(mycobot_description)
[1.008s] Level 1:colcon.colcon_core.environment:checking '/home/jelly/ros2_ws/install/mycobot_description' for CMake module files
[1.009s] Level 1:colcon.colcon_core.environment:checking '/home/jelly/ros2_ws/install/mycobot_description' for CMake config files
[1.010s] DEBUG:colcon.colcon_core.event_handler.log_command:Invoked command in '/home/jelly/ros2_ws/build/mycobot_description' returned '0': /usr/bin/cmake --install /home/jelly/ros2_ws/build/mycobot_description
[1.011s] Level 1:colcon.colcon_core.shell:create_environment_hook('mycobot_description', 'cmake_prefix_path')
[1.013s] INFO:colcon.colcon_core.shell:Creating environment hook '/home/jelly/ros2_ws/install/mycobot_description/share/mycobot_description/hook/cmake_prefix_path.ps1'
[1.014s] INFO:colcon.colcon_core.shell:Creating environment descriptor '/home/jelly/ros2_ws/install/mycobot_description/share/mycobot_description/hook/cmake_prefix_path.dsv'
[1.015s] INFO:colcon.colcon_core.shell:Creating environment hook '/home/jelly/ros2_ws/install/mycobot_description/share/mycobot_description/hook/cmake_prefix_path.sh'
[1.016s] Level 1:colcon.colcon_core.environment:checking '/home/jelly/ros2_ws/install/mycobot_description/bin'
[1.016s] Level 1:colcon.colcon_core.environment:checking '/home/jelly/ros2_ws/install/mycobot_description/lib/pkgconfig/mycobot_description.pc'
[1.017s] Level 1:colcon.colcon_core.environment:checking '/home/jelly/ros2_ws/install/mycobot_description/lib/python3.10/site-packages'
[1.017s] Level 1:colcon.colcon_core.environment:checking '/home/jelly/ros2_ws/install/mycobot_description/bin'
[1.018s] INFO:colcon.colcon_core.shell:Creating package script '/home/jelly/ros2_ws/install/mycobot_description/share/mycobot_description/package.ps1'
[1.019s] INFO:colcon.colcon_core.shell:Creating package descriptor '/home/jelly/ros2_ws/install/mycobot_description/share/mycobot_description/package.dsv'
[1.019s] INFO:colcon.colcon_core.shell:Creating package script '/home/jelly/ros2_ws/install/mycobot_description/share/mycobot_description/package.sh'
[1.020s] INFO:colcon.colcon_core.shell:Creating package script '/home/jelly/ros2_ws/install/mycobot_description/share/mycobot_description/package.bash'
[1.021s] INFO:colcon.colcon_core.shell:Creating package script '/home/jelly/ros2_ws/install/mycobot_description/share/mycobot_description/package.zsh'
[1.022s] Level 1:colcon.colcon_core.environment:create_file_with_runtime_dependencies(/home/jelly/ros2_ws/install/mycobot_description/share/colcon-core/packages/mycobot_description)
[1.043s] DEBUG:colcon.colcon_core.event_handler.log_command:Invoking command in '/home/jelly/ros2_ws/build/serial': /usr/bin/cmake --install /home/jelly/ros2_ws/build/serial
[1.058s] DEBUG:colcon.colcon_core.event_handler.log_command:Invoked command in '/home/jelly/ros2_ws/build/fp' returned '0': /usr/bin/cmake --build /home/jelly/ros2_ws/build/fp -- -j4 -l4
[1.068s] Level 1:colcon.colcon_core.environment:create_environment_scripts_only(catch2)
[1.068s] Level 1:colcon.colcon_core.environment:checking '/home/jelly/ros2_ws/install/catch2' for CMake module files
[1.072s] Level 1:colcon.colcon_core.environment:checking '/home/jelly/ros2_ws/install/catch2' for CMake config files
[1.073s] Level 1:colcon.colcon_core.shell:create_environment_hook('catch2', 'cmake_prefix_path')
[1.074s] INFO:colcon.colcon_core.shell:Creating environment hook '/home/jelly/ros2_ws/install/catch2/share/catch2/hook/cmake_prefix_path.ps1'
[1.074s] INFO:colcon.colcon_core.shell:Creating environment descriptor '/home/jelly/ros2_ws/install/catch2/share/catch2/hook/cmake_prefix_path.dsv'
[1.075s] INFO:colcon.colcon_core.shell:Creating environment hook '/home/jelly/ros2_ws/install/catch2/share/catch2/hook/cmake_prefix_path.sh'
[1.075s] Level 1:colcon.colcon_core.environment:checking '/home/jelly/ros2_ws/install/catch2/bin'
[1.076s] Level 1:colcon.colcon_core.environment:checking '/home/jelly/ros2_ws/install/catch2/lib/pkgconfig/catch2.pc'
[1.076s] Level 1:colcon.colcon_core.environment:checking '/home/jelly/ros2_ws/install/catch2/lib/python3.10/site-packages'
[1.077s] Level 1:colcon.colcon_core.environment:checking '/home/jelly/ros2_ws/install/catch2/bin'
[1.077s] INFO:colcon.colcon_core.shell:Creating package script '/home/jelly/ros2_ws/install/catch2/share/catch2/package.ps1'
[1.079s] INFO:colcon.colcon_core.shell:Creating package descriptor '/home/jelly/ros2_ws/install/catch2/share/catch2/package.dsv'
[1.079s] INFO:colcon.colcon_core.shell:Creating package script '/home/jelly/ros2_ws/install/catch2/share/catch2/package.sh'
[1.080s] INFO:colcon.colcon_core.shell:Creating package script '/home/jelly/ros2_ws/install/catch2/share/catch2/package.bash'
[1.081s] INFO:colcon.colcon_core.shell:Creating package script '/home/jelly/ros2_ws/install/catch2/share/catch2/package.zsh'
[1.082s] Level 1:colcon.colcon_core.environment:create_file_with_runtime_dependencies(/home/jelly/ros2_ws/install/catch2/share/colcon-core/packages/catch2)
[1.083s] INFO:colcon.colcon_ros.task.ament_cmake.build:Building ROS package in '/home/jelly/ros2_ws/src/mycobot_ros2/mycobot_gazebo' with build type 'ament_cmake'
[1.083s] INFO:colcon.colcon_cmake.task.cmake.build:Building CMake package in '/home/jelly/ros2_ws/src/mycobot_ros2/mycobot_gazebo'
[1.084s] INFO:colcon.colcon_core.shell:Skip shell extension 'powershell' for command environment: Not usable outside of PowerShell
[1.084s] DEBUG:colcon.colcon_core.shell:Skip shell extension 'dsv' for command environment
[1.093s] Level 1:colcon.colcon_core.environment:create_environment_scripts_only(serial)
[1.094s] Level 1:colcon.colcon_core.environment:checking '/home/jelly/ros2_ws/install/serial' for CMake module files
[1.095s] DEBUG:colcon.colcon_core.event_handler.log_command:Invoked command in '/home/jelly/ros2_ws/build/serial' returned '0': /usr/bin/cmake --install /home/jelly/ros2_ws/build/serial
[1.096s] Level 1:colcon.colcon_core.environment:checking '/home/jelly/ros2_ws/install/serial' for CMake config files
[1.097s] Level 1:colcon.colcon_core.shell:create_environment_hook('serial', 'cmake_prefix_path')
[1.097s] INFO:colcon.colcon_core.shell:Creating environment hook '/home/jelly/ros2_ws/install/serial/share/serial/hook/cmake_prefix_path.ps1'
[1.098s] INFO:colcon.colcon_core.shell:Creating environment descriptor '/home/jelly/ros2_ws/install/serial/share/serial/hook/cmake_prefix_path.dsv'
[1.099s] INFO:colcon.colcon_core.shell:Creating environment hook '/home/jelly/ros2_ws/install/serial/share/serial/hook/cmake_prefix_path.sh'
[1.101s] Level 1:colcon.colcon_core.environment:checking '/home/jelly/ros2_ws/install/serial/lib'
[1.102s] Level 1:colcon.colcon_core.environment:checking '/home/jelly/ros2_ws/install/serial/bin'
[1.102s] Level 1:colcon.colcon_core.environment:checking '/home/jelly/ros2_ws/install/serial/lib/pkgconfig/serial.pc'
[1.104s] Level 1:colcon.colcon_core.environment:checking '/home/jelly/ros2_ws/install/serial/lib/python3.10/site-packages'
[1.104s] Level 1:colcon.colcon_core.environment:checking '/home/jelly/ros2_ws/install/serial/bin'
[1.105s] INFO:colcon.colcon_core.shell:Creating package script '/home/jelly/ros2_ws/install/serial/share/serial/package.ps1'
[1.106s] INFO:colcon.colcon_core.shell:Creating package descriptor '/home/jelly/ros2_ws/install/serial/share/serial/package.dsv'
[1.107s] INFO:colcon.colcon_core.shell:Creating package script '/home/jelly/ros2_ws/install/serial/share/serial/package.sh'
[1.108s] INFO:colcon.colcon_core.shell:Creating package script '/home/jelly/ros2_ws/install/serial/share/serial/package.bash'
[1.109s] INFO:colcon.colcon_core.shell:Creating package script '/home/jelly/ros2_ws/install/serial/share/serial/package.zsh'
[1.109s] Level 1:colcon.colcon_core.environment:create_file_with_runtime_dependencies(/home/jelly/ros2_ws/install/serial/share/colcon-core/packages/serial)
[1.113s] Level 1:colcon.colcon_core.environment:create_environment_scripts_only(mycobot_description)
[1.113s] Level 1:colcon.colcon_core.environment:checking '/home/jelly/ros2_ws/install/mycobot_description' for CMake module files
[1.114s] Level 1:colcon.colcon_core.environment:checking '/home/jelly/ros2_ws/install/mycobot_description' for CMake config files
[1.114s] Level 1:colcon.colcon_core.shell:create_environment_hook('mycobot_description', 'cmake_prefix_path')
[1.115s] INFO:colcon.colcon_core.shell:Creating environment hook '/home/jelly/ros2_ws/install/mycobot_description/share/mycobot_description/hook/cmake_prefix_path.ps1'
[1.115s] INFO:colcon.colcon_core.shell:Creating environment descriptor '/home/jelly/ros2_ws/install/mycobot_description/share/mycobot_description/hook/cmake_prefix_path.dsv'
[1.116s] INFO:colcon.colcon_core.shell:Creating environment hook '/home/jelly/ros2_ws/install/mycobot_description/share/mycobot_description/hook/cmake_prefix_path.sh'
[1.117s] Level 1:colcon.colcon_core.environment:checking '/home/jelly/ros2_ws/install/mycobot_description/bin'
[1.117s] Level 1:colcon.colcon_core.environment:checking '/home/jelly/ros2_ws/install/mycobot_description/lib/pkgconfig/mycobot_description.pc'
[1.117s] Level 1:colcon.colcon_core.environment:checking '/home/jelly/ros2_ws/install/mycobot_description/lib/python3.10/site-packages'
[1.118s] Level 1:colcon.colcon_core.environment:checking '/home/jelly/ros2_ws/install/mycobot_description/bin'
[1.118s] INFO:colcon.colcon_core.shell:Creating package script '/home/jelly/ros2_ws/install/mycobot_description/share/mycobot_description/package.ps1'
[1.119s] INFO:colcon.colcon_core.shell:Creating package descriptor '/home/jelly/ros2_ws/install/mycobot_description/share/mycobot_description/package.dsv'
[1.120s] INFO:colcon.colcon_core.shell:Creating package script '/home/jelly/ros2_ws/install/mycobot_description/share/mycobot_description/package.sh'
[1.121s] INFO:colcon.colcon_core.shell:Creating package script '/home/jelly/ros2_ws/install/mycobot_description/share/mycobot_description/package.bash'
[1.121s] INFO:colcon.colcon_core.shell:Creating package script '/home/jelly/ros2_ws/install/mycobot_description/share/mycobot_description/package.zsh'
[1.122s] Level 1:colcon.colcon_core.environment:create_file_with_runtime_dependencies(/home/jelly/ros2_ws/install/mycobot_description/share/colcon-core/packages/mycobot_description)
[1.133s] INFO:colcon.colcon_cmake.task.cmake.build:Building CMake package in '/home/jelly/ros2_ws/src/fmt'
[1.133s] INFO:colcon.colcon_core.shell:Skip shell extension 'powershell' for command environment: Not usable outside of PowerShell
[1.133s] DEBUG:colcon.colcon_core.shell:Skip shell extension 'dsv' for command environment
[1.148s] DEBUG:colcon.colcon_core.event_handler.log_command:Invoking command in '/home/jelly/ros2_ws/build/mycobot_gazebo': /usr/bin/cmake --build /home/jelly/ros2_ws/build/mycobot_gazebo -- -j4 -l4
[1.161s] DEBUG:colcon.colcon_core.event_handler.log_command:Invoking command in '/home/jelly/ros2_ws/build/FMT': /usr/bin/cmake --build /home/jelly/ros2_ws/build/FMT -- -j4 -l4
[1.184s] DEBUG:colcon.colcon_core.event_handler.log_command:Invoking command in '/home/jelly/ros2_ws/build/fp': /usr/bin/cmake --install /home/jelly/ros2_ws/build/fp
[1.208s] DEBUG:colcon.colcon_core.event_handler.log_command:Invoked command in '/home/jelly/ros2_ws/build/fp' returned '1': /usr/bin/cmake --install /home/jelly/ros2_ws/build/fp
[1.216s] Level 1:colcon.colcon_core.environment:create_environment_scripts_only(serial)
[1.216s] Level 1:colcon.colcon_core.environment:checking '/home/jelly/ros2_ws/install/serial' for CMake module files
[1.217s] Level 1:colcon.colcon_core.environment:checking '/home/jelly/ros2_ws/install/serial' for CMake config files
[1.217s] Level 1:colcon.colcon_core.shell:create_environment_hook('serial', 'cmake_prefix_path')
[1.218s] INFO:colcon.colcon_core.shell:Creating environment hook '/home/jelly/ros2_ws/install/serial/share/serial/hook/cmake_prefix_path.ps1'
[1.218s] INFO:colcon.colcon_core.shell:Creating environment descriptor '/home/jelly/ros2_ws/install/serial/share/serial/hook/cmake_prefix_path.dsv'
[1.219s] INFO:colcon.colcon_core.shell:Creating environment hook '/home/jelly/ros2_ws/install/serial/share/serial/hook/cmake_prefix_path.sh'
[1.229s] Level 1:colcon.colcon_core.environment:checking '/home/jelly/ros2_ws/install/serial/lib'
[1.229s] Level 1:colcon.colcon_core.environment:checking '/home/jelly/ros2_ws/install/serial/bin'
[1.229s] Level 1:colcon.colcon_core.environment:checking '/home/jelly/ros2_ws/install/serial/lib/pkgconfig/serial.pc'
[1.229s] Level 1:colcon.colcon_core.environment:checking '/home/jelly/ros2_ws/install/serial/lib/python3.10/site-packages'
[1.230s] Level 1:colcon.colcon_core.environment:checking '/home/jelly/ros2_ws/install/serial/bin'
[1.230s] INFO:colcon.colcon_core.shell:Creating package script '/home/jelly/ros2_ws/install/serial/share/serial/package.ps1'
[1.231s] INFO:colcon.colcon_core.shell:Creating package descriptor '/home/jelly/ros2_ws/install/serial/share/serial/package.dsv'
[1.231s] INFO:colcon.colcon_core.shell:Creating package script '/home/jelly/ros2_ws/install/serial/share/serial/package.sh'
[1.239s] INFO:colcon.colcon_core.shell:Creating package script '/home/jelly/ros2_ws/install/serial/share/serial/package.bash'
[1.240s] INFO:colcon.colcon_core.shell:Creating package script '/home/jelly/ros2_ws/install/serial/share/serial/package.zsh'
[1.241s] Level 1:colcon.colcon_core.environment:create_file_with_runtime_dependencies(/home/jelly/ros2_ws/install/serial/share/colcon-core/packages/serial)
[1.241s] INFO:colcon.colcon_ros.task.ament_cmake.build:Building ROS package in '/home/jelly/ros2_ws/src/motion_planning_python_api' with build type 'ament_cmake'
[1.242s] INFO:colcon.colcon_cmake.task.cmake.build:Building CMake package in '/home/jelly/ros2_ws/src/motion_planning_python_api'
[1.242s] INFO:colcon.colcon_core.shell:Skip shell extension 'powershell' for command environment: Not usable outside of PowerShell
[1.242s] DEBUG:colcon.colcon_core.shell:Skip shell extension 'dsv' for command environment
[1.271s] DEBUG:colcon.colcon_core.event_handler.log_command:Invoking command in '/home/jelly/ros2_ws/build/motion_planning_python_api': /usr/bin/cmake --build /home/jelly/ros2_ws/build/motion_planning_python_api -- -j4 -l4
[1.283s] DEBUG:colcon.colcon_core.event_handler.log_command:Invoked command in '/home/jelly/ros2_ws/build/mycobot_gazebo' returned '0': /usr/bin/cmake --build /home/jelly/ros2_ws/build/mycobot_gazebo -- -j4 -l4
[1.408s] DEBUG:colcon.colcon_core.event_handler.log_command:Invoked command in '/home/jelly/ros2_ws/build/motion_planning_python_api' returned '0': /usr/bin/cmake --build /home/jelly/ros2_ws/build/motion_planning_python_api -- -j4 -l4
[1.414s] Level 1:colcon.colcon_core.environment:create_environment_scripts_only(fp)
[1.414s] Level 1:colcon.colcon_core.environment:checking '/home/jelly/ros2_ws/install/fp' for CMake module files
[1.414s] Level 1:colcon.colcon_core.environment:checking '/home/jelly/ros2_ws/install/fp' for CMake config files
[1.415s] Level 1:colcon.colcon_core.environment:checking '/home/jelly/ros2_ws/install/fp/bin'
[1.415s] Level 1:colcon.colcon_core.environment:checking '/home/jelly/ros2_ws/install/fp/lib/pkgconfig/fp.pc'
[1.415s] Level 1:colcon.colcon_core.environment:checking '/home/jelly/ros2_ws/install/fp/lib/python3.10/site-packages'
[1.416s] Level 1:colcon.colcon_core.environment:checking '/home/jelly/ros2_ws/install/fp/bin'
[1.417s] INFO:colcon.colcon_core.shell:Creating package script '/home/jelly/ros2_ws/install/fp/share/fp/package.ps1'
[1.418s] INFO:colcon.colcon_core.shell:Creating package descriptor '/home/jelly/ros2_ws/install/fp/share/fp/package.dsv'
[1.419s] INFO:colcon.colcon_core.shell:Creating package script '/home/jelly/ros2_ws/install/fp/share/fp/package.sh'
[1.420s] INFO:colcon.colcon_core.shell:Creating package script '/home/jelly/ros2_ws/install/fp/share/fp/package.bash'
[1.420s] INFO:colcon.colcon_core.shell:Creating package script '/home/jelly/ros2_ws/install/fp/share/fp/package.zsh'
[1.421s] Level 1:colcon.colcon_core.environment:create_file_with_runtime_dependencies(/home/jelly/ros2_ws/install/fp/share/colcon-core/packages/fp)
[1.802s] DEBUG:colcon.colcon_parallel_executor.executor.parallel:closing loop
[1.803s] DEBUG:colcon.colcon_parallel_executor.executor.parallel:loop closed
[1.803s] DEBUG:colcon.colcon_parallel_executor.executor.parallel:run_until_complete finished with '1'
[1.803s] DEBUG:colcon.colcon_core.event_reactor:joining thread
[1.812s] INFO:colcon.colcon_core.plugin_system:Skipping extension 'colcon_notification.desktop_notification.terminal_notifier': Not used on non-Darwin systems
[1.812s] INFO:colcon.colcon_core.plugin_system:Skipping extension 'colcon_notification.desktop_notification.win32': Not used on non-Windows systems
[1.812s] INFO:colcon.colcon_notification.desktop_notification:Sending desktop notification using 'notify2'
[1.839s] DEBUG:colcon.colcon_core.event_reactor:joined thread
[1.840s] INFO:colcon.colcon_core.shell:Creating prefix script '/home/jelly/ros2_ws/install/local_setup.ps1'
[1.841s] INFO:colcon.colcon_core.shell:Creating prefix util module '/home/jelly/ros2_ws/install/_local_setup_util_ps1.py'
[1.843s] INFO:colcon.colcon_core.shell:Creating prefix chain script '/home/jelly/ros2_ws/install/setup.ps1'
[1.844s] INFO:colcon.colcon_core.shell:Creating prefix script '/home/jelly/ros2_ws/install/local_setup.sh'
[1.845s] INFO:colcon.colcon_core.shell:Creating prefix util module '/home/jelly/ros2_ws/install/_local_setup_util_sh.py'
[1.846s] INFO:colcon.colcon_core.shell:Creating prefix chain script '/home/jelly/ros2_ws/install/setup.sh'
[1.847s] INFO:colcon.colcon_core.shell:Creating prefix script '/home/jelly/ros2_ws/install/local_setup.bash'
[1.848s] INFO:colcon.colcon_core.shell:Creating prefix chain script '/home/jelly/ros2_ws/install/setup.bash'
[1.853s] INFO:colcon.colcon_core.shell:Creating prefix script '/home/jelly/ros2_ws/install/local_setup.zsh'
[1.854s] INFO:colcon.colcon_core.shell:Creating prefix chain script '/home/jelly/ros2_ws/install/setup.zsh'
