[0.040s] Invoking command in '/home/coleman/ros2_ws/build/mycobot_gazebo': CMAKE_PREFIX_PATH=${CMAKE_PREFIX_PATH}:/opt/ros/humble /usr/bin/cmake --build /home/coleman/ros2_ws/build/mycobot_gazebo -- -j16 -l16
[0.085s] -- Found ament_cmake: 1.3.9 (/opt/ros/humble/share/ament_cmake/cmake)
[0.337s] -- Found rclcpp: 16.0.9 (/opt/ros/humble/share/rclcpp/cmake)
[0.404s] -- Found rosidl_generator_c: 3.1.5 (/opt/ros/humble/share/rosidl_generator_c/cmake)
[0.407s] -- Found rosidl_adapter: 3.1.5 (/opt/ros/humble/share/rosidl_adapter/cmake)
[0.421s] -- Found rosidl_generator_cpp: 3.1.5 (/opt/ros/humble/share/rosidl_generator_cpp/cmake)
[0.447s] -- Using all available rosidl_typesupport_c: rosidl_typesupport_fastrtps_c;rosidl_typesupport_introspection_c
[0.485s] -- Using all available rosidl_typesupport_cpp: rosidl_typesupport_fastrtps_cpp;rosidl_typesupport_introspection_cpp
[0.613s] -- Found rmw_implementation_cmake: 6.1.2 (/opt/ros/humble/share/rmw_implementation_cmake/cmake)
[0.616s] -- Found rmw_fastrtps_cpp: 6.2.6 (/opt/ros/humble/share/rmw_fastrtps_cpp/cmake)
[0.839s] -- Using RMW implementation 'rmw_fastrtps_cpp' as default
[1.149s] -- Found xacro: 2.0.8 (/opt/ros/humble/share/xacro/cmake)
[1.150s] -- Found trajectory_msgs: 4.2.4 (/opt/ros/humble/share/trajectory_msgs/cmake)
[1.387s] -- Found ros_gz: 0.244.14 (/opt/ros/humble/share/ros_gz/cmake)
[1.387s] -- Found ros_gz_sim: 0.244.14 (/opt/ros/humble/share/ros_gz_sim/cmake)
[1.392s] -- Found ros_gz_image: 0.244.14 (/opt/ros/humble/share/ros_gz_image/cmake)
[1.395s] -- Found ament_lint_auto: 0.12.11 (/opt/ros/humble/share/ament_lint_auto/cmake)
[1.659s] -- Added test 'lint_cmake' to check CMake code style
[1.782s] -- Added test 'xmllint' to check XML markup files
[1.783s] -- Configuring done
[1.789s] [31mCMake Error at CMakeLists.txt:38 (add_executable):
[1.789s]   Cannot find source file:
[1.789s] 
[1.790s]     src/example_joint_trajectory_publisher.cpp
[1.790s] 
[1.790s]   Tried extensions .c .C .c++ .cc .cpp .cxx .cu .mpp .m .M .mm .ixx .cppm .h
[1.790s]   .hh .h++ .hm .hpp .hxx .in .txx .f .F .for .f77 .f90 .f95 .f03 .hip .ispc
[1.790s] 
[1.790s] [0m
[1.792s] [31mCMake Error at CMakeLists.txt:38 (add_executable):
[1.792s]   No SOURCES given to target: example_joint_trajectory_publisher_cpp
[1.792s] 
[1.792s] [0m
[1.792s] [0mCMake Generate step failed.  Build files cannot be regenerated correctly.[0m
[1.804s] gmake: *** [Makefile:226: cmake_check_build_system] Error 1
[1.808s] Invoked command in '/home/coleman/ros2_ws/build/mycobot_gazebo' returned '2': CMAKE_PREFIX_PATH=${CMAKE_PREFIX_PATH}:/opt/ros/humble /usr/bin/cmake --build /home/coleman/ros2_ws/build/mycobot_gazebo -- -j16 -l16
