[0.034s] Invoking command in '/home/jelly/ros2_ws/build/fp': CMAKE_PREFIX_PATH=${CMAKE_PREFIX_PATH}:/home/jelly/ros2_ws/install/mycobot_real_moveit:/home/jelly/ros2_ws/install/mycobot_280:/home/jelly/ros2_ws/install/my_moveit2_package:/opt/ros/humble /usr/bin/cmake --build /home/jelly/ros2_ws/build/fp -- -j4 -l4
[0.147s] [ 10%] Built target no_discard
[0.162s] [ 20%] Built target validate_in
[0.169s] [ 30%] Built target result
[0.171s] [ 40%] Built target maybe_error
[0.202s] [ 50%] Built target validate_range
[0.210s] [ 60%] Built target gtest_main
[0.253s] [ 70%] Built target gtest
[0.302s] [ 80%] Built target validate_tests
[0.321s] [ 90%] Built target result_tests
[0.341s] [100%] Built target mbind_tests
[0.375s] Invoked command in '/home/jelly/ros2_ws/build/fp' returned '0': CMAKE_PREFIX_PATH=${CMAKE_PREFIX_PATH}:/home/jelly/ros2_ws/install/mycobot_real_moveit:/home/jelly/ros2_ws/install/mycobot_280:/home/jelly/ros2_ws/install/my_moveit2_package:/opt/ros/humble /usr/bin/cmake --build /home/jelly/ros2_ws/build/fp -- -j4 -l4
[0.469s] Invoking command in '/home/jelly/ros2_ws/build/fp': CMAKE_PREFIX_PATH=${CMAKE_PREFIX_PATH}:/home/jelly/ros2_ws/install/mycobot_real_moveit:/home/jelly/ros2_ws/install/mycobot_280:/home/jelly/ros2_ws/install/my_moveit2_package:/opt/ros/humble /usr/bin/cmake --install /home/jelly/ros2_ws/build/fp
[0.495s] -- Install configuration: ""
[0.496s] -- Execute custom install script
[0.497s] -- Up-to-date symlink: /home/jelly/ros2_ws/install/fp/include//fp/_external/expected.hpp
[0.498s] -- Up-to-date symlink: /home/jelly/ros2_ws/install/fp/include//fp/all.hpp
[0.499s] -- Up-to-date symlink: /home/jelly/ros2_ws/install/fp/include//fp/macros.hpp
[0.499s] -- Up-to-date symlink: /home/jelly/ros2_ws/install/fp/include//fp/monad.hpp
[0.500s] -- Up-to-date symlink: /home/jelly/ros2_ws/install/fp/include//fp/no_discard.hpp
[0.501s] -- Up-to-date symlink: /home/jelly/ros2_ws/install/fp/include//fp/result.hpp
[0.502s] -- Up-to-date symlink: /home/jelly/ros2_ws/install/fp/include//fp/validate.hpp
[0.502s] -- Up-to-date symlink: /home/jelly/ros2_ws/install/fp/share/ament_index/resource_index/package_run_dependencies/fp
[0.503s] -- Up-to-date symlink: /home/jelly/ros2_ws/install/fp/share/ament_index/resource_index/parent_prefix_path/fp
[0.504s] -- Up-to-date symlink: /home/jelly/ros2_ws/install/fp/share/fp/environment/ament_prefix_path.sh
[0.513s] -- Up-to-date symlink: /home/jelly/ros2_ws/install/fp/share/fp/environment/ament_prefix_path.dsv
[0.514s] -- Up-to-date symlink: /home/jelly/ros2_ws/install/fp/share/fp/environment/path.sh
[0.515s] -- Up-to-date symlink: /home/jelly/ros2_ws/install/fp/share/fp/environment/path.dsv
[0.515s] -- Up-to-date symlink: /home/jelly/ros2_ws/install/fp/share/fp/local_setup.bash
[0.515s] -- Up-to-date symlink: /home/jelly/ros2_ws/install/fp/share/fp/local_setup.sh
[0.515s] -- Up-to-date symlink: /home/jelly/ros2_ws/install/fp/share/fp/local_setup.zsh
[0.515s] -- Up-to-date symlink: /home/jelly/ros2_ws/install/fp/share/fp/local_setup.dsv
[0.515s] -- Symlinking: /home/jelly/ros2_ws/install/fp/share/fp/package.dsv
[0.529s] -- Up-to-date symlink: /home/jelly/ros2_ws/install/fp/share/ament_index/resource_index/packages/fp
[0.529s] -- Up-to-date symlink: /home/jelly/ros2_ws/install/fp/share/fp/cmake/ament_cmake_export_include_directories-extras.cmake
[0.529s] -- Up-to-date symlink: /home/jelly/ros2_ws/install/fp/share/fp/cmake/ament_cmake_export_targets-extras.cmake
[0.529s] -- Up-to-date symlink: /home/jelly/ros2_ws/install/fp/share/fp/cmake/ament_cmake_export_dependencies-extras.cmake
[0.529s] -- Up-to-date symlink: /home/jelly/ros2_ws/install/fp/share/fp/cmake/fpConfig.cmake
[0.531s] -- Up-to-date symlink: /home/jelly/ros2_ws/install/fp/share/fp/cmake/fpConfig-version.cmake
[0.532s] -- Up-to-date symlink: /home/jelly/ros2_ws/install/fp/share/fp/package.xml
[0.533s] -- Up-to-date: /home/jelly/ros2_ws/install/fp/share/fp/cmake/fpTargetsExport.cmake
[0.539s] Invoked command in '/home/jelly/ros2_ws/build/fp' returned '0': CMAKE_PREFIX_PATH=${CMAKE_PREFIX_PATH}:/home/jelly/ros2_ws/install/mycobot_real_moveit:/home/jelly/ros2_ws/install/mycobot_280:/home/jelly/ros2_ws/install/my_moveit2_package:/opt/ros/humble /usr/bin/cmake --install /home/jelly/ros2_ws/build/fp
