[0.018s] Invoking command in '/home/jelly/ros2_ws/build/mycobot_ros2': AMENT_PREFIX_PATH=/home/jelly/ros2_ws/install/mycobot_description:${AMENT_PREFIX_PATH} CMAKE_PREFIX_PATH=/home/jelly/ros2_ws/install/mycobot_description:/opt/ros/humble /usr/bin/cmake --build /home/jelly/ros2_ws/build/mycobot_ros2 -- -j4 -l4
[0.101s] Invoked command in '/home/jelly/ros2_ws/build/mycobot_ros2' returned '0': AMENT_PREFIX_PATH=/home/jelly/ros2_ws/install/mycobot_description:${AMENT_PREFIX_PATH} CMAKE_PREFIX_PATH=/home/jelly/ros2_ws/install/mycobot_description:/opt/ros/humble /usr/bin/cmake --build /home/jelly/ros2_ws/build/mycobot_ros2 -- -j4 -l4
[0.161s] Invoking command in '/home/jelly/ros2_ws/build/mycobot_ros2': AMENT_PREFIX_PATH=/home/jelly/ros2_ws/install/mycobot_description:${AMENT_PREFIX_PATH} CMAKE_PREFIX_PATH=/home/jelly/ros2_ws/install/mycobot_description:/opt/ros/humble /usr/bin/cmake --install /home/jelly/ros2_ws/build/mycobot_ros2
[0.173s] -- Install configuration: ""
[0.174s] -- Up-to-date: /home/jelly/ros2_ws/install/mycobot_ros2/share/ament_index/resource_index/package_run_dependencies/mycobot_ros2
[0.174s] -- Up-to-date: /home/jelly/ros2_ws/install/mycobot_ros2/share/ament_index/resource_index/parent_prefix_path/mycobot_ros2
[0.175s] -- Up-to-date: /home/jelly/ros2_ws/install/mycobot_ros2/share/mycobot_ros2/environment/ament_prefix_path.sh
[0.175s] -- Up-to-date: /home/jelly/ros2_ws/install/mycobot_ros2/share/mycobot_ros2/environment/ament_prefix_path.dsv
[0.175s] -- Up-to-date: /home/jelly/ros2_ws/install/mycobot_ros2/share/mycobot_ros2/environment/path.sh
[0.175s] -- Up-to-date: /home/jelly/ros2_ws/install/mycobot_ros2/share/mycobot_ros2/environment/path.dsv
[0.175s] -- Up-to-date: /home/jelly/ros2_ws/install/mycobot_ros2/share/mycobot_ros2/local_setup.bash
[0.175s] -- Up-to-date: /home/jelly/ros2_ws/install/mycobot_ros2/share/mycobot_ros2/local_setup.sh
[0.175s] -- Up-to-date: /home/jelly/ros2_ws/install/mycobot_ros2/share/mycobot_ros2/local_setup.zsh
[0.176s] -- Up-to-date: /home/jelly/ros2_ws/install/mycobot_ros2/share/mycobot_ros2/local_setup.dsv
[0.176s] -- Installing: /home/jelly/ros2_ws/install/mycobot_ros2/share/mycobot_ros2/package.dsv
[0.176s] -- Up-to-date: /home/jelly/ros2_ws/install/mycobot_ros2/share/ament_index/resource_index/packages/mycobot_ros2
[0.176s] -- Up-to-date: /home/jelly/ros2_ws/install/mycobot_ros2/share/mycobot_ros2/cmake/mycobot_ros2Config.cmake
[0.176s] -- Up-to-date: /home/jelly/ros2_ws/install/mycobot_ros2/share/mycobot_ros2/cmake/mycobot_ros2Config-version.cmake
[0.176s] -- Up-to-date: /home/jelly/ros2_ws/install/mycobot_ros2/share/mycobot_ros2/package.xml
[0.179s] Invoked command in '/home/jelly/ros2_ws/build/mycobot_ros2' returned '0': AMENT_PREFIX_PATH=/home/jelly/ros2_ws/install/mycobot_description:${AMENT_PREFIX_PATH} CMAKE_PREFIX_PATH=/home/jelly/ros2_ws/install/mycobot_description:/opt/ros/humble /usr/bin/cmake --install /home/jelly/ros2_ws/build/mycobot_ros2
