[0.044s] Invoking command in '/home/jelly/ros2_ws/build/FMT': /usr/bin/cmake --build /home/jelly/ros2_ws/build/FMT -- -j4 -l4
[0.150s] [  4%] Built target fmt
[0.168s] [  7%] Built target gtest
[0.291s] [ 16%] Built target format-impl-test
[0.302s] [ 25%] Built target scan-test
[0.302s] [ 30%] Built target test-main
[0.325s] [ 39%] Built target compile-fp-test
[0.453s] [ 42%] Built target args-test
[0.453s] [ 50%] Built target unicode-test
[0.465s] [ 59%] Built target posix-mock-test
[0.474s] [ 61%] Built target base-test
[0.530s] [ 64%] Built target chrono-test
[0.552s] [ 67%] Built target color-test
[0.584s] [ 70%] Built target gtest-extra-test
[0.586s] [ 73%] Built target assert-test
[0.609s] [ 76%] Built target format-test
[0.610s] [ 78%] Built target compile-test
[0.613s] [ 81%] Built target ostream-test
[0.614s] [ 84%] Built target printf-test
[0.684s] [ 87%] Built target enforce-checks-test
[0.686s] [ 91%] Built target ranges-test
[0.694s] [ 94%] Built target std-test
[0.712s] [ 97%] Built target xchar-test
[0.754s] [100%] Built target os-test
[0.784s] Invoked command in '/home/jelly/ros2_ws/build/FMT' returned '0': /usr/bin/cmake --build /home/jelly/ros2_ws/build/FMT -- -j4 -l4
[0.954s] Invoking command in '/home/jelly/ros2_ws/build/FMT': /usr/bin/cmake --install /home/jelly/ros2_ws/build/FMT
[0.978s] -- Install configuration: "Release"
[0.978s] -- Up-to-date: /home/jelly/ros2_ws/install/FMT/lib/libfmt.a
[0.978s] -- Up-to-date: /home/jelly/ros2_ws/install/FMT/include/fmt/args.h
[0.978s] -- Up-to-date: /home/jelly/ros2_ws/install/FMT/include/fmt/base.h
[0.979s] -- Up-to-date: /home/jelly/ros2_ws/install/FMT/include/fmt/chrono.h
[0.980s] -- Up-to-date: /home/jelly/ros2_ws/install/FMT/include/fmt/color.h
[0.980s] -- Up-to-date: /home/jelly/ros2_ws/install/FMT/include/fmt/compile.h
[0.980s] -- Up-to-date: /home/jelly/ros2_ws/install/FMT/include/fmt/core.h
[0.981s] -- Up-to-date: /home/jelly/ros2_ws/install/FMT/include/fmt/format.h
[0.981s] -- Up-to-date: /home/jelly/ros2_ws/install/FMT/include/fmt/format-inl.h
[0.981s] -- Up-to-date: /home/jelly/ros2_ws/install/FMT/include/fmt/os.h
[0.982s] -- Up-to-date: /home/jelly/ros2_ws/install/FMT/include/fmt/ostream.h
[0.982s] -- Up-to-date: /home/jelly/ros2_ws/install/FMT/include/fmt/printf.h
[0.982s] -- Up-to-date: /home/jelly/ros2_ws/install/FMT/include/fmt/ranges.h
[0.982s] -- Up-to-date: /home/jelly/ros2_ws/install/FMT/include/fmt/std.h
[0.983s] -- Up-to-date: /home/jelly/ros2_ws/install/FMT/include/fmt/xchar.h
[0.983s] -- Up-to-date: /home/jelly/ros2_ws/install/FMT/lib/cmake/fmt/fmt-config.cmake
[0.983s] -- Up-to-date: /home/jelly/ros2_ws/install/FMT/lib/cmake/fmt/fmt-config-version.cmake
[0.983s] -- Up-to-date: /home/jelly/ros2_ws/install/FMT/lib/cmake/fmt/fmt-targets.cmake
[0.983s] -- Up-to-date: /home/jelly/ros2_ws/install/FMT/lib/cmake/fmt/fmt-targets-release.cmake
[0.984s] -- Up-to-date: /home/jelly/ros2_ws/install/FMT/lib/pkgconfig/fmt.pc
[0.987s] Invoked command in '/home/jelly/ros2_ws/build/FMT' returned '0': /usr/bin/cmake --install /home/jelly/ros2_ws/build/FMT
