[0.043s] Invoking command in '/home/jelly/ros2_ws/build/mycobot_280_description': CMAKE_PREFIX_PATH=/home/jelly/ros2_ws/install/mycobot_hardware_interface:/home/jelly/ros2_ws/install/mycobot:/home/jelly/ros2_ws/install/serial:/home/jelly/ros2_ws/install/fp:/home/jelly/ros2_ws/install/catch2:/home/jelly/ros2_ws/install/mycobot_280_description:/home/jelly/ros2_ws/install/mycobot_ros2:/home/jelly/ros2_ws/install/mycobot_moveit_config:/home/jelly/ros2_ws/install/mycobot_gazebo:/home/jelly/ros2_ws/install/mycobot_description:/home/jelly/ros2_ws/install/moveit2_scripts:/home/jelly/ros2_ws/install/motion_planning_python_api:/home/jelly/ros2_ws/install/FMT:/home/jelly/ros2_ws/install/mycobot_real_moveit:/home/jelly/ros2_ws/install/mycobot_280:/home/jelly/ros2_ws/install/my_moveit2_package:/opt/ros/humble /usr/bin/cmake --build /home/jelly/ros2_ws/build/mycobot_280_description -- -j4 -l4
[0.120s] Invoked command in '/home/jelly/ros2_ws/build/mycobot_280_description' returned '0': CMAKE_PREFIX_PATH=/home/jelly/ros2_ws/install/mycobot_hardware_interface:/home/jelly/ros2_ws/install/mycobot:/home/jelly/ros2_ws/install/serial:/home/jelly/ros2_ws/install/fp:/home/jelly/ros2_ws/install/catch2:/home/jelly/ros2_ws/install/mycobot_280_description:/home/jelly/ros2_ws/install/mycobot_ros2:/home/jelly/ros2_ws/install/mycobot_moveit_config:/home/jelly/ros2_ws/install/mycobot_gazebo:/home/jelly/ros2_ws/install/mycobot_description:/home/jelly/ros2_ws/install/moveit2_scripts:/home/jelly/ros2_ws/install/motion_planning_python_api:/home/jelly/ros2_ws/install/FMT:/home/jelly/ros2_ws/install/mycobot_real_moveit:/home/jelly/ros2_ws/install/mycobot_280:/home/jelly/ros2_ws/install/my_moveit2_package:/opt/ros/humble /usr/bin/cmake --build /home/jelly/ros2_ws/build/mycobot_280_description -- -j4 -l4
[0.179s] Invoking command in '/home/jelly/ros2_ws/build/mycobot_280_description': CMAKE_PREFIX_PATH=/home/jelly/ros2_ws/install/mycobot_hardware_interface:/home/jelly/ros2_ws/install/mycobot:/home/jelly/ros2_ws/install/serial:/home/jelly/ros2_ws/install/fp:/home/jelly/ros2_ws/install/catch2:/home/jelly/ros2_ws/install/mycobot_280_description:/home/jelly/ros2_ws/install/mycobot_ros2:/home/jelly/ros2_ws/install/mycobot_moveit_config:/home/jelly/ros2_ws/install/mycobot_gazebo:/home/jelly/ros2_ws/install/mycobot_description:/home/jelly/ros2_ws/install/moveit2_scripts:/home/jelly/ros2_ws/install/motion_planning_python_api:/home/jelly/ros2_ws/install/FMT:/home/jelly/ros2_ws/install/mycobot_real_moveit:/home/jelly/ros2_ws/install/mycobot_280:/home/jelly/ros2_ws/install/my_moveit2_package:/opt/ros/humble /usr/bin/cmake --install /home/jelly/ros2_ws/build/mycobot_280_description
[0.192s] -- Install configuration: ""
[0.193s] -- Execute custom install script
[0.194s] -- Up-to-date symlink: /home/jelly/ros2_ws/install/mycobot_280_description/share/mycobot_280_description/config/controllers.yaml
[0.194s] -- Up-to-date symlink: /home/jelly/ros2_ws/install/mycobot_280_description/share/mycobot_280_description/config/initial_positions.yaml
[0.195s] -- Up-to-date symlink: /home/jelly/ros2_ws/install/mycobot_280_description/share/mycobot_280_description/config/kinematics.yaml
[0.196s] -- Up-to-date symlink: /home/jelly/ros2_ws/install/mycobot_280_description/share/mycobot_280_description/config/mycobot_280.ros2_control.xacro
[0.198s] -- Up-to-date symlink: /home/jelly/ros2_ws/install/mycobot_280_description/share/mycobot_280_description/config/mycobot_280.srdf
[0.198s] -- Up-to-date symlink: /home/jelly/ros2_ws/install/mycobot_280_description/share/mycobot_280_description/config/mycobot_280.srdf.xacro
[0.198s] -- Up-to-date symlink: /home/jelly/ros2_ws/install/mycobot_280_description/share/mycobot_280_description/config/mycobot_280.urdf.xacro
[0.198s] -- Up-to-date symlink: /home/jelly/ros2_ws/install/mycobot_280_description/share/mycobot_280_description/config/mycobot_280.urdf.xml
[0.199s] -- Up-to-date symlink: /home/jelly/ros2_ws/install/mycobot_280_description/share/mycobot_280_description/config/mycobot_280/default_kinematics.yaml
[0.199s] -- Up-to-date symlink: /home/jelly/ros2_ws/install/mycobot_280_description/share/mycobot_280_description/config/mycobot_280/joint_limits.yaml
[0.199s] -- Up-to-date symlink: /home/jelly/ros2_ws/install/mycobot_280_description/share/mycobot_280_description/config/mycobot_280/physical_parameters.yaml
[0.199s] -- Up-to-date symlink: /home/jelly/ros2_ws/install/mycobot_280_description/share/mycobot_280_description/config/mycobot_280/visual_parameters.yaml
[0.199s] -- Up-to-date symlink: /home/jelly/ros2_ws/install/mycobot_280_description/share/mycobot_280_description/config/mycobot_280_macro.xacro
[0.200s] -- Up-to-date symlink: /home/jelly/ros2_ws/install/mycobot_280_description/share/mycobot_280_description/config/mycobot_urdf.urdf
[0.200s] -- Up-to-date symlink: /home/jelly/ros2_ws/install/mycobot_280_description/share/mycobot_280_description/config/ompl_planning.yaml
[0.200s] -- Up-to-date symlink: /home/jelly/ros2_ws/install/mycobot_280_description/share/mycobot_280_description/config/ros_controllers.yaml
[0.200s] -- Up-to-date symlink: /home/jelly/ros2_ws/install/mycobot_280_description/share/mycobot_280_description/launch/launch_test.launch.py
[0.200s] -- Up-to-date symlink: /home/jelly/ros2_ws/install/mycobot_280_description/share/mycobot_280_description/launch/move_group.launch.py
[0.201s] -- Up-to-date symlink: /home/jelly/ros2_ws/install/mycobot_280_description/share/mycobot_280_description/launch/move_robot_launch.py
[0.201s] -- Up-to-date symlink: /home/jelly/ros2_ws/install/mycobot_280_description/share/mycobot_280_description/launch/view_robot.launch.py
[0.201s] -- Up-to-date symlink: /home/jelly/ros2_ws/install/mycobot_280_description/share/mycobot_280_description/meshes/mycobot_280/base.dae
[0.201s] -- Up-to-date symlink: /home/jelly/ros2_ws/install/mycobot_280_description/share/mycobot_280_description/meshes/mycobot_280/base.png
[0.202s] -- Up-to-date symlink: /home/jelly/ros2_ws/install/mycobot_280_description/share/mycobot_280_description/meshes/mycobot_280/base.stl
[0.202s] -- Up-to-date symlink: /home/jelly/ros2_ws/install/mycobot_280_description/share/mycobot_280_description/meshes/mycobot_280/holder.stl
[0.202s] -- Up-to-date symlink: /home/jelly/ros2_ws/install/mycobot_280_description/share/mycobot_280_description/meshes/mycobot_280/link1.dae
[0.202s] -- Up-to-date symlink: /home/jelly/ros2_ws/install/mycobot_280_description/share/mycobot_280_description/meshes/mycobot_280/link1.png
[0.202s] -- Up-to-date symlink: /home/jelly/ros2_ws/install/mycobot_280_description/share/mycobot_280_description/meshes/mycobot_280/link1.stl
[0.203s] -- Up-to-date symlink: /home/jelly/ros2_ws/install/mycobot_280_description/share/mycobot_280_description/meshes/mycobot_280/link2.dae
[0.203s] -- Up-to-date symlink: /home/jelly/ros2_ws/install/mycobot_280_description/share/mycobot_280_description/meshes/mycobot_280/link2.png
[0.203s] -- Up-to-date symlink: /home/jelly/ros2_ws/install/mycobot_280_description/share/mycobot_280_description/meshes/mycobot_280/link2.stl
[0.203s] -- Up-to-date symlink: /home/jelly/ros2_ws/install/mycobot_280_description/share/mycobot_280_description/meshes/mycobot_280/link3.dae
[0.203s] -- Up-to-date symlink: /home/jelly/ros2_ws/install/mycobot_280_description/share/mycobot_280_description/meshes/mycobot_280/link3.png
[0.203s] -- Up-to-date symlink: /home/jelly/ros2_ws/install/mycobot_280_description/share/mycobot_280_description/meshes/mycobot_280/link3.stl
[0.204s] -- Up-to-date symlink: /home/jelly/ros2_ws/install/mycobot_280_description/share/mycobot_280_description/meshes/mycobot_280/link4.dae
[0.204s] -- Up-to-date symlink: /home/jelly/ros2_ws/install/mycobot_280_description/share/mycobot_280_description/meshes/mycobot_280/link4.png
[0.204s] -- Up-to-date symlink: /home/jelly/ros2_ws/install/mycobot_280_description/share/mycobot_280_description/meshes/mycobot_280/link4.stl
[0.204s] -- Up-to-date symlink: /home/jelly/ros2_ws/install/mycobot_280_description/share/mycobot_280_description/meshes/mycobot_280/link5.dae
[0.204s] -- Up-to-date symlink: /home/jelly/ros2_ws/install/mycobot_280_description/share/mycobot_280_description/meshes/mycobot_280/link5.png
[0.204s] -- Up-to-date symlink: /home/jelly/ros2_ws/install/mycobot_280_description/share/mycobot_280_description/meshes/mycobot_280/link5.stl
[0.204s] -- Up-to-date symlink: /home/jelly/ros2_ws/install/mycobot_280_description/share/mycobot_280_description/meshes/mycobot_280/link6.dae
[0.204s] -- Up-to-date symlink: /home/jelly/ros2_ws/install/mycobot_280_description/share/mycobot_280_description/meshes/mycobot_280/link6.png
[0.204s] -- Up-to-date symlink: /home/jelly/ros2_ws/install/mycobot_280_description/share/mycobot_280_description/meshes/mycobot_280/link6.stl
[0.205s] -- Up-to-date symlink: /home/jelly/ros2_ws/install/mycobot_280_description/share/mycobot_280_description/meshes/mycobot_280/spectrometer.stl
[0.205s] -- Up-to-date symlink: /home/jelly/ros2_ws/install/mycobot_280_description/share/mycobot_280_description/rviz/view_robot.rviz
[0.205s] -- Up-to-date symlink: /home/jelly/ros2_ws/install/mycobot_280_description/share/mycobot_280_description/urdf/inc/mycobot_common.xacro
[0.206s] -- Up-to-date symlink: /home/jelly/ros2_ws/install/mycobot_280_description/share/mycobot_280_description/urdf/mycobot_280.ros2_control.xacro
[0.206s] -- Up-to-date symlink: /home/jelly/ros2_ws/install/mycobot_280_description/share/mycobot_280_description/urdf/mycobot_280.srdf.xacro
[0.206s] -- Up-to-date symlink: /home/jelly/ros2_ws/install/mycobot_280_description/share/mycobot_280_description/urdf/mycobot_280.urdf
[0.206s] -- Up-to-date symlink: /home/jelly/ros2_ws/install/mycobot_280_description/share/mycobot_280_description/urdf/mycobot_280.urdf.xacro
[0.206s] -- Up-to-date symlink: /home/jelly/ros2_ws/install/mycobot_280_description/share/mycobot_280_description/urdf/mycobot_280_macro.xacro
[0.207s] -- Up-to-date symlink: /home/jelly/ros2_ws/install/mycobot_280_description/share/mycobot_280_description/urdf/mycobot_urdf.urdf
[0.207s] -- Up-to-date symlink: /home/jelly/ros2_ws/install/mycobot_280_description/share/ament_index/resource_index/package_run_dependencies/mycobot_280_description
[0.207s] -- Up-to-date symlink: /home/jelly/ros2_ws/install/mycobot_280_description/share/ament_index/resource_index/parent_prefix_path/mycobot_280_description
[0.207s] -- Up-to-date symlink: /home/jelly/ros2_ws/install/mycobot_280_description/share/mycobot_280_description/environment/ament_prefix_path.sh
[0.207s] -- Up-to-date symlink: /home/jelly/ros2_ws/install/mycobot_280_description/share/mycobot_280_description/environment/ament_prefix_path.dsv
[0.208s] -- Up-to-date symlink: /home/jelly/ros2_ws/install/mycobot_280_description/share/mycobot_280_description/environment/path.sh
[0.208s] -- Up-to-date symlink: /home/jelly/ros2_ws/install/mycobot_280_description/share/mycobot_280_description/environment/path.dsv
[0.208s] -- Up-to-date symlink: /home/jelly/ros2_ws/install/mycobot_280_description/share/mycobot_280_description/local_setup.bash
[0.208s] -- Up-to-date symlink: /home/jelly/ros2_ws/install/mycobot_280_description/share/mycobot_280_description/local_setup.sh
[0.208s] -- Up-to-date symlink: /home/jelly/ros2_ws/install/mycobot_280_description/share/mycobot_280_description/local_setup.zsh
[0.209s] -- Up-to-date symlink: /home/jelly/ros2_ws/install/mycobot_280_description/share/mycobot_280_description/local_setup.dsv
[0.209s] -- Symlinking: /home/jelly/ros2_ws/install/mycobot_280_description/share/mycobot_280_description/package.dsv
[0.226s] -- Up-to-date symlink: /home/jelly/ros2_ws/install/mycobot_280_description/share/ament_index/resource_index/packages/mycobot_280_description
[0.226s] -- Up-to-date symlink: /home/jelly/ros2_ws/install/mycobot_280_description/share/mycobot_280_description/cmake/mycobot_280_descriptionConfig.cmake
[0.226s] -- Up-to-date symlink: /home/jelly/ros2_ws/install/mycobot_280_description/share/mycobot_280_description/cmake/mycobot_280_descriptionConfig-version.cmake
[0.227s] -- Up-to-date symlink: /home/jelly/ros2_ws/install/mycobot_280_description/share/mycobot_280_description/package.xml
[0.231s] Invoked command in '/home/jelly/ros2_ws/build/mycobot_280_description' returned '0': CMAKE_PREFIX_PATH=/home/jelly/ros2_ws/install/mycobot_hardware_interface:/home/jelly/ros2_ws/install/mycobot:/home/jelly/ros2_ws/install/serial:/home/jelly/ros2_ws/install/fp:/home/jelly/ros2_ws/install/catch2:/home/jelly/ros2_ws/install/mycobot_280_description:/home/jelly/ros2_ws/install/mycobot_ros2:/home/jelly/ros2_ws/install/mycobot_moveit_config:/home/jelly/ros2_ws/install/mycobot_gazebo:/home/jelly/ros2_ws/install/mycobot_description:/home/jelly/ros2_ws/install/moveit2_scripts:/home/jelly/ros2_ws/install/motion_planning_python_api:/home/jelly/ros2_ws/install/FMT:/home/jelly/ros2_ws/install/mycobot_real_moveit:/home/jelly/ros2_ws/install/mycobot_280:/home/jelly/ros2_ws/install/my_moveit2_package:/opt/ros/humble /usr/bin/cmake --install /home/jelly/ros2_ws/build/mycobot_280_description
