[0.034s] Invoking command in '/home/jelly/ros2_ws/build/catch2': CMAKE_PREFIX_PATH=${CMAKE_PREFIX_PATH}:/home/jelly/ros2_ws/install/mycobot_280:/opt/ros/humble /usr/bin/cmake --build /home/jelly/ros2_ws/build/catch2 -- -j4 -l4
[0.106s] Invoked command in '/home/jelly/ros2_ws/build/catch2' returned '0': CMAKE_PREFIX_PATH=${CMAKE_PREFIX_PATH}:/home/jelly/ros2_ws/install/mycobot_280:/opt/ros/humble /usr/bin/cmake --build /home/jelly/ros2_ws/build/catch2 -- -j4 -l4
[0.227s] Invoking command in '/home/jelly/ros2_ws/build/catch2': CMAKE_PREFIX_PATH=${CMAKE_PREFIX_PATH}:/home/jelly/ros2_ws/install/mycobot_280:/opt/ros/humble /usr/bin/cmake --install /home/jelly/ros2_ws/build/catch2
[0.248s] -- Install configuration: ""
[0.248s] -- Execute custom install script
[0.248s] -- Up-to-date symlink: /home/jelly/ros2_ws/install/catch2/include//catch2/.clang-format
[0.249s] -- Up-to-date symlink: /home/jelly/ros2_ws/install/catch2/include//catch2/catch.hpp
[0.250s] -- Up-to-date symlink: /home/jelly/ros2_ws/install/catch2/include//catch2/fakeit.hpp
[0.250s] -- Up-to-date symlink: /home/jelly/ros2_ws/install/catch2/share/ament_index/resource_index/package_run_dependencies/catch2
[0.250s] -- Up-to-date symlink: /home/jelly/ros2_ws/install/catch2/share/ament_index/resource_index/parent_prefix_path/catch2
[0.250s] -- Up-to-date symlink: /home/jelly/ros2_ws/install/catch2/share/catch2/environment/ament_prefix_path.sh
[0.250s] -- Up-to-date symlink: /home/jelly/ros2_ws/install/catch2/share/catch2/environment/ament_prefix_path.dsv
[0.250s] -- Up-to-date symlink: /home/jelly/ros2_ws/install/catch2/share/catch2/environment/path.sh
[0.250s] -- Up-to-date symlink: /home/jelly/ros2_ws/install/catch2/share/catch2/environment/path.dsv
[0.250s] -- Up-to-date symlink: /home/jelly/ros2_ws/install/catch2/share/catch2/local_setup.bash
[0.250s] -- Up-to-date symlink: /home/jelly/ros2_ws/install/catch2/share/catch2/local_setup.sh
[0.250s] -- Up-to-date symlink: /home/jelly/ros2_ws/install/catch2/share/catch2/local_setup.zsh
[0.251s] -- Up-to-date symlink: /home/jelly/ros2_ws/install/catch2/share/catch2/local_setup.dsv
[0.252s] -- Symlinking: /home/jelly/ros2_ws/install/catch2/share/catch2/package.dsv
[0.274s] -- Up-to-date symlink: /home/jelly/ros2_ws/install/catch2/share/ament_index/resource_index/packages/catch2
[0.274s] -- Up-to-date symlink: /home/jelly/ros2_ws/install/catch2/share/catch2/cmake/ament_cmake_export_include_directories-extras.cmake
[0.274s] -- Up-to-date symlink: /home/jelly/ros2_ws/install/catch2/share/catch2/cmake/ament_cmake_export_targets-extras.cmake
[0.274s] -- Up-to-date symlink: /home/jelly/ros2_ws/install/catch2/share/catch2/cmake/catch2Config.cmake
[0.274s] -- Up-to-date symlink: /home/jelly/ros2_ws/install/catch2/share/catch2/cmake/catch2Config-version.cmake
[0.274s] -- Up-to-date symlink: /home/jelly/ros2_ws/install/catch2/share/catch2/package.xml
[0.275s] -- Up-to-date: /home/jelly/ros2_ws/install/catch2/share/catch2/cmake/catch2_TargetsExport.cmake
[0.286s] Invoked command in '/home/jelly/ros2_ws/build/catch2' returned '0': CMAKE_PREFIX_PATH=${CMAKE_PREFIX_PATH}:/home/jelly/ros2_ws/install/mycobot_280:/opt/ros/humble /usr/bin/cmake --install /home/jelly/ros2_ws/build/catch2
