[0.039s] Invoking command in '/home/jelly/ros2_ws/build/FMT': /usr/bin/cmake --build /home/jelly/ros2_ws/build/FMT -- -j4 -l4
[0.179s] [  4%] Built target fmt
[0.210s] [  7%] Built target gtest
[0.294s] [ 12%] Built target test-main
[0.328s] [ 21%] Built target compile-fp-test
[0.337s] [ 29%] Built target scan-test
[0.341s] [ 39%] Built target format-impl-test
[0.443s] [ 47%] Built target unicode-test
[0.481s] [ 50%] Built target xchar-test
[0.486s] [ 59%] Built target posix-mock-test
[0.502s] [ 61%] Built target enforce-checks-test
[0.592s] [ 64%] Built target os-test
[0.614s] [ 67%] Built target base-test
[0.618s] [ 70%] Built target args-test
[0.624s] [ 73%] Built target assert-test
[0.726s] [ 76%] Built target gtest-extra-test
[0.728s] [ 78%] Built target color-test
[0.752s] [ 81%] Built target chrono-test
[0.760s] [ 84%] Built target format-test
[0.842s] [ 87%] Built target printf-test
[0.845s] [ 90%] Built target ostream-test
[0.845s] [ 94%] Built target ranges-test
[0.867s] [ 97%] Built target compile-test
[0.940s] [100%] Built target std-test
[0.975s] Invoked command in '/home/jelly/ros2_ws/build/FMT' returned '0': /usr/bin/cmake --build /home/jelly/ros2_ws/build/FMT -- -j4 -l4
[1.201s] Invoking command in '/home/jelly/ros2_ws/build/FMT': /usr/bin/cmake --install /home/jelly/ros2_ws/build/FMT
[1.227s] -- Install configuration: "Release"
[1.227s] -- Up-to-date: /home/jelly/ros2_ws/install/FMT/lib/libfmt.a
[1.228s] -- Up-to-date: /home/jelly/ros2_ws/install/FMT/include/fmt/args.h
[1.228s] -- Up-to-date: /home/jelly/ros2_ws/install/FMT/include/fmt/base.h
[1.228s] -- Up-to-date: /home/jelly/ros2_ws/install/FMT/include/fmt/chrono.h
[1.230s] -- Up-to-date: /home/jelly/ros2_ws/install/FMT/include/fmt/color.h
[1.230s] -- Up-to-date: /home/jelly/ros2_ws/install/FMT/include/fmt/compile.h
[1.230s] -- Up-to-date: /home/jelly/ros2_ws/install/FMT/include/fmt/core.h
[1.233s] -- Up-to-date: /home/jelly/ros2_ws/install/FMT/include/fmt/format.h
[1.234s] -- Up-to-date: /home/jelly/ros2_ws/install/FMT/include/fmt/format-inl.h
[1.234s] -- Up-to-date: /home/jelly/ros2_ws/install/FMT/include/fmt/os.h
[1.235s] -- Up-to-date: /home/jelly/ros2_ws/install/FMT/include/fmt/ostream.h
[1.235s] -- Up-to-date: /home/jelly/ros2_ws/install/FMT/include/fmt/printf.h
[1.235s] -- Up-to-date: /home/jelly/ros2_ws/install/FMT/include/fmt/ranges.h
[1.235s] -- Up-to-date: /home/jelly/ros2_ws/install/FMT/include/fmt/std.h
[1.235s] -- Up-to-date: /home/jelly/ros2_ws/install/FMT/include/fmt/xchar.h
[1.236s] -- Up-to-date: /home/jelly/ros2_ws/install/FMT/lib/cmake/fmt/fmt-config.cmake
[1.237s] -- Up-to-date: /home/jelly/ros2_ws/install/FMT/lib/cmake/fmt/fmt-config-version.cmake
[1.237s] -- Up-to-date: /home/jelly/ros2_ws/install/FMT/lib/cmake/fmt/fmt-targets.cmake
[1.237s] -- Up-to-date: /home/jelly/ros2_ws/install/FMT/lib/cmake/fmt/fmt-targets-release.cmake
[1.238s] -- Up-to-date: /home/jelly/ros2_ws/install/FMT/lib/pkgconfig/fmt.pc
[1.247s] Invoked command in '/home/jelly/ros2_ws/build/FMT' returned '0': /usr/bin/cmake --install /home/jelly/ros2_ws/build/FMT
