[0.048s] Invoking command in '/home/jelly/ros2_ws/build/FMT': /usr/bin/cmake --build /home/jelly/ros2_ws/build/FMT -- -j4 -l4
[0.164s] [  5%] Built target fmt
[0.165s] [  7%] Built target gtest
[0.232s] [ 12%] Built target test-main
[0.248s] [ 21%] Built target scan-test
[0.262s] [ 29%] Built target compile-fp-test
[0.263s] [ 39%] Built target format-impl-test
[0.317s] [ 47%] Built target unicode-test
[0.335s] [ 50%] Built target xchar-test
[0.336s] [ 53%] Built target enforce-checks-test
[0.351s] [ 61%] Built target posix-mock-test
[0.413s] [ 64%] Built target args-test
[0.434s] [ 67%] Built target assert-test
[0.443s] [ 70%] Built target os-test
[0.460s] [ 73%] Built target base-test
[0.520s] [ 76%] Built target chrono-test
[0.536s] [ 78%] Built target color-test
[0.559s] [ 81%] Built target format-test
[0.579s] [ 84%] Built target gtest-extra-test
[0.645s] [ 87%] Built target compile-test
[0.654s] [ 90%] Built target ostream-test
[0.664s] [ 92%] Built target printf-test
[0.688s] [ 97%] Built target ranges-test
[0.710s] [100%] Built target std-test
[0.736s] Invoked command in '/home/jelly/ros2_ws/build/FMT' returned '0': /usr/bin/cmake --build /home/jelly/ros2_ws/build/FMT -- -j4 -l4
[0.887s] Invoking command in '/home/jelly/ros2_ws/build/FMT': /usr/bin/cmake --install /home/jelly/ros2_ws/build/FMT
[0.900s] -- Install configuration: "Release"
[0.901s] -- Up-to-date: /home/jelly/ros2_ws/install/FMT/lib/libfmt.a
[0.901s] -- Up-to-date: /home/jelly/ros2_ws/install/FMT/include/fmt/args.h
[0.901s] -- Up-to-date: /home/jelly/ros2_ws/install/FMT/include/fmt/base.h
[0.901s] -- Up-to-date: /home/jelly/ros2_ws/install/FMT/include/fmt/chrono.h
[0.901s] -- Up-to-date: /home/jelly/ros2_ws/install/FMT/include/fmt/color.h
[0.901s] -- Up-to-date: /home/jelly/ros2_ws/install/FMT/include/fmt/compile.h
[0.901s] -- Up-to-date: /home/jelly/ros2_ws/install/FMT/include/fmt/core.h
[0.901s] -- Up-to-date: /home/jelly/ros2_ws/install/FMT/include/fmt/format.h
[0.902s] -- Up-to-date: /home/jelly/ros2_ws/install/FMT/include/fmt/format-inl.h
[0.902s] -- Up-to-date: /home/jelly/ros2_ws/install/FMT/include/fmt/os.h
[0.902s] -- Up-to-date: /home/jelly/ros2_ws/install/FMT/include/fmt/ostream.h
[0.902s] -- Up-to-date: /home/jelly/ros2_ws/install/FMT/include/fmt/printf.h
[0.902s] -- Up-to-date: /home/jelly/ros2_ws/install/FMT/include/fmt/ranges.h
[0.902s] -- Up-to-date: /home/jelly/ros2_ws/install/FMT/include/fmt/std.h
[0.902s] -- Up-to-date: /home/jelly/ros2_ws/install/FMT/include/fmt/xchar.h
[0.907s] -- Up-to-date: /home/jelly/ros2_ws/install/FMT/lib/cmake/fmt/fmt-config.cmake
[0.907s] -- Up-to-date: /home/jelly/ros2_ws/install/FMT/lib/cmake/fmt/fmt-config-version.cmake
[0.907s] -- Up-to-date: /home/jelly/ros2_ws/install/FMT/lib/cmake/fmt/fmt-targets.cmake
[0.907s] -- Up-to-date: /home/jelly/ros2_ws/install/FMT/lib/cmake/fmt/fmt-targets-release.cmake
[0.907s] -- Up-to-date: /home/jelly/ros2_ws/install/FMT/lib/pkgconfig/fmt.pc
[0.908s] Invoked command in '/home/jelly/ros2_ws/build/FMT' returned '0': /usr/bin/cmake --install /home/jelly/ros2_ws/build/FMT
