[0.016s] Invoking command in '/home/jelly/ros2_ws/build/mycobot_moveit_config': AMENT_PREFIX_PATH=/home/jelly/ros2_ws/install/mycobot_gazebo:${AMENT_PREFIX_PATH} CMAKE_PREFIX_PATH=/home/jelly/ros2_ws/install/mycobot_gazebo:/opt/ros/humble /usr/bin/cmake --build /home/jelly/ros2_ws/build/mycobot_moveit_config -- -j4 -l4
[0.108s] Invoked command in '/home/jelly/ros2_ws/build/mycobot_moveit_config' returned '0': AMENT_PREFIX_PATH=/home/jelly/ros2_ws/install/mycobot_gazebo:${AMENT_PREFIX_PATH} CMAKE_PREFIX_PATH=/home/jelly/ros2_ws/install/mycobot_gazebo:/opt/ros/humble /usr/bin/cmake --build /home/jelly/ros2_ws/build/mycobot_moveit_config -- -j4 -l4
[0.170s] Invoking command in '/home/jelly/ros2_ws/build/mycobot_moveit_config': AMENT_PREFIX_PATH=/home/jelly/ros2_ws/install/mycobot_gazebo:${AMENT_PREFIX_PATH} CMAKE_PREFIX_PATH=/home/jelly/ros2_ws/install/mycobot_gazebo:/opt/ros/humble /usr/bin/cmake --install /home/jelly/ros2_ws/build/mycobot_moveit_config
[0.184s] -- Install configuration: ""
[0.186s] -- Up-to-date: /home/jelly/ros2_ws/install/mycobot_moveit_config/share/ament_index/resource_index/package_run_dependencies/mycobot_moveit_config
[0.186s] -- Up-to-date: /home/jelly/ros2_ws/install/mycobot_moveit_config/share/ament_index/resource_index/parent_prefix_path/mycobot_moveit_config
[0.187s] -- Up-to-date: /home/jelly/ros2_ws/install/mycobot_moveit_config/share/mycobot_moveit_config/environment/ament_prefix_path.sh
[0.187s] -- Up-to-date: /home/jelly/ros2_ws/install/mycobot_moveit_config/share/mycobot_moveit_config/environment/ament_prefix_path.dsv
[0.187s] -- Up-to-date: /home/jelly/ros2_ws/install/mycobot_moveit_config/share/mycobot_moveit_config/environment/path.sh
[0.187s] -- Up-to-date: /home/jelly/ros2_ws/install/mycobot_moveit_config/share/mycobot_moveit_config/environment/path.dsv
[0.187s] -- Up-to-date: /home/jelly/ros2_ws/install/mycobot_moveit_config/share/mycobot_moveit_config/local_setup.bash
[0.188s] -- Up-to-date: /home/jelly/ros2_ws/install/mycobot_moveit_config/share/mycobot_moveit_config/local_setup.sh
[0.188s] -- Up-to-date: /home/jelly/ros2_ws/install/mycobot_moveit_config/share/mycobot_moveit_config/local_setup.zsh
[0.188s] -- Up-to-date: /home/jelly/ros2_ws/install/mycobot_moveit_config/share/mycobot_moveit_config/local_setup.dsv
[0.189s] -- Installing: /home/jelly/ros2_ws/install/mycobot_moveit_config/share/mycobot_moveit_config/package.dsv
[0.190s] -- Up-to-date: /home/jelly/ros2_ws/install/mycobot_moveit_config/share/ament_index/resource_index/packages/mycobot_moveit_config
[0.190s] -- Up-to-date: /home/jelly/ros2_ws/install/mycobot_moveit_config/share/mycobot_moveit_config/cmake/mycobot_moveit_configConfig.cmake
[0.190s] -- Up-to-date: /home/jelly/ros2_ws/install/mycobot_moveit_config/share/mycobot_moveit_config/cmake/mycobot_moveit_configConfig-version.cmake
[0.191s] -- Up-to-date: /home/jelly/ros2_ws/install/mycobot_moveit_config/share/mycobot_moveit_config/package.xml
[0.191s] -- Up-to-date: /home/jelly/ros2_ws/install/mycobot_moveit_config/share/mycobot_moveit_config/launch
[0.191s] -- Up-to-date: /home/jelly/ros2_ws/install/mycobot_moveit_config/share/mycobot_moveit_config/launch/rsp.launch.py
[0.192s] -- Up-to-date: /home/jelly/ros2_ws/install/mycobot_moveit_config/share/mycobot_moveit_config/launch/spawn_controllers.launch.py
[0.192s] -- Up-to-date: /home/jelly/ros2_ws/install/mycobot_moveit_config/share/mycobot_moveit_config/launch/warehouse_db.launch.py
[0.192s] -- Up-to-date: /home/jelly/ros2_ws/install/mycobot_moveit_config/share/mycobot_moveit_config/launch/demo.launch.py
[0.192s] -- Up-to-date: /home/jelly/ros2_ws/install/mycobot_moveit_config/share/mycobot_moveit_config/launch/move_group.launch.py
[0.193s] -- Up-to-date: /home/jelly/ros2_ws/install/mycobot_moveit_config/share/mycobot_moveit_config/launch/setup_assistant.launch.py
[0.194s] -- Up-to-date: /home/jelly/ros2_ws/install/mycobot_moveit_config/share/mycobot_moveit_config/launch/moveit_rviz.launch.py
[0.194s] -- Up-to-date: /home/jelly/ros2_ws/install/mycobot_moveit_config/share/mycobot_moveit_config/launch/static_virtual_joint_tfs.launch.py
[0.194s] -- Up-to-date: /home/jelly/ros2_ws/install/mycobot_moveit_config/share/mycobot_moveit_config/config
[0.194s] -- Up-to-date: /home/jelly/ros2_ws/install/mycobot_moveit_config/share/mycobot_moveit_config/config/kinematics.yaml
[0.194s] -- Up-to-date: /home/jelly/ros2_ws/install/mycobot_moveit_config/share/mycobot_moveit_config/config/sensors_3d.yaml
[0.195s] -- Up-to-date: /home/jelly/ros2_ws/install/mycobot_moveit_config/share/mycobot_moveit_config/config/ros2_controllers.yaml
[0.195s] -- Up-to-date: /home/jelly/ros2_ws/install/mycobot_moveit_config/share/mycobot_moveit_config/config/ompl_planning.yaml
[0.195s] -- Up-to-date: /home/jelly/ros2_ws/install/mycobot_moveit_config/share/mycobot_moveit_config/config/mycobot_280.ros2_control.xacro
[0.195s] -- Up-to-date: /home/jelly/ros2_ws/install/mycobot_moveit_config/share/mycobot_moveit_config/config/mycobot_280.urdf.xacro
[0.195s] -- Up-to-date: /home/jelly/ros2_ws/install/mycobot_moveit_config/share/mycobot_moveit_config/config/moveit_controllers.yaml
[0.196s] -- Up-to-date: /home/jelly/ros2_ws/install/mycobot_moveit_config/share/mycobot_moveit_config/config/pilz_cartesian_limits.yaml
[0.196s] -- Up-to-date: /home/jelly/ros2_ws/install/mycobot_moveit_config/share/mycobot_moveit_config/config/joint_limits.yaml
[0.196s] -- Up-to-date: /home/jelly/ros2_ws/install/mycobot_moveit_config/share/mycobot_moveit_config/config/mycobot_280.srdf
[0.197s] -- Up-to-date: /home/jelly/ros2_ws/install/mycobot_moveit_config/share/mycobot_moveit_config/config/moveit.rviz
[0.197s] -- Up-to-date: /home/jelly/ros2_ws/install/mycobot_moveit_config/share/mycobot_moveit_config/config/initial_positions.yaml
[0.197s] -- Up-to-date: /home/jelly/ros2_ws/install/mycobot_moveit_config/share/mycobot_moveit_config/.setup_assistant
[0.210s] Invoked command in '/home/jelly/ros2_ws/build/mycobot_moveit_config' returned '0': AMENT_PREFIX_PATH=/home/jelly/ros2_ws/install/mycobot_gazebo:${AMENT_PREFIX_PATH} CMAKE_PREFIX_PATH=/home/jelly/ros2_ws/install/mycobot_gazebo:/opt/ros/humble /usr/bin/cmake --install /home/jelly/ros2_ws/build/mycobot_moveit_config
