[0.043s] Invoking command in '/home/jelly/ros2_ws/build/FMT': /usr/bin/cmake --build /home/jelly/ros2_ws/build/FMT -- -j4 -l4
[0.178s] [  4%] Built target fmt
[0.183s] [  7%] Built target gtest
[0.256s] [ 15%] Built target compile-fp-test
[0.256s] [ 21%] Built target test-main
[0.268s] [ 29%] Built target scan-test
[0.285s] [ 39%] Built target format-impl-test
[0.336s] [ 42%] Built target xchar-test
[0.352s] [ 45%] Built target enforce-checks-test
[0.372s] [ 53%] Built target unicode-test
[0.395s] [ 61%] Built target posix-mock-test
[0.428s] [ 64%] Built target os-test
[0.457s] [ 67%] Built target args-test
[0.479s] [ 70%] Built target base-test
[0.523s] [ 73%] Built target assert-test
[0.570s] [ 76%] Built target chrono-test
[0.570s] [ 78%] Built target color-test
[0.570s] [ 81%] Built target gtest-extra-test
[0.571s] [ 84%] Built target format-test
[0.599s] [ 87%] Built target printf-test
[0.613s] [ 90%] Built target ostream-test
[0.624s] [ 92%] Built target compile-test
[0.624s] [ 97%] Built target ranges-test
[0.667s] [100%] Built target std-test
[0.697s] Invoked command in '/home/jelly/ros2_ws/build/FMT' returned '0': /usr/bin/cmake --build /home/jelly/ros2_ws/build/FMT -- -j4 -l4
[1.062s] Invoking command in '/home/jelly/ros2_ws/build/FMT': /usr/bin/cmake --install /home/jelly/ros2_ws/build/FMT
[1.076s] -- Install configuration: "Release"
[1.078s] -- Up-to-date: /home/jelly/ros2_ws/install/FMT/lib/libfmt.a
[1.080s] -- Up-to-date: /home/jelly/ros2_ws/install/FMT/include/fmt/args.h
[1.081s] -- Up-to-date: /home/jelly/ros2_ws/install/FMT/include/fmt/base.h
[1.081s] -- Up-to-date: /home/jelly/ros2_ws/install/FMT/include/fmt/chrono.h
[1.081s] -- Up-to-date: /home/jelly/ros2_ws/install/FMT/include/fmt/color.h
[1.081s] -- Up-to-date: /home/jelly/ros2_ws/install/FMT/include/fmt/compile.h
[1.081s] -- Up-to-date: /home/jelly/ros2_ws/install/FMT/include/fmt/core.h
[1.081s] -- Up-to-date: /home/jelly/ros2_ws/install/FMT/include/fmt/format.h
[1.081s] -- Up-to-date: /home/jelly/ros2_ws/install/FMT/include/fmt/format-inl.h
[1.081s] -- Up-to-date: /home/jelly/ros2_ws/install/FMT/include/fmt/os.h
[1.081s] -- Up-to-date: /home/jelly/ros2_ws/install/FMT/include/fmt/ostream.h
[1.081s] -- Up-to-date: /home/jelly/ros2_ws/install/FMT/include/fmt/printf.h
[1.082s] -- Up-to-date: /home/jelly/ros2_ws/install/FMT/include/fmt/ranges.h
[1.082s] -- Up-to-date: /home/jelly/ros2_ws/install/FMT/include/fmt/std.h
[1.082s] -- Up-to-date: /home/jelly/ros2_ws/install/FMT/include/fmt/xchar.h
[1.083s] -- Up-to-date: /home/jelly/ros2_ws/install/FMT/lib/cmake/fmt/fmt-config.cmake
[1.083s] -- Up-to-date: /home/jelly/ros2_ws/install/FMT/lib/cmake/fmt/fmt-config-version.cmake
[1.086s] -- Up-to-date: /home/jelly/ros2_ws/install/FMT/lib/cmake/fmt/fmt-targets.cmake
[1.086s] -- Up-to-date: /home/jelly/ros2_ws/install/FMT/lib/cmake/fmt/fmt-targets-release.cmake
[1.087s] -- Up-to-date: /home/jelly/ros2_ws/install/FMT/lib/pkgconfig/fmt.pc
[1.091s] Invoked command in '/home/jelly/ros2_ws/build/FMT' returned '0': /usr/bin/cmake --install /home/jelly/ros2_ws/build/FMT
