[0.018s] Invoking command in '/home/jelly/ros2_ws/build/mycobot_ros2': CMAKE_PREFIX_PATH=/home/jelly/ros2_ws/install/mycobot_description:/home/jelly/ros2_ws/install/mycobot_280_description:/home/jelly/ros2_ws/install/mycobot_hardware_interface:/home/jelly/ros2_ws/install/mycobot:/home/jelly/ros2_ws/install/serial:/home/jelly/ros2_ws/install/mycobot_ros2:/home/jelly/ros2_ws/install/mycobot_moveit_config:/home/jelly/ros2_ws/install/mycobot_gazebo:/home/jelly/ros2_ws/install/moveit2_scripts:/home/jelly/ros2_ws/install/motion_planning_python_api:/home/jelly/ros2_ws/install/fp:/home/jelly/ros2_ws/install/catch2:/home/jelly/ros2_ws/install/FMT:/home/jelly/ros2_ws/install/my_robot_motion:/opt/ros/humble /usr/bin/cmake --build /home/jelly/ros2_ws/build/mycobot_ros2 -- -j4 -l4
[0.116s] Invoked command in '/home/jelly/ros2_ws/build/mycobot_ros2' returned '0': CMAKE_PREFIX_PATH=/home/jelly/ros2_ws/install/mycobot_description:/home/jelly/ros2_ws/install/mycobot_280_description:/home/jelly/ros2_ws/install/mycobot_hardware_interface:/home/jelly/ros2_ws/install/mycobot:/home/jelly/ros2_ws/install/serial:/home/jelly/ros2_ws/install/mycobot_ros2:/home/jelly/ros2_ws/install/mycobot_moveit_config:/home/jelly/ros2_ws/install/mycobot_gazebo:/home/jelly/ros2_ws/install/moveit2_scripts:/home/jelly/ros2_ws/install/motion_planning_python_api:/home/jelly/ros2_ws/install/fp:/home/jelly/ros2_ws/install/catch2:/home/jelly/ros2_ws/install/FMT:/home/jelly/ros2_ws/install/my_robot_motion:/opt/ros/humble /usr/bin/cmake --build /home/jelly/ros2_ws/build/mycobot_ros2 -- -j4 -l4
[0.167s] Invoking command in '/home/jelly/ros2_ws/build/mycobot_ros2': CMAKE_PREFIX_PATH=/home/jelly/ros2_ws/install/mycobot_description:/home/jelly/ros2_ws/install/mycobot_280_description:/home/jelly/ros2_ws/install/mycobot_hardware_interface:/home/jelly/ros2_ws/install/mycobot:/home/jelly/ros2_ws/install/serial:/home/jelly/ros2_ws/install/mycobot_ros2:/home/jelly/ros2_ws/install/mycobot_moveit_config:/home/jelly/ros2_ws/install/mycobot_gazebo:/home/jelly/ros2_ws/install/moveit2_scripts:/home/jelly/ros2_ws/install/motion_planning_python_api:/home/jelly/ros2_ws/install/fp:/home/jelly/ros2_ws/install/catch2:/home/jelly/ros2_ws/install/FMT:/home/jelly/ros2_ws/install/my_robot_motion:/opt/ros/humble /usr/bin/cmake --install /home/jelly/ros2_ws/build/mycobot_ros2
[0.179s] -- Install configuration: ""
[0.180s] -- Execute custom install script
[0.181s] -- Up-to-date symlink: /home/jelly/ros2_ws/install/mycobot_ros2/share/ament_index/resource_index/package_run_dependencies/mycobot_ros2
[0.182s] -- Up-to-date symlink: /home/jelly/ros2_ws/install/mycobot_ros2/share/ament_index/resource_index/parent_prefix_path/mycobot_ros2
[0.183s] -- Up-to-date symlink: /home/jelly/ros2_ws/install/mycobot_ros2/share/mycobot_ros2/environment/ament_prefix_path.sh
[0.183s] -- Up-to-date symlink: /home/jelly/ros2_ws/install/mycobot_ros2/share/mycobot_ros2/environment/ament_prefix_path.dsv
[0.184s] -- Up-to-date symlink: /home/jelly/ros2_ws/install/mycobot_ros2/share/mycobot_ros2/environment/path.sh
[0.185s] -- Up-to-date symlink: /home/jelly/ros2_ws/install/mycobot_ros2/share/mycobot_ros2/environment/path.dsv
[0.186s] -- Up-to-date symlink: /home/jelly/ros2_ws/install/mycobot_ros2/share/mycobot_ros2/local_setup.bash
[0.187s] -- Up-to-date symlink: /home/jelly/ros2_ws/install/mycobot_ros2/share/mycobot_ros2/local_setup.sh
[0.188s] -- Up-to-date symlink: /home/jelly/ros2_ws/install/mycobot_ros2/share/mycobot_ros2/local_setup.zsh
[0.189s] -- Up-to-date symlink: /home/jelly/ros2_ws/install/mycobot_ros2/share/mycobot_ros2/local_setup.dsv
[0.189s] -- Symlinking: /home/jelly/ros2_ws/install/mycobot_ros2/share/mycobot_ros2/package.dsv
[0.208s] -- Up-to-date symlink: /home/jelly/ros2_ws/install/mycobot_ros2/share/ament_index/resource_index/packages/mycobot_ros2
[0.209s] -- Up-to-date symlink: /home/jelly/ros2_ws/install/mycobot_ros2/share/mycobot_ros2/cmake/mycobot_ros2Config.cmake
[0.209s] -- Up-to-date symlink: /home/jelly/ros2_ws/install/mycobot_ros2/share/mycobot_ros2/cmake/mycobot_ros2Config-version.cmake
[0.211s] -- Up-to-date symlink: /home/jelly/ros2_ws/install/mycobot_ros2/share/mycobot_ros2/package.xml
[0.214s] Invoked command in '/home/jelly/ros2_ws/build/mycobot_ros2' returned '0': CMAKE_PREFIX_PATH=/home/jelly/ros2_ws/install/mycobot_description:/home/jelly/ros2_ws/install/mycobot_280_description:/home/jelly/ros2_ws/install/mycobot_hardware_interface:/home/jelly/ros2_ws/install/mycobot:/home/jelly/ros2_ws/install/serial:/home/jelly/ros2_ws/install/mycobot_ros2:/home/jelly/ros2_ws/install/mycobot_moveit_config:/home/jelly/ros2_ws/install/mycobot_gazebo:/home/jelly/ros2_ws/install/moveit2_scripts:/home/jelly/ros2_ws/install/motion_planning_python_api:/home/jelly/ros2_ws/install/fp:/home/jelly/ros2_ws/install/catch2:/home/jelly/ros2_ws/install/FMT:/home/jelly/ros2_ws/install/my_robot_motion:/opt/ros/humble /usr/bin/cmake --install /home/jelly/ros2_ws/build/mycobot_ros2
