[0.056s] Invoking command in '/home/jelly/ros2_ws/build/mycobot_moveit_config': AMENT_PREFIX_PATH=/home/jelly/ros2_ws/install/mycobot_gazebo:${AMENT_PREFIX_PATH} CMAKE_PREFIX_PATH=/home/jelly/ros2_ws/install/mycobot_gazebo:/opt/ros/humble /usr/bin/cmake --build /home/jelly/ros2_ws/build/mycobot_moveit_config -- -j4 -l4
[0.193s] Invoked command in '/home/jelly/ros2_ws/build/mycobot_moveit_config' returned '0': AMENT_PREFIX_PATH=/home/jelly/ros2_ws/install/mycobot_gazebo:${AMENT_PREFIX_PATH} CMAKE_PREFIX_PATH=/home/jelly/ros2_ws/install/mycobot_gazebo:/opt/ros/humble /usr/bin/cmake --build /home/jelly/ros2_ws/build/mycobot_moveit_config -- -j4 -l4
[0.303s] Invoking command in '/home/jelly/ros2_ws/build/mycobot_moveit_config': AMENT_PREFIX_PATH=/home/jelly/ros2_ws/install/mycobot_gazebo:${AMENT_PREFIX_PATH} CMAKE_PREFIX_PATH=/home/jelly/ros2_ws/install/mycobot_gazebo:/opt/ros/humble /usr/bin/cmake --install /home/jelly/ros2_ws/build/mycobot_moveit_config
[0.335s] -- Install configuration: ""
[0.338s] -- Execute custom install script
[0.359s] -- Up-to-date symlink: /home/jelly/ros2_ws/install/mycobot_moveit_config/share/ament_index/resource_index/package_run_dependencies/mycobot_moveit_config
[0.363s] -- Up-to-date symlink: /home/jelly/ros2_ws/install/mycobot_moveit_config/share/ament_index/resource_index/parent_prefix_path/mycobot_moveit_config
[0.375s] -- Up-to-date symlink: /home/jelly/ros2_ws/install/mycobot_moveit_config/share/mycobot_moveit_config/environment/ament_prefix_path.sh
[0.375s] -- Up-to-date symlink: /home/jelly/ros2_ws/install/mycobot_moveit_config/share/mycobot_moveit_config/environment/ament_prefix_path.dsv
[0.375s] -- Up-to-date symlink: /home/jelly/ros2_ws/install/mycobot_moveit_config/share/mycobot_moveit_config/environment/path.sh
[0.379s] -- Up-to-date symlink: /home/jelly/ros2_ws/install/mycobot_moveit_config/share/mycobot_moveit_config/environment/path.dsv
[0.380s] -- Up-to-date symlink: /home/jelly/ros2_ws/install/mycobot_moveit_config/share/mycobot_moveit_config/local_setup.bash
[0.381s] -- Up-to-date symlink: /home/jelly/ros2_ws/install/mycobot_moveit_config/share/mycobot_moveit_config/local_setup.sh
[0.382s] -- Up-to-date symlink: /home/jelly/ros2_ws/install/mycobot_moveit_config/share/mycobot_moveit_config/local_setup.zsh
[0.383s] -- Up-to-date symlink: /home/jelly/ros2_ws/install/mycobot_moveit_config/share/mycobot_moveit_config/local_setup.dsv
[0.384s] -- Symlinking: /home/jelly/ros2_ws/install/mycobot_moveit_config/share/mycobot_moveit_config/package.dsv
[0.401s] -- Up-to-date symlink: /home/jelly/ros2_ws/install/mycobot_moveit_config/share/ament_index/resource_index/packages/mycobot_moveit_config
[0.407s] -- Up-to-date symlink: /home/jelly/ros2_ws/install/mycobot_moveit_config/share/mycobot_moveit_config/cmake/mycobot_moveit_configConfig.cmake
[0.407s] -- Up-to-date symlink: /home/jelly/ros2_ws/install/mycobot_moveit_config/share/mycobot_moveit_config/cmake/mycobot_moveit_configConfig-version.cmake
[0.408s] -- Up-to-date symlink: /home/jelly/ros2_ws/install/mycobot_moveit_config/share/mycobot_moveit_config/package.xml
[0.410s] -- Up-to-date symlink: /home/jelly/ros2_ws/install/mycobot_moveit_config/share/mycobot_moveit_config/launch/demo.launch.py
[0.411s] -- Up-to-date symlink: /home/jelly/ros2_ws/install/mycobot_moveit_config/share/mycobot_moveit_config/launch/move_group.launch.py
[0.412s] -- Up-to-date symlink: /home/jelly/ros2_ws/install/mycobot_moveit_config/share/mycobot_moveit_config/launch/moveit_rviz.launch.py
[0.412s] -- Up-to-date symlink: /home/jelly/ros2_ws/install/mycobot_moveit_config/share/mycobot_moveit_config/launch/rsp.launch.py
[0.413s] -- Up-to-date symlink: /home/jelly/ros2_ws/install/mycobot_moveit_config/share/mycobot_moveit_config/launch/setup_assistant.launch.py
[0.414s] -- Up-to-date symlink: /home/jelly/ros2_ws/install/mycobot_moveit_config/share/mycobot_moveit_config/launch/spawn_controllers.launch.py
[0.415s] -- Up-to-date symlink: /home/jelly/ros2_ws/install/mycobot_moveit_config/share/mycobot_moveit_config/launch/static_virtual_joint_tfs.launch.py
[0.416s] -- Up-to-date symlink: /home/jelly/ros2_ws/install/mycobot_moveit_config/share/mycobot_moveit_config/launch/warehouse_db.launch.py
[0.419s] -- Up-to-date symlink: /home/jelly/ros2_ws/install/mycobot_moveit_config/share/mycobot_moveit_config/config/initial_positions.yaml
[0.420s] -- Up-to-date symlink: /home/jelly/ros2_ws/install/mycobot_moveit_config/share/mycobot_moveit_config/config/joint_limits.yaml
[0.420s] -- Up-to-date symlink: /home/jelly/ros2_ws/install/mycobot_moveit_config/share/mycobot_moveit_config/config/kinematics.yaml
[0.422s] -- Up-to-date symlink: /home/jelly/ros2_ws/install/mycobot_moveit_config/share/mycobot_moveit_config/config/moveit.rviz
[0.424s] -- Up-to-date symlink: /home/jelly/ros2_ws/install/mycobot_moveit_config/share/mycobot_moveit_config/config/moveit_controllers.yaml
[0.424s] -- Up-to-date symlink: /home/jelly/ros2_ws/install/mycobot_moveit_config/share/mycobot_moveit_config/config/mycobot_280.ros2_control.xacro
[0.425s] -- Up-to-date symlink: /home/jelly/ros2_ws/install/mycobot_moveit_config/share/mycobot_moveit_config/config/mycobot_280.srdf
[0.426s] -- Up-to-date symlink: /home/jelly/ros2_ws/install/mycobot_moveit_config/share/mycobot_moveit_config/config/mycobot_280.urdf.xacro
[0.427s] -- Up-to-date symlink: /home/jelly/ros2_ws/install/mycobot_moveit_config/share/mycobot_moveit_config/config/ompl_planning.yaml
[0.428s] -- Up-to-date symlink: /home/jelly/ros2_ws/install/mycobot_moveit_config/share/mycobot_moveit_config/config/pilz_cartesian_limits.yaml
[0.429s] -- Up-to-date symlink: /home/jelly/ros2_ws/install/mycobot_moveit_config/share/mycobot_moveit_config/config/ros2_controllers.yaml
[0.430s] -- Up-to-date symlink: /home/jelly/ros2_ws/install/mycobot_moveit_config/share/mycobot_moveit_config/config/sensors_3d.yaml
[0.431s] -- Up-to-date symlink: /home/jelly/ros2_ws/install/mycobot_moveit_config/share/mycobot_moveit_config/.setup_assistant
[0.440s] Invoked command in '/home/jelly/ros2_ws/build/mycobot_moveit_config' returned '0': AMENT_PREFIX_PATH=/home/jelly/ros2_ws/install/mycobot_gazebo:${AMENT_PREFIX_PATH} CMAKE_PREFIX_PATH=/home/jelly/ros2_ws/install/mycobot_gazebo:/opt/ros/humble /usr/bin/cmake --install /home/jelly/ros2_ws/build/mycobot_moveit_config
