[0.035s] Invoking command in '/home/coleman/ros2_ws/build/mycobot_description': CMAKE_PREFIX_PATH=${CMAKE_PREFIX_PATH}:/opt/ros/humble /usr/bin/cmake --build /home/coleman/ros2_ws/build/mycobot_description -- -j16 -l16
[0.121s] Invoked command in '/home/coleman/ros2_ws/build/mycobot_description' returned '0': CMAKE_PREFIX_PATH=${CMAKE_PREFIX_PATH}:/opt/ros/humble /usr/bin/cmake --build /home/coleman/ros2_ws/build/mycobot_description -- -j16 -l16
[0.319s] Invoking command in '/home/coleman/ros2_ws/build/mycobot_description': CMAKE_PREFIX_PATH=${CMAKE_PREFIX_PATH}:/opt/ros/humble /usr/bin/cmake --install /home/coleman/ros2_ws/build/mycobot_description
[0.337s] -- Install configuration: ""
[0.338s] -- Up-to-date: /home/coleman/ros2_ws/install/mycobot_description/share/mycobot_description/launch
[0.340s] -- Up-to-date: /home/coleman/ros2_ws/install/mycobot_description/share/mycobot_description/meshes
[0.340s] -- Up-to-date: /home/coleman/ros2_ws/install/mycobot_description/share/mycobot_description/meshes/mycobot_280
[0.344s] -- Up-to-date: /home/coleman/ros2_ws/install/mycobot_description/share/mycobot_description/meshes/mycobot_280/joint2.stl
[0.344s] -- Up-to-date: /home/coleman/ros2_ws/install/mycobot_description/share/mycobot_description/meshes/mycobot_280/spectrometer.stl
[0.345s] -- Up-to-date: /home/coleman/ros2_ws/install/mycobot_description/share/mycobot_description/meshes/mycobot_280/holder.stl
[0.345s] -- Up-to-date: /home/coleman/ros2_ws/install/mycobot_description/share/mycobot_description/meshes/mycobot_280/joint3.stl
[0.345s] -- Up-to-date: /home/coleman/ros2_ws/install/mycobot_description/share/mycobot_description/meshes/mycobot_280/joint5.stl
[0.345s] -- Up-to-date: /home/coleman/ros2_ws/install/mycobot_description/share/mycobot_description/meshes/mycobot_280/joint1.stl
[0.346s] -- Up-to-date: /home/coleman/ros2_ws/install/mycobot_description/share/mycobot_description/meshes/mycobot_280/joint7.stl
[0.351s] -- Up-to-date: /home/coleman/ros2_ws/install/mycobot_description/share/mycobot_description/meshes/mycobot_280/joint6.stl
[0.351s] -- Up-to-date: /home/coleman/ros2_ws/install/mycobot_description/share/mycobot_description/meshes/mycobot_280/joint4.stl
[0.352s] -- Up-to-date: /home/coleman/ros2_ws/install/mycobot_description/share/mycobot_description/rviz
[0.352s] -- Up-to-date: /home/coleman/ros2_ws/install/mycobot_description/share/mycobot_description/urdf
[0.353s] -- Up-to-date: /home/coleman/ros2_ws/install/mycobot_description/share/mycobot_description/urdf/mycobot_280_urdf.xacro
[0.353s] -- Up-to-date: /home/coleman/ros2_ws/install/mycobot_description/share/ament_index/resource_index/package_run_dependencies/mycobot_description
[0.353s] -- Up-to-date: /home/coleman/ros2_ws/install/mycobot_description/share/ament_index/resource_index/parent_prefix_path/mycobot_description
[0.355s] -- Up-to-date: /home/coleman/ros2_ws/install/mycobot_description/share/mycobot_description/environment/ament_prefix_path.sh
[0.356s] -- Up-to-date: /home/coleman/ros2_ws/install/mycobot_description/share/mycobot_description/environment/ament_prefix_path.dsv
[0.357s] -- Up-to-date: /home/coleman/ros2_ws/install/mycobot_description/share/mycobot_description/environment/path.sh
[0.357s] -- Up-to-date: /home/coleman/ros2_ws/install/mycobot_description/share/mycobot_description/environment/path.dsv
[0.357s] -- Up-to-date: /home/coleman/ros2_ws/install/mycobot_description/share/mycobot_description/local_setup.bash
[0.357s] -- Up-to-date: /home/coleman/ros2_ws/install/mycobot_description/share/mycobot_description/local_setup.sh
[0.360s] -- Up-to-date: /home/coleman/ros2_ws/install/mycobot_description/share/mycobot_description/local_setup.zsh
[0.360s] -- Up-to-date: /home/coleman/ros2_ws/install/mycobot_description/share/mycobot_description/local_setup.dsv
[0.360s] -- Installing: /home/coleman/ros2_ws/install/mycobot_description/share/mycobot_description/package.dsv
[0.362s] -- Up-to-date: /home/coleman/ros2_ws/install/mycobot_description/share/ament_index/resource_index/packages/mycobot_description
[0.362s] -- Up-to-date: /home/coleman/ros2_ws/install/mycobot_description/share/mycobot_description/cmake/mycobot_descriptionConfig.cmake
[0.363s] -- Up-to-date: /home/coleman/ros2_ws/install/mycobot_description/share/mycobot_description/cmake/mycobot_descriptionConfig-version.cmake
[0.364s] -- Up-to-date: /home/coleman/ros2_ws/install/mycobot_description/share/mycobot_description/package.xml
[0.585s] Invoked command in '/home/coleman/ros2_ws/build/mycobot_description' returned '0': CMAKE_PREFIX_PATH=${CMAKE_PREFIX_PATH}:/opt/ros/humble /usr/bin/cmake --install /home/coleman/ros2_ws/build/mycobot_description
