[0.162s] DEBUG:colcon:Command line arguments: ['/usr/bin/colcon', 'build', '--packages-select', 'moveit2_scripts']
[0.162s] DEBUG:colcon:Parsed command line arguments: Namespace(log_base=None, log_level=None, verb_name='build', build_base='build', install_base='install', merge_install=False, symlink_install=False, test_result_base=None, continue_on_error=False, executor='parallel', parallel_workers=4, event_handlers=None, ignore_user_meta=False, metas=['./colcon.meta'], base_paths=['.'], packages_ignore=None, packages_ignore_regex=None, paths=None, packages_up_to=None, packages_up_to_regex=None, packages_above=None, packages_above_and_dependencies=None, packages_above_depth=None, packages_select_by_dep=None, packages_skip_by_dep=None, packages_skip_up_to=None, packages_select_build_failed=False, packages_skip_build_finished=False, packages_select_test_failures=False, packages_skip_test_passed=False, packages_select=['moveit2_scripts'], packages_skip=None, packages_select_regex=None, packages_skip_regex=None, packages_start=None, packages_end=None, allow_overriding=[], cmake_args=None, cmake_target=None, cmake_target_skip_unavailable=False, cmake_clean_cache=False, cmake_clean_first=False, cmake_force_configure=False, ament_cmake_args=None, catkin_cmake_args=None, catkin_skip_building_tests=False, verb_parser=<colcon_defaults.argument_parser.defaults.DefaultArgumentsDecorator object at 0x7679309d13f0>, verb_extension=<colcon_core.verb.build.BuildVerb object at 0x7679309d0eb0>, main=<bound method BuildVerb.main of <colcon_core.verb.build.BuildVerb object at 0x7679309d0eb0>>)
[0.228s] Level 1:colcon.colcon_core.package_discovery:discover_packages(colcon_meta) check parameters
[0.228s] Level 1:colcon.colcon_core.package_discovery:discover_packages(recursive) check parameters
[0.228s] Level 1:colcon.colcon_core.package_discovery:discover_packages(ignore) check parameters
[0.228s] Level 1:colcon.colcon_core.package_discovery:discover_packages(path) check parameters
[0.228s] Level 1:colcon.colcon_core.package_discovery:discover_packages(colcon_meta) discover
[0.229s] Level 1:colcon.colcon_core.package_discovery:discover_packages(recursive) discover
[0.229s] INFO:colcon.colcon_core.package_discovery:Crawling recursively for packages in '/home/jelly/ros2_ws'
[0.229s] Level 1:colcon.colcon_core.package_identification:_identify(.) by extensions ['ignore', 'ignore_ament_install']
[0.229s] Level 1:colcon.colcon_core.package_identification:_identify(.) by extension 'ignore'
[0.229s] Level 1:colcon.colcon_core.package_identification:_identify(.) by extension 'ignore_ament_install'
[0.229s] Level 1:colcon.colcon_core.package_identification:_identify(.) by extensions ['colcon_pkg']
[0.229s] Level 1:colcon.colcon_core.package_identification:_identify(.) by extension 'colcon_pkg'
[0.229s] Level 1:colcon.colcon_core.package_identification:_identify(.) by extensions ['colcon_meta']
[0.229s] Level 1:colcon.colcon_core.package_identification:_identify(.) by extension 'colcon_meta'
[0.229s] Level 1:colcon.colcon_core.package_identification:_identify(.) by extensions ['ros']
[0.229s] Level 1:colcon.colcon_core.package_identification:_identify(.) by extension 'ros'
[0.251s] Level 1:colcon.colcon_core.package_identification:_identify(.) by extensions ['cmake', 'python']
[0.251s] Level 1:colcon.colcon_core.package_identification:_identify(.) by extension 'cmake'
[0.252s] Level 1:colcon.colcon_core.package_identification:_identify(.) by extension 'python'
[0.252s] Level 1:colcon.colcon_core.package_identification:_identify(.) by extensions ['python_setup_py']
[0.252s] Level 1:colcon.colcon_core.package_identification:_identify(.) by extension 'python_setup_py'
[0.252s] Level 1:colcon.colcon_core.package_identification:_identify(build) by extensions ['ignore', 'ignore_ament_install']
[0.252s] Level 1:colcon.colcon_core.package_identification:_identify(build) by extension 'ignore'
[0.252s] Level 1:colcon.colcon_core.package_identification:_identify(build) ignored
[0.252s] Level 1:colcon.colcon_core.package_identification:_identify(install) by extensions ['ignore', 'ignore_ament_install']
[0.252s] Level 1:colcon.colcon_core.package_identification:_identify(install) by extension 'ignore'
[0.252s] Level 1:colcon.colcon_core.package_identification:_identify(install) ignored
[0.253s] Level 1:colcon.colcon_core.package_identification:_identify(log) by extensions ['ignore', 'ignore_ament_install']
[0.253s] Level 1:colcon.colcon_core.package_identification:_identify(log) by extension 'ignore'
[0.253s] Level 1:colcon.colcon_core.package_identification:_identify(log) ignored
[0.253s] Level 1:colcon.colcon_core.package_identification:_identify(src) by extensions ['ignore', 'ignore_ament_install']
[0.253s] Level 1:colcon.colcon_core.package_identification:_identify(src) by extension 'ignore'
[0.253s] Level 1:colcon.colcon_core.package_identification:_identify(src) by extension 'ignore_ament_install'
[0.253s] Level 1:colcon.colcon_core.package_identification:_identify(src) by extensions ['colcon_pkg']
[0.253s] Level 1:colcon.colcon_core.package_identification:_identify(src) by extension 'colcon_pkg'
[0.254s] Level 1:colcon.colcon_core.package_identification:_identify(src) by extensions ['colcon_meta']
[0.254s] Level 1:colcon.colcon_core.package_identification:_identify(src) by extension 'colcon_meta'
[0.254s] Level 1:colcon.colcon_core.package_identification:_identify(src) by extensions ['ros']
[0.254s] Level 1:colcon.colcon_core.package_identification:_identify(src) by extension 'ros'
[0.254s] Level 1:colcon.colcon_core.package_identification:_identify(src) by extensions ['cmake', 'python']
[0.254s] Level 1:colcon.colcon_core.package_identification:_identify(src) by extension 'cmake'
[0.254s] Level 1:colcon.colcon_core.package_identification:_identify(src) by extension 'python'
[0.254s] Level 1:colcon.colcon_core.package_identification:_identify(src) by extensions ['python_setup_py']
[0.254s] Level 1:colcon.colcon_core.package_identification:_identify(src) by extension 'python_setup_py'
[0.254s] Level 1:colcon.colcon_core.package_identification:_identify(src/catch2_ros) by extensions ['ignore', 'ignore_ament_install']
[0.254s] Level 1:colcon.colcon_core.package_identification:_identify(src/catch2_ros) by extension 'ignore'
[0.254s] Level 1:colcon.colcon_core.package_identification:_identify(src/catch2_ros) by extension 'ignore_ament_install'
[0.254s] Level 1:colcon.colcon_core.package_identification:_identify(src/catch2_ros) by extensions ['colcon_pkg']
[0.254s] Level 1:colcon.colcon_core.package_identification:_identify(src/catch2_ros) by extension 'colcon_pkg'
[0.255s] Level 1:colcon.colcon_core.package_identification:_identify(src/catch2_ros) by extensions ['colcon_meta']
[0.255s] Level 1:colcon.colcon_core.package_identification:_identify(src/catch2_ros) by extension 'colcon_meta'
[0.255s] Level 1:colcon.colcon_core.package_identification:_identify(src/catch2_ros) by extensions ['ros']
[0.255s] Level 1:colcon.colcon_core.package_identification:_identify(src/catch2_ros) by extension 'ros'
[0.258s] DEBUG:colcon.colcon_core.package_identification:Package 'src/catch2_ros' with type 'ros.ament_cmake' and name 'catch2'
[0.258s] Level 1:colcon.colcon_core.package_identification:_identify(src/fmt) by extensions ['ignore', 'ignore_ament_install']
[0.258s] Level 1:colcon.colcon_core.package_identification:_identify(src/fmt) by extension 'ignore'
[0.259s] Level 1:colcon.colcon_core.package_identification:_identify(src/fmt) by extension 'ignore_ament_install'
[0.259s] Level 1:colcon.colcon_core.package_identification:_identify(src/fmt) by extensions ['colcon_pkg']
[0.259s] Level 1:colcon.colcon_core.package_identification:_identify(src/fmt) by extension 'colcon_pkg'
[0.259s] Level 1:colcon.colcon_core.package_identification:_identify(src/fmt) by extensions ['colcon_meta']
[0.259s] Level 1:colcon.colcon_core.package_identification:_identify(src/fmt) by extension 'colcon_meta'
[0.259s] Level 1:colcon.colcon_core.package_identification:_identify(src/fmt) by extensions ['ros']
[0.259s] Level 1:colcon.colcon_core.package_identification:_identify(src/fmt) by extension 'ros'
[0.259s] Level 1:colcon.colcon_core.package_identification:_identify(src/fmt) by extensions ['cmake', 'python']
[0.259s] Level 1:colcon.colcon_core.package_identification:_identify(src/fmt) by extension 'cmake'
[0.268s] Level 1:colcon.colcon_core.package_identification:_identify(src/fmt) by extension 'python'
[0.268s] DEBUG:colcon.colcon_core.package_identification:Package 'src/fmt' with type 'cmake' and name 'FMT'
[0.268s] Level 1:colcon.colcon_core.package_identification:_identify(src/fp) by extensions ['ignore', 'ignore_ament_install']
[0.268s] Level 1:colcon.colcon_core.package_identification:_identify(src/fp) by extension 'ignore'
[0.268s] Level 1:colcon.colcon_core.package_identification:_identify(src/fp) by extension 'ignore_ament_install'
[0.268s] Level 1:colcon.colcon_core.package_identification:_identify(src/fp) by extensions ['colcon_pkg']
[0.269s] Level 1:colcon.colcon_core.package_identification:_identify(src/fp) by extension 'colcon_pkg'
[0.269s] Level 1:colcon.colcon_core.package_identification:_identify(src/fp) by extensions ['colcon_meta']
[0.269s] Level 1:colcon.colcon_core.package_identification:_identify(src/fp) by extension 'colcon_meta'
[0.269s] Level 1:colcon.colcon_core.package_identification:_identify(src/fp) by extensions ['ros']
[0.269s] Level 1:colcon.colcon_core.package_identification:_identify(src/fp) by extension 'ros'
[0.270s] DEBUG:colcon.colcon_core.package_identification:Package 'src/fp' with type 'ros.ament_cmake' and name 'fp'
[0.270s] Level 1:colcon.colcon_core.package_identification:_identify(src/moveit2_scripts) by extensions ['ignore', 'ignore_ament_install']
[0.270s] Level 1:colcon.colcon_core.package_identification:_identify(src/moveit2_scripts) by extension 'ignore'
[0.270s] Level 1:colcon.colcon_core.package_identification:_identify(src/moveit2_scripts) by extension 'ignore_ament_install'
[0.270s] Level 1:colcon.colcon_core.package_identification:_identify(src/moveit2_scripts) by extensions ['colcon_pkg']
[0.270s] Level 1:colcon.colcon_core.package_identification:_identify(src/moveit2_scripts) by extension 'colcon_pkg'
[0.270s] Level 1:colcon.colcon_core.package_identification:_identify(src/moveit2_scripts) by extensions ['colcon_meta']
[0.271s] Level 1:colcon.colcon_core.package_identification:_identify(src/moveit2_scripts) by extension 'colcon_meta'
[0.271s] Level 1:colcon.colcon_core.package_identification:_identify(src/moveit2_scripts) by extensions ['ros']
[0.271s] Level 1:colcon.colcon_core.package_identification:_identify(src/moveit2_scripts) by extension 'ros'
[0.272s] DEBUG:colcon.colcon_core.package_identification:Package 'src/moveit2_scripts' with type 'ros.ament_cmake' and name 'moveit2_scripts'
[0.272s] Level 1:colcon.colcon_core.package_identification:_identify(src/mycobot-ros2-fix) by extensions ['ignore', 'ignore_ament_install']
[0.272s] Level 1:colcon.colcon_core.package_identification:_identify(src/mycobot-ros2-fix) by extension 'ignore'
[0.273s] Level 1:colcon.colcon_core.package_identification:_identify(src/mycobot-ros2-fix) by extension 'ignore_ament_install'
[0.273s] Level 1:colcon.colcon_core.package_identification:_identify(src/mycobot-ros2-fix) by extensions ['colcon_pkg']
[0.273s] Level 1:colcon.colcon_core.package_identification:_identify(src/mycobot-ros2-fix) by extension 'colcon_pkg'
[0.273s] Level 1:colcon.colcon_core.package_identification:_identify(src/mycobot-ros2-fix) by extensions ['colcon_meta']
[0.273s] Level 1:colcon.colcon_core.package_identification:_identify(src/mycobot-ros2-fix) by extension 'colcon_meta'
[0.273s] Level 1:colcon.colcon_core.package_identification:_identify(src/mycobot-ros2-fix) by extensions ['ros']
[0.273s] Level 1:colcon.colcon_core.package_identification:_identify(src/mycobot-ros2-fix) by extension 'ros'
[0.273s] Level 1:colcon.colcon_core.package_identification:_identify(src/mycobot-ros2-fix) by extensions ['cmake', 'python']
[0.273s] Level 1:colcon.colcon_core.package_identification:_identify(src/mycobot-ros2-fix) by extension 'cmake'
[0.273s] Level 1:colcon.colcon_core.package_identification:_identify(src/mycobot-ros2-fix) by extension 'python'
[0.273s] Level 1:colcon.colcon_core.package_identification:_identify(src/mycobot-ros2-fix) by extensions ['python_setup_py']
[0.273s] Level 1:colcon.colcon_core.package_identification:_identify(src/mycobot-ros2-fix) by extension 'python_setup_py'
[0.273s] Level 1:colcon.colcon_core.package_identification:_identify(src/mycobot-ros2-fix/build) by extensions ['ignore', 'ignore_ament_install']
[0.274s] Level 1:colcon.colcon_core.package_identification:_identify(src/mycobot-ros2-fix/build) by extension 'ignore'
[0.274s] Level 1:colcon.colcon_core.package_identification:_identify(src/mycobot-ros2-fix/build) ignored
[0.274s] Level 1:colcon.colcon_core.package_identification:_identify(src/mycobot-ros2-fix/install) by extensions ['ignore', 'ignore_ament_install']
[0.274s] Level 1:colcon.colcon_core.package_identification:_identify(src/mycobot-ros2-fix/install) by extension 'ignore'
[0.274s] Level 1:colcon.colcon_core.package_identification:_identify(src/mycobot-ros2-fix/install) ignored
[0.274s] Level 1:colcon.colcon_core.package_identification:_identify(src/mycobot-ros2-fix/log) by extensions ['ignore', 'ignore_ament_install']
[0.274s] Level 1:colcon.colcon_core.package_identification:_identify(src/mycobot-ros2-fix/log) by extension 'ignore'
[0.274s] Level 1:colcon.colcon_core.package_identification:_identify(src/mycobot-ros2-fix/log) ignored
[0.275s] Level 1:colcon.colcon_core.package_identification:_identify(src/mycobot-ros2-fix/mycobot) by extensions ['ignore', 'ignore_ament_install']
[0.275s] Level 1:colcon.colcon_core.package_identification:_identify(src/mycobot-ros2-fix/mycobot) by extension 'ignore'
[0.275s] Level 1:colcon.colcon_core.package_identification:_identify(src/mycobot-ros2-fix/mycobot) by extension 'ignore_ament_install'
[0.275s] Level 1:colcon.colcon_core.package_identification:_identify(src/mycobot-ros2-fix/mycobot) by extensions ['colcon_pkg']
[0.275s] Level 1:colcon.colcon_core.package_identification:_identify(src/mycobot-ros2-fix/mycobot) by extension 'colcon_pkg'
[0.275s] Level 1:colcon.colcon_core.package_identification:_identify(src/mycobot-ros2-fix/mycobot) by extensions ['colcon_meta']
[0.278s] Level 1:colcon.colcon_core.package_identification:_identify(src/mycobot-ros2-fix/mycobot) by extension 'colcon_meta'
[0.278s] Level 1:colcon.colcon_core.package_identification:_identify(src/mycobot-ros2-fix/mycobot) by extensions ['ros']
[0.278s] Level 1:colcon.colcon_core.package_identification:_identify(src/mycobot-ros2-fix/mycobot) by extension 'ros'
[0.279s] DEBUG:colcon.colcon_core.package_identification:Package 'src/mycobot-ros2-fix/mycobot' with type 'ros.ament_cmake' and name 'mycobot'
[0.279s] Level 1:colcon.colcon_core.package_identification:_identify(src/mycobot-ros2-fix/mycobot_280_description) by extensions ['ignore', 'ignore_ament_install']
[0.280s] Level 1:colcon.colcon_core.package_identification:_identify(src/mycobot-ros2-fix/mycobot_280_description) by extension 'ignore'
[0.280s] Level 1:colcon.colcon_core.package_identification:_identify(src/mycobot-ros2-fix/mycobot_280_description) by extension 'ignore_ament_install'
[0.280s] Level 1:colcon.colcon_core.package_identification:_identify(src/mycobot-ros2-fix/mycobot_280_description) by extensions ['colcon_pkg']
[0.280s] Level 1:colcon.colcon_core.package_identification:_identify(src/mycobot-ros2-fix/mycobot_280_description) by extension 'colcon_pkg'
[0.280s] Level 1:colcon.colcon_core.package_identification:_identify(src/mycobot-ros2-fix/mycobot_280_description) by extensions ['colcon_meta']
[0.280s] Level 1:colcon.colcon_core.package_identification:_identify(src/mycobot-ros2-fix/mycobot_280_description) by extension 'colcon_meta'
[0.280s] Level 1:colcon.colcon_core.package_identification:_identify(src/mycobot-ros2-fix/mycobot_280_description) by extensions ['ros']
[0.280s] Level 1:colcon.colcon_core.package_identification:_identify(src/mycobot-ros2-fix/mycobot_280_description) by extension 'ros'
[0.281s] DEBUG:colcon.colcon_core.package_identification:Package 'src/mycobot-ros2-fix/mycobot_280_description' with type 'ros.ament_cmake' and name 'mycobot_280_description'
[0.281s] Level 1:colcon.colcon_core.package_identification:_identify(src/mycobot-ros2-fix/mycobot_hardware_interface) by extensions ['ignore', 'ignore_ament_install']
[0.281s] Level 1:colcon.colcon_core.package_identification:_identify(src/mycobot-ros2-fix/mycobot_hardware_interface) by extension 'ignore'
[0.282s] Level 1:colcon.colcon_core.package_identification:_identify(src/mycobot-ros2-fix/mycobot_hardware_interface) by extension 'ignore_ament_install'
[0.282s] Level 1:colcon.colcon_core.package_identification:_identify(src/mycobot-ros2-fix/mycobot_hardware_interface) by extensions ['colcon_pkg']
[0.282s] Level 1:colcon.colcon_core.package_identification:_identify(src/mycobot-ros2-fix/mycobot_hardware_interface) by extension 'colcon_pkg'
[0.282s] Level 1:colcon.colcon_core.package_identification:_identify(src/mycobot-ros2-fix/mycobot_hardware_interface) by extensions ['colcon_meta']
[0.282s] Level 1:colcon.colcon_core.package_identification:_identify(src/mycobot-ros2-fix/mycobot_hardware_interface) by extension 'colcon_meta'
[0.282s] Level 1:colcon.colcon_core.package_identification:_identify(src/mycobot-ros2-fix/mycobot_hardware_interface) by extensions ['ros']
[0.282s] Level 1:colcon.colcon_core.package_identification:_identify(src/mycobot-ros2-fix/mycobot_hardware_interface) by extension 'ros'
[0.283s] DEBUG:colcon.colcon_core.package_identification:Package 'src/mycobot-ros2-fix/mycobot_hardware_interface' with type 'ros.ament_cmake' and name 'mycobot_hardware_interface'
[0.283s] Level 1:colcon.colcon_core.package_identification:_identify(src/mycobot_ros2) by extensions ['ignore', 'ignore_ament_install']
[0.284s] Level 1:colcon.colcon_core.package_identification:_identify(src/mycobot_ros2) by extension 'ignore'
[0.284s] Level 1:colcon.colcon_core.package_identification:_identify(src/mycobot_ros2) by extension 'ignore_ament_install'
[0.284s] Level 1:colcon.colcon_core.package_identification:_identify(src/mycobot_ros2) by extensions ['colcon_pkg']
[0.284s] Level 1:colcon.colcon_core.package_identification:_identify(src/mycobot_ros2) by extension 'colcon_pkg'
[0.284s] Level 1:colcon.colcon_core.package_identification:_identify(src/mycobot_ros2) by extensions ['colcon_meta']
[0.284s] Level 1:colcon.colcon_core.package_identification:_identify(src/mycobot_ros2) by extension 'colcon_meta'
[0.284s] Level 1:colcon.colcon_core.package_identification:_identify(src/mycobot_ros2) by extensions ['ros']
[0.284s] Level 1:colcon.colcon_core.package_identification:_identify(src/mycobot_ros2) by extension 'ros'
[0.284s] Level 1:colcon.colcon_core.package_identification:_identify(src/mycobot_ros2) by extensions ['cmake', 'python']
[0.284s] Level 1:colcon.colcon_core.package_identification:_identify(src/mycobot_ros2) by extension 'cmake'
[0.285s] Level 1:colcon.colcon_core.package_identification:_identify(src/mycobot_ros2) by extension 'python'
[0.285s] Level 1:colcon.colcon_core.package_identification:_identify(src/mycobot_ros2) by extensions ['python_setup_py']
[0.285s] Level 1:colcon.colcon_core.package_identification:_identify(src/mycobot_ros2) by extension 'python_setup_py'
[0.285s] Level 1:colcon.colcon_core.package_identification:_identify(src/mycobot_ros2/mycobot_description) by extensions ['ignore', 'ignore_ament_install']
[0.285s] Level 1:colcon.colcon_core.package_identification:_identify(src/mycobot_ros2/mycobot_description) by extension 'ignore'
[0.285s] Level 1:colcon.colcon_core.package_identification:_identify(src/mycobot_ros2/mycobot_description) by extension 'ignore_ament_install'
[0.285s] Level 1:colcon.colcon_core.package_identification:_identify(src/mycobot_ros2/mycobot_description) by extensions ['colcon_pkg']
[0.286s] Level 1:colcon.colcon_core.package_identification:_identify(src/mycobot_ros2/mycobot_description) by extension 'colcon_pkg'
[0.286s] Level 1:colcon.colcon_core.package_identification:_identify(src/mycobot_ros2/mycobot_description) by extensions ['colcon_meta']
[0.286s] Level 1:colcon.colcon_core.package_identification:_identify(src/mycobot_ros2/mycobot_description) by extension 'colcon_meta'
[0.286s] Level 1:colcon.colcon_core.package_identification:_identify(src/mycobot_ros2/mycobot_description) by extensions ['ros']
[0.286s] Level 1:colcon.colcon_core.package_identification:_identify(src/mycobot_ros2/mycobot_description) by extension 'ros'
[0.286s] DEBUG:colcon.colcon_core.package_identification:Package 'src/mycobot_ros2/mycobot_description' with type 'ros.ament_cmake' and name 'mycobot_description'
[0.287s] Level 1:colcon.colcon_core.package_identification:_identify(src/mycobot_ros2/mycobot_gazebo) by extensions ['ignore', 'ignore_ament_install']
[0.287s] Level 1:colcon.colcon_core.package_identification:_identify(src/mycobot_ros2/mycobot_gazebo) by extension 'ignore'
[0.287s] Level 1:colcon.colcon_core.package_identification:_identify(src/mycobot_ros2/mycobot_gazebo) by extension 'ignore_ament_install'
[0.287s] Level 1:colcon.colcon_core.package_identification:_identify(src/mycobot_ros2/mycobot_gazebo) by extensions ['colcon_pkg']
[0.287s] Level 1:colcon.colcon_core.package_identification:_identify(src/mycobot_ros2/mycobot_gazebo) by extension 'colcon_pkg'
[0.287s] Level 1:colcon.colcon_core.package_identification:_identify(src/mycobot_ros2/mycobot_gazebo) by extensions ['colcon_meta']
[0.287s] Level 1:colcon.colcon_core.package_identification:_identify(src/mycobot_ros2/mycobot_gazebo) by extension 'colcon_meta'
[0.287s] Level 1:colcon.colcon_core.package_identification:_identify(src/mycobot_ros2/mycobot_gazebo) by extensions ['ros']
[0.287s] Level 1:colcon.colcon_core.package_identification:_identify(src/mycobot_ros2/mycobot_gazebo) by extension 'ros'
[0.288s] DEBUG:colcon.colcon_core.package_identification:Package 'src/mycobot_ros2/mycobot_gazebo' with type 'ros.ament_cmake' and name 'mycobot_gazebo'
[0.288s] Level 1:colcon.colcon_core.package_identification:_identify(src/mycobot_ros2/mycobot_moveit_config) by extensions ['ignore', 'ignore_ament_install']
[0.289s] Level 1:colcon.colcon_core.package_identification:_identify(src/mycobot_ros2/mycobot_moveit_config) by extension 'ignore'
[0.289s] Level 1:colcon.colcon_core.package_identification:_identify(src/mycobot_ros2/mycobot_moveit_config) by extension 'ignore_ament_install'
[0.289s] Level 1:colcon.colcon_core.package_identification:_identify(src/mycobot_ros2/mycobot_moveit_config) by extensions ['colcon_pkg']
[0.289s] Level 1:colcon.colcon_core.package_identification:_identify(src/mycobot_ros2/mycobot_moveit_config) by extension 'colcon_pkg'
[0.289s] Level 1:colcon.colcon_core.package_identification:_identify(src/mycobot_ros2/mycobot_moveit_config) by extensions ['colcon_meta']
[0.289s] Level 1:colcon.colcon_core.package_identification:_identify(src/mycobot_ros2/mycobot_moveit_config) by extension 'colcon_meta'
[0.289s] Level 1:colcon.colcon_core.package_identification:_identify(src/mycobot_ros2/mycobot_moveit_config) by extensions ['ros']
[0.289s] Level 1:colcon.colcon_core.package_identification:_identify(src/mycobot_ros2/mycobot_moveit_config) by extension 'ros'
[0.290s] DEBUG:colcon.colcon_core.package_identification:Package 'src/mycobot_ros2/mycobot_moveit_config' with type 'ros.ament_cmake' and name 'mycobot_moveit_config'
[0.290s] Level 1:colcon.colcon_core.package_identification:_identify(src/mycobot_ros2/mycobot_ros2) by extensions ['ignore', 'ignore_ament_install']
[0.291s] Level 1:colcon.colcon_core.package_identification:_identify(src/mycobot_ros2/mycobot_ros2) by extension 'ignore'
[0.291s] Level 1:colcon.colcon_core.package_identification:_identify(src/mycobot_ros2/mycobot_ros2) by extension 'ignore_ament_install'
[0.291s] Level 1:colcon.colcon_core.package_identification:_identify(src/mycobot_ros2/mycobot_ros2) by extensions ['colcon_pkg']
[0.291s] Level 1:colcon.colcon_core.package_identification:_identify(src/mycobot_ros2/mycobot_ros2) by extension 'colcon_pkg'
[0.291s] Level 1:colcon.colcon_core.package_identification:_identify(src/mycobot_ros2/mycobot_ros2) by extensions ['colcon_meta']
[0.291s] Level 1:colcon.colcon_core.package_identification:_identify(src/mycobot_ros2/mycobot_ros2) by extension 'colcon_meta'
[0.291s] Level 1:colcon.colcon_core.package_identification:_identify(src/mycobot_ros2/mycobot_ros2) by extensions ['ros']
[0.291s] Level 1:colcon.colcon_core.package_identification:_identify(src/mycobot_ros2/mycobot_ros2) by extension 'ros'
[0.292s] DEBUG:colcon.colcon_core.package_identification:Package 'src/mycobot_ros2/mycobot_ros2' with type 'ros.ament_cmake' and name 'mycobot_ros2'
[0.292s] Level 1:colcon.colcon_core.package_identification:_identify(src/serial) by extensions ['ignore', 'ignore_ament_install']
[0.292s] Level 1:colcon.colcon_core.package_identification:_identify(src/serial) by extension 'ignore'
[0.292s] Level 1:colcon.colcon_core.package_identification:_identify(src/serial) by extension 'ignore_ament_install'
[0.292s] Level 1:colcon.colcon_core.package_identification:_identify(src/serial) by extensions ['colcon_pkg']
[0.292s] Level 1:colcon.colcon_core.package_identification:_identify(src/serial) by extension 'colcon_pkg'
[0.292s] Level 1:colcon.colcon_core.package_identification:_identify(src/serial) by extensions ['colcon_meta']
[0.292s] Level 1:colcon.colcon_core.package_identification:_identify(src/serial) by extension 'colcon_meta'
[0.292s] Level 1:colcon.colcon_core.package_identification:_identify(src/serial) by extensions ['ros']
[0.292s] Level 1:colcon.colcon_core.package_identification:_identify(src/serial) by extension 'ros'
[0.293s] DEBUG:colcon.colcon_core.package_identification:Package 'src/serial' with type 'ros.ament_cmake' and name 'serial'
[0.293s] Level 1:colcon.colcon_core.package_discovery:discover_packages(recursive) using defaults
[0.293s] Level 1:colcon.colcon_core.package_discovery:discover_packages(ignore) discover
[0.294s] Level 1:colcon.colcon_core.package_discovery:discover_packages(ignore) using defaults
[0.294s] Level 1:colcon.colcon_core.package_discovery:discover_packages(path) discover
[0.294s] Level 1:colcon.colcon_core.package_discovery:discover_packages(path) using defaults
[0.326s] INFO:colcon.colcon_core.package_selection:Skipping not selected package 'FMT' in 'src/fmt'
[0.326s] INFO:colcon.colcon_core.package_selection:Skipping not selected package 'catch2' in 'src/catch2_ros'
[0.326s] INFO:colcon.colcon_core.package_selection:Skipping not selected package 'fp' in 'src/fp'
[0.326s] INFO:colcon.colcon_core.package_selection:Skipping not selected package 'mycobot_description' in 'src/mycobot_ros2/mycobot_description'
[0.326s] INFO:colcon.colcon_core.package_selection:Skipping not selected package 'mycobot_gazebo' in 'src/mycobot_ros2/mycobot_gazebo'
[0.326s] INFO:colcon.colcon_core.package_selection:Skipping not selected package 'serial' in 'src/serial'
[0.326s] INFO:colcon.colcon_core.package_selection:Skipping not selected package 'mycobot' in 'src/mycobot-ros2-fix/mycobot'
[0.326s] INFO:colcon.colcon_core.package_selection:Skipping not selected package 'mycobot_moveit_config' in 'src/mycobot_ros2/mycobot_moveit_config'
[0.326s] INFO:colcon.colcon_core.package_selection:Skipping not selected package 'mycobot_ros2' in 'src/mycobot_ros2/mycobot_ros2'
[0.326s] INFO:colcon.colcon_core.package_selection:Skipping not selected package 'mycobot_hardware_interface' in 'src/mycobot-ros2-fix/mycobot_hardware_interface'
[0.326s] INFO:colcon.colcon_core.package_selection:Skipping not selected package 'mycobot_280_description' in 'src/mycobot-ros2-fix/mycobot_280_description'
[0.327s] Level 1:colcon.colcon_core.package_discovery:discover_packages(prefix_path) check parameters
[0.327s] Level 1:colcon.colcon_core.package_discovery:discover_packages(prefix_path) discover
[0.330s] DEBUG:colcon.colcon_installed_package_information.package_discovery:Found 16 installed packages in /home/jelly/ros2_ws/install
[0.332s] DEBUG:colcon.colcon_installed_package_information.package_discovery:Found 371 installed packages in /opt/ros/humble
[0.335s] Level 1:colcon.colcon_core.package_discovery:discover_packages(prefix_path) using defaults
[0.403s] Level 5:colcon.colcon_core.verb:set package 'moveit2_scripts' build argument 'cmake_args' from command line to 'None'
[0.403s] Level 5:colcon.colcon_core.verb:set package 'moveit2_scripts' build argument 'cmake_target' from command line to 'None'
[0.403s] Level 5:colcon.colcon_core.verb:set package 'moveit2_scripts' build argument 'cmake_target_skip_unavailable' from command line to 'False'
[0.404s] Level 5:colcon.colcon_core.verb:set package 'moveit2_scripts' build argument 'cmake_clean_cache' from command line to 'False'
[0.404s] Level 5:colcon.colcon_core.verb:set package 'moveit2_scripts' build argument 'cmake_clean_first' from command line to 'False'
[0.404s] Level 5:colcon.colcon_core.verb:set package 'moveit2_scripts' build argument 'cmake_force_configure' from command line to 'False'
[0.404s] Level 5:colcon.colcon_core.verb:set package 'moveit2_scripts' build argument 'ament_cmake_args' from command line to 'None'
[0.404s] Level 5:colcon.colcon_core.verb:set package 'moveit2_scripts' build argument 'catkin_cmake_args' from command line to 'None'
[0.404s] Level 5:colcon.colcon_core.verb:set package 'moveit2_scripts' build argument 'catkin_skip_building_tests' from command line to 'False'
[0.404s] DEBUG:colcon.colcon_core.verb:Building package 'moveit2_scripts' with the following arguments: {'ament_cmake_args': None, 'build_base': '/home/jelly/ros2_ws/build/moveit2_scripts', 'catkin_cmake_args': None, 'catkin_skip_building_tests': False, 'cmake_args': None, 'cmake_clean_cache': False, 'cmake_clean_first': False, 'cmake_force_configure': False, 'cmake_target': None, 'cmake_target_skip_unavailable': False, 'install_base': '/home/jelly/ros2_ws/install/moveit2_scripts', 'merge_install': False, 'path': '/home/jelly/ros2_ws/src/moveit2_scripts', 'symlink_install': False, 'test_result_base': None}
[0.404s] INFO:colcon.colcon_core.executor:Executing jobs using 'parallel' executor
[0.407s] DEBUG:colcon.colcon_parallel_executor.executor.parallel:run_until_complete
[0.407s] INFO:colcon.colcon_ros.task.ament_cmake.build:Building ROS package in '/home/jelly/ros2_ws/src/moveit2_scripts' with build type 'ament_cmake'
[0.407s] INFO:colcon.colcon_cmake.task.cmake.build:Building CMake package in '/home/jelly/ros2_ws/src/moveit2_scripts'
[0.411s] INFO:colcon.colcon_core.plugin_system:Skipping extension 'colcon_core.shell.bat': Not used on non-Windows systems
[0.411s] INFO:colcon.colcon_core.shell:Skip shell extension 'powershell' for command environment: Not usable outside of PowerShell
[0.411s] DEBUG:colcon.colcon_core.shell:Skip shell extension 'dsv' for command environment
[0.428s] DEBUG:colcon.colcon_core.event_handler.log_command:Invoking command in '/home/jelly/ros2_ws/build/moveit2_scripts': CMAKE_PREFIX_PATH=${CMAKE_PREFIX_PATH}:/home/jelly/ros2_ws/install/mycobot_real_moveit:/home/jelly/ros2_ws/install/mycobot_280:/home/jelly/ros2_ws/install/my_moveit2_package:/opt/ros/humble /usr/bin/cmake --build /home/jelly/ros2_ws/build/moveit2_scripts -- -j4 -l4
[11.341s] DEBUG:colcon.colcon_core.event_handler.log_command:Invoked command in '/home/jelly/ros2_ws/build/moveit2_scripts' returned '2': CMAKE_PREFIX_PATH=${CMAKE_PREFIX_PATH}:/home/jelly/ros2_ws/install/mycobot_real_moveit:/home/jelly/ros2_ws/install/mycobot_280:/home/jelly/ros2_ws/install/my_moveit2_package:/opt/ros/humble /usr/bin/cmake --build /home/jelly/ros2_ws/build/moveit2_scripts -- -j4 -l4
[11.411s] Level 1:colcon.colcon_core.environment:create_environment_scripts_only(moveit2_scripts)
[11.414s] Level 1:colcon.colcon_core.environment:checking '/home/jelly/ros2_ws/install/moveit2_scripts' for CMake module files
[11.415s] Level 1:colcon.colcon_core.environment:checking '/home/jelly/ros2_ws/install/moveit2_scripts' for CMake config files
[11.415s] Level 1:colcon.colcon_core.shell:create_environment_hook('moveit2_scripts', 'cmake_prefix_path')
[11.415s] INFO:colcon.colcon_core.shell:Creating environment hook '/home/jelly/ros2_ws/install/moveit2_scripts/share/moveit2_scripts/hook/cmake_prefix_path.ps1'
[11.416s] INFO:colcon.colcon_core.shell:Creating environment descriptor '/home/jelly/ros2_ws/install/moveit2_scripts/share/moveit2_scripts/hook/cmake_prefix_path.dsv'
[11.418s] INFO:colcon.colcon_core.shell:Creating environment hook '/home/jelly/ros2_ws/install/moveit2_scripts/share/moveit2_scripts/hook/cmake_prefix_path.sh'
[11.419s] Level 1:colcon.colcon_core.environment:checking '/home/jelly/ros2_ws/install/moveit2_scripts/lib'
[11.419s] Level 1:colcon.colcon_core.environment:checking '/home/jelly/ros2_ws/install/moveit2_scripts/bin'
[11.420s] Level 1:colcon.colcon_core.environment:checking '/home/jelly/ros2_ws/install/moveit2_scripts/lib/pkgconfig/moveit2_scripts.pc'
[11.420s] Level 1:colcon.colcon_core.environment:checking '/home/jelly/ros2_ws/install/moveit2_scripts/lib/python3.10/site-packages'
[11.420s] Level 1:colcon.colcon_core.environment:checking '/home/jelly/ros2_ws/install/moveit2_scripts/bin'
[11.421s] INFO:colcon.colcon_core.shell:Creating package script '/home/jelly/ros2_ws/install/moveit2_scripts/share/moveit2_scripts/package.ps1'
[11.422s] INFO:colcon.colcon_core.shell:Creating package descriptor '/home/jelly/ros2_ws/install/moveit2_scripts/share/moveit2_scripts/package.dsv'
[11.423s] INFO:colcon.colcon_core.shell:Creating package script '/home/jelly/ros2_ws/install/moveit2_scripts/share/moveit2_scripts/package.sh'
[11.424s] INFO:colcon.colcon_core.shell:Creating package script '/home/jelly/ros2_ws/install/moveit2_scripts/share/moveit2_scripts/package.bash'
[11.425s] INFO:colcon.colcon_core.shell:Creating package script '/home/jelly/ros2_ws/install/moveit2_scripts/share/moveit2_scripts/package.zsh'
[11.427s] Level 1:colcon.colcon_core.environment:create_file_with_runtime_dependencies(/home/jelly/ros2_ws/install/moveit2_scripts/share/colcon-core/packages/moveit2_scripts)
[11.428s] DEBUG:colcon.colcon_parallel_executor.executor.parallel:closing loop
[11.428s] DEBUG:colcon.colcon_parallel_executor.executor.parallel:loop closed
[11.428s] DEBUG:colcon.colcon_parallel_executor.executor.parallel:run_until_complete finished with '2'
[11.428s] DEBUG:colcon.colcon_core.event_reactor:joining thread
[11.436s] INFO:colcon.colcon_core.plugin_system:Skipping extension 'colcon_notification.desktop_notification.terminal_notifier': Not used on non-Darwin systems
[11.436s] INFO:colcon.colcon_core.plugin_system:Skipping extension 'colcon_notification.desktop_notification.win32': Not used on non-Windows systems
[11.436s] INFO:colcon.colcon_notification.desktop_notification:Sending desktop notification using 'notify2'
[11.455s] DEBUG:colcon.colcon_core.event_reactor:joined thread
[11.456s] INFO:colcon.colcon_core.shell:Creating prefix script '/home/jelly/ros2_ws/install/local_setup.ps1'
[11.458s] INFO:colcon.colcon_core.shell:Creating prefix util module '/home/jelly/ros2_ws/install/_local_setup_util_ps1.py'
[11.460s] INFO:colcon.colcon_core.shell:Creating prefix chain script '/home/jelly/ros2_ws/install/setup.ps1'
[11.463s] INFO:colcon.colcon_core.shell:Creating prefix script '/home/jelly/ros2_ws/install/local_setup.sh'
[11.464s] INFO:colcon.colcon_core.shell:Creating prefix util module '/home/jelly/ros2_ws/install/_local_setup_util_sh.py'
[11.465s] INFO:colcon.colcon_core.shell:Creating prefix chain script '/home/jelly/ros2_ws/install/setup.sh'
[11.467s] INFO:colcon.colcon_core.shell:Creating prefix script '/home/jelly/ros2_ws/install/local_setup.bash'
[11.468s] INFO:colcon.colcon_core.shell:Creating prefix chain script '/home/jelly/ros2_ws/install/setup.bash'
[11.471s] INFO:colcon.colcon_core.shell:Creating prefix script '/home/jelly/ros2_ws/install/local_setup.zsh'
[11.472s] INFO:colcon.colcon_core.shell:Creating prefix chain script '/home/jelly/ros2_ws/install/setup.zsh'
