[0.031s] Invoking command in '/home/jelly/ros2_ws/build/FMT': /usr/bin/cmake --build /home/jelly/ros2_ws/build/FMT -- -j4 -l4
[0.207s] [  4%] Built target fmt
[0.230s] [  7%] Built target gtest
[0.511s] [ 15%] Built target compile-fp-test
[0.511s] [ 21%] Built target test-main
[0.513s] [ 30%] Built target format-impl-test
[0.590s] [ 39%] Built target scan-test
[0.603s] [ 47%] Built target unicode-test
[0.674s] [ 50%] Built target os-test
[0.691s] [ 53%] Built target args-test
[0.691s] [ 61%] Built target posix-mock-test
[0.692s] [ 64%] Built target base-test
[0.700s] [ 67%] Built target assert-test
[0.707s] [ 70%] Built target color-test
[0.726s] [ 73%] Built target chrono-test
[0.753s] [ 76%] Built target gtest-extra-test
[0.813s] [ 78%] Built target format-test
[0.828s] [ 81%] Built target ostream-test
[0.860s] [ 84%] Built target compile-test
[0.908s] [ 87%] Built target printf-test
[0.942s] [ 91%] Built target ranges-test
[0.957s] [ 94%] Built target std-test
[1.001s] [ 97%] Built target enforce-checks-test
[1.008s] [100%] Built target xchar-test
[1.054s] Invoked command in '/home/jelly/ros2_ws/build/FMT' returned '0': /usr/bin/cmake --build /home/jelly/ros2_ws/build/FMT -- -j4 -l4
[1.247s] Invoking command in '/home/jelly/ros2_ws/build/FMT': /usr/bin/cmake --install /home/jelly/ros2_ws/build/FMT
[1.271s] -- Install configuration: "Release"
[1.271s] -- Up-to-date: /home/jelly/ros2_ws/install/FMT/lib/libfmt.a
[1.276s] -- Up-to-date: /home/jelly/ros2_ws/install/FMT/include/fmt/args.h
[1.276s] -- Up-to-date: /home/jelly/ros2_ws/install/FMT/include/fmt/base.h
[1.276s] -- Up-to-date: /home/jelly/ros2_ws/install/FMT/include/fmt/chrono.h
[1.277s] -- Up-to-date: /home/jelly/ros2_ws/install/FMT/include/fmt/color.h
[1.277s] -- Up-to-date: /home/jelly/ros2_ws/install/FMT/include/fmt/compile.h
[1.277s] -- Up-to-date: /home/jelly/ros2_ws/install/FMT/include/fmt/core.h
[1.277s] -- Up-to-date: /home/jelly/ros2_ws/install/FMT/include/fmt/format.h
[1.277s] -- Up-to-date: /home/jelly/ros2_ws/install/FMT/include/fmt/format-inl.h
[1.277s] -- Up-to-date: /home/jelly/ros2_ws/install/FMT/include/fmt/os.h
[1.277s] -- Up-to-date: /home/jelly/ros2_ws/install/FMT/include/fmt/ostream.h
[1.277s] -- Up-to-date: /home/jelly/ros2_ws/install/FMT/include/fmt/printf.h
[1.277s] -- Up-to-date: /home/jelly/ros2_ws/install/FMT/include/fmt/ranges.h
[1.278s] -- Up-to-date: /home/jelly/ros2_ws/install/FMT/include/fmt/std.h
[1.278s] -- Up-to-date: /home/jelly/ros2_ws/install/FMT/include/fmt/xchar.h
[1.282s] -- Up-to-date: /home/jelly/ros2_ws/install/FMT/lib/cmake/fmt/fmt-config.cmake
[1.282s] -- Up-to-date: /home/jelly/ros2_ws/install/FMT/lib/cmake/fmt/fmt-config-version.cmake
[1.283s] -- Up-to-date: /home/jelly/ros2_ws/install/FMT/lib/cmake/fmt/fmt-targets.cmake
[1.283s] -- Up-to-date: /home/jelly/ros2_ws/install/FMT/lib/cmake/fmt/fmt-targets-release.cmake
[1.283s] -- Up-to-date: /home/jelly/ros2_ws/install/FMT/lib/pkgconfig/fmt.pc
[1.313s] Invoked command in '/home/jelly/ros2_ws/build/FMT' returned '0': /usr/bin/cmake --install /home/jelly/ros2_ws/build/FMT
