[0.099s] Invoking command in '/home/jelly/ros2_ws/build/mycobot': CMAKE_PREFIX_PATH=/home/jelly/ros2_ws/install/serial:/home/jelly/ros2_ws/install/fp:/home/jelly/ros2_ws/install/catch2:/home/jelly/ros2_ws/install/mycobot_280_description:/home/jelly/ros2_ws/install/mycobot_hardware_interface:/home/jelly/ros2_ws/install/mycobot:/home/jelly/ros2_ws/install/mycobot_ros2:/home/jelly/ros2_ws/install/mycobot_moveit_config:/home/jelly/ros2_ws/install/mycobot_gazebo:/home/jelly/ros2_ws/install/mycobot_description:/home/jelly/ros2_ws/install/moveit2_scripts:/home/jelly/ros2_ws/install/motion_planning_python_api:/home/jelly/ros2_ws/install/FMT:/home/jelly/ros2_ws/install/mycobot_real_moveit:/home/jelly/ros2_ws/install/mycobot_280:/home/jelly/ros2_ws/install/my_moveit2_package:/opt/ros/humble /usr/bin/cmake --build /home/jelly/ros2_ws/build/mycobot -- -j4 -l4
[0.313s] [ 50%] Built target mycobot
[0.420s] [ 66%] Built target wiggle
[0.420s] [100%] Built target test_mycobot
[0.447s] Invoked command in '/home/jelly/ros2_ws/build/mycobot' returned '0': CMAKE_PREFIX_PATH=/home/jelly/ros2_ws/install/serial:/home/jelly/ros2_ws/install/fp:/home/jelly/ros2_ws/install/catch2:/home/jelly/ros2_ws/install/mycobot_280_description:/home/jelly/ros2_ws/install/mycobot_hardware_interface:/home/jelly/ros2_ws/install/mycobot:/home/jelly/ros2_ws/install/mycobot_ros2:/home/jelly/ros2_ws/install/mycobot_moveit_config:/home/jelly/ros2_ws/install/mycobot_gazebo:/home/jelly/ros2_ws/install/mycobot_description:/home/jelly/ros2_ws/install/moveit2_scripts:/home/jelly/ros2_ws/install/motion_planning_python_api:/home/jelly/ros2_ws/install/FMT:/home/jelly/ros2_ws/install/mycobot_real_moveit:/home/jelly/ros2_ws/install/mycobot_280:/home/jelly/ros2_ws/install/my_moveit2_package:/opt/ros/humble /usr/bin/cmake --build /home/jelly/ros2_ws/build/mycobot -- -j4 -l4
[0.719s] Invoking command in '/home/jelly/ros2_ws/build/mycobot': CMAKE_PREFIX_PATH=/home/jelly/ros2_ws/install/serial:/home/jelly/ros2_ws/install/fp:/home/jelly/ros2_ws/install/catch2:/home/jelly/ros2_ws/install/mycobot_280_description:/home/jelly/ros2_ws/install/mycobot_hardware_interface:/home/jelly/ros2_ws/install/mycobot:/home/jelly/ros2_ws/install/mycobot_ros2:/home/jelly/ros2_ws/install/mycobot_moveit_config:/home/jelly/ros2_ws/install/mycobot_gazebo:/home/jelly/ros2_ws/install/mycobot_description:/home/jelly/ros2_ws/install/moveit2_scripts:/home/jelly/ros2_ws/install/motion_planning_python_api:/home/jelly/ros2_ws/install/FMT:/home/jelly/ros2_ws/install/mycobot_real_moveit:/home/jelly/ros2_ws/install/mycobot_280:/home/jelly/ros2_ws/install/my_moveit2_package:/opt/ros/humble /usr/bin/cmake --install /home/jelly/ros2_ws/build/mycobot
[0.741s] -- Install configuration: ""
[0.742s] -- Execute custom install script
[0.745s] -- Up-to-date symlink: /home/jelly/ros2_ws/install/mycobot/include/mycobot/command.hpp
[0.746s] -- Up-to-date symlink: /home/jelly/ros2_ws/install/mycobot/include/mycobot/detect.hpp
[0.746s] -- Up-to-date symlink: /home/jelly/ros2_ws/install/mycobot/include/mycobot/mycobot.hpp
[0.746s] -- Up-to-date symlink: /home/jelly/ros2_ws/install/mycobot/include/mycobot/process_received.hpp
[0.746s] -- Up-to-date symlink: /home/jelly/ros2_ws/install/mycobot/include/mycobot/protocol_code.hpp
[0.746s] -- Up-to-date symlink: /home/jelly/ros2_ws/install/mycobot/include/mycobot/serialize.hpp
[0.746s] -- Up-to-date symlink: /home/jelly/ros2_ws/install/mycobot/share/mycobot/environment/library_path.sh
[0.747s] -- Up-to-date symlink: /home/jelly/ros2_ws/install/mycobot/share/mycobot/environment/library_path.dsv
[0.754s] -- Up-to-date symlink: /home/jelly/ros2_ws/install/mycobot/share/ament_index/resource_index/package_run_dependencies/mycobot
[0.754s] -- Up-to-date symlink: /home/jelly/ros2_ws/install/mycobot/share/ament_index/resource_index/parent_prefix_path/mycobot
[0.754s] -- Up-to-date symlink: /home/jelly/ros2_ws/install/mycobot/share/mycobot/environment/ament_prefix_path.sh
[0.756s] -- Up-to-date symlink: /home/jelly/ros2_ws/install/mycobot/share/mycobot/environment/ament_prefix_path.dsv
[0.756s] -- Up-to-date symlink: /home/jelly/ros2_ws/install/mycobot/share/mycobot/environment/path.sh
[0.756s] -- Up-to-date symlink: /home/jelly/ros2_ws/install/mycobot/share/mycobot/environment/path.dsv
[0.756s] -- Up-to-date symlink: /home/jelly/ros2_ws/install/mycobot/share/mycobot/local_setup.bash
[0.757s] -- Up-to-date symlink: /home/jelly/ros2_ws/install/mycobot/share/mycobot/local_setup.sh
[0.757s] -- Up-to-date symlink: /home/jelly/ros2_ws/install/mycobot/share/mycobot/local_setup.zsh
[0.757s] -- Up-to-date symlink: /home/jelly/ros2_ws/install/mycobot/share/mycobot/local_setup.dsv
[0.758s] -- Symlinking: /home/jelly/ros2_ws/install/mycobot/share/mycobot/package.dsv
[0.780s] -- Up-to-date symlink: /home/jelly/ros2_ws/install/mycobot/share/ament_index/resource_index/packages/mycobot
[0.780s] -- Up-to-date symlink: /home/jelly/ros2_ws/install/mycobot/share/mycobot/cmake/ament_cmake_export_include_directories-extras.cmake
[0.780s] -- Up-to-date symlink: /home/jelly/ros2_ws/install/mycobot/share/mycobot/cmake/ament_cmake_export_libraries-extras.cmake
[0.780s] -- Up-to-date symlink: /home/jelly/ros2_ws/install/mycobot/share/mycobot/cmake/ament_cmake_export_targets-extras.cmake
[0.781s] -- Up-to-date symlink: /home/jelly/ros2_ws/install/mycobot/share/mycobot/cmake/mycobotConfig.cmake
[0.781s] -- Up-to-date symlink: /home/jelly/ros2_ws/install/mycobot/share/mycobot/cmake/mycobotConfig-version.cmake
[0.781s] -- Up-to-date symlink: /home/jelly/ros2_ws/install/mycobot/share/mycobot/package.xml
[0.781s] -- Up-to-date: /home/jelly/ros2_ws/install/mycobot/lib/libmycobot.a
[0.782s] -- Up-to-date: /home/jelly/ros2_ws/install/mycobot/bin/wiggle
[0.782s] -- Up-to-date: /home/jelly/ros2_ws/install/mycobot/share/mycobot/cmake/export_mycobotExport.cmake
[0.783s] -- Up-to-date: /home/jelly/ros2_ws/install/mycobot/share/mycobot/cmake/export_mycobotExport-noconfig.cmake
[0.786s] Invoked command in '/home/jelly/ros2_ws/build/mycobot' returned '0': CMAKE_PREFIX_PATH=/home/jelly/ros2_ws/install/serial:/home/jelly/ros2_ws/install/fp:/home/jelly/ros2_ws/install/catch2:/home/jelly/ros2_ws/install/mycobot_280_description:/home/jelly/ros2_ws/install/mycobot_hardware_interface:/home/jelly/ros2_ws/install/mycobot:/home/jelly/ros2_ws/install/mycobot_ros2:/home/jelly/ros2_ws/install/mycobot_moveit_config:/home/jelly/ros2_ws/install/mycobot_gazebo:/home/jelly/ros2_ws/install/mycobot_description:/home/jelly/ros2_ws/install/moveit2_scripts:/home/jelly/ros2_ws/install/motion_planning_python_api:/home/jelly/ros2_ws/install/FMT:/home/jelly/ros2_ws/install/mycobot_real_moveit:/home/jelly/ros2_ws/install/mycobot_280:/home/jelly/ros2_ws/install/my_moveit2_package:/opt/ros/humble /usr/bin/cmake --install /home/jelly/ros2_ws/build/mycobot
