[2.934s] Invoking command in '/home/jelly/ros2_ws/src/mycobot_280': AMENT_PREFIX_PATH=/home/jelly/ros2_ws/install/mycobot_description:${AMENT_PREFIX_PATH} CMAKE_PREFIX_PATH=/home/jelly/ros2_ws/install/mycobot_description:/opt/ros/humble PYTHONPATH=/home/jelly/ros2_ws/build/mycobot_280/prefix_override:/usr/lib/python3/dist-packages/colcon_core/task/python/colcon_distutils_commands:/home/jelly/ros2_ws/install/mycobot_280/lib/python3.10/site-packages:${PYTHONPATH} /usr/bin/python3 -W ignore:setup.py install is deprecated setup.py egg_info --egg-base ../../build/mycobot_280 build --build-base /home/jelly/ros2_ws/build/mycobot_280/build install --record /home/jelly/ros2_ws/build/mycobot_280/install.log --single-version-externally-managed install_data
[3.637s] running egg_info
[3.638s] creating ../../build/mycobot_280/mycobot_280.egg-info
[3.640s] writing ../../build/mycobot_280/mycobot_280.egg-info/PKG-INFO
[3.640s] writing dependency_links to ../../build/mycobot_280/mycobot_280.egg-info/dependency_links.txt
[3.640s] writing entry points to ../../build/mycobot_280/mycobot_280.egg-info/entry_points.txt
[3.640s] writing requirements to ../../build/mycobot_280/mycobot_280.egg-info/requires.txt
[3.640s] writing top-level names to ../../build/mycobot_280/mycobot_280.egg-info/top_level.txt
[3.640s] writing manifest file '../../build/mycobot_280/mycobot_280.egg-info/SOURCES.txt'
[3.642s] reading manifest file '../../build/mycobot_280/mycobot_280.egg-info/SOURCES.txt'
[3.642s] adding license file 'LICENSE'
[3.643s] writing manifest file '../../build/mycobot_280/mycobot_280.egg-info/SOURCES.txt'
[3.643s] running build
[3.644s] running build_py
[3.644s] creating /home/jelly/ros2_ws/build/mycobot_280/build
[3.644s] creating /home/jelly/ros2_ws/build/mycobot_280/build/lib
[3.644s] creating /home/jelly/ros2_ws/build/mycobot_280/build/lib/mycobot_280
[3.644s] copying mycobot_280/detect_marker.py -> /home/jelly/ros2_ws/build/mycobot_280/build/lib/mycobot_280
[3.647s] copying mycobot_280/following_marker.py -> /home/jelly/ros2_ws/build/mycobot_280/build/lib/mycobot_280
[3.649s] copying mycobot_280/follow_display.py -> /home/jelly/ros2_ws/build/mycobot_280/build/lib/mycobot_280
[3.650s] copying mycobot_280/slider_control.py -> /home/jelly/ros2_ws/build/mycobot_280/build/lib/mycobot_280
[3.651s] copying mycobot_280/__init__.py -> /home/jelly/ros2_ws/build/mycobot_280/build/lib/mycobot_280
[3.652s] copying mycobot_280/listen_real_of_topic.py -> /home/jelly/ros2_ws/build/mycobot_280/build/lib/mycobot_280
[3.653s] copying mycobot_280/opencv_camera.py -> /home/jelly/ros2_ws/build/mycobot_280/build/lib/mycobot_280
[3.653s] copying mycobot_280/camera_display.py -> /home/jelly/ros2_ws/build/mycobot_280/build/lib/mycobot_280
[3.654s] copying mycobot_280/teleop_keyboard.py -> /home/jelly/ros2_ws/build/mycobot_280/build/lib/mycobot_280
[3.654s] copying mycobot_280/listen_real.py -> /home/jelly/ros2_ws/build/mycobot_280/build/lib/mycobot_280
[3.655s] copying mycobot_280/simple_gui.py -> /home/jelly/ros2_ws/build/mycobot_280/build/lib/mycobot_280
[3.657s] copying mycobot_280/follow_and_pump.py -> /home/jelly/ros2_ws/build/mycobot_280/build/lib/mycobot_280
[3.658s] running install
[3.659s] running install_lib
[3.665s] creating /home/jelly/ros2_ws/install/mycobot_280/lib/python3.10/site-packages/mycobot_280
[3.665s] copying /home/jelly/ros2_ws/build/mycobot_280/build/lib/mycobot_280/detect_marker.py -> /home/jelly/ros2_ws/install/mycobot_280/lib/python3.10/site-packages/mycobot_280
[3.666s] copying /home/jelly/ros2_ws/build/mycobot_280/build/lib/mycobot_280/following_marker.py -> /home/jelly/ros2_ws/install/mycobot_280/lib/python3.10/site-packages/mycobot_280
[3.666s] copying /home/jelly/ros2_ws/build/mycobot_280/build/lib/mycobot_280/follow_display.py -> /home/jelly/ros2_ws/install/mycobot_280/lib/python3.10/site-packages/mycobot_280
[3.666s] copying /home/jelly/ros2_ws/build/mycobot_280/build/lib/mycobot_280/slider_control.py -> /home/jelly/ros2_ws/install/mycobot_280/lib/python3.10/site-packages/mycobot_280
[3.666s] copying /home/jelly/ros2_ws/build/mycobot_280/build/lib/mycobot_280/__init__.py -> /home/jelly/ros2_ws/install/mycobot_280/lib/python3.10/site-packages/mycobot_280
[3.666s] copying /home/jelly/ros2_ws/build/mycobot_280/build/lib/mycobot_280/listen_real_of_topic.py -> /home/jelly/ros2_ws/install/mycobot_280/lib/python3.10/site-packages/mycobot_280
[3.666s] copying /home/jelly/ros2_ws/build/mycobot_280/build/lib/mycobot_280/opencv_camera.py -> /home/jelly/ros2_ws/install/mycobot_280/lib/python3.10/site-packages/mycobot_280
[3.666s] copying /home/jelly/ros2_ws/build/mycobot_280/build/lib/mycobot_280/camera_display.py -> /home/jelly/ros2_ws/install/mycobot_280/lib/python3.10/site-packages/mycobot_280
[3.667s] copying /home/jelly/ros2_ws/build/mycobot_280/build/lib/mycobot_280/teleop_keyboard.py -> /home/jelly/ros2_ws/install/mycobot_280/lib/python3.10/site-packages/mycobot_280
[3.667s] copying /home/jelly/ros2_ws/build/mycobot_280/build/lib/mycobot_280/listen_real.py -> /home/jelly/ros2_ws/install/mycobot_280/lib/python3.10/site-packages/mycobot_280
[3.667s] copying /home/jelly/ros2_ws/build/mycobot_280/build/lib/mycobot_280/simple_gui.py -> /home/jelly/ros2_ws/install/mycobot_280/lib/python3.10/site-packages/mycobot_280
[3.667s] copying /home/jelly/ros2_ws/build/mycobot_280/build/lib/mycobot_280/follow_and_pump.py -> /home/jelly/ros2_ws/install/mycobot_280/lib/python3.10/site-packages/mycobot_280
[3.667s] byte-compiling /home/jelly/ros2_ws/install/mycobot_280/lib/python3.10/site-packages/mycobot_280/detect_marker.py to detect_marker.cpython-310.pyc
[3.667s] byte-compiling /home/jelly/ros2_ws/install/mycobot_280/lib/python3.10/site-packages/mycobot_280/following_marker.py to following_marker.cpython-310.pyc
[3.668s] byte-compiling /home/jelly/ros2_ws/install/mycobot_280/lib/python3.10/site-packages/mycobot_280/follow_display.py to follow_display.cpython-310.pyc
[3.676s] byte-compiling /home/jelly/ros2_ws/install/mycobot_280/lib/python3.10/site-packages/mycobot_280/slider_control.py to slider_control.cpython-310.pyc
[3.677s] byte-compiling /home/jelly/ros2_ws/install/mycobot_280/lib/python3.10/site-packages/mycobot_280/__init__.py to __init__.cpython-310.pyc
[3.677s] byte-compiling /home/jelly/ros2_ws/install/mycobot_280/lib/python3.10/site-packages/mycobot_280/listen_real_of_topic.py to listen_real_of_topic.cpython-310.pyc
[3.683s] byte-compiling /home/jelly/ros2_ws/install/mycobot_280/lib/python3.10/site-packages/mycobot_280/opencv_camera.py to opencv_camera.cpython-310.pyc
[3.683s] byte-compiling /home/jelly/ros2_ws/install/mycobot_280/lib/python3.10/site-packages/mycobot_280/camera_display.py to camera_display.cpython-310.pyc
[3.684s] byte-compiling /home/jelly/ros2_ws/install/mycobot_280/lib/python3.10/site-packages/mycobot_280/teleop_keyboard.py to teleop_keyboard.cpython-310.pyc
[3.699s] byte-compiling /home/jelly/ros2_ws/install/mycobot_280/lib/python3.10/site-packages/mycobot_280/listen_real.py to listen_real.cpython-310.pyc
[3.700s] byte-compiling /home/jelly/ros2_ws/install/mycobot_280/lib/python3.10/site-packages/mycobot_280/simple_gui.py to simple_gui.cpython-310.pyc
[3.709s] byte-compiling /home/jelly/ros2_ws/install/mycobot_280/lib/python3.10/site-packages/mycobot_280/follow_and_pump.py to follow_and_pump.cpython-310.pyc
[3.719s] running install_data
[3.720s] creating /home/jelly/ros2_ws/install/mycobot_280/share/ament_index
[3.720s] creating /home/jelly/ros2_ws/install/mycobot_280/share/ament_index/resource_index
[3.721s] creating /home/jelly/ros2_ws/install/mycobot_280/share/ament_index/resource_index/packages
[3.721s] copying resource/mycobot_280 -> /home/jelly/ros2_ws/install/mycobot_280/share/ament_index/resource_index/packages
[3.722s] copying package.xml -> /home/jelly/ros2_ws/install/mycobot_280/share/mycobot_280
[3.722s] creating /home/jelly/ros2_ws/install/mycobot_280/share/mycobot_280/launch
[3.722s] copying launch/test.launch.py -> /home/jelly/ros2_ws/install/mycobot_280/share/mycobot_280/launch
[3.730s] copying launch/slider_control_pump.launch.py -> /home/jelly/ros2_ws/install/mycobot_280/share/mycobot_280/launch
[3.734s] copying launch/teleop_keyboard.launch.py -> /home/jelly/ros2_ws/install/mycobot_280/share/mycobot_280/launch
[3.734s] copying launch/test_camera_flange.launch.py -> /home/jelly/ros2_ws/install/mycobot_280/share/mycobot_280/launch
[3.735s] copying launch/detect_marker.launch.py -> /home/jelly/ros2_ws/install/mycobot_280/share/mycobot_280/launch
[3.735s] copying launch/detect_marker_with_topic.launch.py -> /home/jelly/ros2_ws/install/mycobot_280/share/mycobot_280/launch
[3.735s] copying launch/simple_gui_pump.launch.py -> /home/jelly/ros2_ws/install/mycobot_280/share/mycobot_280/launch
[3.736s] copying launch/mycobot_follow.launch.py -> /home/jelly/ros2_ws/install/mycobot_280/share/mycobot_280/launch
[3.743s] copying launch/slider_control_camera_flange.launch.py -> /home/jelly/ros2_ws/install/mycobot_280/share/mycobot_280/launch
[3.744s] copying launch/test_camera_flange_pump.launch.py -> /home/jelly/ros2_ws/install/mycobot_280/share/mycobot_280/launch
[3.745s] copying launch/test_pump.launch.py -> /home/jelly/ros2_ws/install/mycobot_280/share/mycobot_280/launch
[3.757s] copying launch/simple_gui.launch.py -> /home/jelly/ros2_ws/install/mycobot_280/share/mycobot_280/launch
[3.758s] copying launch/slider_control.launch.py -> /home/jelly/ros2_ws/install/mycobot_280/share/mycobot_280/launch
[3.759s] creating /home/jelly/ros2_ws/install/mycobot_280/share/mycobot_280/config
[3.759s] copying config/mycobot.rviz -> /home/jelly/ros2_ws/install/mycobot_280/share/mycobot_280/config
[3.760s] copying config/mycobot_with_marker.rviz -> /home/jelly/ros2_ws/install/mycobot_280/share/mycobot_280/config
[3.761s] running install_egg_info
[3.765s] Copying ../../build/mycobot_280/mycobot_280.egg-info to /home/jelly/ros2_ws/install/mycobot_280/lib/python3.10/site-packages/mycobot_280-0.0.0-py3.10.egg-info
[3.766s] running install_scripts
[3.815s] Installing camera_display script to /home/jelly/ros2_ws/install/mycobot_280/lib/mycobot_280
[3.815s] Installing detect_marker script to /home/jelly/ros2_ws/install/mycobot_280/lib/mycobot_280
[3.816s] Installing follow_display script to /home/jelly/ros2_ws/install/mycobot_280/lib/mycobot_280
[3.826s] Installing following_marker script to /home/jelly/ros2_ws/install/mycobot_280/lib/mycobot_280
[3.826s] Installing listen_real script to /home/jelly/ros2_ws/install/mycobot_280/lib/mycobot_280
[3.827s] Installing listen_real_of_topic script to /home/jelly/ros2_ws/install/mycobot_280/lib/mycobot_280
[3.827s] Installing opencv_camera script to /home/jelly/ros2_ws/install/mycobot_280/lib/mycobot_280
[3.827s] Installing simple_gui script to /home/jelly/ros2_ws/install/mycobot_280/lib/mycobot_280
[3.827s] Installing slider_control script to /home/jelly/ros2_ws/install/mycobot_280/lib/mycobot_280
[3.828s] Installing teleop_keyboard script to /home/jelly/ros2_ws/install/mycobot_280/lib/mycobot_280
[3.828s] writing list of installed files to '/home/jelly/ros2_ws/build/mycobot_280/install.log'
[3.890s] Invoked command in '/home/jelly/ros2_ws/src/mycobot_280' returned '0': AMENT_PREFIX_PATH=/home/jelly/ros2_ws/install/mycobot_description:${AMENT_PREFIX_PATH} CMAKE_PREFIX_PATH=/home/jelly/ros2_ws/install/mycobot_description:/opt/ros/humble PYTHONPATH=/home/jelly/ros2_ws/build/mycobot_280/prefix_override:/usr/lib/python3/dist-packages/colcon_core/task/python/colcon_distutils_commands:/home/jelly/ros2_ws/install/mycobot_280/lib/python3.10/site-packages:${PYTHONPATH} /usr/bin/python3 -W ignore:setup.py install is deprecated setup.py egg_info --egg-base ../../build/mycobot_280 build --build-base /home/jelly/ros2_ws/build/mycobot_280/build install --record /home/jelly/ros2_ws/build/mycobot_280/install.log --single-version-externally-managed install_data
