[0.027s] Invoking command in '/home/jelly/ros2_ws/build/FMT': /usr/bin/cmake --build /home/jelly/ros2_ws/build/FMT -- -j4 -l4
[0.155s] [  2%] Built target gtest
[0.157s] [  7%] Built target fmt
[0.241s] [ 15%] Built target compile-fp-test
[0.244s] [ 25%] Built target format-impl-test
[0.253s] [ 33%] Built target scan-test
[0.316s] [ 42%] Built target unicode-test
[0.363s] [ 50%] Built target posix-mock-test
[0.432s] [ 56%] Built target test-main
[0.546s] [ 59%] Built target base-test
[0.547s] [ 61%] Built target args-test
[0.550s] [ 64%] Built target chrono-test
[0.555s] [ 67%] Built target assert-test
[0.572s] [ 70%] Built target color-test
[0.576s] [ 73%] Built target gtest-extra-test
[0.605s] [ 76%] Built target format-test
[0.659s] [ 78%] Built target compile-test
[0.698s] [ 81%] Built target ostream-test
[0.701s] [ 85%] Built target ranges-test
[0.725s] [ 88%] Built target printf-test
[0.753s] [ 91%] Built target std-test
[0.795s] [ 94%] Built target xchar-test
[0.817s] [ 97%] Built target os-test
[0.825s] [100%] Built target enforce-checks-test
[0.847s] Invoked command in '/home/jelly/ros2_ws/build/FMT' returned '0': /usr/bin/cmake --build /home/jelly/ros2_ws/build/FMT -- -j4 -l4
[1.023s] Invoking command in '/home/jelly/ros2_ws/build/FMT': /usr/bin/cmake --install /home/jelly/ros2_ws/build/FMT
[1.041s] -- Install configuration: "Release"
[1.042s] -- Up-to-date: /home/jelly/ros2_ws/install/FMT/lib/libfmt.a
[1.042s] -- Up-to-date: /home/jelly/ros2_ws/install/FMT/include/fmt/args.h
[1.042s] -- Up-to-date: /home/jelly/ros2_ws/install/FMT/include/fmt/base.h
[1.042s] -- Up-to-date: /home/jelly/ros2_ws/install/FMT/include/fmt/chrono.h
[1.043s] -- Up-to-date: /home/jelly/ros2_ws/install/FMT/include/fmt/color.h
[1.043s] -- Up-to-date: /home/jelly/ros2_ws/install/FMT/include/fmt/compile.h
[1.043s] -- Up-to-date: /home/jelly/ros2_ws/install/FMT/include/fmt/core.h
[1.043s] -- Up-to-date: /home/jelly/ros2_ws/install/FMT/include/fmt/format.h
[1.043s] -- Up-to-date: /home/jelly/ros2_ws/install/FMT/include/fmt/format-inl.h
[1.043s] -- Up-to-date: /home/jelly/ros2_ws/install/FMT/include/fmt/os.h
[1.043s] -- Up-to-date: /home/jelly/ros2_ws/install/FMT/include/fmt/ostream.h
[1.044s] -- Up-to-date: /home/jelly/ros2_ws/install/FMT/include/fmt/printf.h
[1.044s] -- Up-to-date: /home/jelly/ros2_ws/install/FMT/include/fmt/ranges.h
[1.044s] -- Up-to-date: /home/jelly/ros2_ws/install/FMT/include/fmt/std.h
[1.044s] -- Up-to-date: /home/jelly/ros2_ws/install/FMT/include/fmt/xchar.h
[1.044s] -- Up-to-date: /home/jelly/ros2_ws/install/FMT/lib/cmake/fmt/fmt-config.cmake
[1.045s] -- Up-to-date: /home/jelly/ros2_ws/install/FMT/lib/cmake/fmt/fmt-config-version.cmake
[1.045s] -- Up-to-date: /home/jelly/ros2_ws/install/FMT/lib/cmake/fmt/fmt-targets.cmake
[1.046s] -- Up-to-date: /home/jelly/ros2_ws/install/FMT/lib/cmake/fmt/fmt-targets-release.cmake
[1.046s] -- Up-to-date: /home/jelly/ros2_ws/install/FMT/lib/pkgconfig/fmt.pc
[1.055s] Invoked command in '/home/jelly/ros2_ws/build/FMT' returned '0': /usr/bin/cmake --install /home/jelly/ros2_ws/build/FMT
