[0.049s] Invoking command in '/home/jelly/ros2_ws/build/FMT': /usr/bin/cmake --build /home/jelly/ros2_ws/build/FMT -- -j4 -l4
[0.190s] [  4%] Built target fmt
[0.214s] [  7%] Built target gtest
[0.320s] [ 16%] Built target format-impl-test
[0.320s] [ 25%] Built target scan-test
[0.354s] [ 30%] Built target test-main
[0.365s] [ 39%] Built target compile-fp-test
[0.430s] [ 47%] Built target unicode-test
[0.446s] [ 56%] Built target posix-mock-test
[0.458s] [ 59%] Built target args-test
[0.480s] [ 61%] Built target base-test
[0.552s] [ 64%] Built target assert-test
[0.574s] [ 67%] Built target color-test
[0.587s] [ 70%] Built target chrono-test
[0.588s] [ 73%] Built target gtest-extra-test
[0.648s] [ 76%] Built target format-test
[0.671s] [ 78%] Built target compile-test
[0.688s] [ 81%] Built target ostream-test
[0.740s] [ 84%] Built target printf-test
[0.752s] [ 88%] Built target ranges-test
[0.759s] [ 91%] Built target std-test
[0.782s] [ 94%] Built target xchar-test
[0.840s] [ 97%] Built target os-test
[0.866s] [100%] Built target enforce-checks-test
[0.890s] Invoked command in '/home/jelly/ros2_ws/build/FMT' returned '0': /usr/bin/cmake --build /home/jelly/ros2_ws/build/FMT -- -j4 -l4
[1.093s] Invoking command in '/home/jelly/ros2_ws/build/FMT': /usr/bin/cmake --install /home/jelly/ros2_ws/build/FMT
[1.105s] -- Install configuration: "Release"
[1.106s] -- Up-to-date: /home/jelly/ros2_ws/install/FMT/lib/libfmt.a
[1.107s] -- Up-to-date: /home/jelly/ros2_ws/install/FMT/include/fmt/args.h
[1.107s] -- Up-to-date: /home/jelly/ros2_ws/install/FMT/include/fmt/base.h
[1.107s] -- Up-to-date: /home/jelly/ros2_ws/install/FMT/include/fmt/chrono.h
[1.108s] -- Up-to-date: /home/jelly/ros2_ws/install/FMT/include/fmt/color.h
[1.108s] -- Up-to-date: /home/jelly/ros2_ws/install/FMT/include/fmt/compile.h
[1.108s] -- Up-to-date: /home/jelly/ros2_ws/install/FMT/include/fmt/core.h
[1.108s] -- Up-to-date: /home/jelly/ros2_ws/install/FMT/include/fmt/format.h
[1.108s] -- Up-to-date: /home/jelly/ros2_ws/install/FMT/include/fmt/format-inl.h
[1.109s] -- Up-to-date: /home/jelly/ros2_ws/install/FMT/include/fmt/os.h
[1.109s] -- Up-to-date: /home/jelly/ros2_ws/install/FMT/include/fmt/ostream.h
[1.109s] -- Up-to-date: /home/jelly/ros2_ws/install/FMT/include/fmt/printf.h
[1.109s] -- Up-to-date: /home/jelly/ros2_ws/install/FMT/include/fmt/ranges.h
[1.109s] -- Up-to-date: /home/jelly/ros2_ws/install/FMT/include/fmt/std.h
[1.109s] -- Up-to-date: /home/jelly/ros2_ws/install/FMT/include/fmt/xchar.h
[1.113s] -- Up-to-date: /home/jelly/ros2_ws/install/FMT/lib/cmake/fmt/fmt-config.cmake
[1.114s] -- Up-to-date: /home/jelly/ros2_ws/install/FMT/lib/cmake/fmt/fmt-config-version.cmake
[1.114s] -- Up-to-date: /home/jelly/ros2_ws/install/FMT/lib/cmake/fmt/fmt-targets.cmake
[1.114s] -- Up-to-date: /home/jelly/ros2_ws/install/FMT/lib/cmake/fmt/fmt-targets-release.cmake
[1.114s] -- Up-to-date: /home/jelly/ros2_ws/install/FMT/lib/pkgconfig/fmt.pc
[1.120s] Invoked command in '/home/jelly/ros2_ws/build/FMT' returned '0': /usr/bin/cmake --install /home/jelly/ros2_ws/build/FMT
