[0.034s] Invoking command in '/home/jelly/ros2_ws/build/serial': CMAKE_PREFIX_PATH=${CMAKE_PREFIX_PATH}:/home/jelly/ros2_ws/install/my_moveit2_package:/home/jelly/ros2_ws/install/mycobot_real_moveit:/home/jelly/ros2_ws/install/mycobot_280:/opt/ros/humble /usr/bin/cmake --build /home/jelly/ros2_ws/build/serial -- -j4 -l4
[0.188s] [100%] Built target serial
[0.209s] Invoked command in '/home/jelly/ros2_ws/build/serial' returned '0': CMAKE_PREFIX_PATH=${CMAKE_PREFIX_PATH}:/home/jelly/ros2_ws/install/my_moveit2_package:/home/jelly/ros2_ws/install/mycobot_real_moveit:/home/jelly/ros2_ws/install/mycobot_280:/opt/ros/humble /usr/bin/cmake --build /home/jelly/ros2_ws/build/serial -- -j4 -l4
[0.341s] Invoking command in '/home/jelly/ros2_ws/build/serial': CMAKE_PREFIX_PATH=${CMAKE_PREFIX_PATH}:/home/jelly/ros2_ws/install/my_moveit2_package:/home/jelly/ros2_ws/install/mycobot_real_moveit:/home/jelly/ros2_ws/install/mycobot_280:/opt/ros/humble /usr/bin/cmake --install /home/jelly/ros2_ws/build/serial
[0.355s] -- Install configuration: ""
[0.356s] -- Execute custom install script
[0.357s] -- Up-to-date symlink: /home/jelly/ros2_ws/install/serial/include/serial/impl/unix.h
[0.357s] -- Up-to-date symlink: /home/jelly/ros2_ws/install/serial/include/serial/impl/win.h
[0.357s] -- Up-to-date symlink: /home/jelly/ros2_ws/install/serial/include/serial/serial.h
[0.358s] -- Up-to-date symlink: /home/jelly/ros2_ws/install/serial/include/serial/v8stdint.h
[0.358s] -- Up-to-date symlink: /home/jelly/ros2_ws/install/serial/share/serial/environment/library_path.sh
[0.359s] -- Up-to-date symlink: /home/jelly/ros2_ws/install/serial/share/serial/environment/library_path.dsv
[0.360s] -- Up-to-date symlink: /home/jelly/ros2_ws/install/serial/share/ament_index/resource_index/package_run_dependencies/serial
[0.362s] -- Up-to-date symlink: /home/jelly/ros2_ws/install/serial/share/ament_index/resource_index/parent_prefix_path/serial
[0.363s] -- Up-to-date symlink: /home/jelly/ros2_ws/install/serial/share/serial/environment/ament_prefix_path.sh
[0.363s] -- Up-to-date symlink: /home/jelly/ros2_ws/install/serial/share/serial/environment/ament_prefix_path.dsv
[0.363s] -- Up-to-date symlink: /home/jelly/ros2_ws/install/serial/share/serial/environment/path.sh
[0.363s] -- Up-to-date symlink: /home/jelly/ros2_ws/install/serial/share/serial/environment/path.dsv
[0.364s] -- Up-to-date symlink: /home/jelly/ros2_ws/install/serial/share/serial/local_setup.bash
[0.364s] -- Up-to-date symlink: /home/jelly/ros2_ws/install/serial/share/serial/local_setup.sh
[0.366s] -- Up-to-date symlink: /home/jelly/ros2_ws/install/serial/share/serial/local_setup.zsh
[0.366s] -- Up-to-date symlink: /home/jelly/ros2_ws/install/serial/share/serial/local_setup.dsv
[0.366s] -- Symlinking: /home/jelly/ros2_ws/install/serial/share/serial/package.dsv
[0.380s] -- Up-to-date symlink: /home/jelly/ros2_ws/install/serial/share/ament_index/resource_index/packages/serial
[0.381s] -- Up-to-date symlink: /home/jelly/ros2_ws/install/serial/share/serial/cmake/ament_cmake_export_include_directories-extras.cmake
[0.381s] -- Up-to-date symlink: /home/jelly/ros2_ws/install/serial/share/serial/cmake/ament_cmake_export_libraries-extras.cmake
[0.381s] -- Up-to-date symlink: /home/jelly/ros2_ws/install/serial/share/serial/cmake/ament_cmake_export_targets-extras.cmake
[0.382s] -- Up-to-date symlink: /home/jelly/ros2_ws/install/serial/share/serial/cmake/serialConfig.cmake
[0.382s] -- Up-to-date symlink: /home/jelly/ros2_ws/install/serial/share/serial/cmake/serialConfig-version.cmake
[0.382s] -- Up-to-date symlink: /home/jelly/ros2_ws/install/serial/share/serial/package.xml
[0.382s] -- Up-to-date: /home/jelly/ros2_ws/install/serial/lib/libserial.a
[0.382s] -- Up-to-date: /home/jelly/ros2_ws/install/serial/share/serial/cmake/export_serialExport.cmake
[0.382s] -- Up-to-date: /home/jelly/ros2_ws/install/serial/share/serial/cmake/export_serialExport-noconfig.cmake
[0.386s] Invoked command in '/home/jelly/ros2_ws/build/serial' returned '0': CMAKE_PREFIX_PATH=${CMAKE_PREFIX_PATH}:/home/jelly/ros2_ws/install/my_moveit2_package:/home/jelly/ros2_ws/install/mycobot_real_moveit:/home/jelly/ros2_ws/install/mycobot_280:/opt/ros/humble /usr/bin/cmake --install /home/jelly/ros2_ws/build/serial
