[0.022s] Invoking command in '/home/coleman/ros2_ws/build/mycobot_ros2': CMAKE_PREFIX_PATH=/home/coleman/ros2_ws/install/mycobot_description:/home/coleman/ros2_ws/install/mycobot_ros2:/home/coleman/ros2_ws/install/mycobot_moveit_config:/home/coleman/ros2_ws/install/mycobot_gazebo:/opt/ros/humble /usr/bin/cmake --build /home/coleman/ros2_ws/build/mycobot_ros2 -- -j16 -l16
[0.031s] Invoked command in '/home/coleman/ros2_ws/build/mycobot_ros2' returned '0': CMAKE_PREFIX_PATH=/home/coleman/ros2_ws/install/mycobot_description:/home/coleman/ros2_ws/install/mycobot_ros2:/home/coleman/ros2_ws/install/mycobot_moveit_config:/home/coleman/ros2_ws/install/mycobot_gazebo:/opt/ros/humble /usr/bin/cmake --build /home/coleman/ros2_ws/build/mycobot_ros2 -- -j16 -l16
[0.043s] Invoking command in '/home/coleman/ros2_ws/build/mycobot_ros2': CMAKE_PREFIX_PATH=/home/coleman/ros2_ws/install/mycobot_description:/home/coleman/ros2_ws/install/mycobot_ros2:/home/coleman/ros2_ws/install/mycobot_moveit_config:/home/coleman/ros2_ws/install/mycobot_gazebo:/opt/ros/humble /usr/bin/cmake --install /home/coleman/ros2_ws/build/mycobot_ros2
[0.046s] -- Install configuration: ""
[0.046s] -- Up-to-date: /home/coleman/ros2_ws/install/mycobot_ros2/share/ament_index/resource_index/package_run_dependencies/mycobot_ros2
[0.047s] -- Up-to-date: /home/coleman/ros2_ws/install/mycobot_ros2/share/ament_index/resource_index/parent_prefix_path/mycobot_ros2
[0.049s] -- Up-to-date: /home/coleman/ros2_ws/install/mycobot_ros2/share/mycobot_ros2/environment/ament_prefix_path.sh
[0.049s] -- Up-to-date: /home/coleman/ros2_ws/install/mycobot_ros2/share/mycobot_ros2/environment/ament_prefix_path.dsv
[0.052s] -- Up-to-date: /home/coleman/ros2_ws/install/mycobot_ros2/share/mycobot_ros2/environment/path.sh
[0.054s] -- Up-to-date: /home/coleman/ros2_ws/install/mycobot_ros2/share/mycobot_ros2/environment/path.dsv
[0.055s] -- Up-to-date: /home/coleman/ros2_ws/install/mycobot_ros2/share/mycobot_ros2/local_setup.bash
[0.055s] -- Up-to-date: /home/coleman/ros2_ws/install/mycobot_ros2/share/mycobot_ros2/local_setup.sh
[0.056s] -- Up-to-date: /home/coleman/ros2_ws/install/mycobot_ros2/share/mycobot_ros2/local_setup.zsh
[0.057s] -- Up-to-date: /home/coleman/ros2_ws/install/mycobot_ros2/share/mycobot_ros2/local_setup.dsv
[0.057s] -- Installing: /home/coleman/ros2_ws/install/mycobot_ros2/share/mycobot_ros2/package.dsv
[0.060s] -- Up-to-date: /home/coleman/ros2_ws/install/mycobot_ros2/share/ament_index/resource_index/packages/mycobot_ros2
[0.064s] -- Up-to-date: /home/coleman/ros2_ws/install/mycobot_ros2/share/mycobot_ros2/cmake/mycobot_ros2Config.cmake
[0.066s] -- Up-to-date: /home/coleman/ros2_ws/install/mycobot_ros2/share/mycobot_ros2/cmake/mycobot_ros2Config-version.cmake
[0.068s] -- Up-to-date: /home/coleman/ros2_ws/install/mycobot_ros2/share/mycobot_ros2/package.xml
[0.069s] Invoked command in '/home/coleman/ros2_ws/build/mycobot_ros2' returned '0': CMAKE_PREFIX_PATH=/home/coleman/ros2_ws/install/mycobot_description:/home/coleman/ros2_ws/install/mycobot_ros2:/home/coleman/ros2_ws/install/mycobot_moveit_config:/home/coleman/ros2_ws/install/mycobot_gazebo:/opt/ros/humble /usr/bin/cmake --install /home/coleman/ros2_ws/build/mycobot_ros2
