[0.029s] Invoking command in '/home/jelly/ros2_ws/build/moveit2_scripts': CMAKE_PREFIX_PATH=${CMAKE_PREFIX_PATH}:/home/jelly/ros2_ws/install/mycobot_real_moveit:/home/jelly/ros2_ws/install/mycobot_280:/home/jelly/ros2_ws/install/my_moveit2_package:/opt/ros/humble /usr/bin/cmake --build /home/jelly/ros2_ws/build/moveit2_scripts -- -j4 -l4
[0.207s] [35m[1mConsolidate compiler generated dependencies of target test_trajectory2[0m
[0.288s] [ 33%] Built target position_publisher
[0.289s] [ 50%] [32mBuilding CXX object CMakeFiles/test_trajectory2.dir/src/test_trajectory2.cpp.o[0m
[0.310s] [ 83%] Built target test_trajectory
[7.864s] [01m[K/home/jelly/ros2_ws/src/moveit2_scripts/src/test_trajectory2.cpp:[m[K In constructor ‘[01m[KPositionListener::PositionListener()[m[K’:
[7.864s] [01m[K/home/jelly/ros2_ws/src/moveit2_scripts/src/test_trajectory2.cpp:11:51:[m[K [01;31m[Kerror: [m[Kno matching function for call to ‘[01m[Kmoveit::planning_interface::MoveGroupInterface::MoveGroupInterface(const char [30], const char [10])[m[K’
[7.865s]    11 |   PositionListener() : Node("position_listener"), [01;31m[Kmove_group("move_group_interface_tutorial", "arm_group")[m[K {
[7.865s]       |                                                   [01;31m[K^~~~~~~~~~~~~~~~~~~~~~~~~~~~~~~~~~~~~~~~~~~~~~~~~~~~~~~~[m[K
[7.865s] In file included from [01m[K/home/jelly/ros2_ws/src/moveit2_scripts/src/test_trajectory2.cpp:6[m[K:
[7.865s] [01m[K/opt/ros/humble/include/moveit/move_group_interface/move_group_interface.h:159:3:[m[K [01;36m[Knote: [m[Kcandidate: ‘[01m[Kmoveit::planning_interface::MoveGroupInterface::MoveGroupInterface(moveit::planning_interface::MoveGroupInterface&&)[m[K’
[7.865s]   159 |   [01;36m[KMoveGroupInterface[m[K(MoveGroupInterface&& other) noexcept;
[7.865s]       |   [01;36m[K^~~~~~~~~~~~~~~~~~[m[K
[7.865s] [01m[K/opt/ros/humble/include/moveit/move_group_interface/move_group_interface.h:159:3:[m[K [01;36m[Knote: [m[K  candidate expects 1 argument, 2 provided
[7.865s] [01m[K/opt/ros/humble/include/moveit/move_group_interface/move_group_interface.h:145:3:[m[K [01;36m[Knote: [m[Kcandidate: ‘[01m[Kmoveit::planning_interface::MoveGroupInterface::MoveGroupInterface(const SharedPtr&, const string&, const std::shared_ptr<tf2_ros::Buffer>&, const rclcpp::Duration&)[m[K’
[7.865s]   145 |   [01;36m[KMoveGroupInterface[m[K(const rclcpp::Node::SharedPtr& node, const std::string& group,
[7.865s]       |   [01;36m[K^~~~~~~~~~~~~~~~~~[m[K
[7.865s] [01m[K/opt/ros/humble/include/moveit/move_group_interface/move_group_interface.h:145:53:[m[K [01;36m[Knote: [m[K  no known conversion for argument 1 from ‘[01m[Kconst char [30][m[K’ to ‘[01m[Kconst SharedPtr&[m[K’ {aka ‘[01m[Kconst std::shared_ptr<rclcpp::Node>&[m[K’}
[7.866s]   145 |   MoveGroupInterface([01;36m[Kconst rclcpp::Node::SharedPtr& node[m[K, const std::string& group,
[7.866s]       |                      [01;36m[K~~~~~~~~~~~~~~~~~~~~~~~~~~~~~~~^~~~[m[K
[7.866s] [01m[K/opt/ros/humble/include/moveit/move_group_interface/move_group_interface.h:134:3:[m[K [01;36m[Knote: [m[Kcandidate: ‘[01m[Kmoveit::planning_interface::MoveGroupInterface::MoveGroupInterface(const SharedPtr&, const moveit::planning_interface::MoveGroupInterface::Options&, const std::shared_ptr<tf2_ros::Buffer>&, const rclcpp::Duration&)[m[K’
[7.866s]   134 |   [01;36m[KMoveGroupInterface[m[K(const rclcpp::Node::SharedPtr& node, const Options& opt,
[7.866s]       |   [01;36m[K^~~~~~~~~~~~~~~~~~[m[K
[7.866s] [01m[K/opt/ros/humble/include/moveit/move_group_interface/move_group_interface.h:134:53:[m[K [01;36m[Knote: [m[K  no known conversion for argument 1 from ‘[01m[Kconst char [30][m[K’ to ‘[01m[Kconst SharedPtr&[m[K’ {aka ‘[01m[Kconst std::shared_ptr<rclcpp::Node>&[m[K’}
[7.866s]   134 |   MoveGroupInterface([01;36m[Kconst rclcpp::Node::SharedPtr& node[m[K, const Options& opt,
[7.866s]       |                      [01;36m[K~~~~~~~~~~~~~~~~~~~~~~~~~~~~~~~^~~~[m[K
[7.884s] [01m[K/home/jelly/ros2_ws/src/moveit2_scripts/src/test_trajectory2.cpp:[m[K In member function ‘[01m[Kvoid PositionListener::positionCallback(std_msgs::msg::String_<std::allocator<void> >::SharedPtr)[m[K’:
[7.884s] [01m[K/home/jelly/ros2_ws/src/moveit2_scripts/src/test_trajectory2.cpp:34:12:[m[K [01;35m[Kwarning: [m[Kunused variable ‘[01m[Ksuccess[m[K’ [[01;35m[K]8;;https://gcc.gnu.org/onlinedocs/gcc/Warning-Options.html#index-Wunused-variable-Wunused-variable]8;;[m[K]
[7.885s]    34 |       bool [01;35m[Ksuccess[m[K = (move_group.plan(my_plan) == moveit::core::MoveItErrorCode::SUCCESS);
[7.885s]       |            [01;35m[K^~~~~~~[m[K
[7.885s] [01m[K/home/jelly/ros2_ws/src/moveit2_scripts/src/test_trajectory2.cpp:[m[K In member function ‘[01m[Kstd::vector<float> PositionListener::parsePosition(const string&)[m[K’:
[7.886s] [01m[K/home/jelly/ros2_ws/src/moveit2_scripts/src/test_trajectory2.cpp:45:55:[m[K [01;35m[Kwarning: [m[Kunused parameter ‘[01m[Kdata[m[K’ [[01;35m[K]8;;https://gcc.gnu.org/onlinedocs/gcc/Warning-Options.html#index-Wunused-parameter-Wunused-parameter]8;;[m[K]
[7.886s]    45 |   std::vector<float> parsePosition([01;35m[Kconst std::string& data[m[K) {
[7.886s]       |                                    [01;35m[K~~~~~~~~~~~~~~~~~~~^~~~[m[K
[14.587s] gmake[2]: *** [CMakeFiles/test_trajectory2.dir/build.make:76: CMakeFiles/test_trajectory2.dir/src/test_trajectory2.cpp.o] Error 1
[14.588s] gmake[1]: *** [CMakeFiles/Makefile2:167: CMakeFiles/test_trajectory2.dir/all] Error 2
[14.588s] gmake: *** [Makefile:146: all] Error 2
[14.591s] Invoked command in '/home/jelly/ros2_ws/build/moveit2_scripts' returned '2': CMAKE_PREFIX_PATH=${CMAKE_PREFIX_PATH}:/home/jelly/ros2_ws/install/mycobot_real_moveit:/home/jelly/ros2_ws/install/mycobot_280:/home/jelly/ros2_ws/install/my_moveit2_package:/opt/ros/humble /usr/bin/cmake --build /home/jelly/ros2_ws/build/moveit2_scripts -- -j4 -l4
