[0.069s] Invoking command in '/home/jelly/ros2_ws/build/mycobot_description': CMAKE_PREFIX_PATH=${CMAKE_PREFIX_PATH}:/home/jelly/ros2_ws/install/mycobot_real_moveit:/home/jelly/ros2_ws/install/mycobot_280:/home/jelly/ros2_ws/install/my_moveit2_package:/opt/ros/humble /usr/bin/cmake --build /home/jelly/ros2_ws/build/mycobot_description -- -j4 -l4
[0.113s] -- Found ament_cmake: 1.3.9 (/opt/ros/humble/share/ament_cmake/cmake)
[0.341s] -- Override CMake install command with custom implementation using symlinks instead of copying resources
[0.359s] -- Found ament_lint_auto: 0.12.11 (/opt/ros/humble/share/ament_lint_auto/cmake)
[0.471s] -- Added test 'flake8' to check Python code syntax and style conventions
[0.472s] -- Added test 'lint_cmake' to check CMake code style
[0.473s] -- Added test 'pep257' to check Python code against some of the docstring style conventions in PEP 257
[0.475s] -- Added test 'xmllint' to check XML markup files
[0.479s] -- Configuring done
[0.487s] -- Generating done
[0.490s] -- Build files have been written to: /home/jelly/ros2_ws/build/mycobot_description
[0.537s] Invoked command in '/home/jelly/ros2_ws/build/mycobot_description' returned '0': CMAKE_PREFIX_PATH=${CMAKE_PREFIX_PATH}:/home/jelly/ros2_ws/install/mycobot_real_moveit:/home/jelly/ros2_ws/install/mycobot_280:/home/jelly/ros2_ws/install/my_moveit2_package:/opt/ros/humble /usr/bin/cmake --build /home/jelly/ros2_ws/build/mycobot_description -- -j4 -l4
[0.622s] Invoking command in '/home/jelly/ros2_ws/build/mycobot_description': CMAKE_PREFIX_PATH=${CMAKE_PREFIX_PATH}:/home/jelly/ros2_ws/install/mycobot_real_moveit:/home/jelly/ros2_ws/install/mycobot_280:/home/jelly/ros2_ws/install/my_moveit2_package:/opt/ros/humble /usr/bin/cmake --install /home/jelly/ros2_ws/build/mycobot_description
[0.640s] -- Install configuration: ""
[0.643s] -- Execute custom install script
[0.643s] -- Up-to-date symlink: /home/jelly/ros2_ws/install/mycobot_description/share/mycobot_description/meshes/mycobot_280/holder.stl
[0.643s] -- Up-to-date symlink: /home/jelly/ros2_ws/install/mycobot_description/share/mycobot_description/meshes/mycobot_280/joint1.stl
[0.645s] -- Up-to-date symlink: /home/jelly/ros2_ws/install/mycobot_description/share/mycobot_description/meshes/mycobot_280/joint2.stl
[0.645s] -- Up-to-date symlink: /home/jelly/ros2_ws/install/mycobot_description/share/mycobot_description/meshes/mycobot_280/joint3.stl
[0.645s] -- Up-to-date symlink: /home/jelly/ros2_ws/install/mycobot_description/share/mycobot_description/meshes/mycobot_280/joint4.stl
[0.645s] -- Up-to-date symlink: /home/jelly/ros2_ws/install/mycobot_description/share/mycobot_description/meshes/mycobot_280/joint5.stl
[0.645s] -- Up-to-date symlink: /home/jelly/ros2_ws/install/mycobot_description/share/mycobot_description/meshes/mycobot_280/joint6.stl
[0.645s] -- Up-to-date symlink: /home/jelly/ros2_ws/install/mycobot_description/share/mycobot_description/meshes/mycobot_280/joint7.stl
[0.646s] -- Up-to-date symlink: /home/jelly/ros2_ws/install/mycobot_description/share/mycobot_description/meshes/mycobot_280/spectrometer.stl
[0.647s] -- Symlinking: /home/jelly/ros2_ws/install/mycobot_description/share/mycobot_description/launch/real_control.launch.py
[0.665s] -- Up-to-date symlink: /home/jelly/ros2_ws/install/mycobot_description/share/mycobot_description/urdf/controller_manager.yaml
[0.666s] -- Up-to-date symlink: /home/jelly/ros2_ws/install/mycobot_description/share/mycobot_description/urdf/mycobot_280_classic_gazebo.urdf.xacro
[0.667s] -- Up-to-date symlink: /home/jelly/ros2_ws/install/mycobot_description/share/mycobot_description/urdf/mycobot_280_classic_gazebo.xacro
[0.668s] -- Up-to-date symlink: /home/jelly/ros2_ws/install/mycobot_description/share/mycobot_description/urdf/mycobot_280_ros2_control.xacro
[0.669s] -- Up-to-date symlink: /home/jelly/ros2_ws/install/mycobot_description/share/mycobot_description/urdf/mycobot_280_urdf.xacro
[0.670s] -- Up-to-date symlink: /home/jelly/ros2_ws/install/mycobot_description/share/ament_index/resource_index/package_run_dependencies/mycobot_description
[0.671s] -- Up-to-date symlink: /home/jelly/ros2_ws/install/mycobot_description/share/ament_index/resource_index/parent_prefix_path/mycobot_description
[0.673s] -- Up-to-date symlink: /home/jelly/ros2_ws/install/mycobot_description/share/mycobot_description/environment/ament_prefix_path.sh
[0.673s] -- Up-to-date symlink: /home/jelly/ros2_ws/install/mycobot_description/share/mycobot_description/environment/ament_prefix_path.dsv
[0.674s] -- Up-to-date symlink: /home/jelly/ros2_ws/install/mycobot_description/share/mycobot_description/environment/path.sh
[0.675s] -- Up-to-date symlink: /home/jelly/ros2_ws/install/mycobot_description/share/mycobot_description/environment/path.dsv
[0.676s] -- Up-to-date symlink: /home/jelly/ros2_ws/install/mycobot_description/share/mycobot_description/local_setup.bash
[0.677s] -- Up-to-date symlink: /home/jelly/ros2_ws/install/mycobot_description/share/mycobot_description/local_setup.sh
[0.679s] -- Up-to-date symlink: /home/jelly/ros2_ws/install/mycobot_description/share/mycobot_description/local_setup.zsh
[0.679s] -- Up-to-date symlink: /home/jelly/ros2_ws/install/mycobot_description/share/mycobot_description/local_setup.dsv
[0.680s] -- Symlinking: /home/jelly/ros2_ws/install/mycobot_description/share/mycobot_description/package.dsv
[0.684s] -- Up-to-date symlink: /home/jelly/ros2_ws/install/mycobot_description/share/ament_index/resource_index/packages/mycobot_description
[0.685s] -- Up-to-date symlink: /home/jelly/ros2_ws/install/mycobot_description/share/mycobot_description/cmake/mycobot_descriptionConfig.cmake
[0.686s] -- Up-to-date symlink: /home/jelly/ros2_ws/install/mycobot_description/share/mycobot_description/cmake/mycobot_descriptionConfig-version.cmake
[0.686s] -- Up-to-date symlink: /home/jelly/ros2_ws/install/mycobot_description/share/mycobot_description/package.xml
[0.688s] Invoked command in '/home/jelly/ros2_ws/build/mycobot_description' returned '0': CMAKE_PREFIX_PATH=${CMAKE_PREFIX_PATH}:/home/jelly/ros2_ws/install/mycobot_real_moveit:/home/jelly/ros2_ws/install/mycobot_280:/home/jelly/ros2_ws/install/my_moveit2_package:/opt/ros/humble /usr/bin/cmake --install /home/jelly/ros2_ws/build/mycobot_description
