[0.045s] Invoking command in '/home/jelly/ros2_ws/build/FMT': /usr/bin/cmake --build /home/jelly/ros2_ws/build/FMT -- -j4 -l4
[0.207s] [  2%] Built target gtest
[0.225s] [  7%] Built target fmt
[0.375s] [ 15%] Built target unicode-test
[0.404s] [ 23%] Built target compile-fp-test
[0.404s] [ 32%] Built target scan-test
[0.437s] [ 42%] Built target format-impl-test
[0.441s] [ 50%] Built target posix-mock-test
[0.496s] [ 56%] Built target test-main
[0.692s] [ 61%] Built target assert-test
[0.692s] [ 61%] Built target base-test
[0.694s] [ 64%] Built target chrono-test
[0.695s] [ 67%] Built target args-test
[0.771s] [ 70%] Built target color-test
[0.772s] [ 73%] Built target format-test
[0.790s] [ 76%] Built target gtest-extra-test
[0.793s] [ 78%] Built target ostream-test
[0.847s] [ 81%] Built target compile-test
[0.867s] [ 85%] Built target ranges-test
[0.928s] [ 88%] Built target std-test
[0.928s] [ 91%] Built target printf-test
[0.938s] [ 94%] Built target xchar-test
[0.986s] [ 97%] Built target enforce-checks-test
[1.001s] [100%] Built target os-test
[1.031s] Invoked command in '/home/jelly/ros2_ws/build/FMT' returned '0': /usr/bin/cmake --build /home/jelly/ros2_ws/build/FMT -- -j4 -l4
[1.210s] Invoking command in '/home/jelly/ros2_ws/build/FMT': /usr/bin/cmake --install /home/jelly/ros2_ws/build/FMT
[1.229s] -- Install configuration: "Release"
[1.234s] -- Up-to-date: /home/jelly/ros2_ws/install/FMT/lib/libfmt.a
[1.235s] -- Up-to-date: /home/jelly/ros2_ws/install/FMT/include/fmt/args.h
[1.235s] -- Up-to-date: /home/jelly/ros2_ws/install/FMT/include/fmt/base.h
[1.235s] -- Up-to-date: /home/jelly/ros2_ws/install/FMT/include/fmt/chrono.h
[1.235s] -- Up-to-date: /home/jelly/ros2_ws/install/FMT/include/fmt/color.h
[1.236s] -- Up-to-date: /home/jelly/ros2_ws/install/FMT/include/fmt/compile.h
[1.237s] -- Up-to-date: /home/jelly/ros2_ws/install/FMT/include/fmt/core.h
[1.237s] -- Up-to-date: /home/jelly/ros2_ws/install/FMT/include/fmt/format.h
[1.238s] -- Up-to-date: /home/jelly/ros2_ws/install/FMT/include/fmt/format-inl.h
[1.238s] -- Up-to-date: /home/jelly/ros2_ws/install/FMT/include/fmt/os.h
[1.238s] -- Up-to-date: /home/jelly/ros2_ws/install/FMT/include/fmt/ostream.h
[1.238s] -- Up-to-date: /home/jelly/ros2_ws/install/FMT/include/fmt/printf.h
[1.239s] -- Up-to-date: /home/jelly/ros2_ws/install/FMT/include/fmt/ranges.h
[1.239s] -- Up-to-date: /home/jelly/ros2_ws/install/FMT/include/fmt/std.h
[1.240s] -- Up-to-date: /home/jelly/ros2_ws/install/FMT/include/fmt/xchar.h
[1.240s] -- Up-to-date: /home/jelly/ros2_ws/install/FMT/lib/cmake/fmt/fmt-config.cmake
[1.240s] -- Up-to-date: /home/jelly/ros2_ws/install/FMT/lib/cmake/fmt/fmt-config-version.cmake
[1.241s] -- Up-to-date: /home/jelly/ros2_ws/install/FMT/lib/cmake/fmt/fmt-targets.cmake
[1.241s] -- Up-to-date: /home/jelly/ros2_ws/install/FMT/lib/cmake/fmt/fmt-targets-release.cmake
[1.241s] -- Up-to-date: /home/jelly/ros2_ws/install/FMT/lib/pkgconfig/fmt.pc
[1.259s] Invoked command in '/home/jelly/ros2_ws/build/FMT' returned '0': /usr/bin/cmake --install /home/jelly/ros2_ws/build/FMT
