[0.121s] Invoking command in '/home/coleman/ros2_ws/build/mycobot_description': CMAKE_PREFIX_PATH=${CMAKE_PREFIX_PATH}:/opt/ros/humble /usr/bin/cmake --build /home/coleman/ros2_ws/build/mycobot_description -- -j16 -l16
[0.303s] Invoked command in '/home/coleman/ros2_ws/build/mycobot_description' returned '0': CMAKE_PREFIX_PATH=${CMAKE_PREFIX_PATH}:/opt/ros/humble /usr/bin/cmake --build /home/coleman/ros2_ws/build/mycobot_description -- -j16 -l16
[0.614s] Invoking command in '/home/coleman/ros2_ws/build/mycobot_description': CMAKE_PREFIX_PATH=${CMAKE_PREFIX_PATH}:/opt/ros/humble /usr/bin/cmake --install /home/coleman/ros2_ws/build/mycobot_description
[0.620s] -- Install configuration: ""
[0.631s] -- Up-to-date: /home/coleman/ros2_ws/install/mycobot_description/share/mycobot_description/launch
[0.635s] -- Up-to-date: /home/coleman/ros2_ws/install/mycobot_description/share/mycobot_description/meshes
[0.638s] -- Up-to-date: /home/coleman/ros2_ws/install/mycobot_description/share/mycobot_description/meshes/mycobot_280
[0.639s] -- Up-to-date: /home/coleman/ros2_ws/install/mycobot_description/share/mycobot_description/meshes/mycobot_280/joint2.stl
[0.640s] -- Up-to-date: /home/coleman/ros2_ws/install/mycobot_description/share/mycobot_description/meshes/mycobot_280/spectrometer.stl
[0.650s] -- Up-to-date: /home/coleman/ros2_ws/install/mycobot_description/share/mycobot_description/meshes/mycobot_280/holder.stl
[0.651s] -- Up-to-date: /home/coleman/ros2_ws/install/mycobot_description/share/mycobot_description/meshes/mycobot_280/joint3.stl
[0.652s] -- Up-to-date: /home/coleman/ros2_ws/install/mycobot_description/share/mycobot_description/meshes/mycobot_280/joint5.stl
[0.653s] -- Up-to-date: /home/coleman/ros2_ws/install/mycobot_description/share/mycobot_description/meshes/mycobot_280/joint1.stl
[0.653s] -- Up-to-date: /home/coleman/ros2_ws/install/mycobot_description/share/mycobot_description/meshes/mycobot_280/joint7.stl
[0.656s] -- Up-to-date: /home/coleman/ros2_ws/install/mycobot_description/share/mycobot_description/meshes/mycobot_280/joint6.stl
[0.656s] -- Up-to-date: /home/coleman/ros2_ws/install/mycobot_description/share/mycobot_description/meshes/mycobot_280/joint4.stl
[0.657s] -- Up-to-date: /home/coleman/ros2_ws/install/mycobot_description/share/mycobot_description/rviz
[0.658s] -- Up-to-date: /home/coleman/ros2_ws/install/mycobot_description/share/mycobot_description/urdf
[0.658s] -- Up-to-date: /home/coleman/ros2_ws/install/mycobot_description/share/mycobot_description/urdf/mycobot_280_urdf.xacro
[0.659s] -- Up-to-date: /home/coleman/ros2_ws/install/mycobot_description/share/ament_index/resource_index/package_run_dependencies/mycobot_description
[0.662s] -- Up-to-date: /home/coleman/ros2_ws/install/mycobot_description/share/ament_index/resource_index/parent_prefix_path/mycobot_description
[0.663s] -- Up-to-date: /home/coleman/ros2_ws/install/mycobot_description/share/mycobot_description/environment/ament_prefix_path.sh
[0.664s] -- Up-to-date: /home/coleman/ros2_ws/install/mycobot_description/share/mycobot_description/environment/ament_prefix_path.dsv
[0.665s] -- Up-to-date: /home/coleman/ros2_ws/install/mycobot_description/share/mycobot_description/environment/path.sh
[0.665s] -- Up-to-date: /home/coleman/ros2_ws/install/mycobot_description/share/mycobot_description/environment/path.dsv
[0.667s] -- Up-to-date: /home/coleman/ros2_ws/install/mycobot_description/share/mycobot_description/local_setup.bash
[0.669s] -- Up-to-date: /home/coleman/ros2_ws/install/mycobot_description/share/mycobot_description/local_setup.sh
[0.671s] -- Up-to-date: /home/coleman/ros2_ws/install/mycobot_description/share/mycobot_description/local_setup.zsh
[0.671s] -- Up-to-date: /home/coleman/ros2_ws/install/mycobot_description/share/mycobot_description/local_setup.dsv
[0.672s] -- Installing: /home/coleman/ros2_ws/install/mycobot_description/share/mycobot_description/package.dsv
[0.699s] -- Up-to-date: /home/coleman/ros2_ws/install/mycobot_description/share/ament_index/resource_index/packages/mycobot_description
[0.707s] -- Up-to-date: /home/coleman/ros2_ws/install/mycobot_description/share/mycobot_description/cmake/mycobot_descriptionConfig.cmake
[0.714s] -- Up-to-date: /home/coleman/ros2_ws/install/mycobot_description/share/mycobot_description/cmake/mycobot_descriptionConfig-version.cmake
[0.726s] -- Up-to-date: /home/coleman/ros2_ws/install/mycobot_description/share/mycobot_description/package.xml
[1.168s] Invoked command in '/home/coleman/ros2_ws/build/mycobot_description' returned '0': CMAKE_PREFIX_PATH=${CMAKE_PREFIX_PATH}:/opt/ros/humble /usr/bin/cmake --install /home/coleman/ros2_ws/build/mycobot_description
