[0.041s] Invoking command in '/home/jelly/ros2_ws/build/mycobot_hardware_interface': AMENT_PREFIX_PATH=/home/jelly/ros2_ws/install/mycobot:/home/jelly/ros2_ws/install/serial:/home/jelly/ros2_ws/install/fp:/home/jelly/ros2_ws/install/catch2:${AMENT_PREFIX_PATH} CMAKE_PREFIX_PATH=/home/jelly/ros2_ws/install/mycobot:/home/jelly/ros2_ws/install/serial:/home/jelly/ros2_ws/install/fp:/home/jelly/ros2_ws/install/catch2:/opt/ros/humble LD_LIBRARY_PATH=/home/jelly/ros2_ws/install/mycobot/lib:/home/jelly/ros2_ws/install/serial/lib:${LD_LIBRARY_PATH} PATH=/home/jelly/ros2_ws/install/mycobot/bin:${PATH} /usr/bin/cmake --build /home/jelly/ros2_ws/build/mycobot_hardware_interface -- -j4 -l4
[0.157s] [100%] Built target mycobot_hardware_interface
[0.174s] Invoked command in '/home/jelly/ros2_ws/build/mycobot_hardware_interface' returned '0': AMENT_PREFIX_PATH=/home/jelly/ros2_ws/install/mycobot:/home/jelly/ros2_ws/install/serial:/home/jelly/ros2_ws/install/fp:/home/jelly/ros2_ws/install/catch2:${AMENT_PREFIX_PATH} CMAKE_PREFIX_PATH=/home/jelly/ros2_ws/install/mycobot:/home/jelly/ros2_ws/install/serial:/home/jelly/ros2_ws/install/fp:/home/jelly/ros2_ws/install/catch2:/opt/ros/humble LD_LIBRARY_PATH=/home/jelly/ros2_ws/install/mycobot/lib:/home/jelly/ros2_ws/install/serial/lib:${LD_LIBRARY_PATH} PATH=/home/jelly/ros2_ws/install/mycobot/bin:${PATH} /usr/bin/cmake --build /home/jelly/ros2_ws/build/mycobot_hardware_interface -- -j4 -l4
[0.237s] Invoking command in '/home/jelly/ros2_ws/build/mycobot_hardware_interface': AMENT_PREFIX_PATH=/home/jelly/ros2_ws/install/mycobot:/home/jelly/ros2_ws/install/serial:/home/jelly/ros2_ws/install/fp:/home/jelly/ros2_ws/install/catch2:${AMENT_PREFIX_PATH} CMAKE_PREFIX_PATH=/home/jelly/ros2_ws/install/mycobot:/home/jelly/ros2_ws/install/serial:/home/jelly/ros2_ws/install/fp:/home/jelly/ros2_ws/install/catch2:/opt/ros/humble LD_LIBRARY_PATH=/home/jelly/ros2_ws/install/mycobot/lib:/home/jelly/ros2_ws/install/serial/lib:${LD_LIBRARY_PATH} PATH=/home/jelly/ros2_ws/install/mycobot/bin:${PATH} /usr/bin/cmake --install /home/jelly/ros2_ws/build/mycobot_hardware_interface
[0.252s] -- Install configuration: ""
[0.253s] -- Execute custom install script
[0.253s] -- Up-to-date symlink: /home/jelly/ros2_ws/install/mycobot_hardware_interface/share/mycobot_hardware_interface//hardware_interface_plugin.xml
[0.253s] -- Up-to-date symlink: /home/jelly/ros2_ws/install/mycobot_hardware_interface/include/mycobot_hardware_interface/hardware_interface.hpp
[0.253s] -- Up-to-date symlink: /home/jelly/ros2_ws/install/mycobot_hardware_interface/share/mycobot_hardware_interface/environment/library_path.sh
[0.253s] -- Up-to-date symlink: /home/jelly/ros2_ws/install/mycobot_hardware_interface/share/mycobot_hardware_interface/environment/library_path.dsv
[0.253s] -- Up-to-date symlink: /home/jelly/ros2_ws/install/mycobot_hardware_interface/share/ament_index/resource_index/package_run_dependencies/mycobot_hardware_interface
[0.254s] -- Up-to-date symlink: /home/jelly/ros2_ws/install/mycobot_hardware_interface/share/ament_index/resource_index/parent_prefix_path/mycobot_hardware_interface
[0.254s] -- Up-to-date symlink: /home/jelly/ros2_ws/install/mycobot_hardware_interface/share/mycobot_hardware_interface/environment/ament_prefix_path.sh
[0.254s] -- Up-to-date symlink: /home/jelly/ros2_ws/install/mycobot_hardware_interface/share/mycobot_hardware_interface/environment/ament_prefix_path.dsv
[0.254s] -- Up-to-date symlink: /home/jelly/ros2_ws/install/mycobot_hardware_interface/share/mycobot_hardware_interface/environment/path.sh
[0.254s] -- Up-to-date symlink: /home/jelly/ros2_ws/install/mycobot_hardware_interface/share/mycobot_hardware_interface/environment/path.dsv
[0.254s] -- Up-to-date symlink: /home/jelly/ros2_ws/install/mycobot_hardware_interface/share/mycobot_hardware_interface/local_setup.bash
[0.254s] -- Up-to-date symlink: /home/jelly/ros2_ws/install/mycobot_hardware_interface/share/mycobot_hardware_interface/local_setup.sh
[0.255s] -- Up-to-date symlink: /home/jelly/ros2_ws/install/mycobot_hardware_interface/share/mycobot_hardware_interface/local_setup.zsh
[0.255s] -- Up-to-date symlink: /home/jelly/ros2_ws/install/mycobot_hardware_interface/share/mycobot_hardware_interface/local_setup.dsv
[0.255s] -- Symlinking: /home/jelly/ros2_ws/install/mycobot_hardware_interface/share/mycobot_hardware_interface/package.dsv
[0.268s] -- Up-to-date symlink: /home/jelly/ros2_ws/install/mycobot_hardware_interface/share/ament_index/resource_index/packages/mycobot_hardware_interface
[0.268s] -- Up-to-date symlink: /home/jelly/ros2_ws/install/mycobot_hardware_interface/share/ament_index/resource_index/hardware_interface__pluginlib__plugin/mycobot_hardware_interface
[0.269s] -- Up-to-date symlink: /home/jelly/ros2_ws/install/mycobot_hardware_interface/share/mycobot_hardware_interface/cmake/ament_cmake_export_include_directories-extras.cmake
[0.269s] -- Up-to-date symlink: /home/jelly/ros2_ws/install/mycobot_hardware_interface/share/mycobot_hardware_interface/cmake/ament_cmake_export_libraries-extras.cmake
[0.269s] -- Up-to-date symlink: /home/jelly/ros2_ws/install/mycobot_hardware_interface/share/mycobot_hardware_interface/cmake/ament_cmake_export_targets-extras.cmake
[0.269s] -- Up-to-date symlink: /home/jelly/ros2_ws/install/mycobot_hardware_interface/share/mycobot_hardware_interface/cmake/mycobot_hardware_interfaceConfig.cmake
[0.270s] -- Up-to-date symlink: /home/jelly/ros2_ws/install/mycobot_hardware_interface/share/mycobot_hardware_interface/cmake/mycobot_hardware_interfaceConfig-version.cmake
[0.270s] -- Up-to-date symlink: /home/jelly/ros2_ws/install/mycobot_hardware_interface/share/mycobot_hardware_interface/package.xml
[0.270s] -- Up-to-date: /home/jelly/ros2_ws/install/mycobot_hardware_interface/lib/libmycobot_hardware_interface.so
[0.271s] -- Up-to-date: /home/jelly/ros2_ws/install/mycobot_hardware_interface/share/mycobot_hardware_interface/cmake/export_mycobot_hardware_interfaceExport.cmake
[0.271s] -- Up-to-date: /home/jelly/ros2_ws/install/mycobot_hardware_interface/share/mycobot_hardware_interface/cmake/export_mycobot_hardware_interfaceExport-noconfig.cmake
[0.274s] Invoked command in '/home/jelly/ros2_ws/build/mycobot_hardware_interface' returned '0': AMENT_PREFIX_PATH=/home/jelly/ros2_ws/install/mycobot:/home/jelly/ros2_ws/install/serial:/home/jelly/ros2_ws/install/fp:/home/jelly/ros2_ws/install/catch2:${AMENT_PREFIX_PATH} CMAKE_PREFIX_PATH=/home/jelly/ros2_ws/install/mycobot:/home/jelly/ros2_ws/install/serial:/home/jelly/ros2_ws/install/fp:/home/jelly/ros2_ws/install/catch2:/opt/ros/humble LD_LIBRARY_PATH=/home/jelly/ros2_ws/install/mycobot/lib:/home/jelly/ros2_ws/install/serial/lib:${LD_LIBRARY_PATH} PATH=/home/jelly/ros2_ws/install/mycobot/bin:${PATH} /usr/bin/cmake --install /home/jelly/ros2_ws/build/mycobot_hardware_interface
