[0.045s] Invoking command in '/home/coleman/ros2_ws/build/mycobot_description': CMAKE_PREFIX_PATH=${CMAKE_PREFIX_PATH}:/opt/ros/humble /usr/bin/cmake --build /home/coleman/ros2_ws/build/mycobot_description -- -j16 -l16
[0.135s] Invoked command in '/home/coleman/ros2_ws/build/mycobot_description' returned '0': CMAKE_PREFIX_PATH=${CMAKE_PREFIX_PATH}:/opt/ros/humble /usr/bin/cmake --build /home/coleman/ros2_ws/build/mycobot_description -- -j16 -l16
[0.245s] Invoking command in '/home/coleman/ros2_ws/build/mycobot_description': CMAKE_PREFIX_PATH=${CMAKE_PREFIX_PATH}:/opt/ros/humble /usr/bin/cmake --install /home/coleman/ros2_ws/build/mycobot_description
[0.267s] -- Install configuration: ""
[0.269s] -- Up-to-date: /home/coleman/ros2_ws/install/mycobot_description/share/mycobot_description/launch
[0.270s] -- Up-to-date: /home/coleman/ros2_ws/install/mycobot_description/share/mycobot_description/meshes
[0.270s] -- Up-to-date: /home/coleman/ros2_ws/install/mycobot_description/share/mycobot_description/meshes/mycobot_280
[0.270s] -- Up-to-date: /home/coleman/ros2_ws/install/mycobot_description/share/mycobot_description/meshes/mycobot_280/joint2.stl
[0.271s] -- Up-to-date: /home/coleman/ros2_ws/install/mycobot_description/share/mycobot_description/meshes/mycobot_280/spectrometer.stl
[0.271s] -- Up-to-date: /home/coleman/ros2_ws/install/mycobot_description/share/mycobot_description/meshes/mycobot_280/holder.stl
[0.271s] -- Up-to-date: /home/coleman/ros2_ws/install/mycobot_description/share/mycobot_description/meshes/mycobot_280/joint3.stl
[0.273s] -- Up-to-date: /home/coleman/ros2_ws/install/mycobot_description/share/mycobot_description/meshes/mycobot_280/joint5.stl
[0.275s] -- Up-to-date: /home/coleman/ros2_ws/install/mycobot_description/share/mycobot_description/meshes/mycobot_280/joint1.stl
[0.276s] -- Up-to-date: /home/coleman/ros2_ws/install/mycobot_description/share/mycobot_description/meshes/mycobot_280/joint7.stl
[0.277s] -- Up-to-date: /home/coleman/ros2_ws/install/mycobot_description/share/mycobot_description/meshes/mycobot_280/joint6.stl
[0.277s] -- Up-to-date: /home/coleman/ros2_ws/install/mycobot_description/share/mycobot_description/meshes/mycobot_280/joint4.stl
[0.277s] -- Up-to-date: /home/coleman/ros2_ws/install/mycobot_description/share/mycobot_description/rviz
[0.277s] -- Up-to-date: /home/coleman/ros2_ws/install/mycobot_description/share/mycobot_description/urdf
[0.277s] -- Up-to-date: /home/coleman/ros2_ws/install/mycobot_description/share/mycobot_description/urdf/mycobot_280_urdf.xacro
[0.278s] -- Up-to-date: /home/coleman/ros2_ws/install/mycobot_description/share/ament_index/resource_index/package_run_dependencies/mycobot_description
[0.281s] -- Up-to-date: /home/coleman/ros2_ws/install/mycobot_description/share/ament_index/resource_index/parent_prefix_path/mycobot_description
[0.281s] -- Up-to-date: /home/coleman/ros2_ws/install/mycobot_description/share/mycobot_description/environment/ament_prefix_path.sh
[0.281s] -- Up-to-date: /home/coleman/ros2_ws/install/mycobot_description/share/mycobot_description/environment/ament_prefix_path.dsv
[0.281s] -- Up-to-date: /home/coleman/ros2_ws/install/mycobot_description/share/mycobot_description/environment/path.sh
[0.282s] -- Up-to-date: /home/coleman/ros2_ws/install/mycobot_description/share/mycobot_description/environment/path.dsv
[0.282s] -- Up-to-date: /home/coleman/ros2_ws/install/mycobot_description/share/mycobot_description/local_setup.bash
[0.283s] -- Up-to-date: /home/coleman/ros2_ws/install/mycobot_description/share/mycobot_description/local_setup.sh
[0.284s] -- Up-to-date: /home/coleman/ros2_ws/install/mycobot_description/share/mycobot_description/local_setup.zsh
[0.291s] -- Up-to-date: /home/coleman/ros2_ws/install/mycobot_description/share/mycobot_description/local_setup.dsv
[0.294s] -- Installing: /home/coleman/ros2_ws/install/mycobot_description/share/mycobot_description/package.dsv
[0.297s] -- Up-to-date: /home/coleman/ros2_ws/install/mycobot_description/share/ament_index/resource_index/packages/mycobot_description
[0.297s] -- Up-to-date: /home/coleman/ros2_ws/install/mycobot_description/share/mycobot_description/cmake/mycobot_descriptionConfig.cmake
[0.298s] -- Up-to-date: /home/coleman/ros2_ws/install/mycobot_description/share/mycobot_description/cmake/mycobot_descriptionConfig-version.cmake
[0.299s] -- Up-to-date: /home/coleman/ros2_ws/install/mycobot_description/share/mycobot_description/package.xml
[0.303s] Invoked command in '/home/coleman/ros2_ws/build/mycobot_description' returned '0': CMAKE_PREFIX_PATH=${CMAKE_PREFIX_PATH}:/opt/ros/humble /usr/bin/cmake --install /home/coleman/ros2_ws/build/mycobot_description
