[0.033s] Invoking command in '/home/jelly/ros2_ws/build/FMT': /usr/bin/cmake --build /home/jelly/ros2_ws/build/FMT -- -j4 -l4
[0.139s] [  2%] Built target gtest
[0.140s] [  7%] Built target fmt
[0.234s] [ 16%] Built target format-impl-test
[0.238s] [ 28%] Built target compile-fp-test
[0.238s] [ 33%] Built target scan-test
[0.245s] [ 42%] Built target unicode-test
[0.378s] [ 47%] Built target test-main
[0.451s] [ 56%] Built target posix-mock-test
[0.511s] [ 59%] Built target args-test
[0.511s] [ 61%] Built target base-test
[0.526s] [ 64%] Built target assert-test
[0.530s] [ 67%] Built target chrono-test
[0.569s] [ 70%] Built target color-test
[0.594s] [ 73%] Built target gtest-extra-test
[0.601s] [ 76%] Built target format-test
[0.639s] [ 78%] Built target ostream-test
[0.657s] [ 81%] Built target compile-test
[0.710s] [ 84%] Built target printf-test
[0.719s] [ 88%] Built target ranges-test
[0.745s] [ 91%] Built target std-test
[0.750s] [ 94%] Built target xchar-test
[0.780s] [ 97%] Built target enforce-checks-test
[0.826s] [100%] Built target os-test
[0.874s] Invoked command in '/home/jelly/ros2_ws/build/FMT' returned '0': /usr/bin/cmake --build /home/jelly/ros2_ws/build/FMT -- -j4 -l4
[1.048s] Invoking command in '/home/jelly/ros2_ws/build/FMT': /usr/bin/cmake --install /home/jelly/ros2_ws/build/FMT
[1.074s] -- Install configuration: "Release"
[1.075s] -- Up-to-date: /home/jelly/ros2_ws/install/FMT/lib/libfmt.a
[1.075s] -- Up-to-date: /home/jelly/ros2_ws/install/FMT/include/fmt/args.h
[1.075s] -- Up-to-date: /home/jelly/ros2_ws/install/FMT/include/fmt/base.h
[1.075s] -- Up-to-date: /home/jelly/ros2_ws/install/FMT/include/fmt/chrono.h
[1.075s] -- Up-to-date: /home/jelly/ros2_ws/install/FMT/include/fmt/color.h
[1.075s] -- Up-to-date: /home/jelly/ros2_ws/install/FMT/include/fmt/compile.h
[1.075s] -- Up-to-date: /home/jelly/ros2_ws/install/FMT/include/fmt/core.h
[1.075s] -- Up-to-date: /home/jelly/ros2_ws/install/FMT/include/fmt/format.h
[1.076s] -- Up-to-date: /home/jelly/ros2_ws/install/FMT/include/fmt/format-inl.h
[1.076s] -- Up-to-date: /home/jelly/ros2_ws/install/FMT/include/fmt/os.h
[1.076s] -- Up-to-date: /home/jelly/ros2_ws/install/FMT/include/fmt/ostream.h
[1.076s] -- Up-to-date: /home/jelly/ros2_ws/install/FMT/include/fmt/printf.h
[1.077s] -- Up-to-date: /home/jelly/ros2_ws/install/FMT/include/fmt/ranges.h
[1.077s] -- Up-to-date: /home/jelly/ros2_ws/install/FMT/include/fmt/std.h
[1.077s] -- Up-to-date: /home/jelly/ros2_ws/install/FMT/include/fmt/xchar.h
[1.077s] -- Up-to-date: /home/jelly/ros2_ws/install/FMT/lib/cmake/fmt/fmt-config.cmake
[1.077s] -- Up-to-date: /home/jelly/ros2_ws/install/FMT/lib/cmake/fmt/fmt-config-version.cmake
[1.077s] -- Up-to-date: /home/jelly/ros2_ws/install/FMT/lib/cmake/fmt/fmt-targets.cmake
[1.077s] -- Up-to-date: /home/jelly/ros2_ws/install/FMT/lib/cmake/fmt/fmt-targets-release.cmake
[1.078s] -- Up-to-date: /home/jelly/ros2_ws/install/FMT/lib/pkgconfig/fmt.pc
[1.104s] Invoked command in '/home/jelly/ros2_ws/build/FMT' returned '0': /usr/bin/cmake --install /home/jelly/ros2_ws/build/FMT
