[0.095s] Invoking command in '/home/coleman/ros2_ws/build/mycobot_description': CMAKE_PREFIX_PATH=${CMAKE_PREFIX_PATH}:/opt/ros/humble /usr/bin/cmake --build /home/coleman/ros2_ws/build/mycobot_description -- -j16 -l16
[0.288s] Invoked command in '/home/coleman/ros2_ws/build/mycobot_description' returned '0': CMAKE_PREFIX_PATH=${CMAKE_PREFIX_PATH}:/opt/ros/humble /usr/bin/cmake --build /home/coleman/ros2_ws/build/mycobot_description -- -j16 -l16
[0.535s] Invoking command in '/home/coleman/ros2_ws/build/mycobot_description': CMAKE_PREFIX_PATH=${CMAKE_PREFIX_PATH}:/opt/ros/humble /usr/bin/cmake --install /home/coleman/ros2_ws/build/mycobot_description
[0.564s] -- Install configuration: ""
[0.565s] -- Up-to-date: /home/coleman/ros2_ws/install/mycobot_description/share/mycobot_description/launch
[0.567s] -- Up-to-date: /home/coleman/ros2_ws/install/mycobot_description/share/mycobot_description/meshes
[0.568s] -- Up-to-date: /home/coleman/ros2_ws/install/mycobot_description/share/mycobot_description/meshes/mycobot_280
[0.568s] -- Up-to-date: /home/coleman/ros2_ws/install/mycobot_description/share/mycobot_description/meshes/mycobot_280/joint2.stl
[0.569s] -- Up-to-date: /home/coleman/ros2_ws/install/mycobot_description/share/mycobot_description/meshes/mycobot_280/spectrometer.stl
[0.571s] -- Up-to-date: /home/coleman/ros2_ws/install/mycobot_description/share/mycobot_description/meshes/mycobot_280/holder.stl
[0.572s] -- Up-to-date: /home/coleman/ros2_ws/install/mycobot_description/share/mycobot_description/meshes/mycobot_280/joint3.stl
[0.592s] -- Up-to-date: /home/coleman/ros2_ws/install/mycobot_description/share/mycobot_description/meshes/mycobot_280/joint5.stl
[0.612s] -- Up-to-date: /home/coleman/ros2_ws/install/mycobot_description/share/mycobot_description/meshes/mycobot_280/joint1.stl
[0.613s] -- Up-to-date: /home/coleman/ros2_ws/install/mycobot_description/share/mycobot_description/meshes/mycobot_280/joint7.stl
[0.614s] -- Up-to-date: /home/coleman/ros2_ws/install/mycobot_description/share/mycobot_description/meshes/mycobot_280/joint6.stl
[0.615s] -- Up-to-date: /home/coleman/ros2_ws/install/mycobot_description/share/mycobot_description/meshes/mycobot_280/joint4.stl
[0.616s] -- Up-to-date: /home/coleman/ros2_ws/install/mycobot_description/share/mycobot_description/rviz
[0.617s] -- Up-to-date: /home/coleman/ros2_ws/install/mycobot_description/share/mycobot_description/urdf
[0.617s] -- Up-to-date: /home/coleman/ros2_ws/install/mycobot_description/share/mycobot_description/urdf/mycobot_280_urdf.xacro
[0.619s] -- Up-to-date: /home/coleman/ros2_ws/install/mycobot_description/share/ament_index/resource_index/package_run_dependencies/mycobot_description
[0.620s] -- Up-to-date: /home/coleman/ros2_ws/install/mycobot_description/share/ament_index/resource_index/parent_prefix_path/mycobot_description
[0.621s] -- Up-to-date: /home/coleman/ros2_ws/install/mycobot_description/share/mycobot_description/environment/ament_prefix_path.sh
[0.623s] -- Up-to-date: /home/coleman/ros2_ws/install/mycobot_description/share/mycobot_description/environment/ament_prefix_path.dsv
[0.624s] -- Up-to-date: /home/coleman/ros2_ws/install/mycobot_description/share/mycobot_description/environment/path.sh
[0.624s] -- Up-to-date: /home/coleman/ros2_ws/install/mycobot_description/share/mycobot_description/environment/path.dsv
[0.627s] -- Up-to-date: /home/coleman/ros2_ws/install/mycobot_description/share/mycobot_description/local_setup.bash
[0.632s] -- Up-to-date: /home/coleman/ros2_ws/install/mycobot_description/share/mycobot_description/local_setup.sh
[0.633s] -- Up-to-date: /home/coleman/ros2_ws/install/mycobot_description/share/mycobot_description/local_setup.zsh
[0.635s] -- Up-to-date: /home/coleman/ros2_ws/install/mycobot_description/share/mycobot_description/local_setup.dsv
[0.638s] -- Installing: /home/coleman/ros2_ws/install/mycobot_description/share/mycobot_description/package.dsv
[0.639s] -- Up-to-date: /home/coleman/ros2_ws/install/mycobot_description/share/ament_index/resource_index/packages/mycobot_description
[0.640s] -- Up-to-date: /home/coleman/ros2_ws/install/mycobot_description/share/mycobot_description/cmake/mycobot_descriptionConfig.cmake
[0.643s] -- Up-to-date: /home/coleman/ros2_ws/install/mycobot_description/share/mycobot_description/cmake/mycobot_descriptionConfig-version.cmake
[0.644s] -- Up-to-date: /home/coleman/ros2_ws/install/mycobot_description/share/mycobot_description/package.xml
[0.653s] Invoked command in '/home/coleman/ros2_ws/build/mycobot_description' returned '0': CMAKE_PREFIX_PATH=${CMAKE_PREFIX_PATH}:/opt/ros/humble /usr/bin/cmake --install /home/coleman/ros2_ws/build/mycobot_description
