[0.233s] DEBUG:colcon:Command line arguments: ['/home/coleman/.local/bin/colcon', 'build']
[0.233s] DEBUG:colcon:Parsed command line arguments: Namespace(log_base=None, log_level=None, verb_name='build', build_base='build', install_base='install', merge_install=False, symlink_install=False, test_result_base=None, continue_on_error=False, executor='parallel', parallel_workers=16, event_handlers=None, ignore_user_meta=False, metas=['./colcon.meta'], base_paths=['.'], packages_ignore=None, packages_ignore_regex=None, paths=None, packages_up_to=None, packages_up_to_regex=None, packages_above=None, packages_above_and_dependencies=None, packages_above_depth=None, packages_select_by_dep=None, packages_skip_by_dep=None, packages_skip_up_to=None, packages_select_build_failed=False, packages_skip_build_finished=False, packages_select_test_failures=False, packages_skip_test_passed=False, packages_select=None, packages_skip=None, packages_select_regex=None, packages_skip_regex=None, packages_start=None, packages_end=None, allow_overriding=[], cmake_args=None, cmake_target=None, cmake_target_skip_unavailable=False, cmake_clean_cache=False, cmake_clean_first=False, cmake_force_configure=False, ament_cmake_args=None, catkin_cmake_args=None, catkin_skip_building_tests=False, verb_parser=<colcon_defaults.argument_parser.defaults.DefaultArgumentsDecorator object at 0x78004aefdcc0>, verb_extension=<colcon_core.verb.build.BuildVerb object at 0x78004afee710>, main=<bound method BuildVerb.main of <colcon_core.verb.build.BuildVerb object at 0x78004afee710>>)
[0.535s] Level 1:colcon.colcon_core.package_discovery:discover_packages(colcon_meta) check parameters
[0.535s] Level 1:colcon.colcon_core.package_discovery:discover_packages(recursive) check parameters
[0.536s] Level 1:colcon.colcon_core.package_discovery:discover_packages(ignore) check parameters
[0.536s] Level 1:colcon.colcon_core.package_discovery:discover_packages(path) check parameters
[0.536s] Level 1:colcon.colcon_core.package_discovery:discover_packages(colcon_meta) discover
[0.536s] Level 1:colcon.colcon_core.package_discovery:discover_packages(recursive) discover
[0.536s] INFO:colcon.colcon_core.package_discovery:Crawling recursively for packages in '/home/coleman/ros2_ws'
[0.536s] Level 1:colcon.colcon_core.package_identification:_identify(.) by extensions ['ignore', 'ignore_ament_install']
[0.536s] Level 1:colcon.colcon_core.package_identification:_identify(.) by extension 'ignore'
[0.536s] Level 1:colcon.colcon_core.package_identification:_identify(.) by extension 'ignore_ament_install'
[0.536s] Level 1:colcon.colcon_core.package_identification:_identify(.) by extensions ['colcon_pkg']
[0.537s] Level 1:colcon.colcon_core.package_identification:_identify(.) by extension 'colcon_pkg'
[0.537s] Level 1:colcon.colcon_core.package_identification:_identify(.) by extensions ['colcon_meta']
[0.537s] Level 1:colcon.colcon_core.package_identification:_identify(.) by extension 'colcon_meta'
[0.537s] Level 1:colcon.colcon_core.package_identification:_identify(.) by extensions ['ros']
[0.537s] Level 1:colcon.colcon_core.package_identification:_identify(.) by extension 'ros'
[0.558s] Level 1:colcon.colcon_core.package_identification:_identify(.) by extensions ['cmake', 'python']
[0.558s] Level 1:colcon.colcon_core.package_identification:_identify(.) by extension 'cmake'
[0.558s] Level 1:colcon.colcon_core.package_identification:_identify(.) by extension 'python'
[0.558s] Level 1:colcon.colcon_core.package_identification:_identify(.) by extensions ['python_setup_py']
[0.558s] Level 1:colcon.colcon_core.package_identification:_identify(.) by extension 'python_setup_py'
[0.558s] Level 1:colcon.colcon_core.package_identification:_identify(build) by extensions ['ignore', 'ignore_ament_install']
[0.558s] Level 1:colcon.colcon_core.package_identification:_identify(build) by extension 'ignore'
[0.559s] Level 1:colcon.colcon_core.package_identification:_identify(build) ignored
[0.559s] Level 1:colcon.colcon_core.package_identification:_identify(install) by extensions ['ignore', 'ignore_ament_install']
[0.559s] Level 1:colcon.colcon_core.package_identification:_identify(install) by extension 'ignore'
[0.559s] Level 1:colcon.colcon_core.package_identification:_identify(install) ignored
[0.559s] Level 1:colcon.colcon_core.package_identification:_identify(log) by extensions ['ignore', 'ignore_ament_install']
[0.560s] Level 1:colcon.colcon_core.package_identification:_identify(log) by extension 'ignore'
[0.560s] Level 1:colcon.colcon_core.package_identification:_identify(log) ignored
[0.560s] Level 1:colcon.colcon_core.package_identification:_identify(src) by extensions ['ignore', 'ignore_ament_install']
[0.560s] Level 1:colcon.colcon_core.package_identification:_identify(src) by extension 'ignore'
[0.560s] Level 1:colcon.colcon_core.package_identification:_identify(src) by extension 'ignore_ament_install'
[0.560s] Level 1:colcon.colcon_core.package_identification:_identify(src) by extensions ['colcon_pkg']
[0.560s] Level 1:colcon.colcon_core.package_identification:_identify(src) by extension 'colcon_pkg'
[0.560s] Level 1:colcon.colcon_core.package_identification:_identify(src) by extensions ['colcon_meta']
[0.560s] Level 1:colcon.colcon_core.package_identification:_identify(src) by extension 'colcon_meta'
[0.561s] Level 1:colcon.colcon_core.package_identification:_identify(src) by extensions ['ros']
[0.561s] Level 1:colcon.colcon_core.package_identification:_identify(src) by extension 'ros'
[0.561s] Level 1:colcon.colcon_core.package_identification:_identify(src) by extensions ['cmake', 'python']
[0.561s] Level 1:colcon.colcon_core.package_identification:_identify(src) by extension 'cmake'
[0.561s] Level 1:colcon.colcon_core.package_identification:_identify(src) by extension 'python'
[0.561s] Level 1:colcon.colcon_core.package_identification:_identify(src) by extensions ['python_setup_py']
[0.562s] Level 1:colcon.colcon_core.package_identification:_identify(src) by extension 'python_setup_py'
[0.562s] Level 1:colcon.colcon_core.package_identification:_identify(src/mycobot_ros2) by extensions ['ignore', 'ignore_ament_install']
[0.562s] Level 1:colcon.colcon_core.package_identification:_identify(src/mycobot_ros2) by extension 'ignore'
[0.562s] Level 1:colcon.colcon_core.package_identification:_identify(src/mycobot_ros2) by extension 'ignore_ament_install'
[0.562s] Level 1:colcon.colcon_core.package_identification:_identify(src/mycobot_ros2) by extensions ['colcon_pkg']
[0.562s] Level 1:colcon.colcon_core.package_identification:_identify(src/mycobot_ros2) by extension 'colcon_pkg'
[0.562s] Level 1:colcon.colcon_core.package_identification:_identify(src/mycobot_ros2) by extensions ['colcon_meta']
[0.562s] Level 1:colcon.colcon_core.package_identification:_identify(src/mycobot_ros2) by extension 'colcon_meta'
[0.563s] Level 1:colcon.colcon_core.package_identification:_identify(src/mycobot_ros2) by extensions ['ros']
[0.563s] Level 1:colcon.colcon_core.package_identification:_identify(src/mycobot_ros2) by extension 'ros'
[0.563s] Level 1:colcon.colcon_core.package_identification:_identify(src/mycobot_ros2) by extensions ['cmake', 'python']
[0.563s] Level 1:colcon.colcon_core.package_identification:_identify(src/mycobot_ros2) by extension 'cmake'
[0.563s] Level 1:colcon.colcon_core.package_identification:_identify(src/mycobot_ros2) by extension 'python'
[0.563s] Level 1:colcon.colcon_core.package_identification:_identify(src/mycobot_ros2) by extensions ['python_setup_py']
[0.563s] Level 1:colcon.colcon_core.package_identification:_identify(src/mycobot_ros2) by extension 'python_setup_py'
[0.563s] Level 1:colcon.colcon_core.package_identification:_identify(src/mycobot_ros2/mycobot_description) by extensions ['ignore', 'ignore_ament_install']
[0.564s] Level 1:colcon.colcon_core.package_identification:_identify(src/mycobot_ros2/mycobot_description) by extension 'ignore'
[0.564s] Level 1:colcon.colcon_core.package_identification:_identify(src/mycobot_ros2/mycobot_description) by extension 'ignore_ament_install'
[0.564s] Level 1:colcon.colcon_core.package_identification:_identify(src/mycobot_ros2/mycobot_description) by extensions ['colcon_pkg']
[0.564s] Level 1:colcon.colcon_core.package_identification:_identify(src/mycobot_ros2/mycobot_description) by extension 'colcon_pkg'
[0.564s] Level 1:colcon.colcon_core.package_identification:_identify(src/mycobot_ros2/mycobot_description) by extensions ['colcon_meta']
[0.564s] Level 1:colcon.colcon_core.package_identification:_identify(src/mycobot_ros2/mycobot_description) by extension 'colcon_meta'
[0.564s] Level 1:colcon.colcon_core.package_identification:_identify(src/mycobot_ros2/mycobot_description) by extensions ['ros']
[0.564s] Level 1:colcon.colcon_core.package_identification:_identify(src/mycobot_ros2/mycobot_description) by extension 'ros'
[0.568s] DEBUG:colcon.colcon_core.package_identification:Package 'src/mycobot_ros2/mycobot_description' with type 'ros.ament_cmake' and name 'mycobot_description'
[0.568s] Level 1:colcon.colcon_core.package_identification:_identify(src/mycobot_ros2/mycobot_gazebo) by extensions ['ignore', 'ignore_ament_install']
[0.568s] Level 1:colcon.colcon_core.package_identification:_identify(src/mycobot_ros2/mycobot_gazebo) by extension 'ignore'
[0.568s] Level 1:colcon.colcon_core.package_identification:_identify(src/mycobot_ros2/mycobot_gazebo) by extension 'ignore_ament_install'
[0.569s] Level 1:colcon.colcon_core.package_identification:_identify(src/mycobot_ros2/mycobot_gazebo) by extensions ['colcon_pkg']
[0.569s] Level 1:colcon.colcon_core.package_identification:_identify(src/mycobot_ros2/mycobot_gazebo) by extension 'colcon_pkg'
[0.569s] Level 1:colcon.colcon_core.package_identification:_identify(src/mycobot_ros2/mycobot_gazebo) by extensions ['colcon_meta']
[0.569s] Level 1:colcon.colcon_core.package_identification:_identify(src/mycobot_ros2/mycobot_gazebo) by extension 'colcon_meta'
[0.569s] Level 1:colcon.colcon_core.package_identification:_identify(src/mycobot_ros2/mycobot_gazebo) by extensions ['ros']
[0.569s] Level 1:colcon.colcon_core.package_identification:_identify(src/mycobot_ros2/mycobot_gazebo) by extension 'ros'
[0.570s] DEBUG:colcon.colcon_core.package_identification:Package 'src/mycobot_ros2/mycobot_gazebo' with type 'ros.ament_cmake' and name 'mycobot_gazebo'
[0.570s] Level 1:colcon.colcon_core.package_identification:_identify(src/mycobot_ros2/mycobot_moveit_config) by extensions ['ignore', 'ignore_ament_install']
[0.570s] Level 1:colcon.colcon_core.package_identification:_identify(src/mycobot_ros2/mycobot_moveit_config) by extension 'ignore'
[0.571s] Level 1:colcon.colcon_core.package_identification:_identify(src/mycobot_ros2/mycobot_moveit_config) by extension 'ignore_ament_install'
[0.571s] Level 1:colcon.colcon_core.package_identification:_identify(src/mycobot_ros2/mycobot_moveit_config) by extensions ['colcon_pkg']
[0.571s] Level 1:colcon.colcon_core.package_identification:_identify(src/mycobot_ros2/mycobot_moveit_config) by extension 'colcon_pkg'
[0.571s] Level 1:colcon.colcon_core.package_identification:_identify(src/mycobot_ros2/mycobot_moveit_config) by extensions ['colcon_meta']
[0.571s] Level 1:colcon.colcon_core.package_identification:_identify(src/mycobot_ros2/mycobot_moveit_config) by extension 'colcon_meta'
[0.571s] Level 1:colcon.colcon_core.package_identification:_identify(src/mycobot_ros2/mycobot_moveit_config) by extensions ['ros']
[0.571s] Level 1:colcon.colcon_core.package_identification:_identify(src/mycobot_ros2/mycobot_moveit_config) by extension 'ros'
[0.572s] DEBUG:colcon.colcon_core.package_identification:Package 'src/mycobot_ros2/mycobot_moveit_config' with type 'ros.ament_cmake' and name 'mycobot_moveit_config'
[0.573s] Level 1:colcon.colcon_core.package_identification:_identify(src/mycobot_ros2/mycobot_ros2) by extensions ['ignore', 'ignore_ament_install']
[0.573s] Level 1:colcon.colcon_core.package_identification:_identify(src/mycobot_ros2/mycobot_ros2) by extension 'ignore'
[0.573s] Level 1:colcon.colcon_core.package_identification:_identify(src/mycobot_ros2/mycobot_ros2) by extension 'ignore_ament_install'
[0.573s] Level 1:colcon.colcon_core.package_identification:_identify(src/mycobot_ros2/mycobot_ros2) by extensions ['colcon_pkg']
[0.573s] Level 1:colcon.colcon_core.package_identification:_identify(src/mycobot_ros2/mycobot_ros2) by extension 'colcon_pkg'
[0.574s] Level 1:colcon.colcon_core.package_identification:_identify(src/mycobot_ros2/mycobot_ros2) by extensions ['colcon_meta']
[0.574s] Level 1:colcon.colcon_core.package_identification:_identify(src/mycobot_ros2/mycobot_ros2) by extension 'colcon_meta'
[0.574s] Level 1:colcon.colcon_core.package_identification:_identify(src/mycobot_ros2/mycobot_ros2) by extensions ['ros']
[0.574s] Level 1:colcon.colcon_core.package_identification:_identify(src/mycobot_ros2/mycobot_ros2) by extension 'ros'
[0.574s] DEBUG:colcon.colcon_core.package_identification:Package 'src/mycobot_ros2/mycobot_ros2' with type 'ros.ament_cmake' and name 'mycobot_ros2'
[0.575s] Level 1:colcon.colcon_core.package_discovery:discover_packages(recursive) using defaults
[0.575s] Level 1:colcon.colcon_core.package_discovery:discover_packages(ignore) discover
[0.575s] Level 1:colcon.colcon_core.package_discovery:discover_packages(ignore) using defaults
[0.575s] Level 1:colcon.colcon_core.package_discovery:discover_packages(path) discover
[0.575s] Level 1:colcon.colcon_core.package_discovery:discover_packages(path) using defaults
[0.606s] Level 1:colcon.colcon_core.package_discovery:discover_packages(prefix_path) check parameters
[0.607s] Level 1:colcon.colcon_core.package_discovery:discover_packages(prefix_path) discover
[0.610s] DEBUG:colcon.colcon_installed_package_information.package_discovery:Found 4 installed packages in /home/coleman/ros2_ws/install
[0.614s] DEBUG:colcon.colcon_installed_package_information.package_discovery:Found 372 installed packages in /opt/ros/humble
[0.616s] Level 1:colcon.colcon_core.package_discovery:discover_packages(prefix_path) using defaults
[0.715s] Level 5:colcon.colcon_core.verb:set package 'mycobot_description' build argument 'cmake_args' from command line to 'None'
[0.715s] Level 5:colcon.colcon_core.verb:set package 'mycobot_description' build argument 'cmake_target' from command line to 'None'
[0.715s] Level 5:colcon.colcon_core.verb:set package 'mycobot_description' build argument 'cmake_target_skip_unavailable' from command line to 'False'
[0.715s] Level 5:colcon.colcon_core.verb:set package 'mycobot_description' build argument 'cmake_clean_cache' from command line to 'False'
[0.715s] Level 5:colcon.colcon_core.verb:set package 'mycobot_description' build argument 'cmake_clean_first' from command line to 'False'
[0.715s] Level 5:colcon.colcon_core.verb:set package 'mycobot_description' build argument 'cmake_force_configure' from command line to 'False'
[0.715s] Level 5:colcon.colcon_core.verb:set package 'mycobot_description' build argument 'ament_cmake_args' from command line to 'None'
[0.715s] Level 5:colcon.colcon_core.verb:set package 'mycobot_description' build argument 'catkin_cmake_args' from command line to 'None'
[0.716s] Level 5:colcon.colcon_core.verb:set package 'mycobot_description' build argument 'catkin_skip_building_tests' from command line to 'False'
[0.716s] DEBUG:colcon.colcon_core.verb:Building package 'mycobot_description' with the following arguments: {'ament_cmake_args': None, 'build_base': '/home/coleman/ros2_ws/build/mycobot_description', 'catkin_cmake_args': None, 'catkin_skip_building_tests': False, 'cmake_args': None, 'cmake_clean_cache': False, 'cmake_clean_first': False, 'cmake_force_configure': False, 'cmake_target': None, 'cmake_target_skip_unavailable': False, 'install_base': '/home/coleman/ros2_ws/install/mycobot_description', 'merge_install': False, 'path': '/home/coleman/ros2_ws/src/mycobot_ros2/mycobot_description', 'symlink_install': False, 'test_result_base': None}
[0.716s] Level 5:colcon.colcon_core.verb:set package 'mycobot_gazebo' build argument 'cmake_args' from command line to 'None'
[0.716s] Level 5:colcon.colcon_core.verb:set package 'mycobot_gazebo' build argument 'cmake_target' from command line to 'None'
[0.716s] Level 5:colcon.colcon_core.verb:set package 'mycobot_gazebo' build argument 'cmake_target_skip_unavailable' from command line to 'False'
[0.716s] Level 5:colcon.colcon_core.verb:set package 'mycobot_gazebo' build argument 'cmake_clean_cache' from command line to 'False'
[0.716s] Level 5:colcon.colcon_core.verb:set package 'mycobot_gazebo' build argument 'cmake_clean_first' from command line to 'False'
[0.717s] Level 5:colcon.colcon_core.verb:set package 'mycobot_gazebo' build argument 'cmake_force_configure' from command line to 'False'
[0.717s] Level 5:colcon.colcon_core.verb:set package 'mycobot_gazebo' build argument 'ament_cmake_args' from command line to 'None'
[0.717s] Level 5:colcon.colcon_core.verb:set package 'mycobot_gazebo' build argument 'catkin_cmake_args' from command line to 'None'
[0.717s] Level 5:colcon.colcon_core.verb:set package 'mycobot_gazebo' build argument 'catkin_skip_building_tests' from command line to 'False'
[0.717s] DEBUG:colcon.colcon_core.verb:Building package 'mycobot_gazebo' with the following arguments: {'ament_cmake_args': None, 'build_base': '/home/coleman/ros2_ws/build/mycobot_gazebo', 'catkin_cmake_args': None, 'catkin_skip_building_tests': False, 'cmake_args': None, 'cmake_clean_cache': False, 'cmake_clean_first': False, 'cmake_force_configure': False, 'cmake_target': None, 'cmake_target_skip_unavailable': False, 'install_base': '/home/coleman/ros2_ws/install/mycobot_gazebo', 'merge_install': False, 'path': '/home/coleman/ros2_ws/src/mycobot_ros2/mycobot_gazebo', 'symlink_install': False, 'test_result_base': None}
[0.717s] Level 5:colcon.colcon_core.verb:set package 'mycobot_moveit_config' build argument 'cmake_args' from command line to 'None'
[0.718s] Level 5:colcon.colcon_core.verb:set package 'mycobot_moveit_config' build argument 'cmake_target' from command line to 'None'
[0.718s] Level 5:colcon.colcon_core.verb:set package 'mycobot_moveit_config' build argument 'cmake_target_skip_unavailable' from command line to 'False'
[0.718s] Level 5:colcon.colcon_core.verb:set package 'mycobot_moveit_config' build argument 'cmake_clean_cache' from command line to 'False'
[0.718s] Level 5:colcon.colcon_core.verb:set package 'mycobot_moveit_config' build argument 'cmake_clean_first' from command line to 'False'
[0.718s] Level 5:colcon.colcon_core.verb:set package 'mycobot_moveit_config' build argument 'cmake_force_configure' from command line to 'False'
[0.718s] Level 5:colcon.colcon_core.verb:set package 'mycobot_moveit_config' build argument 'ament_cmake_args' from command line to 'None'
[0.718s] Level 5:colcon.colcon_core.verb:set package 'mycobot_moveit_config' build argument 'catkin_cmake_args' from command line to 'None'
[0.718s] Level 5:colcon.colcon_core.verb:set package 'mycobot_moveit_config' build argument 'catkin_skip_building_tests' from command line to 'False'
[0.718s] DEBUG:colcon.colcon_core.verb:Building package 'mycobot_moveit_config' with the following arguments: {'ament_cmake_args': None, 'build_base': '/home/coleman/ros2_ws/build/mycobot_moveit_config', 'catkin_cmake_args': None, 'catkin_skip_building_tests': False, 'cmake_args': None, 'cmake_clean_cache': False, 'cmake_clean_first': False, 'cmake_force_configure': False, 'cmake_target': None, 'cmake_target_skip_unavailable': False, 'install_base': '/home/coleman/ros2_ws/install/mycobot_moveit_config', 'merge_install': False, 'path': '/home/coleman/ros2_ws/src/mycobot_ros2/mycobot_moveit_config', 'symlink_install': False, 'test_result_base': None}
[0.719s] Level 5:colcon.colcon_core.verb:set package 'mycobot_ros2' build argument 'cmake_args' from command line to 'None'
[0.719s] Level 5:colcon.colcon_core.verb:set package 'mycobot_ros2' build argument 'cmake_target' from command line to 'None'
[0.719s] Level 5:colcon.colcon_core.verb:set package 'mycobot_ros2' build argument 'cmake_target_skip_unavailable' from command line to 'False'
[0.719s] Level 5:colcon.colcon_core.verb:set package 'mycobot_ros2' build argument 'cmake_clean_cache' from command line to 'False'
[0.719s] Level 5:colcon.colcon_core.verb:set package 'mycobot_ros2' build argument 'cmake_clean_first' from command line to 'False'
[0.719s] Level 5:colcon.colcon_core.verb:set package 'mycobot_ros2' build argument 'cmake_force_configure' from command line to 'False'
[0.719s] Level 5:colcon.colcon_core.verb:set package 'mycobot_ros2' build argument 'ament_cmake_args' from command line to 'None'
[0.719s] Level 5:colcon.colcon_core.verb:set package 'mycobot_ros2' build argument 'catkin_cmake_args' from command line to 'None'
[0.719s] Level 5:colcon.colcon_core.verb:set package 'mycobot_ros2' build argument 'catkin_skip_building_tests' from command line to 'False'
[0.719s] DEBUG:colcon.colcon_core.verb:Building package 'mycobot_ros2' with the following arguments: {'ament_cmake_args': None, 'build_base': '/home/coleman/ros2_ws/build/mycobot_ros2', 'catkin_cmake_args': None, 'catkin_skip_building_tests': False, 'cmake_args': None, 'cmake_clean_cache': False, 'cmake_clean_first': False, 'cmake_force_configure': False, 'cmake_target': None, 'cmake_target_skip_unavailable': False, 'install_base': '/home/coleman/ros2_ws/install/mycobot_ros2', 'merge_install': False, 'path': '/home/coleman/ros2_ws/src/mycobot_ros2/mycobot_ros2', 'symlink_install': False, 'test_result_base': None}
[0.719s] INFO:colcon.colcon_core.executor:Executing jobs using 'parallel' executor
[0.721s] DEBUG:colcon.colcon_parallel_executor.executor.parallel:run_until_complete
[0.722s] INFO:colcon.colcon_ros.task.ament_cmake.build:Building ROS package in '/home/coleman/ros2_ws/src/mycobot_ros2/mycobot_description' with build type 'ament_cmake'
[0.722s] INFO:colcon.colcon_cmake.task.cmake.build:Building CMake package in '/home/coleman/ros2_ws/src/mycobot_ros2/mycobot_description'
[0.727s] INFO:colcon.colcon_core.plugin_system:Skipping extension 'colcon_core.shell.bat': Not used on non-Windows systems
[0.727s] INFO:colcon.colcon_core.shell:Skip shell extension 'powershell' for command environment: Not usable outside of PowerShell
[0.728s] DEBUG:colcon.colcon_core.shell:Skip shell extension 'dsv' for command environment
[0.736s] INFO:colcon.colcon_ros.task.ament_cmake.build:Building ROS package in '/home/coleman/ros2_ws/src/mycobot_ros2/mycobot_gazebo' with build type 'ament_cmake'
[0.736s] INFO:colcon.colcon_cmake.task.cmake.build:Building CMake package in '/home/coleman/ros2_ws/src/mycobot_ros2/mycobot_gazebo'
[0.737s] INFO:colcon.colcon_core.shell:Skip shell extension 'powershell' for command environment: Not usable outside of PowerShell
[0.737s] DEBUG:colcon.colcon_core.shell:Skip shell extension 'dsv' for command environment
[0.760s] DEBUG:colcon.colcon_core.event_handler.log_command:Invoking command in '/home/coleman/ros2_ws/build/mycobot_description': CMAKE_PREFIX_PATH=${CMAKE_PREFIX_PATH}:/opt/ros/humble /usr/bin/cmake --build /home/coleman/ros2_ws/build/mycobot_description -- -j16 -l16
[0.778s] DEBUG:colcon.colcon_core.event_handler.log_command:Invoking command in '/home/coleman/ros2_ws/build/mycobot_gazebo': CMAKE_PREFIX_PATH=${CMAKE_PREFIX_PATH}:/opt/ros/humble /usr/bin/cmake --build /home/coleman/ros2_ws/build/mycobot_gazebo -- -j16 -l16
[0.836s] DEBUG:colcon.colcon_core.event_handler.log_command:Invoked command in '/home/coleman/ros2_ws/build/mycobot_description' returned '0': CMAKE_PREFIX_PATH=${CMAKE_PREFIX_PATH}:/opt/ros/humble /usr/bin/cmake --build /home/coleman/ros2_ws/build/mycobot_description -- -j16 -l16
[0.858s] DEBUG:colcon.colcon_core.event_handler.log_command:Invoked command in '/home/coleman/ros2_ws/build/mycobot_gazebo' returned '0': CMAKE_PREFIX_PATH=${CMAKE_PREFIX_PATH}:/opt/ros/humble /usr/bin/cmake --build /home/coleman/ros2_ws/build/mycobot_gazebo -- -j16 -l16
[0.912s] DEBUG:colcon.colcon_core.event_handler.log_command:Invoking command in '/home/coleman/ros2_ws/build/mycobot_description': CMAKE_PREFIX_PATH=${CMAKE_PREFIX_PATH}:/opt/ros/humble /usr/bin/cmake --install /home/coleman/ros2_ws/build/mycobot_description
[0.920s] DEBUG:colcon.colcon_core.event_handler.log_command:Invoking command in '/home/coleman/ros2_ws/build/mycobot_gazebo': CMAKE_PREFIX_PATH=${CMAKE_PREFIX_PATH}:/opt/ros/humble /usr/bin/cmake --install /home/coleman/ros2_ws/build/mycobot_gazebo
[0.951s] Level 1:colcon.colcon_core.environment:create_environment_scripts_only(mycobot_description)
[0.981s] Level 1:colcon.colcon_core.environment:checking '/home/coleman/ros2_ws/install/mycobot_description' for CMake module files
[0.990s] Level 1:colcon.colcon_core.environment:checking '/home/coleman/ros2_ws/install/mycobot_description' for CMake config files
[0.993s] Level 1:colcon.colcon_core.shell:create_environment_hook('mycobot_description', 'cmake_prefix_path')
[0.994s] INFO:colcon.colcon_core.shell:Creating environment hook '/home/coleman/ros2_ws/install/mycobot_description/share/mycobot_description/hook/cmake_prefix_path.ps1'
[0.999s] INFO:colcon.colcon_core.shell:Creating environment descriptor '/home/coleman/ros2_ws/install/mycobot_description/share/mycobot_description/hook/cmake_prefix_path.dsv'
[1.003s] INFO:colcon.colcon_core.shell:Creating environment hook '/home/coleman/ros2_ws/install/mycobot_description/share/mycobot_description/hook/cmake_prefix_path.sh'
[1.008s] Level 1:colcon.colcon_core.environment:checking '/home/coleman/ros2_ws/install/mycobot_description/bin'
[1.009s] Level 1:colcon.colcon_core.environment:checking '/home/coleman/ros2_ws/install/mycobot_description/lib/pkgconfig/mycobot_description.pc'
[1.010s] Level 1:colcon.colcon_core.environment:checking '/home/coleman/ros2_ws/install/mycobot_description/lib/python3.10/site-packages'
[1.010s] Level 1:colcon.colcon_core.environment:checking '/home/coleman/ros2_ws/install/mycobot_description/bin'
[1.011s] INFO:colcon.colcon_core.shell:Creating package script '/home/coleman/ros2_ws/install/mycobot_description/share/mycobot_description/package.ps1'
[1.015s] INFO:colcon.colcon_core.shell:Creating package descriptor '/home/coleman/ros2_ws/install/mycobot_description/share/mycobot_description/package.dsv'
[1.019s] INFO:colcon.colcon_core.shell:Creating package script '/home/coleman/ros2_ws/install/mycobot_description/share/mycobot_description/package.sh'
[1.023s] INFO:colcon.colcon_core.shell:Creating package script '/home/coleman/ros2_ws/install/mycobot_description/share/mycobot_description/package.bash'
[1.030s] INFO:colcon.colcon_core.shell:Creating package script '/home/coleman/ros2_ws/install/mycobot_description/share/mycobot_description/package.zsh'
[1.034s] Level 1:colcon.colcon_core.environment:create_file_with_runtime_dependencies(/home/coleman/ros2_ws/install/mycobot_description/share/colcon-core/packages/mycobot_description)
[1.053s] DEBUG:colcon.colcon_core.event_handler.log_command:Invoked command in '/home/coleman/ros2_ws/build/mycobot_description' returned '0': CMAKE_PREFIX_PATH=${CMAKE_PREFIX_PATH}:/opt/ros/humble /usr/bin/cmake --install /home/coleman/ros2_ws/build/mycobot_description
[1.072s] Level 1:colcon.colcon_core.environment:create_environment_scripts_only(mycobot_gazebo)
[1.072s] Level 1:colcon.colcon_core.environment:checking '/home/coleman/ros2_ws/install/mycobot_gazebo' for CMake module files
[1.114s] Level 1:colcon.colcon_core.environment:checking '/home/coleman/ros2_ws/install/mycobot_gazebo' for CMake config files
[1.161s] Level 1:colcon.colcon_core.shell:create_environment_hook('mycobot_gazebo', 'cmake_prefix_path')
[1.162s] INFO:colcon.colcon_core.shell:Creating environment hook '/home/coleman/ros2_ws/install/mycobot_gazebo/share/mycobot_gazebo/hook/cmake_prefix_path.ps1'
[1.191s] INFO:colcon.colcon_core.shell:Creating environment descriptor '/home/coleman/ros2_ws/install/mycobot_gazebo/share/mycobot_gazebo/hook/cmake_prefix_path.dsv'
[1.206s] INFO:colcon.colcon_core.shell:Creating environment hook '/home/coleman/ros2_ws/install/mycobot_gazebo/share/mycobot_gazebo/hook/cmake_prefix_path.sh'
[1.250s] Level 1:colcon.colcon_core.environment:checking '/home/coleman/ros2_ws/install/mycobot_gazebo/bin'
[1.250s] Level 1:colcon.colcon_core.environment:checking '/home/coleman/ros2_ws/install/mycobot_gazebo/lib/pkgconfig/mycobot_gazebo.pc'
[1.251s] Level 1:colcon.colcon_core.environment:checking '/home/coleman/ros2_ws/install/mycobot_gazebo/lib/python3.10/site-packages'
[1.251s] Level 1:colcon.colcon_core.environment:checking '/home/coleman/ros2_ws/install/mycobot_gazebo/bin'
[1.252s] INFO:colcon.colcon_core.shell:Creating package script '/home/coleman/ros2_ws/install/mycobot_gazebo/share/mycobot_gazebo/package.ps1'
[1.263s] INFO:colcon.colcon_core.shell:Creating package descriptor '/home/coleman/ros2_ws/install/mycobot_gazebo/share/mycobot_gazebo/package.dsv'
[1.267s] INFO:colcon.colcon_core.shell:Creating package script '/home/coleman/ros2_ws/install/mycobot_gazebo/share/mycobot_gazebo/package.sh'
[1.270s] INFO:colcon.colcon_core.shell:Creating package script '/home/coleman/ros2_ws/install/mycobot_gazebo/share/mycobot_gazebo/package.bash'
[1.304s] INFO:colcon.colcon_core.shell:Creating package script '/home/coleman/ros2_ws/install/mycobot_gazebo/share/mycobot_gazebo/package.zsh'
[1.306s] Level 1:colcon.colcon_core.environment:create_file_with_runtime_dependencies(/home/coleman/ros2_ws/install/mycobot_gazebo/share/colcon-core/packages/mycobot_gazebo)
[1.331s] Level 1:colcon.colcon_core.environment:create_environment_scripts_only(mycobot_description)
[1.331s] Level 1:colcon.colcon_core.environment:checking '/home/coleman/ros2_ws/install/mycobot_description' for CMake module files
[1.338s] Level 1:colcon.colcon_core.environment:checking '/home/coleman/ros2_ws/install/mycobot_description' for CMake config files
[1.355s] Level 1:colcon.colcon_core.shell:create_environment_hook('mycobot_description', 'cmake_prefix_path')
[1.356s] INFO:colcon.colcon_core.shell:Creating environment hook '/home/coleman/ros2_ws/install/mycobot_description/share/mycobot_description/hook/cmake_prefix_path.ps1'
[1.363s] INFO:colcon.colcon_core.shell:Creating environment descriptor '/home/coleman/ros2_ws/install/mycobot_description/share/mycobot_description/hook/cmake_prefix_path.dsv'
[1.365s] INFO:colcon.colcon_core.shell:Creating environment hook '/home/coleman/ros2_ws/install/mycobot_description/share/mycobot_description/hook/cmake_prefix_path.sh'
[1.367s] Level 1:colcon.colcon_core.environment:checking '/home/coleman/ros2_ws/install/mycobot_description/bin'
[1.367s] Level 1:colcon.colcon_core.environment:checking '/home/coleman/ros2_ws/install/mycobot_description/lib/pkgconfig/mycobot_description.pc'
[1.370s] Level 1:colcon.colcon_core.environment:checking '/home/coleman/ros2_ws/install/mycobot_description/lib/python3.10/site-packages'
[1.371s] Level 1:colcon.colcon_core.environment:checking '/home/coleman/ros2_ws/install/mycobot_description/bin'
[1.372s] INFO:colcon.colcon_core.shell:Creating package script '/home/coleman/ros2_ws/install/mycobot_description/share/mycobot_description/package.ps1'
[1.396s] INFO:colcon.colcon_core.shell:Creating package descriptor '/home/coleman/ros2_ws/install/mycobot_description/share/mycobot_description/package.dsv'
[1.422s] INFO:colcon.colcon_core.shell:Creating package script '/home/coleman/ros2_ws/install/mycobot_description/share/mycobot_description/package.sh'
[1.431s] INFO:colcon.colcon_core.shell:Creating package script '/home/coleman/ros2_ws/install/mycobot_description/share/mycobot_description/package.bash'
[1.446s] INFO:colcon.colcon_core.shell:Creating package script '/home/coleman/ros2_ws/install/mycobot_description/share/mycobot_description/package.zsh'
[1.468s] Level 1:colcon.colcon_core.environment:create_file_with_runtime_dependencies(/home/coleman/ros2_ws/install/mycobot_description/share/colcon-core/packages/mycobot_description)
[1.483s] DEBUG:colcon.colcon_core.event_handler.log_command:Invoked command in '/home/coleman/ros2_ws/build/mycobot_gazebo' returned '0': CMAKE_PREFIX_PATH=${CMAKE_PREFIX_PATH}:/opt/ros/humble /usr/bin/cmake --install /home/coleman/ros2_ws/build/mycobot_gazebo
[1.487s] INFO:colcon.colcon_ros.task.ament_cmake.build:Building ROS package in '/home/coleman/ros2_ws/src/mycobot_ros2/mycobot_moveit_config' with build type 'ament_cmake'
[1.488s] INFO:colcon.colcon_cmake.task.cmake.build:Building CMake package in '/home/coleman/ros2_ws/src/mycobot_ros2/mycobot_moveit_config'
[1.488s] INFO:colcon.colcon_core.shell:Skip shell extension 'powershell' for command environment: Not usable outside of PowerShell
[1.488s] DEBUG:colcon.colcon_core.shell:Skip shell extension 'dsv' for command environment
[1.500s] INFO:colcon.colcon_ros.task.ament_cmake.build:Building ROS package in '/home/coleman/ros2_ws/src/mycobot_ros2/mycobot_ros2' with build type 'ament_cmake'
[1.501s] INFO:colcon.colcon_cmake.task.cmake.build:Building CMake package in '/home/coleman/ros2_ws/src/mycobot_ros2/mycobot_ros2'
[1.502s] INFO:colcon.colcon_core.shell:Skip shell extension 'powershell' for command environment: Not usable outside of PowerShell
[1.502s] DEBUG:colcon.colcon_core.shell:Skip shell extension 'dsv' for command environment
[1.515s] Level 1:colcon.colcon_core.environment:create_environment_scripts_only(mycobot_gazebo)
[1.516s] Level 1:colcon.colcon_core.environment:checking '/home/coleman/ros2_ws/install/mycobot_gazebo' for CMake module files
[1.517s] Level 1:colcon.colcon_core.environment:checking '/home/coleman/ros2_ws/install/mycobot_gazebo' for CMake config files
[1.517s] Level 1:colcon.colcon_core.shell:create_environment_hook('mycobot_gazebo', 'cmake_prefix_path')
[1.518s] INFO:colcon.colcon_core.shell:Creating environment hook '/home/coleman/ros2_ws/install/mycobot_gazebo/share/mycobot_gazebo/hook/cmake_prefix_path.ps1'
[1.520s] INFO:colcon.colcon_core.shell:Creating environment descriptor '/home/coleman/ros2_ws/install/mycobot_gazebo/share/mycobot_gazebo/hook/cmake_prefix_path.dsv'
[1.520s] INFO:colcon.colcon_core.shell:Creating environment hook '/home/coleman/ros2_ws/install/mycobot_gazebo/share/mycobot_gazebo/hook/cmake_prefix_path.sh'
[1.522s] Level 1:colcon.colcon_core.environment:checking '/home/coleman/ros2_ws/install/mycobot_gazebo/bin'
[1.522s] Level 1:colcon.colcon_core.environment:checking '/home/coleman/ros2_ws/install/mycobot_gazebo/lib/pkgconfig/mycobot_gazebo.pc'
[1.523s] Level 1:colcon.colcon_core.environment:checking '/home/coleman/ros2_ws/install/mycobot_gazebo/lib/python3.10/site-packages'
[1.523s] Level 1:colcon.colcon_core.environment:checking '/home/coleman/ros2_ws/install/mycobot_gazebo/bin'
[1.524s] INFO:colcon.colcon_core.shell:Creating package script '/home/coleman/ros2_ws/install/mycobot_gazebo/share/mycobot_gazebo/package.ps1'
[1.525s] INFO:colcon.colcon_core.shell:Creating package descriptor '/home/coleman/ros2_ws/install/mycobot_gazebo/share/mycobot_gazebo/package.dsv'
[1.527s] INFO:colcon.colcon_core.shell:Creating package script '/home/coleman/ros2_ws/install/mycobot_gazebo/share/mycobot_gazebo/package.sh'
[1.528s] INFO:colcon.colcon_core.shell:Creating package script '/home/coleman/ros2_ws/install/mycobot_gazebo/share/mycobot_gazebo/package.bash'
[1.528s] INFO:colcon.colcon_core.shell:Creating package script '/home/coleman/ros2_ws/install/mycobot_gazebo/share/mycobot_gazebo/package.zsh'
[1.530s] Level 1:colcon.colcon_core.environment:create_file_with_runtime_dependencies(/home/coleman/ros2_ws/install/mycobot_gazebo/share/colcon-core/packages/mycobot_gazebo)
[1.555s] DEBUG:colcon.colcon_core.event_handler.log_command:Invoking command in '/home/coleman/ros2_ws/build/mycobot_moveit_config': CMAKE_PREFIX_PATH=/home/coleman/ros2_ws/install/mycobot_description:/home/coleman/ros2_ws/install/mycobot_ros2:/home/coleman/ros2_ws/install/mycobot_moveit_config:/home/coleman/ros2_ws/install/mycobot_gazebo:/opt/ros/humble /usr/bin/cmake --build /home/coleman/ros2_ws/build/mycobot_moveit_config -- -j16 -l16
[1.566s] DEBUG:colcon.colcon_core.event_handler.log_command:Invoking command in '/home/coleman/ros2_ws/build/mycobot_ros2': CMAKE_PREFIX_PATH=/home/coleman/ros2_ws/install/mycobot_description:/home/coleman/ros2_ws/install/mycobot_ros2:/home/coleman/ros2_ws/install/mycobot_moveit_config:/home/coleman/ros2_ws/install/mycobot_gazebo:/opt/ros/humble /usr/bin/cmake --build /home/coleman/ros2_ws/build/mycobot_ros2 -- -j16 -l16
[1.626s] DEBUG:colcon.colcon_core.event_handler.log_command:Invoked command in '/home/coleman/ros2_ws/build/mycobot_moveit_config' returned '0': CMAKE_PREFIX_PATH=/home/coleman/ros2_ws/install/mycobot_description:/home/coleman/ros2_ws/install/mycobot_ros2:/home/coleman/ros2_ws/install/mycobot_moveit_config:/home/coleman/ros2_ws/install/mycobot_gazebo:/opt/ros/humble /usr/bin/cmake --build /home/coleman/ros2_ws/build/mycobot_moveit_config -- -j16 -l16
[1.639s] DEBUG:colcon.colcon_core.event_handler.log_command:Invoked command in '/home/coleman/ros2_ws/build/mycobot_ros2' returned '0': CMAKE_PREFIX_PATH=/home/coleman/ros2_ws/install/mycobot_description:/home/coleman/ros2_ws/install/mycobot_ros2:/home/coleman/ros2_ws/install/mycobot_moveit_config:/home/coleman/ros2_ws/install/mycobot_gazebo:/opt/ros/humble /usr/bin/cmake --build /home/coleman/ros2_ws/build/mycobot_ros2 -- -j16 -l16
[1.690s] DEBUG:colcon.colcon_core.event_handler.log_command:Invoking command in '/home/coleman/ros2_ws/build/mycobot_moveit_config': CMAKE_PREFIX_PATH=/home/coleman/ros2_ws/install/mycobot_description:/home/coleman/ros2_ws/install/mycobot_ros2:/home/coleman/ros2_ws/install/mycobot_moveit_config:/home/coleman/ros2_ws/install/mycobot_gazebo:/opt/ros/humble /usr/bin/cmake --install /home/coleman/ros2_ws/build/mycobot_moveit_config
[1.701s] DEBUG:colcon.colcon_core.event_handler.log_command:Invoking command in '/home/coleman/ros2_ws/build/mycobot_ros2': CMAKE_PREFIX_PATH=/home/coleman/ros2_ws/install/mycobot_description:/home/coleman/ros2_ws/install/mycobot_ros2:/home/coleman/ros2_ws/install/mycobot_moveit_config:/home/coleman/ros2_ws/install/mycobot_gazebo:/opt/ros/humble /usr/bin/cmake --install /home/coleman/ros2_ws/build/mycobot_ros2
[1.730s] Level 1:colcon.colcon_core.environment:create_environment_scripts_only(mycobot_moveit_config)
[1.730s] Level 1:colcon.colcon_core.environment:checking '/home/coleman/ros2_ws/install/mycobot_moveit_config' for CMake module files
[1.741s] DEBUG:colcon.colcon_core.event_handler.log_command:Invoked command in '/home/coleman/ros2_ws/build/mycobot_moveit_config' returned '0': CMAKE_PREFIX_PATH=/home/coleman/ros2_ws/install/mycobot_description:/home/coleman/ros2_ws/install/mycobot_ros2:/home/coleman/ros2_ws/install/mycobot_moveit_config:/home/coleman/ros2_ws/install/mycobot_gazebo:/opt/ros/humble /usr/bin/cmake --install /home/coleman/ros2_ws/build/mycobot_moveit_config
[1.742s] Level 1:colcon.colcon_core.environment:checking '/home/coleman/ros2_ws/install/mycobot_moveit_config' for CMake config files
[1.743s] Level 1:colcon.colcon_core.shell:create_environment_hook('mycobot_moveit_config', 'cmake_prefix_path')
[1.743s] INFO:colcon.colcon_core.shell:Creating environment hook '/home/coleman/ros2_ws/install/mycobot_moveit_config/share/mycobot_moveit_config/hook/cmake_prefix_path.ps1'
[1.744s] INFO:colcon.colcon_core.shell:Creating environment descriptor '/home/coleman/ros2_ws/install/mycobot_moveit_config/share/mycobot_moveit_config/hook/cmake_prefix_path.dsv'
[1.745s] INFO:colcon.colcon_core.shell:Creating environment hook '/home/coleman/ros2_ws/install/mycobot_moveit_config/share/mycobot_moveit_config/hook/cmake_prefix_path.sh'
[1.746s] Level 1:colcon.colcon_core.environment:checking '/home/coleman/ros2_ws/install/mycobot_moveit_config/bin'
[1.746s] Level 1:colcon.colcon_core.environment:checking '/home/coleman/ros2_ws/install/mycobot_moveit_config/lib/pkgconfig/mycobot_moveit_config.pc'
[1.747s] Level 1:colcon.colcon_core.environment:checking '/home/coleman/ros2_ws/install/mycobot_moveit_config/lib/python3.10/site-packages'
[1.747s] Level 1:colcon.colcon_core.environment:checking '/home/coleman/ros2_ws/install/mycobot_moveit_config/bin'
[1.747s] INFO:colcon.colcon_core.shell:Creating package script '/home/coleman/ros2_ws/install/mycobot_moveit_config/share/mycobot_moveit_config/package.ps1'
[1.748s] INFO:colcon.colcon_core.shell:Creating package descriptor '/home/coleman/ros2_ws/install/mycobot_moveit_config/share/mycobot_moveit_config/package.dsv'
[1.749s] INFO:colcon.colcon_core.shell:Creating package script '/home/coleman/ros2_ws/install/mycobot_moveit_config/share/mycobot_moveit_config/package.sh'
[1.750s] INFO:colcon.colcon_core.shell:Creating package script '/home/coleman/ros2_ws/install/mycobot_moveit_config/share/mycobot_moveit_config/package.bash'
[1.750s] INFO:colcon.colcon_core.shell:Creating package script '/home/coleman/ros2_ws/install/mycobot_moveit_config/share/mycobot_moveit_config/package.zsh'
[1.751s] Level 1:colcon.colcon_core.environment:create_file_with_runtime_dependencies(/home/coleman/ros2_ws/install/mycobot_moveit_config/share/colcon-core/packages/mycobot_moveit_config)
[1.756s] Level 1:colcon.colcon_core.environment:create_environment_scripts_only(mycobot_ros2)
[1.756s] Level 1:colcon.colcon_core.environment:checking '/home/coleman/ros2_ws/install/mycobot_ros2' for CMake module files
[1.758s] DEBUG:colcon.colcon_core.event_handler.log_command:Invoked command in '/home/coleman/ros2_ws/build/mycobot_ros2' returned '0': CMAKE_PREFIX_PATH=/home/coleman/ros2_ws/install/mycobot_description:/home/coleman/ros2_ws/install/mycobot_ros2:/home/coleman/ros2_ws/install/mycobot_moveit_config:/home/coleman/ros2_ws/install/mycobot_gazebo:/opt/ros/humble /usr/bin/cmake --install /home/coleman/ros2_ws/build/mycobot_ros2
[1.759s] Level 1:colcon.colcon_core.environment:checking '/home/coleman/ros2_ws/install/mycobot_ros2' for CMake config files
[1.759s] Level 1:colcon.colcon_core.shell:create_environment_hook('mycobot_ros2', 'cmake_prefix_path')
[1.759s] INFO:colcon.colcon_core.shell:Creating environment hook '/home/coleman/ros2_ws/install/mycobot_ros2/share/mycobot_ros2/hook/cmake_prefix_path.ps1'
[1.760s] INFO:colcon.colcon_core.shell:Creating environment descriptor '/home/coleman/ros2_ws/install/mycobot_ros2/share/mycobot_ros2/hook/cmake_prefix_path.dsv'
[1.762s] INFO:colcon.colcon_core.shell:Creating environment hook '/home/coleman/ros2_ws/install/mycobot_ros2/share/mycobot_ros2/hook/cmake_prefix_path.sh'
[1.763s] Level 1:colcon.colcon_core.environment:checking '/home/coleman/ros2_ws/install/mycobot_ros2/bin'
[1.763s] Level 1:colcon.colcon_core.environment:checking '/home/coleman/ros2_ws/install/mycobot_ros2/lib/pkgconfig/mycobot_ros2.pc'
[1.763s] Level 1:colcon.colcon_core.environment:checking '/home/coleman/ros2_ws/install/mycobot_ros2/lib/python3.10/site-packages'
[1.764s] Level 1:colcon.colcon_core.environment:checking '/home/coleman/ros2_ws/install/mycobot_ros2/bin'
[1.764s] INFO:colcon.colcon_core.shell:Creating package script '/home/coleman/ros2_ws/install/mycobot_ros2/share/mycobot_ros2/package.ps1'
[1.767s] INFO:colcon.colcon_core.shell:Creating package descriptor '/home/coleman/ros2_ws/install/mycobot_ros2/share/mycobot_ros2/package.dsv'
[1.768s] INFO:colcon.colcon_core.shell:Creating package script '/home/coleman/ros2_ws/install/mycobot_ros2/share/mycobot_ros2/package.sh'
[1.768s] INFO:colcon.colcon_core.shell:Creating package script '/home/coleman/ros2_ws/install/mycobot_ros2/share/mycobot_ros2/package.bash'
[1.771s] INFO:colcon.colcon_core.shell:Creating package script '/home/coleman/ros2_ws/install/mycobot_ros2/share/mycobot_ros2/package.zsh'
[1.771s] Level 1:colcon.colcon_core.environment:create_file_with_runtime_dependencies(/home/coleman/ros2_ws/install/mycobot_ros2/share/colcon-core/packages/mycobot_ros2)
[1.808s] Level 1:colcon.colcon_core.environment:create_environment_scripts_only(mycobot_moveit_config)
[1.808s] Level 1:colcon.colcon_core.environment:checking '/home/coleman/ros2_ws/install/mycobot_moveit_config' for CMake module files
[1.810s] Level 1:colcon.colcon_core.environment:checking '/home/coleman/ros2_ws/install/mycobot_moveit_config' for CMake config files
[1.811s] Level 1:colcon.colcon_core.shell:create_environment_hook('mycobot_moveit_config', 'cmake_prefix_path')
[1.811s] INFO:colcon.colcon_core.shell:Creating environment hook '/home/coleman/ros2_ws/install/mycobot_moveit_config/share/mycobot_moveit_config/hook/cmake_prefix_path.ps1'
[1.812s] INFO:colcon.colcon_core.shell:Creating environment descriptor '/home/coleman/ros2_ws/install/mycobot_moveit_config/share/mycobot_moveit_config/hook/cmake_prefix_path.dsv'
[1.812s] INFO:colcon.colcon_core.shell:Creating environment hook '/home/coleman/ros2_ws/install/mycobot_moveit_config/share/mycobot_moveit_config/hook/cmake_prefix_path.sh'
[1.814s] Level 1:colcon.colcon_core.environment:checking '/home/coleman/ros2_ws/install/mycobot_moveit_config/bin'
[1.814s] Level 1:colcon.colcon_core.environment:checking '/home/coleman/ros2_ws/install/mycobot_moveit_config/lib/pkgconfig/mycobot_moveit_config.pc'
[1.814s] Level 1:colcon.colcon_core.environment:checking '/home/coleman/ros2_ws/install/mycobot_moveit_config/lib/python3.10/site-packages'
[1.814s] Level 1:colcon.colcon_core.environment:checking '/home/coleman/ros2_ws/install/mycobot_moveit_config/bin'
[1.815s] INFO:colcon.colcon_core.shell:Creating package script '/home/coleman/ros2_ws/install/mycobot_moveit_config/share/mycobot_moveit_config/package.ps1'
[1.816s] INFO:colcon.colcon_core.shell:Creating package descriptor '/home/coleman/ros2_ws/install/mycobot_moveit_config/share/mycobot_moveit_config/package.dsv'
[1.816s] INFO:colcon.colcon_core.shell:Creating package script '/home/coleman/ros2_ws/install/mycobot_moveit_config/share/mycobot_moveit_config/package.sh'
[1.818s] INFO:colcon.colcon_core.shell:Creating package script '/home/coleman/ros2_ws/install/mycobot_moveit_config/share/mycobot_moveit_config/package.bash'
[1.819s] INFO:colcon.colcon_core.shell:Creating package script '/home/coleman/ros2_ws/install/mycobot_moveit_config/share/mycobot_moveit_config/package.zsh'
[1.820s] Level 1:colcon.colcon_core.environment:create_file_with_runtime_dependencies(/home/coleman/ros2_ws/install/mycobot_moveit_config/share/colcon-core/packages/mycobot_moveit_config)
[1.823s] Level 1:colcon.colcon_core.environment:create_environment_scripts_only(mycobot_ros2)
[1.824s] Level 1:colcon.colcon_core.environment:checking '/home/coleman/ros2_ws/install/mycobot_ros2' for CMake module files
[1.827s] Level 1:colcon.colcon_core.environment:checking '/home/coleman/ros2_ws/install/mycobot_ros2' for CMake config files
[1.828s] Level 1:colcon.colcon_core.shell:create_environment_hook('mycobot_ros2', 'cmake_prefix_path')
[1.828s] INFO:colcon.colcon_core.shell:Creating environment hook '/home/coleman/ros2_ws/install/mycobot_ros2/share/mycobot_ros2/hook/cmake_prefix_path.ps1'
[1.828s] INFO:colcon.colcon_core.shell:Creating environment descriptor '/home/coleman/ros2_ws/install/mycobot_ros2/share/mycobot_ros2/hook/cmake_prefix_path.dsv'
[1.830s] INFO:colcon.colcon_core.shell:Creating environment hook '/home/coleman/ros2_ws/install/mycobot_ros2/share/mycobot_ros2/hook/cmake_prefix_path.sh'
[1.831s] Level 1:colcon.colcon_core.environment:checking '/home/coleman/ros2_ws/install/mycobot_ros2/bin'
[1.831s] Level 1:colcon.colcon_core.environment:checking '/home/coleman/ros2_ws/install/mycobot_ros2/lib/pkgconfig/mycobot_ros2.pc'
[1.831s] Level 1:colcon.colcon_core.environment:checking '/home/coleman/ros2_ws/install/mycobot_ros2/lib/python3.10/site-packages'
[1.832s] Level 1:colcon.colcon_core.environment:checking '/home/coleman/ros2_ws/install/mycobot_ros2/bin'
[1.832s] INFO:colcon.colcon_core.shell:Creating package script '/home/coleman/ros2_ws/install/mycobot_ros2/share/mycobot_ros2/package.ps1'
[1.834s] INFO:colcon.colcon_core.shell:Creating package descriptor '/home/coleman/ros2_ws/install/mycobot_ros2/share/mycobot_ros2/package.dsv'
[1.834s] INFO:colcon.colcon_core.shell:Creating package script '/home/coleman/ros2_ws/install/mycobot_ros2/share/mycobot_ros2/package.sh'
[1.835s] INFO:colcon.colcon_core.shell:Creating package script '/home/coleman/ros2_ws/install/mycobot_ros2/share/mycobot_ros2/package.bash'
[1.836s] INFO:colcon.colcon_core.shell:Creating package script '/home/coleman/ros2_ws/install/mycobot_ros2/share/mycobot_ros2/package.zsh'
[1.837s] Level 1:colcon.colcon_core.environment:create_file_with_runtime_dependencies(/home/coleman/ros2_ws/install/mycobot_ros2/share/colcon-core/packages/mycobot_ros2)
[1.838s] DEBUG:colcon.colcon_parallel_executor.executor.parallel:closing loop
[1.838s] DEBUG:colcon.colcon_parallel_executor.executor.parallel:loop closed
[1.839s] DEBUG:colcon.colcon_parallel_executor.executor.parallel:run_until_complete finished with '0'
[1.840s] DEBUG:colcon.colcon_core.event_reactor:joining thread
[1.855s] INFO:colcon.colcon_core.plugin_system:Skipping extension 'colcon_notification.desktop_notification.terminal_notifier': Not used on non-Darwin systems
[1.855s] INFO:colcon.colcon_core.plugin_system:Skipping extension 'colcon_notification.desktop_notification.win32': Not used on non-Windows systems
[1.855s] INFO:colcon.colcon_notification.desktop_notification:Sending desktop notification using 'notify2'
[1.892s] DEBUG:colcon.colcon_core.event_reactor:joined thread
[1.892s] INFO:colcon.colcon_core.shell:Creating prefix script '/home/coleman/ros2_ws/install/local_setup.ps1'
[1.895s] INFO:colcon.colcon_core.shell:Creating prefix util module '/home/coleman/ros2_ws/install/_local_setup_util_ps1.py'
[1.897s] INFO:colcon.colcon_core.shell:Creating prefix chain script '/home/coleman/ros2_ws/install/setup.ps1'
[1.900s] INFO:colcon.colcon_core.shell:Creating prefix script '/home/coleman/ros2_ws/install/local_setup.sh'
[1.902s] INFO:colcon.colcon_core.shell:Creating prefix util module '/home/coleman/ros2_ws/install/_local_setup_util_sh.py'
[1.903s] INFO:colcon.colcon_core.shell:Creating prefix chain script '/home/coleman/ros2_ws/install/setup.sh'
[1.907s] INFO:colcon.colcon_core.shell:Creating prefix script '/home/coleman/ros2_ws/install/local_setup.bash'
[1.909s] INFO:colcon.colcon_core.shell:Creating prefix chain script '/home/coleman/ros2_ws/install/setup.bash'
[1.913s] INFO:colcon.colcon_core.shell:Creating prefix script '/home/coleman/ros2_ws/install/local_setup.zsh'
[1.914s] INFO:colcon.colcon_core.shell:Creating prefix chain script '/home/coleman/ros2_ws/install/setup.zsh'
