[0.027s] Invoking command in '/home/jelly/ros2_ws/build/FMT': /usr/bin/cmake --build /home/jelly/ros2_ws/build/FMT -- -j4 -l4
[0.152s] [  4%] Built target fmt
[0.170s] [  7%] Built target gtest
[0.228s] [ 12%] Built target test-main
[0.292s] [ 21%] Built target scan-test
[0.309s] [ 39%] Built target format-impl-test
[0.309s] [ 39%] Built target compile-fp-test
[0.322s] [ 47%] Built target unicode-test
[0.537s] [ 50%] Built target xchar-test
[0.537s] [ 53%] Built target enforce-checks-test
[0.556s] [ 56%] Built target os-test
[0.556s] [ 64%] Built target posix-mock-test
[0.688s] [ 67%] Built target args-test
[0.696s] [ 70%] Built target base-test
[0.714s] [ 73%] Built target assert-test
[0.758s] [ 76%] Built target chrono-test
[0.811s] [ 78%] Built target gtest-extra-test
[0.820s] [ 81%] Built target color-test
[0.863s] [ 84%] Built target format-test
[0.874s] [ 87%] Built target compile-test
[0.876s] [ 90%] Built target ostream-test
[0.897s] [ 92%] Built target printf-test
[0.938s] [ 97%] Built target ranges-test
[0.953s] [100%] Built target std-test
[0.994s] Invoked command in '/home/jelly/ros2_ws/build/FMT' returned '0': /usr/bin/cmake --build /home/jelly/ros2_ws/build/FMT -- -j4 -l4
[1.131s] Invoking command in '/home/jelly/ros2_ws/build/FMT': /usr/bin/cmake --install /home/jelly/ros2_ws/build/FMT
[1.153s] -- Install configuration: "Release"
[1.154s] -- Up-to-date: /home/jelly/ros2_ws/install/FMT/lib/libfmt.a
[1.154s] -- Up-to-date: /home/jelly/ros2_ws/install/FMT/include/fmt/args.h
[1.154s] -- Up-to-date: /home/jelly/ros2_ws/install/FMT/include/fmt/base.h
[1.154s] -- Up-to-date: /home/jelly/ros2_ws/install/FMT/include/fmt/chrono.h
[1.155s] -- Up-to-date: /home/jelly/ros2_ws/install/FMT/include/fmt/color.h
[1.155s] -- Up-to-date: /home/jelly/ros2_ws/install/FMT/include/fmt/compile.h
[1.155s] -- Up-to-date: /home/jelly/ros2_ws/install/FMT/include/fmt/core.h
[1.155s] -- Up-to-date: /home/jelly/ros2_ws/install/FMT/include/fmt/format.h
[1.156s] -- Up-to-date: /home/jelly/ros2_ws/install/FMT/include/fmt/format-inl.h
[1.159s] -- Up-to-date: /home/jelly/ros2_ws/install/FMT/include/fmt/os.h
[1.160s] -- Up-to-date: /home/jelly/ros2_ws/install/FMT/include/fmt/ostream.h
[1.160s] -- Up-to-date: /home/jelly/ros2_ws/install/FMT/include/fmt/printf.h
[1.160s] -- Up-to-date: /home/jelly/ros2_ws/install/FMT/include/fmt/ranges.h
[1.160s] -- Up-to-date: /home/jelly/ros2_ws/install/FMT/include/fmt/std.h
[1.160s] -- Up-to-date: /home/jelly/ros2_ws/install/FMT/include/fmt/xchar.h
[1.160s] -- Up-to-date: /home/jelly/ros2_ws/install/FMT/lib/cmake/fmt/fmt-config.cmake
[1.161s] -- Up-to-date: /home/jelly/ros2_ws/install/FMT/lib/cmake/fmt/fmt-config-version.cmake
[1.162s] -- Up-to-date: /home/jelly/ros2_ws/install/FMT/lib/cmake/fmt/fmt-targets.cmake
[1.162s] -- Up-to-date: /home/jelly/ros2_ws/install/FMT/lib/cmake/fmt/fmt-targets-release.cmake
[1.163s] -- Up-to-date: /home/jelly/ros2_ws/install/FMT/lib/pkgconfig/fmt.pc
[1.171s] Invoked command in '/home/jelly/ros2_ws/build/FMT' returned '0': /usr/bin/cmake --install /home/jelly/ros2_ws/build/FMT
