[0.055s] Invoking command in '/home/jelly/ros2_ws/build/FMT': /usr/bin/cmake --build /home/jelly/ros2_ws/build/FMT -- -j4 -l4
[0.180s] [  2%] Built target gtest
[0.197s] [  7%] Built target fmt
[0.260s] [ 15%] Built target compile-fp-test
[0.269s] [ 23%] Built target scan-test
[0.305s] [ 40%] Built target unicode-test
[0.305s] [ 42%] Built target format-impl-test
[0.332s] [ 50%] Built target posix-mock-test
[0.367s] [ 56%] Built target test-main
[0.597s] [ 59%] Built target assert-test
[0.672s] [ 61%] Built target args-test
[0.763s] [ 64%] Built target chrono-test
[0.764s] [ 67%] Built target base-test
[0.770s] [ 70%] Built target gtest-extra-test
[0.778s] [ 73%] Built target color-test
[0.812s] [ 76%] Built target format-test
[0.845s] [ 78%] Built target compile-test
[0.848s] [ 81%] Built target printf-test
[0.858s] [ 84%] Built target ostream-test
[0.890s] [ 88%] Built target ranges-test
[0.927s] [ 91%] Built target enforce-checks-test
[0.928s] [ 94%] Built target std-test
[0.935s] [ 97%] Built target xchar-test
[0.947s] [100%] Built target os-test
[1.300s] Invoked command in '/home/jelly/ros2_ws/build/FMT' returned '0': /usr/bin/cmake --build /home/jelly/ros2_ws/build/FMT -- -j4 -l4
[1.423s] Invoking command in '/home/jelly/ros2_ws/build/FMT': /usr/bin/cmake --install /home/jelly/ros2_ws/build/FMT
[1.438s] -- Install configuration: "Release"
[1.438s] -- Up-to-date: /home/jelly/ros2_ws/install/FMT/lib/libfmt.a
[1.439s] -- Up-to-date: /home/jelly/ros2_ws/install/FMT/include/fmt/args.h
[1.439s] -- Up-to-date: /home/jelly/ros2_ws/install/FMT/include/fmt/base.h
[1.439s] -- Up-to-date: /home/jelly/ros2_ws/install/FMT/include/fmt/chrono.h
[1.439s] -- Up-to-date: /home/jelly/ros2_ws/install/FMT/include/fmt/color.h
[1.439s] -- Up-to-date: /home/jelly/ros2_ws/install/FMT/include/fmt/compile.h
[1.440s] -- Up-to-date: /home/jelly/ros2_ws/install/FMT/include/fmt/core.h
[1.440s] -- Up-to-date: /home/jelly/ros2_ws/install/FMT/include/fmt/format.h
[1.440s] -- Up-to-date: /home/jelly/ros2_ws/install/FMT/include/fmt/format-inl.h
[1.440s] -- Up-to-date: /home/jelly/ros2_ws/install/FMT/include/fmt/os.h
[1.440s] -- Up-to-date: /home/jelly/ros2_ws/install/FMT/include/fmt/ostream.h
[1.440s] -- Up-to-date: /home/jelly/ros2_ws/install/FMT/include/fmt/printf.h
[1.440s] -- Up-to-date: /home/jelly/ros2_ws/install/FMT/include/fmt/ranges.h
[1.440s] -- Up-to-date: /home/jelly/ros2_ws/install/FMT/include/fmt/std.h
[1.440s] -- Up-to-date: /home/jelly/ros2_ws/install/FMT/include/fmt/xchar.h
[1.440s] -- Up-to-date: /home/jelly/ros2_ws/install/FMT/lib/cmake/fmt/fmt-config.cmake
[1.440s] -- Up-to-date: /home/jelly/ros2_ws/install/FMT/lib/cmake/fmt/fmt-config-version.cmake
[1.441s] -- Up-to-date: /home/jelly/ros2_ws/install/FMT/lib/cmake/fmt/fmt-targets.cmake
[1.441s] -- Up-to-date: /home/jelly/ros2_ws/install/FMT/lib/cmake/fmt/fmt-targets-release.cmake
[1.441s] -- Up-to-date: /home/jelly/ros2_ws/install/FMT/lib/pkgconfig/fmt.pc
[1.443s] Invoked command in '/home/jelly/ros2_ws/build/FMT' returned '0': /usr/bin/cmake --install /home/jelly/ros2_ws/build/FMT
