[0.033s] Invoking command in '/home/jelly/ros2_ws/build/serial': /usr/bin/cmake /home/jelly/ros2_ws/src/serial -DCMAKE_INSTALL_PREFIX=/home/jelly/ros2_ws/install/serial
[0.173s] -- The C compiler identification is GNU 11.4.0
[0.361s] -- The CXX compiler identification is GNU 11.4.0
[0.389s] -- Detecting C compiler ABI info
[0.879s] -- Detecting C compiler ABI info - done
[0.895s] -- Check for working C compiler: /usr/bin/cc - skipped
[0.895s] -- Detecting C compile features
[0.897s] -- Detecting C compile features - done
[0.900s] -- Detecting CXX compiler ABI info
[1.286s] -- Detecting CXX compiler ABI info - done
[1.294s] -- Check for working CXX compiler: /usr/bin/c++ - skipped
[1.311s] -- Detecting CXX compile features
[1.311s] -- Detecting CXX compile features - done
[1.311s] -- Found ament_cmake: 1.3.9 (/opt/ros/humble/share/ament_cmake/cmake)
[1.951s] -- Found Python3: /usr/bin/python3 (found version "3.10.12") found components: Interpreter 
[2.547s] -- Configuring done
[2.571s] -- Generating done
[2.587s] -- Build files have been written to: /home/jelly/ros2_ws/build/serial
[2.604s] Invoked command in '/home/jelly/ros2_ws/build/serial' returned '0': /usr/bin/cmake /home/jelly/ros2_ws/src/serial -DCMAKE_INSTALL_PREFIX=/home/jelly/ros2_ws/install/serial
[2.605s] Invoking command in '/home/jelly/ros2_ws/build/serial': /usr/bin/cmake --build /home/jelly/ros2_ws/build/serial -- -j4 -l4
[2.892s] [ 25%] [32mBuilding CXX object CMakeFiles/serial.dir/src/serial.cc.o[0m
[2.917s] [ 75%] [32mBuilding CXX object CMakeFiles/serial.dir/src/impl/unix.cc.o[0m
[2.925s] [ 75%] [32mBuilding CXX object CMakeFiles/serial.dir/src/impl/list_ports/list_ports_linux.cc.o[0m
[5.819s] [100%] [32m[1mLinking CXX static library libserial.a[0m
[6.015s] [100%] Built target serial
[6.059s] Invoked command in '/home/jelly/ros2_ws/build/serial' returned '0': /usr/bin/cmake --build /home/jelly/ros2_ws/build/serial -- -j4 -l4
[6.475s] Invoking command in '/home/jelly/ros2_ws/build/serial': /usr/bin/cmake --install /home/jelly/ros2_ws/build/serial
[6.550s] -- Install configuration: ""
[6.550s] -- Installing: /home/jelly/ros2_ws/install/serial/lib/libserial.a
[6.551s] -- Installing: /home/jelly/ros2_ws/install/serial/include
[6.551s] -- Installing: /home/jelly/ros2_ws/install/serial/include/serial
[6.552s] -- Installing: /home/jelly/ros2_ws/install/serial/include/serial/impl
[6.552s] -- Installing: /home/jelly/ros2_ws/install/serial/include/serial/impl/win.h
[6.552s] -- Installing: /home/jelly/ros2_ws/install/serial/include/serial/impl/unix.h
[6.552s] -- Installing: /home/jelly/ros2_ws/install/serial/include/serial/v8stdint.h
[6.553s] -- Installing: /home/jelly/ros2_ws/install/serial/include/serial/serial.h
[6.553s] -- Installing: /home/jelly/ros2_ws/install/serial/share/serial/environment/library_path.sh
[6.553s] -- Installing: /home/jelly/ros2_ws/install/serial/share/serial/environment/library_path.dsv
[6.554s] -- Installing: /home/jelly/ros2_ws/install/serial/share/ament_index/resource_index/package_run_dependencies/serial
[6.554s] -- Installing: /home/jelly/ros2_ws/install/serial/share/ament_index/resource_index/parent_prefix_path/serial
[6.555s] -- Installing: /home/jelly/ros2_ws/install/serial/share/serial/environment/ament_prefix_path.sh
[6.555s] -- Installing: /home/jelly/ros2_ws/install/serial/share/serial/environment/ament_prefix_path.dsv
[6.556s] -- Installing: /home/jelly/ros2_ws/install/serial/share/serial/environment/path.sh
[6.556s] -- Installing: /home/jelly/ros2_ws/install/serial/share/serial/environment/path.dsv
[6.556s] -- Installing: /home/jelly/ros2_ws/install/serial/share/serial/local_setup.bash
[6.556s] -- Installing: /home/jelly/ros2_ws/install/serial/share/serial/local_setup.sh
[6.557s] -- Installing: /home/jelly/ros2_ws/install/serial/share/serial/local_setup.zsh
[6.557s] -- Installing: /home/jelly/ros2_ws/install/serial/share/serial/local_setup.dsv
[6.562s] -- Installing: /home/jelly/ros2_ws/install/serial/share/serial/package.dsv
[6.564s] -- Installing: /home/jelly/ros2_ws/install/serial/share/ament_index/resource_index/packages/serial
[6.569s] -- Installing: /home/jelly/ros2_ws/install/serial/share/serial/cmake/export_serialExport.cmake
[6.569s] -- Installing: /home/jelly/ros2_ws/install/serial/share/serial/cmake/export_serialExport-noconfig.cmake
[6.569s] -- Installing: /home/jelly/ros2_ws/install/serial/share/serial/cmake/ament_cmake_export_include_directories-extras.cmake
[6.569s] -- Installing: /home/jelly/ros2_ws/install/serial/share/serial/cmake/ament_cmake_export_libraries-extras.cmake
[6.571s] -- Installing: /home/jelly/ros2_ws/install/serial/share/serial/cmake/ament_cmake_export_targets-extras.cmake
[6.577s] -- Installing: /home/jelly/ros2_ws/install/serial/share/serial/cmake/serialConfig.cmake
[6.577s] -- Installing: /home/jelly/ros2_ws/install/serial/share/serial/cmake/serialConfig-version.cmake
[6.579s] -- Installing: /home/jelly/ros2_ws/install/serial/share/serial/package.xml
[6.588s] Invoked command in '/home/jelly/ros2_ws/build/serial' returned '0': /usr/bin/cmake --install /home/jelly/ros2_ws/build/serial
