[0.995s] Invoking command in '/home/jelly/ros2_ws/src/mycobot_280': CMAKE_PREFIX_PATH=/home/jelly/ros2_ws/install/mycobot_description:/home/jelly/ros2_ws/install/ros2_control_demo_example_7:/home/jelly/ros2_ws/install/ros2_control_demo_description:/home/jelly/ros2_ws/install/hardware_interface:/home/jelly/ros2_ws/install/mycobot_ros2:/home/jelly/ros2_ws/install/mycobot_moveit_config:/home/jelly/ros2_ws/install/mycobot_gazebo:/home/jelly/ros2_ws/install/custom_hardware PYTHONPATH=/home/jelly/ros2_ws/build/mycobot_280/prefix_override:/usr/lib/python3/dist-packages/colcon_core/task/python/colcon_distutils_commands:/home/jelly/ros2_ws/install/mycobot_280/lib/python3.10/site-packages:${PYTHONPATH} /usr/bin/python3 -W ignore:setup.py install is deprecated setup.py egg_info --egg-base ../../build/mycobot_280 build --build-base /home/jelly/ros2_ws/build/mycobot_280/build install --record /home/jelly/ros2_ws/build/mycobot_280/install.log --single-version-externally-managed install_data
[1.351s] running egg_info
[1.354s] writing ../../build/mycobot_280/mycobot_280.egg-info/PKG-INFO
[1.355s] writing dependency_links to ../../build/mycobot_280/mycobot_280.egg-info/dependency_links.txt
[1.355s] writing entry points to ../../build/mycobot_280/mycobot_280.egg-info/entry_points.txt
[1.356s] writing requirements to ../../build/mycobot_280/mycobot_280.egg-info/requires.txt
[1.356s] writing top-level names to ../../build/mycobot_280/mycobot_280.egg-info/top_level.txt
[1.357s] reading manifest file '../../build/mycobot_280/mycobot_280.egg-info/SOURCES.txt'
[1.358s] adding license file 'LICENSE'
[1.359s] writing manifest file '../../build/mycobot_280/mycobot_280.egg-info/SOURCES.txt'
[1.359s] running build
[1.360s] running build_py
[1.360s] running install
[1.361s] running install_lib
[1.362s] running install_data
[1.363s] copying launch/slider_control.launch.py -> /home/jelly/ros2_ws/install/mycobot_280/share/mycobot_280/launch
[1.364s] running install_egg_info
[1.367s] removing '/home/jelly/ros2_ws/install/mycobot_280/lib/python3.10/site-packages/mycobot_280-0.0.0-py3.10.egg-info' (and everything under it)
[1.367s] Copying ../../build/mycobot_280/mycobot_280.egg-info to /home/jelly/ros2_ws/install/mycobot_280/lib/python3.10/site-packages/mycobot_280-0.0.0-py3.10.egg-info
[1.368s] running install_scripts
[1.401s] Installing camera_display script to /home/jelly/ros2_ws/install/mycobot_280/lib/mycobot_280
[1.401s] Installing detect_marker script to /home/jelly/ros2_ws/install/mycobot_280/lib/mycobot_280
[1.402s] Installing follow_display script to /home/jelly/ros2_ws/install/mycobot_280/lib/mycobot_280
[1.402s] Installing following_marker script to /home/jelly/ros2_ws/install/mycobot_280/lib/mycobot_280
[1.402s] Installing listen_real script to /home/jelly/ros2_ws/install/mycobot_280/lib/mycobot_280
[1.402s] Installing listen_real_of_topic script to /home/jelly/ros2_ws/install/mycobot_280/lib/mycobot_280
[1.402s] Installing opencv_camera script to /home/jelly/ros2_ws/install/mycobot_280/lib/mycobot_280
[1.402s] Installing simple_gui script to /home/jelly/ros2_ws/install/mycobot_280/lib/mycobot_280
[1.402s] Installing slider_control script to /home/jelly/ros2_ws/install/mycobot_280/lib/mycobot_280
[1.402s] Installing teleop_keyboard script to /home/jelly/ros2_ws/install/mycobot_280/lib/mycobot_280
[1.402s] writing list of installed files to '/home/jelly/ros2_ws/build/mycobot_280/install.log'
[1.428s] Invoked command in '/home/jelly/ros2_ws/src/mycobot_280' returned '0': CMAKE_PREFIX_PATH=/home/jelly/ros2_ws/install/mycobot_description:/home/jelly/ros2_ws/install/ros2_control_demo_example_7:/home/jelly/ros2_ws/install/ros2_control_demo_description:/home/jelly/ros2_ws/install/hardware_interface:/home/jelly/ros2_ws/install/mycobot_ros2:/home/jelly/ros2_ws/install/mycobot_moveit_config:/home/jelly/ros2_ws/install/mycobot_gazebo:/home/jelly/ros2_ws/install/custom_hardware PYTHONPATH=/home/jelly/ros2_ws/build/mycobot_280/prefix_override:/usr/lib/python3/dist-packages/colcon_core/task/python/colcon_distutils_commands:/home/jelly/ros2_ws/install/mycobot_280/lib/python3.10/site-packages:${PYTHONPATH} /usr/bin/python3 -W ignore:setup.py install is deprecated setup.py egg_info --egg-base ../../build/mycobot_280 build --build-base /home/jelly/ros2_ws/build/mycobot_280/build install --record /home/jelly/ros2_ws/build/mycobot_280/install.log --single-version-externally-managed install_data
