[0.058s] Invoking command in '/home/jelly/ros2_ws/build/mycobot': CMAKE_PREFIX_PATH=/home/jelly/ros2_ws/install/serial:/home/jelly/ros2_ws/install/fp:/home/jelly/ros2_ws/install/catch2:/home/jelly/ros2_ws/install/mycobot_280_description:/home/jelly/ros2_ws/install/mycobot_hardware_interface:/home/jelly/ros2_ws/install/mycobot:/home/jelly/ros2_ws/install/mycobot_ros2:/home/jelly/ros2_ws/install/mycobot_moveit_config:/home/jelly/ros2_ws/install/mycobot_gazebo:/home/jelly/ros2_ws/install/mycobot_description:/home/jelly/ros2_ws/install/moveit2_scripts:/home/jelly/ros2_ws/install/motion_planning_python_api:/home/jelly/ros2_ws/install/FMT:/home/jelly/ros2_ws/install/mycobot_real_moveit:/home/jelly/ros2_ws/install/mycobot_280:/home/jelly/ros2_ws/install/my_moveit2_package:/opt/ros/humble /usr/bin/cmake --build /home/jelly/ros2_ws/build/mycobot -- -j4 -l4
[0.290s] [ 50%] Built target mycobot
[0.395s] [ 83%] Built target test_mycobot
[0.429s] [100%] Built target wiggle
[0.461s] Invoked command in '/home/jelly/ros2_ws/build/mycobot' returned '0': CMAKE_PREFIX_PATH=/home/jelly/ros2_ws/install/serial:/home/jelly/ros2_ws/install/fp:/home/jelly/ros2_ws/install/catch2:/home/jelly/ros2_ws/install/mycobot_280_description:/home/jelly/ros2_ws/install/mycobot_hardware_interface:/home/jelly/ros2_ws/install/mycobot:/home/jelly/ros2_ws/install/mycobot_ros2:/home/jelly/ros2_ws/install/mycobot_moveit_config:/home/jelly/ros2_ws/install/mycobot_gazebo:/home/jelly/ros2_ws/install/mycobot_description:/home/jelly/ros2_ws/install/moveit2_scripts:/home/jelly/ros2_ws/install/motion_planning_python_api:/home/jelly/ros2_ws/install/FMT:/home/jelly/ros2_ws/install/mycobot_real_moveit:/home/jelly/ros2_ws/install/mycobot_280:/home/jelly/ros2_ws/install/my_moveit2_package:/opt/ros/humble /usr/bin/cmake --build /home/jelly/ros2_ws/build/mycobot -- -j4 -l4
[0.617s] Invoking command in '/home/jelly/ros2_ws/build/mycobot': CMAKE_PREFIX_PATH=/home/jelly/ros2_ws/install/serial:/home/jelly/ros2_ws/install/fp:/home/jelly/ros2_ws/install/catch2:/home/jelly/ros2_ws/install/mycobot_280_description:/home/jelly/ros2_ws/install/mycobot_hardware_interface:/home/jelly/ros2_ws/install/mycobot:/home/jelly/ros2_ws/install/mycobot_ros2:/home/jelly/ros2_ws/install/mycobot_moveit_config:/home/jelly/ros2_ws/install/mycobot_gazebo:/home/jelly/ros2_ws/install/mycobot_description:/home/jelly/ros2_ws/install/moveit2_scripts:/home/jelly/ros2_ws/install/motion_planning_python_api:/home/jelly/ros2_ws/install/FMT:/home/jelly/ros2_ws/install/mycobot_real_moveit:/home/jelly/ros2_ws/install/mycobot_280:/home/jelly/ros2_ws/install/my_moveit2_package:/opt/ros/humble /usr/bin/cmake --install /home/jelly/ros2_ws/build/mycobot
[0.641s] -- Install configuration: ""
[0.643s] -- Execute custom install script
[0.645s] -- Up-to-date symlink: /home/jelly/ros2_ws/install/mycobot/include/mycobot/command.hpp
[0.645s] -- Up-to-date symlink: /home/jelly/ros2_ws/install/mycobot/include/mycobot/detect.hpp
[0.646s] -- Up-to-date symlink: /home/jelly/ros2_ws/install/mycobot/include/mycobot/mycobot.hpp
[0.647s] -- Up-to-date symlink: /home/jelly/ros2_ws/install/mycobot/include/mycobot/process_received.hpp
[0.647s] -- Up-to-date symlink: /home/jelly/ros2_ws/install/mycobot/include/mycobot/protocol_code.hpp
[0.648s] -- Up-to-date symlink: /home/jelly/ros2_ws/install/mycobot/include/mycobot/serialize.hpp
[0.649s] -- Up-to-date symlink: /home/jelly/ros2_ws/install/mycobot/share/mycobot/environment/library_path.sh
[0.649s] -- Up-to-date symlink: /home/jelly/ros2_ws/install/mycobot/share/mycobot/environment/library_path.dsv
[0.650s] -- Up-to-date symlink: /home/jelly/ros2_ws/install/mycobot/share/ament_index/resource_index/package_run_dependencies/mycobot
[0.651s] -- Up-to-date symlink: /home/jelly/ros2_ws/install/mycobot/share/ament_index/resource_index/parent_prefix_path/mycobot
[0.651s] -- Up-to-date symlink: /home/jelly/ros2_ws/install/mycobot/share/mycobot/environment/ament_prefix_path.sh
[0.652s] -- Up-to-date symlink: /home/jelly/ros2_ws/install/mycobot/share/mycobot/environment/ament_prefix_path.dsv
[0.653s] -- Up-to-date symlink: /home/jelly/ros2_ws/install/mycobot/share/mycobot/environment/path.sh
[0.653s] -- Up-to-date symlink: /home/jelly/ros2_ws/install/mycobot/share/mycobot/environment/path.dsv
[0.654s] -- Up-to-date symlink: /home/jelly/ros2_ws/install/mycobot/share/mycobot/local_setup.bash
[0.655s] -- Up-to-date symlink: /home/jelly/ros2_ws/install/mycobot/share/mycobot/local_setup.sh
[0.656s] -- Up-to-date symlink: /home/jelly/ros2_ws/install/mycobot/share/mycobot/local_setup.zsh
[0.656s] -- Up-to-date symlink: /home/jelly/ros2_ws/install/mycobot/share/mycobot/local_setup.dsv
[0.657s] -- Symlinking: /home/jelly/ros2_ws/install/mycobot/share/mycobot/package.dsv
[0.692s] -- Up-to-date symlink: /home/jelly/ros2_ws/install/mycobot/share/ament_index/resource_index/packages/mycobot
[0.692s] -- Up-to-date symlink: /home/jelly/ros2_ws/install/mycobot/share/mycobot/cmake/ament_cmake_export_include_directories-extras.cmake
[0.692s] -- Up-to-date symlink: /home/jelly/ros2_ws/install/mycobot/share/mycobot/cmake/ament_cmake_export_libraries-extras.cmake
[0.692s] -- Up-to-date symlink: /home/jelly/ros2_ws/install/mycobot/share/mycobot/cmake/ament_cmake_export_targets-extras.cmake
[0.692s] -- Up-to-date symlink: /home/jelly/ros2_ws/install/mycobot/share/mycobot/cmake/mycobotConfig.cmake
[0.693s] -- Up-to-date symlink: /home/jelly/ros2_ws/install/mycobot/share/mycobot/cmake/mycobotConfig-version.cmake
[0.693s] -- Up-to-date symlink: /home/jelly/ros2_ws/install/mycobot/share/mycobot/package.xml
[0.693s] -- Up-to-date: /home/jelly/ros2_ws/install/mycobot/lib/libmycobot.a
[0.693s] -- Up-to-date: /home/jelly/ros2_ws/install/mycobot/bin/wiggle
[0.694s] -- Up-to-date: /home/jelly/ros2_ws/install/mycobot/share/mycobot/cmake/export_mycobotExport.cmake
[0.694s] -- Up-to-date: /home/jelly/ros2_ws/install/mycobot/share/mycobot/cmake/export_mycobotExport-noconfig.cmake
[0.715s] Invoked command in '/home/jelly/ros2_ws/build/mycobot' returned '0': CMAKE_PREFIX_PATH=/home/jelly/ros2_ws/install/serial:/home/jelly/ros2_ws/install/fp:/home/jelly/ros2_ws/install/catch2:/home/jelly/ros2_ws/install/mycobot_280_description:/home/jelly/ros2_ws/install/mycobot_hardware_interface:/home/jelly/ros2_ws/install/mycobot:/home/jelly/ros2_ws/install/mycobot_ros2:/home/jelly/ros2_ws/install/mycobot_moveit_config:/home/jelly/ros2_ws/install/mycobot_gazebo:/home/jelly/ros2_ws/install/mycobot_description:/home/jelly/ros2_ws/install/moveit2_scripts:/home/jelly/ros2_ws/install/motion_planning_python_api:/home/jelly/ros2_ws/install/FMT:/home/jelly/ros2_ws/install/mycobot_real_moveit:/home/jelly/ros2_ws/install/mycobot_280:/home/jelly/ros2_ws/install/my_moveit2_package:/opt/ros/humble /usr/bin/cmake --install /home/jelly/ros2_ws/build/mycobot
