[0.055s] Invoking command in '/home/coleman/ros2_ws/build/mycobot_moveit_config': CMAKE_PREFIX_PATH=/home/coleman/ros2_ws/install/mycobot_description:/home/coleman/ros2_ws/install/mycobot_ros2:/home/coleman/ros2_ws/install/mycobot_moveit_config:/home/coleman/ros2_ws/install/mycobot_gazebo:/opt/ros/humble /usr/bin/cmake --build /home/coleman/ros2_ws/build/mycobot_moveit_config -- -j16 -l16
[0.116s] -- Found ament_cmake: 1.3.9 (/opt/ros/humble/share/ament_cmake/cmake)
[0.499s] -- Configuring done
[0.513s] -- Generating done
[0.516s] -- Build files have been written to: /home/coleman/ros2_ws/build/mycobot_moveit_config
[0.557s] Invoked command in '/home/coleman/ros2_ws/build/mycobot_moveit_config' returned '0': CMAKE_PREFIX_PATH=/home/coleman/ros2_ws/install/mycobot_description:/home/coleman/ros2_ws/install/mycobot_ros2:/home/coleman/ros2_ws/install/mycobot_moveit_config:/home/coleman/ros2_ws/install/mycobot_gazebo:/opt/ros/humble /usr/bin/cmake --build /home/coleman/ros2_ws/build/mycobot_moveit_config -- -j16 -l16
[0.604s] Invoking command in '/home/coleman/ros2_ws/build/mycobot_moveit_config': CMAKE_PREFIX_PATH=/home/coleman/ros2_ws/install/mycobot_description:/home/coleman/ros2_ws/install/mycobot_ros2:/home/coleman/ros2_ws/install/mycobot_moveit_config:/home/coleman/ros2_ws/install/mycobot_gazebo:/opt/ros/humble /usr/bin/cmake --install /home/coleman/ros2_ws/build/mycobot_moveit_config
[0.617s] -- Install configuration: ""
[0.617s] -- Installing: /home/coleman/ros2_ws/install/mycobot_moveit_config/share/ament_index/resource_index/package_run_dependencies/mycobot_moveit_config
[0.618s] -- Up-to-date: /home/coleman/ros2_ws/install/mycobot_moveit_config/share/ament_index/resource_index/parent_prefix_path/mycobot_moveit_config
[0.619s] -- Up-to-date: /home/coleman/ros2_ws/install/mycobot_moveit_config/share/mycobot_moveit_config/environment/ament_prefix_path.sh
[0.619s] -- Installing: /home/coleman/ros2_ws/install/mycobot_moveit_config/share/mycobot_moveit_config/environment/ament_prefix_path.dsv
[0.619s] -- Up-to-date: /home/coleman/ros2_ws/install/mycobot_moveit_config/share/mycobot_moveit_config/environment/path.sh
[0.620s] -- Installing: /home/coleman/ros2_ws/install/mycobot_moveit_config/share/mycobot_moveit_config/environment/path.dsv
[0.620s] -- Up-to-date: /home/coleman/ros2_ws/install/mycobot_moveit_config/share/mycobot_moveit_config/local_setup.bash
[0.621s] -- Up-to-date: /home/coleman/ros2_ws/install/mycobot_moveit_config/share/mycobot_moveit_config/local_setup.sh
[0.622s] -- Up-to-date: /home/coleman/ros2_ws/install/mycobot_moveit_config/share/mycobot_moveit_config/local_setup.zsh
[0.622s] -- Installing: /home/coleman/ros2_ws/install/mycobot_moveit_config/share/mycobot_moveit_config/local_setup.dsv
[0.623s] -- Installing: /home/coleman/ros2_ws/install/mycobot_moveit_config/share/mycobot_moveit_config/package.dsv
[0.623s] -- Up-to-date: /home/coleman/ros2_ws/install/mycobot_moveit_config/share/ament_index/resource_index/packages/mycobot_moveit_config
[0.624s] -- Up-to-date: /home/coleman/ros2_ws/install/mycobot_moveit_config/share/mycobot_moveit_config/cmake/mycobot_moveit_configConfig.cmake
[0.624s] -- Up-to-date: /home/coleman/ros2_ws/install/mycobot_moveit_config/share/mycobot_moveit_config/cmake/mycobot_moveit_configConfig-version.cmake
[0.624s] -- Installing: /home/coleman/ros2_ws/install/mycobot_moveit_config/share/mycobot_moveit_config/package.xml
[0.625s] -- Up-to-date: /home/coleman/ros2_ws/install/mycobot_moveit_config/share/mycobot_moveit_config/launch
[0.625s] -- Installing: /home/coleman/ros2_ws/install/mycobot_moveit_config/share/mycobot_moveit_config/launch/warehouse_db.launch.py
[0.626s] -- Installing: /home/coleman/ros2_ws/install/mycobot_moveit_config/share/mycobot_moveit_config/launch/rsp.launch.py
[0.626s] -- Installing: /home/coleman/ros2_ws/install/mycobot_moveit_config/share/mycobot_moveit_config/launch/setup_assistant.launch.py
[0.626s] -- Installing: /home/coleman/ros2_ws/install/mycobot_moveit_config/share/mycobot_moveit_config/launch/demo.launch.py
[0.626s] -- Installing: /home/coleman/ros2_ws/install/mycobot_moveit_config/share/mycobot_moveit_config/launch/static_virtual_joint_tfs.launch.py
[0.626s] -- Installing: /home/coleman/ros2_ws/install/mycobot_moveit_config/share/mycobot_moveit_config/launch/move_group.launch.py
[0.626s] -- Installing: /home/coleman/ros2_ws/install/mycobot_moveit_config/share/mycobot_moveit_config/launch/spawn_controllers.launch.py
[0.627s] -- Installing: /home/coleman/ros2_ws/install/mycobot_moveit_config/share/mycobot_moveit_config/launch/moveit_rviz.launch.py
[0.627s] -- Up-to-date: /home/coleman/ros2_ws/install/mycobot_moveit_config/share/mycobot_moveit_config/config
[0.627s] -- Installing: /home/coleman/ros2_ws/install/mycobot_moveit_config/share/mycobot_moveit_config/config/pilz_cartesian_limits.yaml
[0.628s] -- Installing: /home/coleman/ros2_ws/install/mycobot_moveit_config/share/mycobot_moveit_config/config/ros2_controllers.yaml
[0.628s] -- Installing: /home/coleman/ros2_ws/install/mycobot_moveit_config/share/mycobot_moveit_config/config/moveit.rviz
[0.629s] -- Installing: /home/coleman/ros2_ws/install/mycobot_moveit_config/share/mycobot_moveit_config/config/firefighter.srdf
[0.629s] -- Installing: /home/coleman/ros2_ws/install/mycobot_moveit_config/share/mycobot_moveit_config/config/initial_positions.yaml
[0.631s] -- Installing: /home/coleman/ros2_ws/install/mycobot_moveit_config/share/mycobot_moveit_config/config/moveit_controllers.yaml
[0.632s] -- Installing: /home/coleman/ros2_ws/install/mycobot_moveit_config/share/mycobot_moveit_config/config/joint_limits.yaml
[0.633s] -- Installing: /home/coleman/ros2_ws/install/mycobot_moveit_config/share/mycobot_moveit_config/config/firefighter.urdf.xacro
[0.633s] -- Installing: /home/coleman/ros2_ws/install/mycobot_moveit_config/share/mycobot_moveit_config/config/firefighter.ros2_control.xacro
[0.635s] -- Installing: /home/coleman/ros2_ws/install/mycobot_moveit_config/share/mycobot_moveit_config/config/kinematics.yaml
[0.635s] -- Installing: /home/coleman/ros2_ws/install/mycobot_moveit_config/share/mycobot_moveit_config/.setup_assistant
[0.639s] Invoked command in '/home/coleman/ros2_ws/build/mycobot_moveit_config' returned '0': CMAKE_PREFIX_PATH=/home/coleman/ros2_ws/install/mycobot_description:/home/coleman/ros2_ws/install/mycobot_ros2:/home/coleman/ros2_ws/install/mycobot_moveit_config:/home/coleman/ros2_ws/install/mycobot_gazebo:/opt/ros/humble /usr/bin/cmake --install /home/coleman/ros2_ws/build/mycobot_moveit_config
