[0.014s] Invoking command in '/home/jelly/ros2_ws/build/mycobot_moveit_config': AMENT_PREFIX_PATH=/home/jelly/ros2_ws/install/mycobot_gazebo CMAKE_PREFIX_PATH=/home/jelly/ros2_ws/install/mycobot_gazebo /usr/bin/cmake /home/jelly/ros2_ws/src/mycobot_ros2/mycobot_moveit_config -DCMAKE_INSTALL_PREFIX=/home/jelly/ros2_ws/install/mycobot_moveit_config
[0.192s] -- The C compiler identification is GNU 11.4.0
[0.342s] -- The CXX compiler identification is GNU 11.4.0
[0.351s] -- Detecting C compiler ABI info
[0.546s] -- Detecting C compiler ABI info - done
[0.552s] -- Check for working C compiler: /usr/bin/cc - skipped
[0.552s] -- Detecting C compile features
[0.553s] -- Detecting C compile features - done
[0.557s] -- Detecting CXX compiler ABI info
[0.693s] -- Detecting CXX compiler ABI info - done
[0.702s] -- Check for working CXX compiler: /usr/bin/c++ - skipped
[0.702s] -- Detecting CXX compile features
[0.703s] -- Detecting CXX compile features - done
[0.719s] [31mCMake Error at CMakeLists.txt:4 (find_package):
[0.719s]   By not providing "Findament_cmake.cmake" in CMAKE_MODULE_PATH this project
[0.719s]   has asked CMake to find a package configuration file provided by
[0.719s]   "ament_cmake", but CMake did not find one.
[0.719s] 
[0.719s]   Could not find a package configuration file provided by "ament_cmake" with
[0.719s]   any of the following names:
[0.720s] 
[0.720s]     ament_cmakeConfig.cmake
[0.720s]     ament_cmake-config.cmake
[0.721s] 
[0.721s]   Add the installation prefix of "ament_cmake" to CMAKE_PREFIX_PATH or set
[0.721s]   "ament_cmake_DIR" to a directory containing one of the above files.  If
[0.721s]   "ament_cmake" provides a separate development package or SDK, be sure it
[0.722s]   has been installed.
[0.722s] 
[0.722s] [0m
[0.723s] -- Configuring incomplete, errors occurred!
[0.723s] See also "/home/jelly/ros2_ws/build/mycobot_moveit_config/CMakeFiles/CMakeOutput.log".
