[0.029s] Invoking command in '/home/jelly/ros2_ws/build/custom_hardware': CMAKE_PREFIX_PATH=${CMAKE_PREFIX_PATH}:/opt/ros/humble /usr/bin/cmake --build /home/jelly/ros2_ws/build/custom_hardware -- -j4 -l4
[0.100s] Invoked command in '/home/jelly/ros2_ws/build/custom_hardware' returned '0': CMAKE_PREFIX_PATH=${CMAKE_PREFIX_PATH}:/opt/ros/humble /usr/bin/cmake --build /home/jelly/ros2_ws/build/custom_hardware -- -j4 -l4
[0.162s] Invoking command in '/home/jelly/ros2_ws/build/custom_hardware': CMAKE_PREFIX_PATH=${CMAKE_PREFIX_PATH}:/opt/ros/humble /usr/bin/cmake --install /home/jelly/ros2_ws/build/custom_hardware
[0.178s] -- Install configuration: ""
[0.178s] -- Up-to-date: /home/jelly/ros2_ws/install/custom_hardware/share/ament_index/resource_index/package_run_dependencies/custom_hardware
[0.179s] -- Up-to-date: /home/jelly/ros2_ws/install/custom_hardware/share/ament_index/resource_index/parent_prefix_path/custom_hardware
[0.180s] -- Up-to-date: /home/jelly/ros2_ws/install/custom_hardware/share/custom_hardware/environment/ament_prefix_path.sh
[0.180s] -- Up-to-date: /home/jelly/ros2_ws/install/custom_hardware/share/custom_hardware/environment/ament_prefix_path.dsv
[0.182s] -- Up-to-date: /home/jelly/ros2_ws/install/custom_hardware/share/custom_hardware/environment/path.sh
[0.182s] -- Up-to-date: /home/jelly/ros2_ws/install/custom_hardware/share/custom_hardware/environment/path.dsv
[0.183s] -- Up-to-date: /home/jelly/ros2_ws/install/custom_hardware/share/custom_hardware/local_setup.bash
[0.183s] -- Up-to-date: /home/jelly/ros2_ws/install/custom_hardware/share/custom_hardware/local_setup.sh
[0.184s] -- Up-to-date: /home/jelly/ros2_ws/install/custom_hardware/share/custom_hardware/local_setup.zsh
[0.186s] -- Up-to-date: /home/jelly/ros2_ws/install/custom_hardware/share/custom_hardware/local_setup.dsv
[0.188s] -- Up-to-date: /home/jelly/ros2_ws/install/custom_hardware/share/custom_hardware/package.dsv
[0.190s] -- Up-to-date: /home/jelly/ros2_ws/install/custom_hardware/share/ament_index/resource_index/packages/custom_hardware
[0.191s] -- Up-to-date: /home/jelly/ros2_ws/install/custom_hardware/share/custom_hardware/cmake/custom_hardwareConfig.cmake
[0.194s] -- Up-to-date: /home/jelly/ros2_ws/install/custom_hardware/share/custom_hardware/cmake/custom_hardwareConfig-version.cmake
[0.196s] -- Up-to-date: /home/jelly/ros2_ws/install/custom_hardware/share/custom_hardware/package.xml
[0.243s] Invoked command in '/home/jelly/ros2_ws/build/custom_hardware' returned '0': CMAKE_PREFIX_PATH=${CMAKE_PREFIX_PATH}:/opt/ros/humble /usr/bin/cmake --install /home/jelly/ros2_ws/build/custom_hardware
