[1.106s] Invoking command in '/home/jelly/ros2_ws/src/mycobot_280': CMAKE_PREFIX_PATH=/home/jelly/ros2_ws/install/mycobot_description:/home/jelly/ros2_ws/install/mycobot_ros2:/home/jelly/ros2_ws/install/mycobot_moveit_config:/home/jelly/ros2_ws/install/mycobot_gazebo:/home/jelly/ros2_ws/install/custom_hardware PYTHONPATH=/home/jelly/ros2_ws/build/mycobot_280/prefix_override:/usr/lib/python3/dist-packages/colcon_core/task/python/colcon_distutils_commands:/home/jelly/ros2_ws/install/mycobot_280/lib/python3.10/site-packages:${PYTHONPATH} /usr/bin/python3 -W ignore:setup.py install is deprecated setup.py egg_info --egg-base ../../build/mycobot_280 build --build-base /home/jelly/ros2_ws/build/mycobot_280/build install --record /home/jelly/ros2_ws/build/mycobot_280/install.log --single-version-externally-managed install_data
[1.504s] running egg_info
[1.505s] writing ../../build/mycobot_280/mycobot_280.egg-info/PKG-INFO
[1.505s] writing dependency_links to ../../build/mycobot_280/mycobot_280.egg-info/dependency_links.txt
[1.506s] writing entry points to ../../build/mycobot_280/mycobot_280.egg-info/entry_points.txt
[1.506s] writing requirements to ../../build/mycobot_280/mycobot_280.egg-info/requires.txt
[1.506s] writing top-level names to ../../build/mycobot_280/mycobot_280.egg-info/top_level.txt
[1.509s] reading manifest file '../../build/mycobot_280/mycobot_280.egg-info/SOURCES.txt'
[1.510s] adding license file 'LICENSE'
[1.511s] writing manifest file '../../build/mycobot_280/mycobot_280.egg-info/SOURCES.txt'
[1.511s] running build
[1.512s] running build_py
[1.512s] copying mycobot_280/slider_control.py -> /home/jelly/ros2_ws/build/mycobot_280/build/lib/mycobot_280
[1.513s] running install
[1.513s] running install_lib
[1.514s] copying /home/jelly/ros2_ws/build/mycobot_280/build/lib/mycobot_280/slider_control.py -> /home/jelly/ros2_ws/install/mycobot_280/lib/python3.10/site-packages/mycobot_280
[1.516s] byte-compiling /home/jelly/ros2_ws/install/mycobot_280/lib/python3.10/site-packages/mycobot_280/slider_control.py to slider_control.cpython-310.pyc
[1.517s] running install_data
[1.518s] running install_egg_info
[1.521s] removing '/home/jelly/ros2_ws/install/mycobot_280/lib/python3.10/site-packages/mycobot_280-0.0.0-py3.10.egg-info' (and everything under it)
[1.527s] Copying ../../build/mycobot_280/mycobot_280.egg-info to /home/jelly/ros2_ws/install/mycobot_280/lib/python3.10/site-packages/mycobot_280-0.0.0-py3.10.egg-info
[1.528s] running install_scripts
[1.557s] Installing camera_display script to /home/jelly/ros2_ws/install/mycobot_280/lib/mycobot_280
[1.558s] Installing detect_marker script to /home/jelly/ros2_ws/install/mycobot_280/lib/mycobot_280
[1.558s] Installing follow_display script to /home/jelly/ros2_ws/install/mycobot_280/lib/mycobot_280
[1.558s] Installing following_marker script to /home/jelly/ros2_ws/install/mycobot_280/lib/mycobot_280
[1.559s] Installing listen_real script to /home/jelly/ros2_ws/install/mycobot_280/lib/mycobot_280
[1.559s] Installing listen_real_of_topic script to /home/jelly/ros2_ws/install/mycobot_280/lib/mycobot_280
[1.559s] Installing opencv_camera script to /home/jelly/ros2_ws/install/mycobot_280/lib/mycobot_280
[1.559s] Installing simple_gui script to /home/jelly/ros2_ws/install/mycobot_280/lib/mycobot_280
[1.560s] Installing slider_control script to /home/jelly/ros2_ws/install/mycobot_280/lib/mycobot_280
[1.560s] Installing teleop_keyboard script to /home/jelly/ros2_ws/install/mycobot_280/lib/mycobot_280
[1.561s] writing list of installed files to '/home/jelly/ros2_ws/build/mycobot_280/install.log'
[1.593s] Invoked command in '/home/jelly/ros2_ws/src/mycobot_280' returned '0': CMAKE_PREFIX_PATH=/home/jelly/ros2_ws/install/mycobot_description:/home/jelly/ros2_ws/install/mycobot_ros2:/home/jelly/ros2_ws/install/mycobot_moveit_config:/home/jelly/ros2_ws/install/mycobot_gazebo:/home/jelly/ros2_ws/install/custom_hardware PYTHONPATH=/home/jelly/ros2_ws/build/mycobot_280/prefix_override:/usr/lib/python3/dist-packages/colcon_core/task/python/colcon_distutils_commands:/home/jelly/ros2_ws/install/mycobot_280/lib/python3.10/site-packages:${PYTHONPATH} /usr/bin/python3 -W ignore:setup.py install is deprecated setup.py egg_info --egg-base ../../build/mycobot_280 build --build-base /home/jelly/ros2_ws/build/mycobot_280/build install --record /home/jelly/ros2_ws/build/mycobot_280/install.log --single-version-externally-managed install_data
