[0.036s] Invoking command in '/home/jelly/ros2_ws/build/fp': /usr/bin/cmake --build /home/jelly/ros2_ws/build/fp -- -j4 -l4
[0.148s] [ 10%] Built target maybe_error
[0.151s] [ 20%] Built target no_discard
[0.165s] [ 30%] Built target validate_in
[0.192s] [ 40%] Built target result
[0.212s] [ 50%] Built target validate_range
[0.214s] [ 60%] Built target gtest_main
[0.223s] [ 70%] Built target gtest
[0.285s] [ 80%] Built target result_tests
[0.300s] [ 90%] Built target mbind_tests
[0.301s] [100%] Built target validate_tests
[0.327s] Invoked command in '/home/jelly/ros2_ws/build/fp' returned '0': /usr/bin/cmake --build /home/jelly/ros2_ws/build/fp -- -j4 -l4
[0.413s] Invoking command in '/home/jelly/ros2_ws/build/fp': /usr/bin/cmake --install /home/jelly/ros2_ws/build/fp
[0.427s] [31mCMake Error at cmake_install.cmake:51 (file):
[0.428s]   file INSTALL cannot set permissions on "/usr/local/include/": Operation not
[0.428s]   permitted.
[0.428s] 
[0.428s] [0m
[0.429s] -- Install configuration: ""
[0.430s] -- Up-to-date: /usr/local/include/
[0.432s] Invoked command in '/home/jelly/ros2_ws/build/fp' returned '1': /usr/bin/cmake --install /home/jelly/ros2_ws/build/fp
