[0.016s] Invoking command in '/home/coleman/ros2_ws/build/mycobot_ros2': CMAKE_PREFIX_PATH=/home/coleman/ros2_ws/install/mycobot_description:/home/coleman/ros2_ws/install/mycobot_ros2:/home/coleman/ros2_ws/install/mycobot_moveit_config:/home/coleman/ros2_ws/install/mycobot_gazebo:/opt/ros/humble /usr/bin/cmake --build /home/coleman/ros2_ws/build/mycobot_ros2 -- -j16 -l16
[0.155s] Invoked command in '/home/coleman/ros2_ws/build/mycobot_ros2' returned '0': CMAKE_PREFIX_PATH=/home/coleman/ros2_ws/install/mycobot_description:/home/coleman/ros2_ws/install/mycobot_ros2:/home/coleman/ros2_ws/install/mycobot_moveit_config:/home/coleman/ros2_ws/install/mycobot_gazebo:/opt/ros/humble /usr/bin/cmake --build /home/coleman/ros2_ws/build/mycobot_ros2 -- -j16 -l16
[0.303s] Invoking command in '/home/coleman/ros2_ws/build/mycobot_ros2': CMAKE_PREFIX_PATH=/home/coleman/ros2_ws/install/mycobot_description:/home/coleman/ros2_ws/install/mycobot_ros2:/home/coleman/ros2_ws/install/mycobot_moveit_config:/home/coleman/ros2_ws/install/mycobot_gazebo:/opt/ros/humble /usr/bin/cmake --install /home/coleman/ros2_ws/build/mycobot_ros2
[0.326s] -- Install configuration: ""
[0.335s] -- Up-to-date: /home/coleman/ros2_ws/install/mycobot_ros2/share/ament_index/resource_index/package_run_dependencies/mycobot_ros2
[0.336s] -- Up-to-date: /home/coleman/ros2_ws/install/mycobot_ros2/share/ament_index/resource_index/parent_prefix_path/mycobot_ros2
[0.338s] -- Up-to-date: /home/coleman/ros2_ws/install/mycobot_ros2/share/mycobot_ros2/environment/ament_prefix_path.sh
[0.340s] -- Up-to-date: /home/coleman/ros2_ws/install/mycobot_ros2/share/mycobot_ros2/environment/ament_prefix_path.dsv
[0.343s] -- Up-to-date: /home/coleman/ros2_ws/install/mycobot_ros2/share/mycobot_ros2/environment/path.sh
[0.351s] -- Up-to-date: /home/coleman/ros2_ws/install/mycobot_ros2/share/mycobot_ros2/environment/path.dsv
[0.351s] -- Up-to-date: /home/coleman/ros2_ws/install/mycobot_ros2/share/mycobot_ros2/local_setup.bash
[0.351s] -- Up-to-date: /home/coleman/ros2_ws/install/mycobot_ros2/share/mycobot_ros2/local_setup.sh
[0.359s] -- Up-to-date: /home/coleman/ros2_ws/install/mycobot_ros2/share/mycobot_ros2/local_setup.zsh
[0.359s] -- Up-to-date: /home/coleman/ros2_ws/install/mycobot_ros2/share/mycobot_ros2/local_setup.dsv
[0.360s] -- Installing: /home/coleman/ros2_ws/install/mycobot_ros2/share/mycobot_ros2/package.dsv
[0.362s] -- Up-to-date: /home/coleman/ros2_ws/install/mycobot_ros2/share/ament_index/resource_index/packages/mycobot_ros2
[0.363s] -- Up-to-date: /home/coleman/ros2_ws/install/mycobot_ros2/share/mycobot_ros2/cmake/mycobot_ros2Config.cmake
[0.363s] -- Up-to-date: /home/coleman/ros2_ws/install/mycobot_ros2/share/mycobot_ros2/cmake/mycobot_ros2Config-version.cmake
[0.364s] -- Up-to-date: /home/coleman/ros2_ws/install/mycobot_ros2/share/mycobot_ros2/package.xml
[0.371s] Invoked command in '/home/coleman/ros2_ws/build/mycobot_ros2' returned '0': CMAKE_PREFIX_PATH=/home/coleman/ros2_ws/install/mycobot_description:/home/coleman/ros2_ws/install/mycobot_ros2:/home/coleman/ros2_ws/install/mycobot_moveit_config:/home/coleman/ros2_ws/install/mycobot_gazebo:/opt/ros/humble /usr/bin/cmake --install /home/coleman/ros2_ws/build/mycobot_ros2
