[0.173s] Invoking command in '/home/jelly/ros2_ws/build/mycobot': AMENT_PREFIX_PATH=/home/jelly/ros2_ws/install/serial:/home/jelly/ros2_ws/install/fp:/home/jelly/ros2_ws/install/catch2:${AMENT_PREFIX_PATH} CMAKE_PREFIX_PATH=/home/jelly/ros2_ws/install/serial:/home/jelly/ros2_ws/install/fp:/home/jelly/ros2_ws/install/catch2:/opt/ros/humble LD_LIBRARY_PATH=/home/jelly/ros2_ws/install/serial/lib:${LD_LIBRARY_PATH} /usr/bin/cmake --build /home/jelly/ros2_ws/build/mycobot -- -j4 -l4
[0.202s] [ 50%] Built target mycobot
[0.267s] [35m[1mConsolidate compiler generated dependencies of target wiggle[0m
[0.274s] [35m[1mConsolidate compiler generated dependencies of target test_mycobot[0m
[0.334s] [ 66%] Built target wiggle
[0.347s] [100%] Built target test_mycobot
[0.371s] Invoked command in '/home/jelly/ros2_ws/build/mycobot' returned '0': AMENT_PREFIX_PATH=/home/jelly/ros2_ws/install/serial:/home/jelly/ros2_ws/install/fp:/home/jelly/ros2_ws/install/catch2:${AMENT_PREFIX_PATH} CMAKE_PREFIX_PATH=/home/jelly/ros2_ws/install/serial:/home/jelly/ros2_ws/install/fp:/home/jelly/ros2_ws/install/catch2:/opt/ros/humble LD_LIBRARY_PATH=/home/jelly/ros2_ws/install/serial/lib:${LD_LIBRARY_PATH} /usr/bin/cmake --build /home/jelly/ros2_ws/build/mycobot -- -j4 -l4
[0.688s] Invoking command in '/home/jelly/ros2_ws/build/mycobot': AMENT_PREFIX_PATH=/home/jelly/ros2_ws/install/serial:/home/jelly/ros2_ws/install/fp:/home/jelly/ros2_ws/install/catch2:${AMENT_PREFIX_PATH} CMAKE_PREFIX_PATH=/home/jelly/ros2_ws/install/serial:/home/jelly/ros2_ws/install/fp:/home/jelly/ros2_ws/install/catch2:/opt/ros/humble LD_LIBRARY_PATH=/home/jelly/ros2_ws/install/serial/lib:${LD_LIBRARY_PATH} /usr/bin/cmake --install /home/jelly/ros2_ws/build/mycobot
[0.705s] -- Install configuration: ""
[0.705s] -- Up-to-date: /home/jelly/ros2_ws/install/mycobot/include
[0.705s] -- Up-to-date: /home/jelly/ros2_ws/install/mycobot/include/mycobot
[0.705s] -- Up-to-date: /home/jelly/ros2_ws/install/mycobot/include/mycobot/protocol_code.hpp
[0.706s] -- Up-to-date: /home/jelly/ros2_ws/install/mycobot/include/mycobot/serialize.hpp
[0.706s] -- Up-to-date: /home/jelly/ros2_ws/install/mycobot/include/mycobot/process_received.hpp
[0.706s] -- Up-to-date: /home/jelly/ros2_ws/install/mycobot/include/mycobot/detect.hpp
[0.706s] -- Up-to-date: /home/jelly/ros2_ws/install/mycobot/include/mycobot/command.hpp
[0.707s] -- Up-to-date: /home/jelly/ros2_ws/install/mycobot/include/mycobot/mycobot.hpp
[0.707s] -- Up-to-date: /home/jelly/ros2_ws/install/mycobot/lib/libmycobot.a
[0.707s] -- Up-to-date: /home/jelly/ros2_ws/install/mycobot/bin/wiggle
[0.707s] -- Up-to-date: /home/jelly/ros2_ws/install/mycobot/share/mycobot/environment/library_path.sh
[0.708s] -- Up-to-date: /home/jelly/ros2_ws/install/mycobot/share/mycobot/environment/library_path.dsv
[0.708s] -- Up-to-date: /home/jelly/ros2_ws/install/mycobot/share/ament_index/resource_index/package_run_dependencies/mycobot
[0.708s] -- Up-to-date: /home/jelly/ros2_ws/install/mycobot/share/ament_index/resource_index/parent_prefix_path/mycobot
[0.708s] -- Up-to-date: /home/jelly/ros2_ws/install/mycobot/share/mycobot/environment/ament_prefix_path.sh
[0.709s] -- Up-to-date: /home/jelly/ros2_ws/install/mycobot/share/mycobot/environment/ament_prefix_path.dsv
[0.709s] -- Up-to-date: /home/jelly/ros2_ws/install/mycobot/share/mycobot/environment/path.sh
[0.709s] -- Up-to-date: /home/jelly/ros2_ws/install/mycobot/share/mycobot/environment/path.dsv
[0.709s] -- Up-to-date: /home/jelly/ros2_ws/install/mycobot/share/mycobot/local_setup.bash
[0.710s] -- Up-to-date: /home/jelly/ros2_ws/install/mycobot/share/mycobot/local_setup.sh
[0.710s] -- Up-to-date: /home/jelly/ros2_ws/install/mycobot/share/mycobot/local_setup.zsh
[0.710s] -- Up-to-date: /home/jelly/ros2_ws/install/mycobot/share/mycobot/local_setup.dsv
[0.710s] -- Installing: /home/jelly/ros2_ws/install/mycobot/share/mycobot/package.dsv
[0.710s] -- Up-to-date: /home/jelly/ros2_ws/install/mycobot/share/ament_index/resource_index/packages/mycobot
[0.710s] -- Up-to-date: /home/jelly/ros2_ws/install/mycobot/share/mycobot/cmake/export_mycobotExport.cmake
[0.711s] -- Up-to-date: /home/jelly/ros2_ws/install/mycobot/share/mycobot/cmake/export_mycobotExport-noconfig.cmake
[0.711s] -- Up-to-date: /home/jelly/ros2_ws/install/mycobot/share/mycobot/cmake/ament_cmake_export_include_directories-extras.cmake
[0.711s] -- Up-to-date: /home/jelly/ros2_ws/install/mycobot/share/mycobot/cmake/ament_cmake_export_libraries-extras.cmake
[0.712s] -- Up-to-date: /home/jelly/ros2_ws/install/mycobot/share/mycobot/cmake/ament_cmake_export_targets-extras.cmake
[0.712s] -- Up-to-date: /home/jelly/ros2_ws/install/mycobot/share/mycobot/cmake/mycobotConfig.cmake
[0.712s] -- Up-to-date: /home/jelly/ros2_ws/install/mycobot/share/mycobot/cmake/mycobotConfig-version.cmake
[0.712s] -- Up-to-date: /home/jelly/ros2_ws/install/mycobot/share/mycobot/package.xml
[0.716s] Invoked command in '/home/jelly/ros2_ws/build/mycobot' returned '0': AMENT_PREFIX_PATH=/home/jelly/ros2_ws/install/serial:/home/jelly/ros2_ws/install/fp:/home/jelly/ros2_ws/install/catch2:${AMENT_PREFIX_PATH} CMAKE_PREFIX_PATH=/home/jelly/ros2_ws/install/serial:/home/jelly/ros2_ws/install/fp:/home/jelly/ros2_ws/install/catch2:/opt/ros/humble LD_LIBRARY_PATH=/home/jelly/ros2_ws/install/serial/lib:${LD_LIBRARY_PATH} /usr/bin/cmake --install /home/jelly/ros2_ws/build/mycobot
