[0.035s] Invoking command in '/home/jelly/ros2_ws/build/FMT': /usr/bin/cmake --build /home/jelly/ros2_ws/build/FMT -- -j4 -l4
[0.143s] [  4%] Built target fmt
[0.153s] [  7%] Built target gtest
[0.228s] [ 25%] Built target format-impl-test
[0.229s] [ 23%] Built target compile-fp-test
[0.234s] [ 33%] Built target scan-test
[0.257s] [ 39%] Built target test-main
[0.440s] [ 47%] Built target unicode-test
[0.441s] [ 56%] Built target posix-mock-test
[0.465s] [ 59%] Built target base-test
[0.486s] [ 61%] Built target args-test
[0.486s] [ 64%] Built target assert-test
[0.505s] [ 67%] Built target color-test
[0.505s] [ 70%] Built target chrono-test
[0.505s] [ 73%] Built target format-test
[0.506s] [ 76%] Built target gtest-extra-test
[0.555s] [ 78%] Built target ostream-test
[0.565s] [ 81%] Built target compile-test
[0.602s] [ 84%] Built target printf-test
[0.636s] [ 88%] Built target ranges-test
[0.645s] [ 91%] Built target xchar-test
[0.669s] [ 94%] Built target enforce-checks-test
[0.679s] [ 97%] Built target std-test
[0.715s] [100%] Built target os-test
[0.765s] Invoked command in '/home/jelly/ros2_ws/build/FMT' returned '0': /usr/bin/cmake --build /home/jelly/ros2_ws/build/FMT -- -j4 -l4
[1.284s] Invoking command in '/home/jelly/ros2_ws/build/FMT': /usr/bin/cmake --install /home/jelly/ros2_ws/build/FMT
[1.296s] -- Install configuration: "Release"
[1.296s] -- Up-to-date: /home/jelly/ros2_ws/install/FMT/lib/libfmt.a
[1.297s] -- Up-to-date: /home/jelly/ros2_ws/install/FMT/include/fmt/args.h
[1.298s] -- Up-to-date: /home/jelly/ros2_ws/install/FMT/include/fmt/base.h
[1.301s] -- Up-to-date: /home/jelly/ros2_ws/install/FMT/include/fmt/chrono.h
[1.301s] -- Up-to-date: /home/jelly/ros2_ws/install/FMT/include/fmt/color.h
[1.301s] -- Up-to-date: /home/jelly/ros2_ws/install/FMT/include/fmt/compile.h
[1.302s] -- Up-to-date: /home/jelly/ros2_ws/install/FMT/include/fmt/core.h
[1.302s] -- Up-to-date: /home/jelly/ros2_ws/install/FMT/include/fmt/format.h
[1.303s] -- Up-to-date: /home/jelly/ros2_ws/install/FMT/include/fmt/format-inl.h
[1.304s] -- Up-to-date: /home/jelly/ros2_ws/install/FMT/include/fmt/os.h
[1.304s] -- Up-to-date: /home/jelly/ros2_ws/install/FMT/include/fmt/ostream.h
[1.304s] -- Up-to-date: /home/jelly/ros2_ws/install/FMT/include/fmt/printf.h
[1.304s] -- Up-to-date: /home/jelly/ros2_ws/install/FMT/include/fmt/ranges.h
[1.304s] -- Up-to-date: /home/jelly/ros2_ws/install/FMT/include/fmt/std.h
[1.304s] -- Up-to-date: /home/jelly/ros2_ws/install/FMT/include/fmt/xchar.h
[1.305s] -- Up-to-date: /home/jelly/ros2_ws/install/FMT/lib/cmake/fmt/fmt-config.cmake
[1.305s] -- Up-to-date: /home/jelly/ros2_ws/install/FMT/lib/cmake/fmt/fmt-config-version.cmake
[1.308s] -- Up-to-date: /home/jelly/ros2_ws/install/FMT/lib/cmake/fmt/fmt-targets.cmake
[1.308s] -- Up-to-date: /home/jelly/ros2_ws/install/FMT/lib/cmake/fmt/fmt-targets-release.cmake
[1.308s] -- Up-to-date: /home/jelly/ros2_ws/install/FMT/lib/pkgconfig/fmt.pc
