[0.038s] Invoking command in '/home/jelly/ros2_ws/build/fp': CMAKE_PREFIX_PATH=${CMAKE_PREFIX_PATH}:/home/jelly/ros2_ws/install/mycobot_real_moveit:/home/jelly/ros2_ws/install/mycobot_280:/home/jelly/ros2_ws/install/my_moveit2_package:/opt/ros/humble /usr/bin/cmake --build /home/jelly/ros2_ws/build/fp -- -j4 -l4
[0.192s] [ 10%] Built target maybe_error
[0.195s] [ 20%] Built target result
[0.199s] [ 30%] Built target validate_in
[0.226s] [ 40%] Built target no_discard
[0.279s] [ 50%] Built target gtest_main
[0.288s] [ 60%] Built target validate_range
[0.300s] [ 70%] Built target gtest
[0.373s] [ 80%] Built target mbind_tests
[0.401s] [ 90%] Built target validate_tests
[0.416s] [100%] Built target result_tests
[0.476s] Invoked command in '/home/jelly/ros2_ws/build/fp' returned '0': CMAKE_PREFIX_PATH=${CMAKE_PREFIX_PATH}:/home/jelly/ros2_ws/install/mycobot_real_moveit:/home/jelly/ros2_ws/install/mycobot_280:/home/jelly/ros2_ws/install/my_moveit2_package:/opt/ros/humble /usr/bin/cmake --build /home/jelly/ros2_ws/build/fp -- -j4 -l4
[0.573s] Invoking command in '/home/jelly/ros2_ws/build/fp': CMAKE_PREFIX_PATH=${CMAKE_PREFIX_PATH}:/home/jelly/ros2_ws/install/mycobot_real_moveit:/home/jelly/ros2_ws/install/mycobot_280:/home/jelly/ros2_ws/install/my_moveit2_package:/opt/ros/humble /usr/bin/cmake --install /home/jelly/ros2_ws/build/fp
[0.597s] -- Install configuration: ""
[0.601s] -- Execute custom install script
[0.601s] -- Up-to-date symlink: /home/jelly/ros2_ws/install/fp/include//fp/_external/expected.hpp
[0.601s] -- Up-to-date symlink: /home/jelly/ros2_ws/install/fp/include//fp/all.hpp
[0.602s] -- Up-to-date symlink: /home/jelly/ros2_ws/install/fp/include//fp/macros.hpp
[0.602s] -- Up-to-date symlink: /home/jelly/ros2_ws/install/fp/include//fp/monad.hpp
[0.603s] -- Up-to-date symlink: /home/jelly/ros2_ws/install/fp/include//fp/no_discard.hpp
[0.603s] -- Up-to-date symlink: /home/jelly/ros2_ws/install/fp/include//fp/result.hpp
[0.603s] -- Up-to-date symlink: /home/jelly/ros2_ws/install/fp/include//fp/validate.hpp
[0.604s] -- Up-to-date symlink: /home/jelly/ros2_ws/install/fp/share/ament_index/resource_index/package_run_dependencies/fp
[0.606s] -- Up-to-date symlink: /home/jelly/ros2_ws/install/fp/share/ament_index/resource_index/parent_prefix_path/fp
[0.606s] -- Up-to-date symlink: /home/jelly/ros2_ws/install/fp/share/fp/environment/ament_prefix_path.sh
[0.606s] -- Up-to-date symlink: /home/jelly/ros2_ws/install/fp/share/fp/environment/ament_prefix_path.dsv
[0.607s] -- Up-to-date symlink: /home/jelly/ros2_ws/install/fp/share/fp/environment/path.sh
[0.608s] -- Up-to-date symlink: /home/jelly/ros2_ws/install/fp/share/fp/environment/path.dsv
[0.608s] -- Up-to-date symlink: /home/jelly/ros2_ws/install/fp/share/fp/local_setup.bash
[0.609s] -- Up-to-date symlink: /home/jelly/ros2_ws/install/fp/share/fp/local_setup.sh
[0.610s] -- Up-to-date symlink: /home/jelly/ros2_ws/install/fp/share/fp/local_setup.zsh
[0.623s] -- Up-to-date symlink: /home/jelly/ros2_ws/install/fp/share/fp/local_setup.dsv
[0.623s] -- Symlinking: /home/jelly/ros2_ws/install/fp/share/fp/package.dsv
[0.646s] -- Up-to-date symlink: /home/jelly/ros2_ws/install/fp/share/ament_index/resource_index/packages/fp
[0.646s] -- Up-to-date symlink: /home/jelly/ros2_ws/install/fp/share/fp/cmake/ament_cmake_export_include_directories-extras.cmake
[0.646s] -- Up-to-date symlink: /home/jelly/ros2_ws/install/fp/share/fp/cmake/ament_cmake_export_targets-extras.cmake
[0.646s] -- Up-to-date symlink: /home/jelly/ros2_ws/install/fp/share/fp/cmake/ament_cmake_export_dependencies-extras.cmake
[0.646s] -- Up-to-date symlink: /home/jelly/ros2_ws/install/fp/share/fp/cmake/fpConfig.cmake
[0.647s] -- Up-to-date symlink: /home/jelly/ros2_ws/install/fp/share/fp/cmake/fpConfig-version.cmake
[0.647s] -- Up-to-date symlink: /home/jelly/ros2_ws/install/fp/share/fp/package.xml
[0.647s] -- Up-to-date: /home/jelly/ros2_ws/install/fp/share/fp/cmake/fpTargetsExport.cmake
[0.655s] Invoked command in '/home/jelly/ros2_ws/build/fp' returned '0': CMAKE_PREFIX_PATH=${CMAKE_PREFIX_PATH}:/home/jelly/ros2_ws/install/mycobot_real_moveit:/home/jelly/ros2_ws/install/mycobot_280:/home/jelly/ros2_ws/install/my_moveit2_package:/opt/ros/humble /usr/bin/cmake --install /home/jelly/ros2_ws/build/fp
