[0.057s] Invoking command in '/home/coleman/ros2_ws/build/mycobot_gazebo': CMAKE_PREFIX_PATH=${CMAKE_PREFIX_PATH}:/opt/ros/humble /usr/bin/cmake /home/coleman/ros2_ws/src/mycobot_ros2/mycobot_gazebo -DCMAKE_INSTALL_PREFIX=/home/coleman/ros2_ws/install/mycobot_gazebo
[0.081s] -- Found ament_cmake: 1.3.9 (/opt/ros/humble/share/ament_cmake/cmake)
[0.362s] -- Found controller_manager: 2.41.0 (/opt/ros/humble/share/controller_manager/cmake)
[0.429s] -- Found rosidl_generator_c: 3.1.5 (/opt/ros/humble/share/rosidl_generator_c/cmake)
[0.435s] -- Found rosidl_adapter: 3.1.5 (/opt/ros/humble/share/rosidl_adapter/cmake)
[0.456s] -- Found rosidl_generator_cpp: 3.1.5 (/opt/ros/humble/share/rosidl_generator_cpp/cmake)
[0.480s] -- Using all available rosidl_typesupport_c: rosidl_typesupport_fastrtps_c;rosidl_typesupport_introspection_c
[0.514s] -- Using all available rosidl_typesupport_cpp: rosidl_typesupport_fastrtps_cpp;rosidl_typesupport_introspection_cpp
[1.848s] -- Found rmw_implementation_cmake: 6.1.2 (/opt/ros/humble/share/rmw_implementation_cmake/cmake)
[1.852s] -- Found rmw_fastrtps_cpp: 6.2.6 (/opt/ros/humble/share/rmw_fastrtps_cpp/cmake)
[1.924s] -- Found TinyXML2 via Config file: TinyXML2_DIR-NOTFOUND
[1.947s] -- Found TinyXML2 via Config file: TinyXML2_DIR-NOTFOUND
[1.997s] -- Found TinyXML2 via Config file: TinyXML2_DIR-NOTFOUND
[2.020s] -- Found TinyXML2 via Config file: TinyXML2_DIR-NOTFOUND
[2.041s] -- Using RMW implementation 'rmw_fastrtps_cpp' as default
[3.201s] -- Found gazebo_ros: 3.7.0 (/opt/ros/humble/share/gazebo_ros/cmake)
[3.259s] -- Found DART: /usr/include (Required is at least version "6.6") found components: dart 
[3.312s] -- Looking for ignition-math6 -- found version 6.15.1
[3.331s] [33mCMake Warning at /usr/share/cmake-3.22/Modules/CMakeFindDependencyMacro.cmake:47 (find_package):
[3.331s]   By not providing "Findignition-cmake2.cmake" in CMAKE_MODULE_PATH this
[3.332s]   project has asked CMake to find a package configuration file provided by
[3.332s]   "ignition-cmake2", but CMake did not find one.
[3.332s] 
[3.332s]   Could not find a package configuration file provided by "ignition-cmake2"
[3.332s]   with any of the following names:
[3.333s] 
[3.333s]     ignition-cmake2Config.cmake
[3.333s]     ignition-cmake2-config.cmake
[3.333s] 
[3.333s]   Add the installation prefix of "ignition-cmake2" to CMAKE_PREFIX_PATH or
[3.333s]   set "ignition-cmake2_DIR" to a directory containing one of the above files.
[3.334s]   If "ignition-cmake2" provides a separate development package or SDK, be
[3.334s]   sure it has been installed.
[3.334s] Call Stack (most recent call first):
[3.334s]   /usr/lib/x86_64-linux-gnu/cmake/ignition-math6/ignition-math6-config.cmake:63 (find_dependency)
[3.334s]   /usr/lib/x86_64-linux-gnu/cmake/sdformat9/sdformat9-config.cmake:60 (find_package)
[3.334s]   /usr/lib/x86_64-linux-gnu/cmake/gazebo/gazebo-config.cmake:208 (find_package)
[3.334s]   /opt/ros/humble/share/gazebo_dev/cmake/gazebo_dev-extras.cmake:3 (find_package)
[3.335s]   /opt/ros/humble/share/gazebo_dev/cmake/gazebo_devConfig.cmake:41 (include)
[3.335s]   /opt/ros/humble/share/gazebo_ros/cmake/ament_cmake_export_dependencies-extras.cmake:21 (find_package)
[3.336s]   /opt/ros/humble/share/gazebo_ros/cmake/gazebo_rosConfig.cmake:41 (include)
[3.336s]   CMakeLists.txt:11 (find_package)
[3.336s] 
[3.336s] [0m
[3.336s] [33mCMake Warning at /usr/lib/x86_64-linux-gnu/cmake/sdformat9/sdformat9-config.cmake:60 (find_package):
[3.336s]   Found package configuration file:
[3.336s] 
[3.337s]     /usr/lib/x86_64-linux-gnu/cmake/ignition-math6/ignition-math6-config.cmake
[3.337s] 
[3.337s]   but it set ignition-math6_FOUND to FALSE so package "ignition-math6" is
[3.337s]   considered to be NOT FOUND.  Reason given by package:
[3.337s] 
[3.337s]   ignition-math6 could not be found because dependency ignition-cmake2 could
[3.337s]   not be found.
[3.338s] 
[3.338s] Call Stack (most recent call first):
[3.338s]   /usr/lib/x86_64-linux-gnu/cmake/gazebo/gazebo-config.cmake:208 (find_package)
[3.338s]   /opt/ros/humble/share/gazebo_dev/cmake/gazebo_dev-extras.cmake:3 (find_package)
[3.338s]   /opt/ros/humble/share/gazebo_dev/cmake/gazebo_devConfig.cmake:41 (include)
[3.338s]   /opt/ros/humble/share/gazebo_ros/cmake/ament_cmake_export_dependencies-extras.cmake:21 (find_package)
[3.339s]   /opt/ros/humble/share/gazebo_ros/cmake/gazebo_rosConfig.cmake:41 (include)
[3.339s]   CMakeLists.txt:11 (find_package)
[3.339s] 
[3.339s] [0m
[3.339s] -- Looking for OGRE...
[3.342s] -- Found Ogre Ghadamon (1.9.0)
[3.342s] -- Found OGRE: optimized;/usr/lib/x86_64-linux-gnu/libOgreMain.so;debug;/usr/lib/x86_64-linux-gnu/libOgreMain.so
[3.360s] -- Looking for OGRE_Paging...
[3.360s] -- Found OGRE_Paging: optimized;/usr/lib/x86_64-linux-gnu/libOgrePaging.so;debug;/usr/lib/x86_64-linux-gnu/libOgrePaging.so
[3.361s] -- Looking for OGRE_Terrain...
[3.361s] -- Found OGRE_Terrain: optimized;/usr/lib/x86_64-linux-gnu/libOgreTerrain.so;debug;/usr/lib/x86_64-linux-gnu/libOgreTerrain.so
[3.361s] -- Looking for OGRE_Property...
[3.362s] -- Found OGRE_Property: optimized;/usr/lib/x86_64-linux-gnu/libOgreProperty.so;debug;/usr/lib/x86_64-linux-gnu/libOgreProperty.so
[3.362s] -- Looking for OGRE_RTShaderSystem...
[3.363s] -- Found OGRE_RTShaderSystem: optimized;/usr/lib/x86_64-linux-gnu/libOgreRTShaderSystem.so;debug;/usr/lib/x86_64-linux-gnu/libOgreRTShaderSystem.so
[3.363s] -- Looking for OGRE_Volume...
[3.363s] -- Found OGRE_Volume: optimized;/usr/lib/x86_64-linux-gnu/libOgreVolume.so;debug;/usr/lib/x86_64-linux-gnu/libOgreVolume.so
[3.364s] -- Looking for OGRE_Overlay...
[3.364s] -- Found OGRE_Overlay: optimized;/usr/lib/x86_64-linux-gnu/libOgreOverlay.so;debug;/usr/lib/x86_64-linux-gnu/libOgreOverlay.so
[3.562s] -- Looking for ignition-math6 -- found version 6.15.1
[3.563s] -- Looking for ignition-transport8 -- found version 8.2.1
[3.583s] [31mCMake Error at /usr/share/cmake-3.22/Modules/CMakeFindDependencyMacro.cmake:47 (find_package):
[3.584s]   By not providing "Findignition-cmake2.cmake" in CMAKE_MODULE_PATH this
[3.585s]   project has asked CMake to find a package configuration file provided by
[3.585s]   "ignition-cmake2", but CMake did not find one.
[3.586s] 
[3.587s]   Could not find a package configuration file provided by "ignition-cmake2"
[3.588s]   with any of the following names:
[3.588s] 
[3.588s]     ignition-cmake2Config.cmake
[3.588s]     ignition-cmake2-config.cmake
[3.588s] 
[3.589s]   Add the installation prefix of "ignition-cmake2" to CMAKE_PREFIX_PATH or
[3.589s]   set "ignition-cmake2_DIR" to a directory containing one of the above files.
[3.589s]   If "ignition-cmake2" provides a separate development package or SDK, be
[3.589s]   sure it has been installed.
[3.589s] Call Stack (most recent call first):
[3.589s]   /usr/lib/x86_64-linux-gnu/cmake/ignition-transport8/ignition-transport8-config.cmake:63 (find_dependency)
[3.590s]   /usr/lib/x86_64-linux-gnu/cmake/gazebo/gazebo-config.cmake:235 (find_package)
[3.590s]   /opt/ros/humble/share/gazebo_dev/cmake/gazebo_dev-extras.cmake:3 (find_package)
[3.590s]   /opt/ros/humble/share/gazebo_dev/cmake/gazebo_devConfig.cmake:41 (include)
[3.590s]   /opt/ros/humble/share/gazebo_ros/cmake/ament_cmake_export_dependencies-extras.cmake:21 (find_package)
[3.590s]   /opt/ros/humble/share/gazebo_ros/cmake/gazebo_rosConfig.cmake:41 (include)
[3.590s]   CMakeLists.txt:11 (find_package)
[3.590s] 
[3.591s] [0m
[3.591s] -- Configuring incomplete, errors occurred!
[3.591s] See also "/home/coleman/ros2_ws/build/mycobot_gazebo/CMakeFiles/CMakeOutput.log".
[3.601s] Invoked command in '/home/coleman/ros2_ws/build/mycobot_gazebo' returned '1': CMAKE_PREFIX_PATH=${CMAKE_PREFIX_PATH}:/opt/ros/humble /usr/bin/cmake /home/coleman/ros2_ws/src/mycobot_ros2/mycobot_gazebo -DCMAKE_INSTALL_PREFIX=/home/coleman/ros2_ws/install/mycobot_gazebo
