[0.039s] Invoking command in '/home/jelly/ros2_ws/build/FMT': /usr/bin/cmake --build /home/jelly/ros2_ws/build/FMT -- -j4 -l4
[0.157s] [  4%] Built target fmt
[0.184s] [  7%] Built target gtest
[0.241s] [ 12%] Built target test-main
[0.327s] [ 21%] Built target compile-fp-test
[0.350s] [ 29%] Built target scan-test
[0.356s] [ 39%] Built target format-impl-test
[0.425s] [ 47%] Built target unicode-test
[0.462s] [ 50%] Built target xchar-test
[0.513s] [ 59%] Built target posix-mock-test
[0.516s] [ 61%] Built target enforce-checks-test
[0.516s] [ 64%] Built target os-test
[0.532s] [ 67%] Built target args-test
[0.535s] [ 70%] Built target base-test
[0.558s] [ 73%] Built target chrono-test
[0.582s] [ 76%] Built target assert-test
[0.634s] [ 78%] Built target gtest-extra-test
[0.647s] [ 81%] Built target ostream-test
[0.655s] [ 84%] Built target format-test
[0.674s] [ 87%] Built target color-test
[0.728s] [ 90%] Built target compile-test
[0.750s] [ 92%] Built target std-test
[0.758s] [ 95%] Built target printf-test
[0.767s] [100%] Built target ranges-test
[0.791s] Invoked command in '/home/jelly/ros2_ws/build/FMT' returned '0': /usr/bin/cmake --build /home/jelly/ros2_ws/build/FMT -- -j4 -l4
[0.959s] Invoking command in '/home/jelly/ros2_ws/build/FMT': /usr/bin/cmake --install /home/jelly/ros2_ws/build/FMT
[0.978s] -- Install configuration: "Release"
[0.980s] -- Up-to-date: /home/jelly/ros2_ws/install/FMT/lib/libfmt.a
[0.980s] -- Up-to-date: /home/jelly/ros2_ws/install/FMT/include/fmt/args.h
[0.980s] -- Up-to-date: /home/jelly/ros2_ws/install/FMT/include/fmt/base.h
[0.981s] -- Up-to-date: /home/jelly/ros2_ws/install/FMT/include/fmt/chrono.h
[0.981s] -- Up-to-date: /home/jelly/ros2_ws/install/FMT/include/fmt/color.h
[0.981s] -- Up-to-date: /home/jelly/ros2_ws/install/FMT/include/fmt/compile.h
[0.981s] -- Up-to-date: /home/jelly/ros2_ws/install/FMT/include/fmt/core.h
[0.982s] -- Up-to-date: /home/jelly/ros2_ws/install/FMT/include/fmt/format.h
[0.982s] -- Up-to-date: /home/jelly/ros2_ws/install/FMT/include/fmt/format-inl.h
[0.982s] -- Up-to-date: /home/jelly/ros2_ws/install/FMT/include/fmt/os.h
[0.983s] -- Up-to-date: /home/jelly/ros2_ws/install/FMT/include/fmt/ostream.h
[0.984s] -- Up-to-date: /home/jelly/ros2_ws/install/FMT/include/fmt/printf.h
[0.985s] -- Up-to-date: /home/jelly/ros2_ws/install/FMT/include/fmt/ranges.h
[0.985s] -- Up-to-date: /home/jelly/ros2_ws/install/FMT/include/fmt/std.h
[0.985s] -- Up-to-date: /home/jelly/ros2_ws/install/FMT/include/fmt/xchar.h
[0.985s] -- Up-to-date: /home/jelly/ros2_ws/install/FMT/lib/cmake/fmt/fmt-config.cmake
[0.986s] -- Up-to-date: /home/jelly/ros2_ws/install/FMT/lib/cmake/fmt/fmt-config-version.cmake
[0.986s] -- Up-to-date: /home/jelly/ros2_ws/install/FMT/lib/cmake/fmt/fmt-targets.cmake
[0.987s] -- Up-to-date: /home/jelly/ros2_ws/install/FMT/lib/cmake/fmt/fmt-targets-release.cmake
[0.987s] -- Up-to-date: /home/jelly/ros2_ws/install/FMT/lib/pkgconfig/fmt.pc
[1.016s] Invoked command in '/home/jelly/ros2_ws/build/FMT' returned '0': /usr/bin/cmake --install /home/jelly/ros2_ws/build/FMT
