[0.024s] Invoking command in '/home/coleman/ros2_ws/build/mycobot_moveit_config': CMAKE_PREFIX_PATH=/home/coleman/ros2_ws/install/mycobot_gazebo:/home/coleman/ros2_ws/install/mycobot_ros2:/home/coleman/ros2_ws/install/mycobot_moveit_config:/home/coleman/ros2_ws/install/mycobot_description:/opt/ros/humble /usr/bin/cmake --build /home/coleman/ros2_ws/build/mycobot_moveit_config -- -j16 -l16
[0.033s] Invoked command in '/home/coleman/ros2_ws/build/mycobot_moveit_config' returned '0': CMAKE_PREFIX_PATH=/home/coleman/ros2_ws/install/mycobot_gazebo:/home/coleman/ros2_ws/install/mycobot_ros2:/home/coleman/ros2_ws/install/mycobot_moveit_config:/home/coleman/ros2_ws/install/mycobot_description:/opt/ros/humble /usr/bin/cmake --build /home/coleman/ros2_ws/build/mycobot_moveit_config -- -j16 -l16
[0.103s] Invoking command in '/home/coleman/ros2_ws/build/mycobot_moveit_config': CMAKE_PREFIX_PATH=/home/coleman/ros2_ws/install/mycobot_gazebo:/home/coleman/ros2_ws/install/mycobot_ros2:/home/coleman/ros2_ws/install/mycobot_moveit_config:/home/coleman/ros2_ws/install/mycobot_description:/opt/ros/humble /usr/bin/cmake --install /home/coleman/ros2_ws/build/mycobot_moveit_config
[0.121s] -- Install configuration: ""
[0.124s] -- Up-to-date: /home/coleman/ros2_ws/install/mycobot_moveit_config/share/ament_index/resource_index/package_run_dependencies/mycobot_moveit_config
[0.126s] -- Up-to-date: /home/coleman/ros2_ws/install/mycobot_moveit_config/share/ament_index/resource_index/parent_prefix_path/mycobot_moveit_config
[0.128s] -- Up-to-date: /home/coleman/ros2_ws/install/mycobot_moveit_config/share/mycobot_moveit_config/environment/ament_prefix_path.sh
[0.128s] -- Up-to-date: /home/coleman/ros2_ws/install/mycobot_moveit_config/share/mycobot_moveit_config/environment/ament_prefix_path.dsv
[0.129s] -- Up-to-date: /home/coleman/ros2_ws/install/mycobot_moveit_config/share/mycobot_moveit_config/environment/path.sh
[0.129s] -- Up-to-date: /home/coleman/ros2_ws/install/mycobot_moveit_config/share/mycobot_moveit_config/environment/path.dsv
[0.132s] -- Up-to-date: /home/coleman/ros2_ws/install/mycobot_moveit_config/share/mycobot_moveit_config/local_setup.bash
[0.133s] -- Up-to-date: /home/coleman/ros2_ws/install/mycobot_moveit_config/share/mycobot_moveit_config/local_setup.sh
[0.133s] -- Up-to-date: /home/coleman/ros2_ws/install/mycobot_moveit_config/share/mycobot_moveit_config/local_setup.zsh
[0.133s] -- Up-to-date: /home/coleman/ros2_ws/install/mycobot_moveit_config/share/mycobot_moveit_config/local_setup.dsv
[0.135s] -- Installing: /home/coleman/ros2_ws/install/mycobot_moveit_config/share/mycobot_moveit_config/package.dsv
[0.135s] -- Up-to-date: /home/coleman/ros2_ws/install/mycobot_moveit_config/share/ament_index/resource_index/packages/mycobot_moveit_config
[0.136s] -- Up-to-date: /home/coleman/ros2_ws/install/mycobot_moveit_config/share/mycobot_moveit_config/cmake/mycobot_moveit_configConfig.cmake
[0.137s] -- Up-to-date: /home/coleman/ros2_ws/install/mycobot_moveit_config/share/mycobot_moveit_config/cmake/mycobot_moveit_configConfig-version.cmake
[0.137s] -- Up-to-date: /home/coleman/ros2_ws/install/mycobot_moveit_config/share/mycobot_moveit_config/package.xml
[0.141s] -- Up-to-date: /home/coleman/ros2_ws/install/mycobot_moveit_config/share/mycobot_moveit_config/launch
[0.144s] -- Up-to-date: /home/coleman/ros2_ws/install/mycobot_moveit_config/share/mycobot_moveit_config/launch/warehouse_db.launch.py
[0.145s] -- Up-to-date: /home/coleman/ros2_ws/install/mycobot_moveit_config/share/mycobot_moveit_config/launch/rsp.launch.py
[0.147s] -- Up-to-date: /home/coleman/ros2_ws/install/mycobot_moveit_config/share/mycobot_moveit_config/launch/setup_assistant.launch.py
[0.150s] -- Up-to-date: /home/coleman/ros2_ws/install/mycobot_moveit_config/share/mycobot_moveit_config/launch/demo.launch.py
[0.157s] -- Up-to-date: /home/coleman/ros2_ws/install/mycobot_moveit_config/share/mycobot_moveit_config/launch/static_virtual_joint_tfs.launch.py
[0.161s] -- Up-to-date: /home/coleman/ros2_ws/install/mycobot_moveit_config/share/mycobot_moveit_config/launch/move_group.launch.py
[0.161s] -- Up-to-date: /home/coleman/ros2_ws/install/mycobot_moveit_config/share/mycobot_moveit_config/launch/spawn_controllers.launch.py
[0.162s] -- Up-to-date: /home/coleman/ros2_ws/install/mycobot_moveit_config/share/mycobot_moveit_config/launch/moveit_rviz.launch.py
[0.169s] -- Up-to-date: /home/coleman/ros2_ws/install/mycobot_moveit_config/share/mycobot_moveit_config/config
[0.176s] -- Up-to-date: /home/coleman/ros2_ws/install/mycobot_moveit_config/share/mycobot_moveit_config/config/pilz_cartesian_limits.yaml
[0.177s] -- Up-to-date: /home/coleman/ros2_ws/install/mycobot_moveit_config/share/mycobot_moveit_config/config/mycobot_280.ros2_control.xacro
[0.178s] -- Up-to-date: /home/coleman/ros2_ws/install/mycobot_moveit_config/share/mycobot_moveit_config/config/ros2_controllers.yaml
[0.180s] -- Up-to-date: /home/coleman/ros2_ws/install/mycobot_moveit_config/share/mycobot_moveit_config/config/ompl_planning.yaml
[0.182s] -- Up-to-date: /home/coleman/ros2_ws/install/mycobot_moveit_config/share/mycobot_moveit_config/config/moveit.rviz
[0.182s] -- Up-to-date: /home/coleman/ros2_ws/install/mycobot_moveit_config/share/mycobot_moveit_config/config/initial_positions.yaml
[0.184s] -- Up-to-date: /home/coleman/ros2_ws/install/mycobot_moveit_config/share/mycobot_moveit_config/config/mycobot_280.urdf.xacro
[0.186s] -- Up-to-date: /home/coleman/ros2_ws/install/mycobot_moveit_config/share/mycobot_moveit_config/config/mycobot_280.srdf
[0.189s] -- Up-to-date: /home/coleman/ros2_ws/install/mycobot_moveit_config/share/mycobot_moveit_config/config/moveit_controllers.yaml
[0.191s] -- Up-to-date: /home/coleman/ros2_ws/install/mycobot_moveit_config/share/mycobot_moveit_config/config/joint_limits.yaml
[0.193s] -- Up-to-date: /home/coleman/ros2_ws/install/mycobot_moveit_config/share/mycobot_moveit_config/config/sensors_3d.yaml
[0.193s] -- Up-to-date: /home/coleman/ros2_ws/install/mycobot_moveit_config/share/mycobot_moveit_config/config/kinematics.yaml
[0.198s] -- Up-to-date: /home/coleman/ros2_ws/install/mycobot_moveit_config/share/mycobot_moveit_config/.setup_assistant
[0.229s] Invoked command in '/home/coleman/ros2_ws/build/mycobot_moveit_config' returned '0': CMAKE_PREFIX_PATH=/home/coleman/ros2_ws/install/mycobot_gazebo:/home/coleman/ros2_ws/install/mycobot_ros2:/home/coleman/ros2_ws/install/mycobot_moveit_config:/home/coleman/ros2_ws/install/mycobot_description:/opt/ros/humble /usr/bin/cmake --install /home/coleman/ros2_ws/build/mycobot_moveit_config
