[0.036s] Invoking command in '/home/jelly/ros2_ws/build/FMT': /usr/bin/cmake --build /home/jelly/ros2_ws/build/FMT -- -j4 -l4
[0.333s] [  4%] Built target fmt
[0.333s] [  7%] Built target gtest
[0.512s] [ 16%] Built target format-impl-test
[0.531s] [ 25%] Built target scan-test
[0.554s] [ 30%] Built target test-main
[0.618s] [ 39%] Built target compile-fp-test
[0.731s] [ 47%] Built target unicode-test
[0.763s] [ 56%] Built target posix-mock-test
[0.772s] [ 59%] Built target args-test
[0.823s] [ 61%] Built target base-test
[0.973s] [ 64%] Built target color-test
[1.020s] [ 67%] Built target gtest-extra-test
[1.021s] [ 70%] Built target assert-test
[1.039s] [ 73%] Built target chrono-test
[1.153s] [ 76%] Built target ostream-test
[1.206s] [ 78%] Built target format-test
[1.227s] [ 81%] Built target printf-test
[1.314s] [ 85%] Built target ranges-test
[1.316s] [ 88%] Built target compile-test
[1.367s] [ 91%] Built target std-test
[1.401s] [ 94%] Built target enforce-checks-test
[1.438s] [ 97%] Built target xchar-test
[1.558s] [100%] Built target os-test
[1.636s] Invoked command in '/home/jelly/ros2_ws/build/FMT' returned '0': /usr/bin/cmake --build /home/jelly/ros2_ws/build/FMT -- -j4 -l4
[1.921s] Invoking command in '/home/jelly/ros2_ws/build/FMT': /usr/bin/cmake --install /home/jelly/ros2_ws/build/FMT
[1.953s] -- Install configuration: "Release"
[1.953s] -- Up-to-date: /home/jelly/ros2_ws/install/FMT/lib/libfmt.a
[1.954s] -- Up-to-date: /home/jelly/ros2_ws/install/FMT/include/fmt/args.h
[1.954s] -- Up-to-date: /home/jelly/ros2_ws/install/FMT/include/fmt/base.h
[1.954s] -- Up-to-date: /home/jelly/ros2_ws/install/FMT/include/fmt/chrono.h
[1.955s] -- Up-to-date: /home/jelly/ros2_ws/install/FMT/include/fmt/color.h
[1.956s] -- Up-to-date: /home/jelly/ros2_ws/install/FMT/include/fmt/compile.h
[1.956s] -- Up-to-date: /home/jelly/ros2_ws/install/FMT/include/fmt/core.h
[1.956s] -- Up-to-date: /home/jelly/ros2_ws/install/FMT/include/fmt/format.h
[1.956s] -- Up-to-date: /home/jelly/ros2_ws/install/FMT/include/fmt/format-inl.h
[1.962s] -- Up-to-date: /home/jelly/ros2_ws/install/FMT/include/fmt/os.h
[1.963s] -- Up-to-date: /home/jelly/ros2_ws/install/FMT/include/fmt/ostream.h
[1.963s] -- Up-to-date: /home/jelly/ros2_ws/install/FMT/include/fmt/printf.h
[1.963s] -- Up-to-date: /home/jelly/ros2_ws/install/FMT/include/fmt/ranges.h
[1.963s] -- Up-to-date: /home/jelly/ros2_ws/install/FMT/include/fmt/std.h
[1.963s] -- Up-to-date: /home/jelly/ros2_ws/install/FMT/include/fmt/xchar.h
[1.963s] -- Up-to-date: /home/jelly/ros2_ws/install/FMT/lib/cmake/fmt/fmt-config.cmake
[1.964s] -- Up-to-date: /home/jelly/ros2_ws/install/FMT/lib/cmake/fmt/fmt-config-version.cmake
[1.964s] -- Up-to-date: /home/jelly/ros2_ws/install/FMT/lib/cmake/fmt/fmt-targets.cmake
[1.964s] -- Up-to-date: /home/jelly/ros2_ws/install/FMT/lib/cmake/fmt/fmt-targets-release.cmake
[1.964s] -- Up-to-date: /home/jelly/ros2_ws/install/FMT/lib/pkgconfig/fmt.pc
[1.975s] Invoked command in '/home/jelly/ros2_ws/build/FMT' returned '0': /usr/bin/cmake --install /home/jelly/ros2_ws/build/FMT
