-- Found ament_cmake: 1.3.9 (/opt/ros/humble/share/ament_cmake/cmake)
-- Found ament_lint_auto: 0.12.11 (/opt/ros/humble/share/ament_lint_auto/cmake)
-- Found gtest sources under '/opt/ros/humble/src/gtest_vendor': C++ tests using 'Google Test' will be built
-- Added test 'copyright' to check source files copyright and LICENSE
-- Added test 'cppcheck' to perform static code analysis on C / C++ code
-- Configured cppcheck include dirs: $<BUILD_INTERFACE:/home/jelly/ros2_ws/src/fp/include>
-- Configured cppcheck exclude dirs and/or files: 
-- Added test 'lint_cmake' to check CMake code style
-- Added test 'xmllint' to check XML markup files
-- Configuring done
-- Generating done
-- Build files have been written to: /home/jelly/ros2_ws/build/fp
[35m[1mConsolidate compiler generated dependencies of target maybe_error[0m
[35m[1mConsolidate compiler generated dependencies of target no_discard[0m
[35m[1mConsolidate compiler generated dependencies of target result[0m
[35m[1mConsolidate compiler generated dependencies of target validate_in[0m
[  5%] [32mBuilding CXX object examples/CMakeFiles/maybe_error.dir/maybe_error.cpp.o[0m
[ 10%] [32mBuilding CXX object examples/CMakeFiles/no_discard.dir/no_discard.cpp.o[0m
[ 15%] [32mBuilding CXX object examples/CMakeFiles/result.dir/result.cpp.o[0m
[ 20%] [32mBuilding CXX object examples/CMakeFiles/validate_in.dir/validate_in.cpp.o[0m
[ 25%] [32m[1mLinking CXX executable maybe_error[0m
[ 25%] Built target maybe_error
[35m[1mConsolidate compiler generated dependencies of target validate_range[0m
[ 30%] [32mBuilding CXX object examples/CMakeFiles/validate_range.dir/validate_range.cpp.o[0m
[ 35%] [32m[1mLinking CXX executable validate_in[0m
[ 40%] [32m[1mLinking CXX executable no_discard[0m
[ 40%] Built target validate_in
[35m[1mConsolidate compiler generated dependencies of target gtest_main[0m
[ 50%] Built target gtest_main
[ 50%] Built target no_discard
[35m[1mConsolidate compiler generated dependencies of target gtest[0m
[ 60%] Built target gtest
[35m[1mConsolidate compiler generated dependencies of target mbind_tests[0m
[35m[1mConsolidate compiler generated dependencies of target result_tests[0m
[ 65%] [32mBuilding CXX object test/CMakeFiles/mbind_tests.dir/mbind_tests.cpp.o[0m
[ 70%] [32mBuilding CXX object test/CMakeFiles/result_tests.dir/result_tests.cpp.o[0m
[ 75%] [32m[1mLinking CXX executable result[0m
[ 75%] Built target result
[35m[1mConsolidate compiler generated dependencies of target validate_tests[0m
[ 80%] [32mBuilding CXX object test/CMakeFiles/validate_tests.dir/validate_tests.cpp.o[0m
[ 85%] [32m[1mLinking CXX executable validate_range[0m
[ 85%] Built target validate_range
[ 90%] [32m[1mLinking CXX executable mbind_tests[0m
[ 90%] Built target mbind_tests
[ 95%] [32m[1mLinking CXX executable result_tests[0m
[ 95%] Built target result_tests
[100%] [32m[1mLinking CXX executable validate_tests[0m
[100%] Built target validate_tests
-- Install configuration: ""
-- Up-to-date: /usr/local/include/
