[0.036s] Invoking command in '/home/jelly/ros2_ws/build/fp': /usr/bin/cmake --build /home/jelly/ros2_ws/build/fp -- -j4 -l4
[0.088s] -- Found ament_cmake: 1.3.9 (/opt/ros/humble/share/ament_cmake/cmake)
[0.376s] -- Found ament_lint_auto: 0.12.11 (/opt/ros/humble/share/ament_lint_auto/cmake)
[0.522s] -- Found gtest sources under '/opt/ros/humble/src/gtest_vendor': C++ tests using 'Google Test' will be built
[0.543s] -- Added test 'copyright' to check source files copyright and LICENSE
[0.553s] -- Added test 'cppcheck' to perform static code analysis on C / C++ code
[0.553s] -- Configured cppcheck include dirs: $<BUILD_INTERFACE:/home/jelly/ros2_ws/src/fp/include>
[0.553s] -- Configured cppcheck exclude dirs and/or files: 
[0.555s] -- Added test 'lint_cmake' to check CMake code style
[0.561s] -- Added test 'xmllint' to check XML markup files
[0.565s] -- Configuring done
[0.624s] -- Generating done
[0.632s] -- Build files have been written to: /home/jelly/ros2_ws/build/fp
[0.812s] [35m[1mConsolidate compiler generated dependencies of target maybe_error[0m
[0.933s] [35m[1mConsolidate compiler generated dependencies of target no_discard[0m
[1.051s] [35m[1mConsolidate compiler generated dependencies of target result[0m
[1.087s] [35m[1mConsolidate compiler generated dependencies of target validate_in[0m
[1.087s] [  5%] [32mBuilding CXX object examples/CMakeFiles/maybe_error.dir/maybe_error.cpp.o[0m
[1.191s] [ 10%] [32mBuilding CXX object examples/CMakeFiles/no_discard.dir/no_discard.cpp.o[0m
[1.192s] [ 15%] [32mBuilding CXX object examples/CMakeFiles/result.dir/result.cpp.o[0m
[1.193s] [ 20%] [32mBuilding CXX object examples/CMakeFiles/validate_in.dir/validate_in.cpp.o[0m
[9.330s] [ 25%] [32m[1mLinking CXX executable maybe_error[0m
[9.678s] [ 25%] Built target maybe_error
[9.745s] [35m[1mConsolidate compiler generated dependencies of target validate_range[0m
[9.820s] [ 30%] [32mBuilding CXX object examples/CMakeFiles/validate_range.dir/validate_range.cpp.o[0m
[9.949s] [ 35%] [32m[1mLinking CXX executable validate_in[0m
[10.102s] [ 40%] [32m[1mLinking CXX executable no_discard[0m
[10.302s] [ 40%] Built target validate_in
[10.340s] [35m[1mConsolidate compiler generated dependencies of target gtest_main[0m
[10.449s] [ 50%] Built target gtest_main
[10.450s] [ 50%] Built target no_discard
[10.512s] [35m[1mConsolidate compiler generated dependencies of target gtest[0m
[10.574s] [ 60%] Built target gtest
[10.645s] [35m[1mConsolidate compiler generated dependencies of target mbind_tests[0m
[10.665s] [35m[1mConsolidate compiler generated dependencies of target result_tests[0m
[10.719s] [ 65%] [32mBuilding CXX object test/CMakeFiles/mbind_tests.dir/mbind_tests.cpp.o[0m
[10.749s] [ 70%] [32mBuilding CXX object test/CMakeFiles/result_tests.dir/result_tests.cpp.o[0m
[12.482s] [ 75%] [32m[1mLinking CXX executable result[0m
[12.807s] [ 75%] Built target result
[12.851s] [35m[1mConsolidate compiler generated dependencies of target validate_tests[0m
[12.938s] [ 80%] [32mBuilding CXX object test/CMakeFiles/validate_tests.dir/validate_tests.cpp.o[0m
[16.639s] [ 85%] [32m[1mLinking CXX executable validate_range[0m
[17.044s] [ 85%] Built target validate_range
[17.435s] [ 90%] [32m[1mLinking CXX executable mbind_tests[0m
[18.100s] [ 90%] Built target mbind_tests
[22.875s] [ 95%] [32m[1mLinking CXX executable result_tests[0m
[23.188s] [ 95%] Built target result_tests
[23.525s] [100%] [32m[1mLinking CXX executable validate_tests[0m
[24.034s] [100%] Built target validate_tests
[24.090s] Invoked command in '/home/jelly/ros2_ws/build/fp' returned '0': /usr/bin/cmake --build /home/jelly/ros2_ws/build/fp -- -j4 -l4
[24.245s] Invoking command in '/home/jelly/ros2_ws/build/fp': /usr/bin/cmake --install /home/jelly/ros2_ws/build/fp
[24.286s] -- Install configuration: ""
[24.287s] [31mCMake Error at cmake_install.cmake:51 (file):
[24.287s]   file INSTALL cannot set permissions on "/usr/local/include/": Operation not
[24.287s]   permitted.
[24.288s] 
[24.288s] [0m
[24.288s] -- Up-to-date: /usr/local/include/
[24.295s] Invoked command in '/home/jelly/ros2_ws/build/fp' returned '1': /usr/bin/cmake --install /home/jelly/ros2_ws/build/fp
