[0.030s] Invoking command in '/home/jelly/ros2_ws/build/FMT': /usr/bin/cmake --build /home/jelly/ros2_ws/build/FMT -- -j4 -l4
[0.160s] [  4%] Built target fmt
[0.168s] [  7%] Built target gtest
[0.227s] [ 12%] Built target test-main
[0.248s] [ 21%] Built target compile-fp-test
[0.253s] [ 30%] Built target format-impl-test
[0.291s] [ 39%] Built target scan-test
[0.356s] [ 47%] Built target unicode-test
[0.376s] [ 50%] Built target enforce-checks-test
[0.405s] [ 53%] Built target xchar-test
[0.406s] [ 61%] Built target posix-mock-test
[0.470s] [ 64%] Built target os-test
[0.470s] [ 67%] Built target base-test
[0.483s] [ 70%] Built target args-test
[0.517s] [ 73%] Built target color-test
[0.529s] [ 76%] Built target assert-test
[0.535s] [ 78%] Built target chrono-test
[0.570s] [ 81%] Built target gtest-extra-test
[0.596s] [ 84%] Built target format-test
[0.607s] [ 87%] Built target ostream-test
[0.625s] [ 90%] Built target compile-test
[0.679s] [ 92%] Built target printf-test
[0.696s] [ 97%] Built target ranges-test
[0.712s] [100%] Built target std-test
[1.050s] Invoked command in '/home/jelly/ros2_ws/build/FMT' returned '0': /usr/bin/cmake --build /home/jelly/ros2_ws/build/FMT -- -j4 -l4
[1.212s] Invoking command in '/home/jelly/ros2_ws/build/FMT': /usr/bin/cmake --install /home/jelly/ros2_ws/build/FMT
[1.229s] -- Install configuration: "Release"
[1.229s] -- Up-to-date: /home/jelly/ros2_ws/install/FMT/lib/libfmt.a
[1.229s] -- Up-to-date: /home/jelly/ros2_ws/install/FMT/include/fmt/args.h
[1.229s] -- Up-to-date: /home/jelly/ros2_ws/install/FMT/include/fmt/base.h
[1.229s] -- Up-to-date: /home/jelly/ros2_ws/install/FMT/include/fmt/chrono.h
[1.229s] -- Up-to-date: /home/jelly/ros2_ws/install/FMT/include/fmt/color.h
[1.230s] -- Up-to-date: /home/jelly/ros2_ws/install/FMT/include/fmt/compile.h
[1.230s] -- Up-to-date: /home/jelly/ros2_ws/install/FMT/include/fmt/core.h
[1.230s] -- Up-to-date: /home/jelly/ros2_ws/install/FMT/include/fmt/format.h
[1.230s] -- Up-to-date: /home/jelly/ros2_ws/install/FMT/include/fmt/format-inl.h
[1.230s] -- Up-to-date: /home/jelly/ros2_ws/install/FMT/include/fmt/os.h
[1.230s] -- Up-to-date: /home/jelly/ros2_ws/install/FMT/include/fmt/ostream.h
[1.230s] -- Up-to-date: /home/jelly/ros2_ws/install/FMT/include/fmt/printf.h
[1.230s] -- Up-to-date: /home/jelly/ros2_ws/install/FMT/include/fmt/ranges.h
[1.230s] -- Up-to-date: /home/jelly/ros2_ws/install/FMT/include/fmt/std.h
[1.231s] -- Up-to-date: /home/jelly/ros2_ws/install/FMT/include/fmt/xchar.h
[1.231s] -- Up-to-date: /home/jelly/ros2_ws/install/FMT/lib/cmake/fmt/fmt-config.cmake
[1.231s] -- Up-to-date: /home/jelly/ros2_ws/install/FMT/lib/cmake/fmt/fmt-config-version.cmake
[1.231s] -- Up-to-date: /home/jelly/ros2_ws/install/FMT/lib/cmake/fmt/fmt-targets.cmake
[1.231s] -- Up-to-date: /home/jelly/ros2_ws/install/FMT/lib/cmake/fmt/fmt-targets-release.cmake
[1.231s] -- Up-to-date: /home/jelly/ros2_ws/install/FMT/lib/pkgconfig/fmt.pc
[1.234s] Invoked command in '/home/jelly/ros2_ws/build/FMT' returned '0': /usr/bin/cmake --install /home/jelly/ros2_ws/build/FMT
