[0.064s] Invoking command in '/home/jelly/ros2_ws/build/FMT': /usr/bin/cmake --build /home/jelly/ros2_ws/build/FMT -- -j4 -l4
[0.173s] [  4%] Built target fmt
[0.182s] [  7%] Built target gtest
[0.252s] [ 16%] Built target format-impl-test
[0.281s] [ 25%] Built target test-main
[0.281s] [ 30%] Built target scan-test
[0.293s] [ 39%] Built target compile-fp-test
[0.379s] [ 47%] Built target posix-mock-test
[0.400s] [ 56%] Built target unicode-test
[0.437s] [ 59%] Built target args-test
[0.437s] [ 61%] Built target os-test
[0.511s] [ 64%] Built target assert-test
[0.522s] [ 67%] Built target base-test
[0.532s] [ 70%] Built target color-test
[0.551s] [ 73%] Built target chrono-test
[0.585s] [ 76%] Built target format-test
[0.594s] [ 78%] Built target gtest-extra-test
[0.636s] [ 81%] Built target ostream-test
[0.672s] [ 84%] Built target compile-test
[0.691s] [ 87%] Built target printf-test
[0.712s] [ 91%] Built target ranges-test
[0.719s] [ 94%] Built target std-test
[0.748s] [ 97%] Built target xchar-test
[0.768s] [100%] Built target enforce-checks-test
[1.147s] Invoked command in '/home/jelly/ros2_ws/build/FMT' returned '0': /usr/bin/cmake --build /home/jelly/ros2_ws/build/FMT -- -j4 -l4
[1.298s] Invoking command in '/home/jelly/ros2_ws/build/FMT': /usr/bin/cmake --install /home/jelly/ros2_ws/build/FMT
[1.314s] -- Install configuration: "Release"
[1.314s] -- Up-to-date: /home/jelly/ros2_ws/install/FMT/lib/libfmt.a
[1.315s] -- Up-to-date: /home/jelly/ros2_ws/install/FMT/include/fmt/args.h
[1.315s] -- Up-to-date: /home/jelly/ros2_ws/install/FMT/include/fmt/base.h
[1.315s] -- Up-to-date: /home/jelly/ros2_ws/install/FMT/include/fmt/chrono.h
[1.315s] -- Up-to-date: /home/jelly/ros2_ws/install/FMT/include/fmt/color.h
[1.316s] -- Up-to-date: /home/jelly/ros2_ws/install/FMT/include/fmt/compile.h
[1.316s] -- Up-to-date: /home/jelly/ros2_ws/install/FMT/include/fmt/core.h
[1.316s] -- Up-to-date: /home/jelly/ros2_ws/install/FMT/include/fmt/format.h
[1.316s] -- Up-to-date: /home/jelly/ros2_ws/install/FMT/include/fmt/format-inl.h
[1.316s] -- Up-to-date: /home/jelly/ros2_ws/install/FMT/include/fmt/os.h
[1.316s] -- Up-to-date: /home/jelly/ros2_ws/install/FMT/include/fmt/ostream.h
[1.316s] -- Up-to-date: /home/jelly/ros2_ws/install/FMT/include/fmt/printf.h
[1.317s] -- Up-to-date: /home/jelly/ros2_ws/install/FMT/include/fmt/ranges.h
[1.317s] -- Up-to-date: /home/jelly/ros2_ws/install/FMT/include/fmt/std.h
[1.317s] -- Up-to-date: /home/jelly/ros2_ws/install/FMT/include/fmt/xchar.h
[1.317s] -- Up-to-date: /home/jelly/ros2_ws/install/FMT/lib/cmake/fmt/fmt-config.cmake
[1.318s] -- Up-to-date: /home/jelly/ros2_ws/install/FMT/lib/cmake/fmt/fmt-config-version.cmake
[1.318s] -- Up-to-date: /home/jelly/ros2_ws/install/FMT/lib/cmake/fmt/fmt-targets.cmake
[1.318s] -- Up-to-date: /home/jelly/ros2_ws/install/FMT/lib/cmake/fmt/fmt-targets-release.cmake
[1.318s] -- Up-to-date: /home/jelly/ros2_ws/install/FMT/lib/pkgconfig/fmt.pc
[1.340s] Invoked command in '/home/jelly/ros2_ws/build/FMT' returned '0': /usr/bin/cmake --install /home/jelly/ros2_ws/build/FMT
