[0.253s] DEBUG:colcon:Command line arguments: ['/home/coleman/.local/bin/colcon', 'build']
[0.253s] DEBUG:colcon:Parsed command line arguments: Namespace(log_base=None, log_level=None, verb_name='build', build_base='build', install_base='install', merge_install=False, symlink_install=False, test_result_base=None, continue_on_error=False, executor='parallel', parallel_workers=16, event_handlers=None, ignore_user_meta=False, metas=['./colcon.meta'], base_paths=['.'], packages_ignore=None, packages_ignore_regex=None, paths=None, packages_up_to=None, packages_up_to_regex=None, packages_above=None, packages_above_and_dependencies=None, packages_above_depth=None, packages_select_by_dep=None, packages_skip_by_dep=None, packages_skip_up_to=None, packages_select_build_failed=False, packages_skip_build_finished=False, packages_select_test_failures=False, packages_skip_test_passed=False, packages_select=None, packages_skip=None, packages_select_regex=None, packages_skip_regex=None, packages_start=None, packages_end=None, allow_overriding=[], cmake_args=None, cmake_target=None, cmake_target_skip_unavailable=False, cmake_clean_cache=False, cmake_clean_first=False, cmake_force_configure=False, ament_cmake_args=None, catkin_cmake_args=None, catkin_skip_building_tests=False, verb_parser=<colcon_defaults.argument_parser.defaults.DefaultArgumentsDecorator object at 0x734f70685cc0>, verb_extension=<colcon_core.verb.build.BuildVerb object at 0x734f707d2710>, main=<bound method BuildVerb.main of <colcon_core.verb.build.BuildVerb object at 0x734f707d2710>>)
[0.580s] Level 1:colcon.colcon_core.package_discovery:discover_packages(colcon_meta) check parameters
[0.581s] Level 1:colcon.colcon_core.package_discovery:discover_packages(recursive) check parameters
[0.581s] Level 1:colcon.colcon_core.package_discovery:discover_packages(ignore) check parameters
[0.581s] Level 1:colcon.colcon_core.package_discovery:discover_packages(path) check parameters
[0.581s] Level 1:colcon.colcon_core.package_discovery:discover_packages(colcon_meta) discover
[0.581s] Level 1:colcon.colcon_core.package_discovery:discover_packages(recursive) discover
[0.581s] INFO:colcon.colcon_core.package_discovery:Crawling recursively for packages in '/home/coleman/ros2_ws'
[0.581s] Level 1:colcon.colcon_core.package_identification:_identify(.) by extensions ['ignore', 'ignore_ament_install']
[0.581s] Level 1:colcon.colcon_core.package_identification:_identify(.) by extension 'ignore'
[0.582s] Level 1:colcon.colcon_core.package_identification:_identify(.) by extension 'ignore_ament_install'
[0.582s] Level 1:colcon.colcon_core.package_identification:_identify(.) by extensions ['colcon_pkg']
[0.582s] Level 1:colcon.colcon_core.package_identification:_identify(.) by extension 'colcon_pkg'
[0.582s] Level 1:colcon.colcon_core.package_identification:_identify(.) by extensions ['colcon_meta']
[0.582s] Level 1:colcon.colcon_core.package_identification:_identify(.) by extension 'colcon_meta'
[0.582s] Level 1:colcon.colcon_core.package_identification:_identify(.) by extensions ['ros']
[0.582s] Level 1:colcon.colcon_core.package_identification:_identify(.) by extension 'ros'
[0.603s] Level 1:colcon.colcon_core.package_identification:_identify(.) by extensions ['cmake', 'python']
[0.603s] Level 1:colcon.colcon_core.package_identification:_identify(.) by extension 'cmake'
[0.603s] Level 1:colcon.colcon_core.package_identification:_identify(.) by extension 'python'
[0.603s] Level 1:colcon.colcon_core.package_identification:_identify(.) by extensions ['python_setup_py']
[0.604s] Level 1:colcon.colcon_core.package_identification:_identify(.) by extension 'python_setup_py'
[0.604s] Level 1:colcon.colcon_core.package_identification:_identify(build) by extensions ['ignore', 'ignore_ament_install']
[0.604s] Level 1:colcon.colcon_core.package_identification:_identify(build) by extension 'ignore'
[0.604s] Level 1:colcon.colcon_core.package_identification:_identify(build) ignored
[0.605s] Level 1:colcon.colcon_core.package_identification:_identify(install) by extensions ['ignore', 'ignore_ament_install']
[0.605s] Level 1:colcon.colcon_core.package_identification:_identify(install) by extension 'ignore'
[0.605s] Level 1:colcon.colcon_core.package_identification:_identify(install) ignored
[0.605s] Level 1:colcon.colcon_core.package_identification:_identify(log) by extensions ['ignore', 'ignore_ament_install']
[0.605s] Level 1:colcon.colcon_core.package_identification:_identify(log) by extension 'ignore'
[0.605s] Level 1:colcon.colcon_core.package_identification:_identify(log) ignored
[0.606s] Level 1:colcon.colcon_core.package_identification:_identify(src) by extensions ['ignore', 'ignore_ament_install']
[0.606s] Level 1:colcon.colcon_core.package_identification:_identify(src) by extension 'ignore'
[0.606s] Level 1:colcon.colcon_core.package_identification:_identify(src) by extension 'ignore_ament_install'
[0.606s] Level 1:colcon.colcon_core.package_identification:_identify(src) by extensions ['colcon_pkg']
[0.606s] Level 1:colcon.colcon_core.package_identification:_identify(src) by extension 'colcon_pkg'
[0.606s] Level 1:colcon.colcon_core.package_identification:_identify(src) by extensions ['colcon_meta']
[0.606s] Level 1:colcon.colcon_core.package_identification:_identify(src) by extension 'colcon_meta'
[0.606s] Level 1:colcon.colcon_core.package_identification:_identify(src) by extensions ['ros']
[0.606s] Level 1:colcon.colcon_core.package_identification:_identify(src) by extension 'ros'
[0.607s] Level 1:colcon.colcon_core.package_identification:_identify(src) by extensions ['cmake', 'python']
[0.607s] Level 1:colcon.colcon_core.package_identification:_identify(src) by extension 'cmake'
[0.607s] Level 1:colcon.colcon_core.package_identification:_identify(src) by extension 'python'
[0.607s] Level 1:colcon.colcon_core.package_identification:_identify(src) by extensions ['python_setup_py']
[0.607s] Level 1:colcon.colcon_core.package_identification:_identify(src) by extension 'python_setup_py'
[0.608s] Level 1:colcon.colcon_core.package_identification:_identify(src/mycobot_ros2) by extensions ['ignore', 'ignore_ament_install']
[0.608s] Level 1:colcon.colcon_core.package_identification:_identify(src/mycobot_ros2) by extension 'ignore'
[0.608s] Level 1:colcon.colcon_core.package_identification:_identify(src/mycobot_ros2) by extension 'ignore_ament_install'
[0.608s] Level 1:colcon.colcon_core.package_identification:_identify(src/mycobot_ros2) by extensions ['colcon_pkg']
[0.608s] Level 1:colcon.colcon_core.package_identification:_identify(src/mycobot_ros2) by extension 'colcon_pkg'
[0.608s] Level 1:colcon.colcon_core.package_identification:_identify(src/mycobot_ros2) by extensions ['colcon_meta']
[0.608s] Level 1:colcon.colcon_core.package_identification:_identify(src/mycobot_ros2) by extension 'colcon_meta'
[0.608s] Level 1:colcon.colcon_core.package_identification:_identify(src/mycobot_ros2) by extensions ['ros']
[0.608s] Level 1:colcon.colcon_core.package_identification:_identify(src/mycobot_ros2) by extension 'ros'
[0.609s] Level 1:colcon.colcon_core.package_identification:_identify(src/mycobot_ros2) by extensions ['cmake', 'python']
[0.609s] Level 1:colcon.colcon_core.package_identification:_identify(src/mycobot_ros2) by extension 'cmake'
[0.609s] Level 1:colcon.colcon_core.package_identification:_identify(src/mycobot_ros2) by extension 'python'
[0.609s] Level 1:colcon.colcon_core.package_identification:_identify(src/mycobot_ros2) by extensions ['python_setup_py']
[0.609s] Level 1:colcon.colcon_core.package_identification:_identify(src/mycobot_ros2) by extension 'python_setup_py'
[0.609s] Level 1:colcon.colcon_core.package_identification:_identify(src/mycobot_ros2/mycobot_description) by extensions ['ignore', 'ignore_ament_install']
[0.609s] Level 1:colcon.colcon_core.package_identification:_identify(src/mycobot_ros2/mycobot_description) by extension 'ignore'
[0.609s] Level 1:colcon.colcon_core.package_identification:_identify(src/mycobot_ros2/mycobot_description) by extension 'ignore_ament_install'
[0.609s] Level 1:colcon.colcon_core.package_identification:_identify(src/mycobot_ros2/mycobot_description) by extensions ['colcon_pkg']
[0.610s] Level 1:colcon.colcon_core.package_identification:_identify(src/mycobot_ros2/mycobot_description) by extension 'colcon_pkg'
[0.610s] Level 1:colcon.colcon_core.package_identification:_identify(src/mycobot_ros2/mycobot_description) by extensions ['colcon_meta']
[0.610s] Level 1:colcon.colcon_core.package_identification:_identify(src/mycobot_ros2/mycobot_description) by extension 'colcon_meta'
[0.610s] Level 1:colcon.colcon_core.package_identification:_identify(src/mycobot_ros2/mycobot_description) by extensions ['ros']
[0.610s] Level 1:colcon.colcon_core.package_identification:_identify(src/mycobot_ros2/mycobot_description) by extension 'ros'
[0.614s] DEBUG:colcon.colcon_core.package_identification:Package 'src/mycobot_ros2/mycobot_description' with type 'ros.ament_cmake' and name 'mycobot_description'
[0.614s] Level 1:colcon.colcon_core.package_identification:_identify(src/mycobot_ros2/mycobot_gazebo) by extensions ['ignore', 'ignore_ament_install']
[0.614s] Level 1:colcon.colcon_core.package_identification:_identify(src/mycobot_ros2/mycobot_gazebo) by extension 'ignore'
[0.615s] Level 1:colcon.colcon_core.package_identification:_identify(src/mycobot_ros2/mycobot_gazebo) by extension 'ignore_ament_install'
[0.615s] Level 1:colcon.colcon_core.package_identification:_identify(src/mycobot_ros2/mycobot_gazebo) by extensions ['colcon_pkg']
[0.615s] Level 1:colcon.colcon_core.package_identification:_identify(src/mycobot_ros2/mycobot_gazebo) by extension 'colcon_pkg'
[0.615s] Level 1:colcon.colcon_core.package_identification:_identify(src/mycobot_ros2/mycobot_gazebo) by extensions ['colcon_meta']
[0.615s] Level 1:colcon.colcon_core.package_identification:_identify(src/mycobot_ros2/mycobot_gazebo) by extension 'colcon_meta'
[0.615s] Level 1:colcon.colcon_core.package_identification:_identify(src/mycobot_ros2/mycobot_gazebo) by extensions ['ros']
[0.615s] Level 1:colcon.colcon_core.package_identification:_identify(src/mycobot_ros2/mycobot_gazebo) by extension 'ros'
[0.616s] DEBUG:colcon.colcon_core.package_identification:Package 'src/mycobot_ros2/mycobot_gazebo' with type 'ros.ament_cmake' and name 'mycobot_gazebo'
[0.617s] Level 1:colcon.colcon_core.package_identification:_identify(src/mycobot_ros2/mycobot_ros2) by extensions ['ignore', 'ignore_ament_install']
[0.617s] Level 1:colcon.colcon_core.package_identification:_identify(src/mycobot_ros2/mycobot_ros2) by extension 'ignore'
[0.617s] Level 1:colcon.colcon_core.package_identification:_identify(src/mycobot_ros2/mycobot_ros2) by extension 'ignore_ament_install'
[0.617s] Level 1:colcon.colcon_core.package_identification:_identify(src/mycobot_ros2/mycobot_ros2) by extensions ['colcon_pkg']
[0.617s] Level 1:colcon.colcon_core.package_identification:_identify(src/mycobot_ros2/mycobot_ros2) by extension 'colcon_pkg'
[0.617s] Level 1:colcon.colcon_core.package_identification:_identify(src/mycobot_ros2/mycobot_ros2) by extensions ['colcon_meta']
[0.617s] Level 1:colcon.colcon_core.package_identification:_identify(src/mycobot_ros2/mycobot_ros2) by extension 'colcon_meta'
[0.617s] Level 1:colcon.colcon_core.package_identification:_identify(src/mycobot_ros2/mycobot_ros2) by extensions ['ros']
[0.617s] Level 1:colcon.colcon_core.package_identification:_identify(src/mycobot_ros2/mycobot_ros2) by extension 'ros'
[0.618s] DEBUG:colcon.colcon_core.package_identification:Package 'src/mycobot_ros2/mycobot_ros2' with type 'ros.ament_cmake' and name 'mycobot_ros2'
[0.618s] Level 1:colcon.colcon_core.package_discovery:discover_packages(recursive) using defaults
[0.618s] Level 1:colcon.colcon_core.package_discovery:discover_packages(ignore) discover
[0.618s] Level 1:colcon.colcon_core.package_discovery:discover_packages(ignore) using defaults
[0.618s] Level 1:colcon.colcon_core.package_discovery:discover_packages(path) discover
[0.619s] Level 1:colcon.colcon_core.package_discovery:discover_packages(path) using defaults
[0.652s] Level 1:colcon.colcon_core.package_discovery:discover_packages(prefix_path) check parameters
[0.652s] Level 1:colcon.colcon_core.package_discovery:discover_packages(prefix_path) discover
[0.656s] DEBUG:colcon.colcon_installed_package_information.package_discovery:Found 3 installed packages in /home/coleman/ros2_ws/install
[0.660s] DEBUG:colcon.colcon_installed_package_information.package_discovery:Found 372 installed packages in /opt/ros/humble
[0.663s] Level 1:colcon.colcon_core.package_discovery:discover_packages(prefix_path) using defaults
[0.770s] Level 5:colcon.colcon_core.verb:set package 'mycobot_description' build argument 'cmake_args' from command line to 'None'
[0.770s] Level 5:colcon.colcon_core.verb:set package 'mycobot_description' build argument 'cmake_target' from command line to 'None'
[0.770s] Level 5:colcon.colcon_core.verb:set package 'mycobot_description' build argument 'cmake_target_skip_unavailable' from command line to 'False'
[0.770s] Level 5:colcon.colcon_core.verb:set package 'mycobot_description' build argument 'cmake_clean_cache' from command line to 'False'
[0.771s] Level 5:colcon.colcon_core.verb:set package 'mycobot_description' build argument 'cmake_clean_first' from command line to 'False'
[0.771s] Level 5:colcon.colcon_core.verb:set package 'mycobot_description' build argument 'cmake_force_configure' from command line to 'False'
[0.771s] Level 5:colcon.colcon_core.verb:set package 'mycobot_description' build argument 'ament_cmake_args' from command line to 'None'
[0.771s] Level 5:colcon.colcon_core.verb:set package 'mycobot_description' build argument 'catkin_cmake_args' from command line to 'None'
[0.771s] Level 5:colcon.colcon_core.verb:set package 'mycobot_description' build argument 'catkin_skip_building_tests' from command line to 'False'
[0.772s] DEBUG:colcon.colcon_core.verb:Building package 'mycobot_description' with the following arguments: {'ament_cmake_args': None, 'build_base': '/home/coleman/ros2_ws/build/mycobot_description', 'catkin_cmake_args': None, 'catkin_skip_building_tests': False, 'cmake_args': None, 'cmake_clean_cache': False, 'cmake_clean_first': False, 'cmake_force_configure': False, 'cmake_target': None, 'cmake_target_skip_unavailable': False, 'install_base': '/home/coleman/ros2_ws/install/mycobot_description', 'merge_install': False, 'path': '/home/coleman/ros2_ws/src/mycobot_ros2/mycobot_description', 'symlink_install': False, 'test_result_base': None}
[0.772s] Level 5:colcon.colcon_core.verb:set package 'mycobot_gazebo' build argument 'cmake_args' from command line to 'None'
[0.772s] Level 5:colcon.colcon_core.verb:set package 'mycobot_gazebo' build argument 'cmake_target' from command line to 'None'
[0.772s] Level 5:colcon.colcon_core.verb:set package 'mycobot_gazebo' build argument 'cmake_target_skip_unavailable' from command line to 'False'
[0.773s] Level 5:colcon.colcon_core.verb:set package 'mycobot_gazebo' build argument 'cmake_clean_cache' from command line to 'False'
[0.773s] Level 5:colcon.colcon_core.verb:set package 'mycobot_gazebo' build argument 'cmake_clean_first' from command line to 'False'
[0.773s] Level 5:colcon.colcon_core.verb:set package 'mycobot_gazebo' build argument 'cmake_force_configure' from command line to 'False'
[0.773s] Level 5:colcon.colcon_core.verb:set package 'mycobot_gazebo' build argument 'ament_cmake_args' from command line to 'None'
[0.773s] Level 5:colcon.colcon_core.verb:set package 'mycobot_gazebo' build argument 'catkin_cmake_args' from command line to 'None'
[0.773s] Level 5:colcon.colcon_core.verb:set package 'mycobot_gazebo' build argument 'catkin_skip_building_tests' from command line to 'False'
[0.773s] DEBUG:colcon.colcon_core.verb:Building package 'mycobot_gazebo' with the following arguments: {'ament_cmake_args': None, 'build_base': '/home/coleman/ros2_ws/build/mycobot_gazebo', 'catkin_cmake_args': None, 'catkin_skip_building_tests': False, 'cmake_args': None, 'cmake_clean_cache': False, 'cmake_clean_first': False, 'cmake_force_configure': False, 'cmake_target': None, 'cmake_target_skip_unavailable': False, 'install_base': '/home/coleman/ros2_ws/install/mycobot_gazebo', 'merge_install': False, 'path': '/home/coleman/ros2_ws/src/mycobot_ros2/mycobot_gazebo', 'symlink_install': False, 'test_result_base': None}
[0.773s] Level 5:colcon.colcon_core.verb:set package 'mycobot_ros2' build argument 'cmake_args' from command line to 'None'
[0.774s] Level 5:colcon.colcon_core.verb:set package 'mycobot_ros2' build argument 'cmake_target' from command line to 'None'
[0.774s] Level 5:colcon.colcon_core.verb:set package 'mycobot_ros2' build argument 'cmake_target_skip_unavailable' from command line to 'False'
[0.774s] Level 5:colcon.colcon_core.verb:set package 'mycobot_ros2' build argument 'cmake_clean_cache' from command line to 'False'
[0.774s] Level 5:colcon.colcon_core.verb:set package 'mycobot_ros2' build argument 'cmake_clean_first' from command line to 'False'
[0.774s] Level 5:colcon.colcon_core.verb:set package 'mycobot_ros2' build argument 'cmake_force_configure' from command line to 'False'
[0.774s] Level 5:colcon.colcon_core.verb:set package 'mycobot_ros2' build argument 'ament_cmake_args' from command line to 'None'
[0.774s] Level 5:colcon.colcon_core.verb:set package 'mycobot_ros2' build argument 'catkin_cmake_args' from command line to 'None'
[0.774s] Level 5:colcon.colcon_core.verb:set package 'mycobot_ros2' build argument 'catkin_skip_building_tests' from command line to 'False'
[0.774s] DEBUG:colcon.colcon_core.verb:Building package 'mycobot_ros2' with the following arguments: {'ament_cmake_args': None, 'build_base': '/home/coleman/ros2_ws/build/mycobot_ros2', 'catkin_cmake_args': None, 'catkin_skip_building_tests': False, 'cmake_args': None, 'cmake_clean_cache': False, 'cmake_clean_first': False, 'cmake_force_configure': False, 'cmake_target': None, 'cmake_target_skip_unavailable': False, 'install_base': '/home/coleman/ros2_ws/install/mycobot_ros2', 'merge_install': False, 'path': '/home/coleman/ros2_ws/src/mycobot_ros2/mycobot_ros2', 'symlink_install': False, 'test_result_base': None}
[0.774s] INFO:colcon.colcon_core.executor:Executing jobs using 'parallel' executor
[0.776s] DEBUG:colcon.colcon_parallel_executor.executor.parallel:run_until_complete
[0.777s] INFO:colcon.colcon_ros.task.ament_cmake.build:Building ROS package in '/home/coleman/ros2_ws/src/mycobot_ros2/mycobot_description' with build type 'ament_cmake'
[0.777s] INFO:colcon.colcon_cmake.task.cmake.build:Building CMake package in '/home/coleman/ros2_ws/src/mycobot_ros2/mycobot_description'
[0.786s] INFO:colcon.colcon_core.plugin_system:Skipping extension 'colcon_core.shell.bat': Not used on non-Windows systems
[0.786s] INFO:colcon.colcon_core.shell:Skip shell extension 'powershell' for command environment: Not usable outside of PowerShell
[0.786s] DEBUG:colcon.colcon_core.shell:Skip shell extension 'dsv' for command environment
[0.796s] INFO:colcon.colcon_ros.task.ament_cmake.build:Building ROS package in '/home/coleman/ros2_ws/src/mycobot_ros2/mycobot_gazebo' with build type 'ament_cmake'
[0.797s] INFO:colcon.colcon_cmake.task.cmake.build:Building CMake package in '/home/coleman/ros2_ws/src/mycobot_ros2/mycobot_gazebo'
[0.797s] INFO:colcon.colcon_core.shell:Skip shell extension 'powershell' for command environment: Not usable outside of PowerShell
[0.798s] DEBUG:colcon.colcon_core.shell:Skip shell extension 'dsv' for command environment
[0.818s] DEBUG:colcon.colcon_core.event_handler.log_command:Invoking command in '/home/coleman/ros2_ws/build/mycobot_description': CMAKE_PREFIX_PATH=${CMAKE_PREFIX_PATH}:/opt/ros/humble /usr/bin/cmake --build /home/coleman/ros2_ws/build/mycobot_description -- -j16 -l16
[0.846s] DEBUG:colcon.colcon_core.event_handler.log_command:Invoking command in '/home/coleman/ros2_ws/build/mycobot_gazebo': CMAKE_PREFIX_PATH=${CMAKE_PREFIX_PATH}:/opt/ros/humble /usr/bin/cmake --build /home/coleman/ros2_ws/build/mycobot_gazebo -- -j16 -l16
[0.913s] DEBUG:colcon.colcon_core.event_handler.log_command:Invoked command in '/home/coleman/ros2_ws/build/mycobot_description' returned '0': CMAKE_PREFIX_PATH=${CMAKE_PREFIX_PATH}:/opt/ros/humble /usr/bin/cmake --build /home/coleman/ros2_ws/build/mycobot_description -- -j16 -l16
[0.937s] DEBUG:colcon.colcon_core.event_handler.log_command:Invoked command in '/home/coleman/ros2_ws/build/mycobot_gazebo' returned '0': CMAKE_PREFIX_PATH=${CMAKE_PREFIX_PATH}:/opt/ros/humble /usr/bin/cmake --build /home/coleman/ros2_ws/build/mycobot_gazebo -- -j16 -l16
[0.994s] DEBUG:colcon.colcon_core.event_handler.log_command:Invoking command in '/home/coleman/ros2_ws/build/mycobot_description': CMAKE_PREFIX_PATH=${CMAKE_PREFIX_PATH}:/opt/ros/humble /usr/bin/cmake --install /home/coleman/ros2_ws/build/mycobot_description
[1.019s] DEBUG:colcon.colcon_core.event_handler.log_command:Invoking command in '/home/coleman/ros2_ws/build/mycobot_gazebo': CMAKE_PREFIX_PATH=${CMAKE_PREFIX_PATH}:/opt/ros/humble /usr/bin/cmake --install /home/coleman/ros2_ws/build/mycobot_gazebo
[1.040s] Level 1:colcon.colcon_core.environment:create_environment_scripts_only(mycobot_description)
[1.074s] Level 1:colcon.colcon_core.environment:checking '/home/coleman/ros2_ws/install/mycobot_description' for CMake module files
[1.085s] Level 1:colcon.colcon_core.environment:checking '/home/coleman/ros2_ws/install/mycobot_description' for CMake config files
[1.097s] Level 1:colcon.colcon_core.shell:create_environment_hook('mycobot_description', 'cmake_prefix_path')
[1.097s] INFO:colcon.colcon_core.shell:Creating environment hook '/home/coleman/ros2_ws/install/mycobot_description/share/mycobot_description/hook/cmake_prefix_path.ps1'
[1.102s] INFO:colcon.colcon_core.shell:Creating environment descriptor '/home/coleman/ros2_ws/install/mycobot_description/share/mycobot_description/hook/cmake_prefix_path.dsv'
[1.105s] INFO:colcon.colcon_core.shell:Creating environment hook '/home/coleman/ros2_ws/install/mycobot_description/share/mycobot_description/hook/cmake_prefix_path.sh'
[1.111s] Level 1:colcon.colcon_core.environment:checking '/home/coleman/ros2_ws/install/mycobot_description/bin'
[1.112s] Level 1:colcon.colcon_core.environment:checking '/home/coleman/ros2_ws/install/mycobot_description/lib/pkgconfig/mycobot_description.pc'
[1.113s] Level 1:colcon.colcon_core.environment:checking '/home/coleman/ros2_ws/install/mycobot_description/lib/python3.10/site-packages'
[1.115s] Level 1:colcon.colcon_core.environment:checking '/home/coleman/ros2_ws/install/mycobot_description/bin'
[1.118s] INFO:colcon.colcon_core.shell:Creating package script '/home/coleman/ros2_ws/install/mycobot_description/share/mycobot_description/package.ps1'
[1.126s] INFO:colcon.colcon_core.shell:Creating package descriptor '/home/coleman/ros2_ws/install/mycobot_description/share/mycobot_description/package.dsv'
[1.136s] INFO:colcon.colcon_core.shell:Creating package script '/home/coleman/ros2_ws/install/mycobot_description/share/mycobot_description/package.sh'
[1.152s] INFO:colcon.colcon_core.shell:Creating package script '/home/coleman/ros2_ws/install/mycobot_description/share/mycobot_description/package.bash'
[1.161s] INFO:colcon.colcon_core.shell:Creating package script '/home/coleman/ros2_ws/install/mycobot_description/share/mycobot_description/package.zsh'
[1.170s] Level 1:colcon.colcon_core.environment:create_file_with_runtime_dependencies(/home/coleman/ros2_ws/install/mycobot_description/share/colcon-core/packages/mycobot_description)
[1.172s] DEBUG:colcon.colcon_core.event_handler.log_command:Invoked command in '/home/coleman/ros2_ws/build/mycobot_description' returned '0': CMAKE_PREFIX_PATH=${CMAKE_PREFIX_PATH}:/opt/ros/humble /usr/bin/cmake --install /home/coleman/ros2_ws/build/mycobot_description
[1.204s] Level 1:colcon.colcon_core.environment:create_environment_scripts_only(mycobot_gazebo)
[1.205s] Level 1:colcon.colcon_core.environment:checking '/home/coleman/ros2_ws/install/mycobot_gazebo' for CMake module files
[1.213s] Level 1:colcon.colcon_core.environment:checking '/home/coleman/ros2_ws/install/mycobot_gazebo' for CMake config files
[1.257s] Level 1:colcon.colcon_core.shell:create_environment_hook('mycobot_gazebo', 'cmake_prefix_path')
[1.257s] INFO:colcon.colcon_core.shell:Creating environment hook '/home/coleman/ros2_ws/install/mycobot_gazebo/share/mycobot_gazebo/hook/cmake_prefix_path.ps1'
[1.277s] INFO:colcon.colcon_core.shell:Creating environment descriptor '/home/coleman/ros2_ws/install/mycobot_gazebo/share/mycobot_gazebo/hook/cmake_prefix_path.dsv'
[1.288s] INFO:colcon.colcon_core.shell:Creating environment hook '/home/coleman/ros2_ws/install/mycobot_gazebo/share/mycobot_gazebo/hook/cmake_prefix_path.sh'
[1.314s] Level 1:colcon.colcon_core.environment:checking '/home/coleman/ros2_ws/install/mycobot_gazebo/bin'
[1.314s] Level 1:colcon.colcon_core.environment:checking '/home/coleman/ros2_ws/install/mycobot_gazebo/lib/pkgconfig/mycobot_gazebo.pc'
[1.314s] Level 1:colcon.colcon_core.environment:checking '/home/coleman/ros2_ws/install/mycobot_gazebo/lib/python3.10/site-packages'
[1.315s] Level 1:colcon.colcon_core.environment:checking '/home/coleman/ros2_ws/install/mycobot_gazebo/bin'
[1.317s] INFO:colcon.colcon_core.shell:Creating package script '/home/coleman/ros2_ws/install/mycobot_gazebo/share/mycobot_gazebo/package.ps1'
[1.322s] INFO:colcon.colcon_core.shell:Creating package descriptor '/home/coleman/ros2_ws/install/mycobot_gazebo/share/mycobot_gazebo/package.dsv'
[1.337s] INFO:colcon.colcon_core.shell:Creating package script '/home/coleman/ros2_ws/install/mycobot_gazebo/share/mycobot_gazebo/package.sh'
[1.352s] INFO:colcon.colcon_core.shell:Creating package script '/home/coleman/ros2_ws/install/mycobot_gazebo/share/mycobot_gazebo/package.bash'
[1.361s] INFO:colcon.colcon_core.shell:Creating package script '/home/coleman/ros2_ws/install/mycobot_gazebo/share/mycobot_gazebo/package.zsh'
[1.369s] Level 1:colcon.colcon_core.environment:create_file_with_runtime_dependencies(/home/coleman/ros2_ws/install/mycobot_gazebo/share/colcon-core/packages/mycobot_gazebo)
[1.407s] Level 1:colcon.colcon_core.environment:create_environment_scripts_only(mycobot_description)
[1.409s] Level 1:colcon.colcon_core.environment:checking '/home/coleman/ros2_ws/install/mycobot_description' for CMake module files
[1.411s] Level 1:colcon.colcon_core.environment:checking '/home/coleman/ros2_ws/install/mycobot_description' for CMake config files
[1.416s] Level 1:colcon.colcon_core.shell:create_environment_hook('mycobot_description', 'cmake_prefix_path')
[1.423s] INFO:colcon.colcon_core.shell:Creating environment hook '/home/coleman/ros2_ws/install/mycobot_description/share/mycobot_description/hook/cmake_prefix_path.ps1'
[1.430s] INFO:colcon.colcon_core.shell:Creating environment descriptor '/home/coleman/ros2_ws/install/mycobot_description/share/mycobot_description/hook/cmake_prefix_path.dsv'
[1.442s] INFO:colcon.colcon_core.shell:Creating environment hook '/home/coleman/ros2_ws/install/mycobot_description/share/mycobot_description/hook/cmake_prefix_path.sh'
[1.453s] Level 1:colcon.colcon_core.environment:checking '/home/coleman/ros2_ws/install/mycobot_description/bin'
[1.461s] Level 1:colcon.colcon_core.environment:checking '/home/coleman/ros2_ws/install/mycobot_description/lib/pkgconfig/mycobot_description.pc'
[1.461s] Level 1:colcon.colcon_core.environment:checking '/home/coleman/ros2_ws/install/mycobot_description/lib/python3.10/site-packages'
[1.462s] Level 1:colcon.colcon_core.environment:checking '/home/coleman/ros2_ws/install/mycobot_description/bin'
[1.462s] INFO:colcon.colcon_core.shell:Creating package script '/home/coleman/ros2_ws/install/mycobot_description/share/mycobot_description/package.ps1'
[1.467s] INFO:colcon.colcon_core.shell:Creating package descriptor '/home/coleman/ros2_ws/install/mycobot_description/share/mycobot_description/package.dsv'
[1.492s] INFO:colcon.colcon_core.shell:Creating package script '/home/coleman/ros2_ws/install/mycobot_description/share/mycobot_description/package.sh'
[1.505s] INFO:colcon.colcon_core.shell:Creating package script '/home/coleman/ros2_ws/install/mycobot_description/share/mycobot_description/package.bash'
[1.510s] INFO:colcon.colcon_core.shell:Creating package script '/home/coleman/ros2_ws/install/mycobot_description/share/mycobot_description/package.zsh'
[1.537s] Level 1:colcon.colcon_core.environment:create_file_with_runtime_dependencies(/home/coleman/ros2_ws/install/mycobot_description/share/colcon-core/packages/mycobot_description)
[1.558s] INFO:colcon.colcon_ros.task.ament_cmake.build:Building ROS package in '/home/coleman/ros2_ws/src/mycobot_ros2/mycobot_ros2' with build type 'ament_cmake'
[1.558s] INFO:colcon.colcon_cmake.task.cmake.build:Building CMake package in '/home/coleman/ros2_ws/src/mycobot_ros2/mycobot_ros2'
[1.560s] INFO:colcon.colcon_core.shell:Skip shell extension 'powershell' for command environment: Not usable outside of PowerShell
[1.560s] DEBUG:colcon.colcon_core.shell:Skip shell extension 'dsv' for command environment
[1.662s] Level 1:colcon.colcon_core.environment:create_environment_scripts_only(mycobot_gazebo)
[1.663s] Level 1:colcon.colcon_core.environment:checking '/home/coleman/ros2_ws/install/mycobot_gazebo' for CMake module files
[1.681s] DEBUG:colcon.colcon_core.event_handler.log_command:Invoked command in '/home/coleman/ros2_ws/build/mycobot_gazebo' returned '0': CMAKE_PREFIX_PATH=${CMAKE_PREFIX_PATH}:/opt/ros/humble /usr/bin/cmake --install /home/coleman/ros2_ws/build/mycobot_gazebo
[1.683s] Level 1:colcon.colcon_core.environment:checking '/home/coleman/ros2_ws/install/mycobot_gazebo' for CMake config files
[1.686s] Level 1:colcon.colcon_core.shell:create_environment_hook('mycobot_gazebo', 'cmake_prefix_path')
[1.686s] INFO:colcon.colcon_core.shell:Creating environment hook '/home/coleman/ros2_ws/install/mycobot_gazebo/share/mycobot_gazebo/hook/cmake_prefix_path.ps1'
[1.687s] INFO:colcon.colcon_core.shell:Creating environment descriptor '/home/coleman/ros2_ws/install/mycobot_gazebo/share/mycobot_gazebo/hook/cmake_prefix_path.dsv'
[1.688s] INFO:colcon.colcon_core.shell:Creating environment hook '/home/coleman/ros2_ws/install/mycobot_gazebo/share/mycobot_gazebo/hook/cmake_prefix_path.sh'
[1.689s] Level 1:colcon.colcon_core.environment:checking '/home/coleman/ros2_ws/install/mycobot_gazebo/bin'
[1.689s] Level 1:colcon.colcon_core.environment:checking '/home/coleman/ros2_ws/install/mycobot_gazebo/lib/pkgconfig/mycobot_gazebo.pc'
[1.689s] Level 1:colcon.colcon_core.environment:checking '/home/coleman/ros2_ws/install/mycobot_gazebo/lib/python3.10/site-packages'
[1.690s] Level 1:colcon.colcon_core.environment:checking '/home/coleman/ros2_ws/install/mycobot_gazebo/bin'
[1.690s] INFO:colcon.colcon_core.shell:Creating package script '/home/coleman/ros2_ws/install/mycobot_gazebo/share/mycobot_gazebo/package.ps1'
[1.692s] INFO:colcon.colcon_core.shell:Creating package descriptor '/home/coleman/ros2_ws/install/mycobot_gazebo/share/mycobot_gazebo/package.dsv'
[1.692s] INFO:colcon.colcon_core.shell:Creating package script '/home/coleman/ros2_ws/install/mycobot_gazebo/share/mycobot_gazebo/package.sh'
[1.693s] INFO:colcon.colcon_core.shell:Creating package script '/home/coleman/ros2_ws/install/mycobot_gazebo/share/mycobot_gazebo/package.bash'
[1.694s] INFO:colcon.colcon_core.shell:Creating package script '/home/coleman/ros2_ws/install/mycobot_gazebo/share/mycobot_gazebo/package.zsh'
[1.695s] Level 1:colcon.colcon_core.environment:create_file_with_runtime_dependencies(/home/coleman/ros2_ws/install/mycobot_gazebo/share/colcon-core/packages/mycobot_gazebo)
[1.721s] DEBUG:colcon.colcon_core.event_handler.log_command:Invoking command in '/home/coleman/ros2_ws/build/mycobot_ros2': CMAKE_PREFIX_PATH=/home/coleman/ros2_ws/install/mycobot_description:/home/coleman/ros2_ws/install/mycobot_ros2:/home/coleman/ros2_ws/install/mycobot_gazebo:/opt/ros/humble /usr/bin/cmake --build /home/coleman/ros2_ws/build/mycobot_ros2 -- -j16 -l16
[1.803s] DEBUG:colcon.colcon_core.event_handler.log_command:Invoked command in '/home/coleman/ros2_ws/build/mycobot_ros2' returned '0': CMAKE_PREFIX_PATH=/home/coleman/ros2_ws/install/mycobot_description:/home/coleman/ros2_ws/install/mycobot_ros2:/home/coleman/ros2_ws/install/mycobot_gazebo:/opt/ros/humble /usr/bin/cmake --build /home/coleman/ros2_ws/build/mycobot_ros2 -- -j16 -l16
[1.867s] DEBUG:colcon.colcon_core.event_handler.log_command:Invoking command in '/home/coleman/ros2_ws/build/mycobot_ros2': CMAKE_PREFIX_PATH=/home/coleman/ros2_ws/install/mycobot_description:/home/coleman/ros2_ws/install/mycobot_ros2:/home/coleman/ros2_ws/install/mycobot_gazebo:/opt/ros/humble /usr/bin/cmake --install /home/coleman/ros2_ws/build/mycobot_ros2
[1.891s] Level 1:colcon.colcon_core.environment:create_environment_scripts_only(mycobot_ros2)
[1.892s] Level 1:colcon.colcon_core.environment:checking '/home/coleman/ros2_ws/install/mycobot_ros2' for CMake module files
[1.894s] DEBUG:colcon.colcon_core.event_handler.log_command:Invoked command in '/home/coleman/ros2_ws/build/mycobot_ros2' returned '0': CMAKE_PREFIX_PATH=/home/coleman/ros2_ws/install/mycobot_description:/home/coleman/ros2_ws/install/mycobot_ros2:/home/coleman/ros2_ws/install/mycobot_gazebo:/opt/ros/humble /usr/bin/cmake --install /home/coleman/ros2_ws/build/mycobot_ros2
[1.895s] Level 1:colcon.colcon_core.environment:checking '/home/coleman/ros2_ws/install/mycobot_ros2' for CMake config files
[1.896s] Level 1:colcon.colcon_core.shell:create_environment_hook('mycobot_ros2', 'cmake_prefix_path')
[1.896s] INFO:colcon.colcon_core.shell:Creating environment hook '/home/coleman/ros2_ws/install/mycobot_ros2/share/mycobot_ros2/hook/cmake_prefix_path.ps1'
[1.897s] INFO:colcon.colcon_core.shell:Creating environment descriptor '/home/coleman/ros2_ws/install/mycobot_ros2/share/mycobot_ros2/hook/cmake_prefix_path.dsv'
[1.897s] INFO:colcon.colcon_core.shell:Creating environment hook '/home/coleman/ros2_ws/install/mycobot_ros2/share/mycobot_ros2/hook/cmake_prefix_path.sh'
[1.898s] Level 1:colcon.colcon_core.environment:checking '/home/coleman/ros2_ws/install/mycobot_ros2/bin'
[1.898s] Level 1:colcon.colcon_core.environment:checking '/home/coleman/ros2_ws/install/mycobot_ros2/lib/pkgconfig/mycobot_ros2.pc'
[1.899s] Level 1:colcon.colcon_core.environment:checking '/home/coleman/ros2_ws/install/mycobot_ros2/lib/python3.10/site-packages'
[1.899s] Level 1:colcon.colcon_core.environment:checking '/home/coleman/ros2_ws/install/mycobot_ros2/bin'
[1.900s] INFO:colcon.colcon_core.shell:Creating package script '/home/coleman/ros2_ws/install/mycobot_ros2/share/mycobot_ros2/package.ps1'
[1.900s] INFO:colcon.colcon_core.shell:Creating package descriptor '/home/coleman/ros2_ws/install/mycobot_ros2/share/mycobot_ros2/package.dsv'
[1.901s] INFO:colcon.colcon_core.shell:Creating package script '/home/coleman/ros2_ws/install/mycobot_ros2/share/mycobot_ros2/package.sh'
[1.902s] INFO:colcon.colcon_core.shell:Creating package script '/home/coleman/ros2_ws/install/mycobot_ros2/share/mycobot_ros2/package.bash'
[1.902s] INFO:colcon.colcon_core.shell:Creating package script '/home/coleman/ros2_ws/install/mycobot_ros2/share/mycobot_ros2/package.zsh'
[1.903s] Level 1:colcon.colcon_core.environment:create_file_with_runtime_dependencies(/home/coleman/ros2_ws/install/mycobot_ros2/share/colcon-core/packages/mycobot_ros2)
[1.960s] Level 1:colcon.colcon_core.environment:create_environment_scripts_only(mycobot_ros2)
[1.961s] Level 1:colcon.colcon_core.environment:checking '/home/coleman/ros2_ws/install/mycobot_ros2' for CMake module files
[1.961s] Level 1:colcon.colcon_core.environment:checking '/home/coleman/ros2_ws/install/mycobot_ros2' for CMake config files
[1.962s] Level 1:colcon.colcon_core.shell:create_environment_hook('mycobot_ros2', 'cmake_prefix_path')
[1.962s] INFO:colcon.colcon_core.shell:Creating environment hook '/home/coleman/ros2_ws/install/mycobot_ros2/share/mycobot_ros2/hook/cmake_prefix_path.ps1'
[1.963s] INFO:colcon.colcon_core.shell:Creating environment descriptor '/home/coleman/ros2_ws/install/mycobot_ros2/share/mycobot_ros2/hook/cmake_prefix_path.dsv'
[1.964s] INFO:colcon.colcon_core.shell:Creating environment hook '/home/coleman/ros2_ws/install/mycobot_ros2/share/mycobot_ros2/hook/cmake_prefix_path.sh'
[1.965s] Level 1:colcon.colcon_core.environment:checking '/home/coleman/ros2_ws/install/mycobot_ros2/bin'
[1.965s] Level 1:colcon.colcon_core.environment:checking '/home/coleman/ros2_ws/install/mycobot_ros2/lib/pkgconfig/mycobot_ros2.pc'
[1.965s] Level 1:colcon.colcon_core.environment:checking '/home/coleman/ros2_ws/install/mycobot_ros2/lib/python3.10/site-packages'
[1.966s] Level 1:colcon.colcon_core.environment:checking '/home/coleman/ros2_ws/install/mycobot_ros2/bin'
[1.966s] INFO:colcon.colcon_core.shell:Creating package script '/home/coleman/ros2_ws/install/mycobot_ros2/share/mycobot_ros2/package.ps1'
[1.967s] INFO:colcon.colcon_core.shell:Creating package descriptor '/home/coleman/ros2_ws/install/mycobot_ros2/share/mycobot_ros2/package.dsv'
[1.969s] INFO:colcon.colcon_core.shell:Creating package script '/home/coleman/ros2_ws/install/mycobot_ros2/share/mycobot_ros2/package.sh'
[1.969s] INFO:colcon.colcon_core.shell:Creating package script '/home/coleman/ros2_ws/install/mycobot_ros2/share/mycobot_ros2/package.bash'
[1.970s] INFO:colcon.colcon_core.shell:Creating package script '/home/coleman/ros2_ws/install/mycobot_ros2/share/mycobot_ros2/package.zsh'
[1.971s] Level 1:colcon.colcon_core.environment:create_file_with_runtime_dependencies(/home/coleman/ros2_ws/install/mycobot_ros2/share/colcon-core/packages/mycobot_ros2)
[1.972s] DEBUG:colcon.colcon_parallel_executor.executor.parallel:closing loop
[1.973s] DEBUG:colcon.colcon_parallel_executor.executor.parallel:loop closed
[1.973s] DEBUG:colcon.colcon_parallel_executor.executor.parallel:run_until_complete finished with '0'
[1.973s] DEBUG:colcon.colcon_core.event_reactor:joining thread
[1.986s] INFO:colcon.colcon_core.plugin_system:Skipping extension 'colcon_notification.desktop_notification.terminal_notifier': Not used on non-Darwin systems
[1.986s] INFO:colcon.colcon_core.plugin_system:Skipping extension 'colcon_notification.desktop_notification.win32': Not used on non-Windows systems
[1.986s] INFO:colcon.colcon_notification.desktop_notification:Sending desktop notification using 'notify2'
[2.020s] DEBUG:colcon.colcon_core.event_reactor:joined thread
[2.021s] INFO:colcon.colcon_core.shell:Creating prefix script '/home/coleman/ros2_ws/install/local_setup.ps1'
[2.022s] INFO:colcon.colcon_core.shell:Creating prefix util module '/home/coleman/ros2_ws/install/_local_setup_util_ps1.py'
[2.025s] INFO:colcon.colcon_core.shell:Creating prefix chain script '/home/coleman/ros2_ws/install/setup.ps1'
[2.028s] INFO:colcon.colcon_core.shell:Creating prefix script '/home/coleman/ros2_ws/install/local_setup.sh'
[2.029s] INFO:colcon.colcon_core.shell:Creating prefix util module '/home/coleman/ros2_ws/install/_local_setup_util_sh.py'
[2.031s] INFO:colcon.colcon_core.shell:Creating prefix chain script '/home/coleman/ros2_ws/install/setup.sh'
[2.033s] INFO:colcon.colcon_core.shell:Creating prefix script '/home/coleman/ros2_ws/install/local_setup.bash'
[2.034s] INFO:colcon.colcon_core.shell:Creating prefix chain script '/home/coleman/ros2_ws/install/setup.bash'
[2.036s] INFO:colcon.colcon_core.shell:Creating prefix script '/home/coleman/ros2_ws/install/local_setup.zsh'
[2.037s] INFO:colcon.colcon_core.shell:Creating prefix chain script '/home/coleman/ros2_ws/install/setup.zsh'
