[0.043s] Invoking command in '/home/jelly/ros2_ws/build/mycobot_description': CMAKE_PREFIX_PATH=${CMAKE_PREFIX_PATH}:/home/jelly/ros2_ws/install/mycobot_280:/home/jelly/ros2_ws/install/mecharm_pi:/home/jelly/ros2_ws/install/mecharm:/home/jelly/ros2_ws/install/mycobot_controller:/home/jelly/ros2_ws/install/mycobot_communication:/home/jelly/ros2_ws/install/mecharm_communication:/opt/ros/humble /usr/bin/cmake --build /home/jelly/ros2_ws/build/mycobot_description -- -j4 -l4
[0.134s] Invoked command in '/home/jelly/ros2_ws/build/mycobot_description' returned '0': CMAKE_PREFIX_PATH=${CMAKE_PREFIX_PATH}:/home/jelly/ros2_ws/install/mycobot_280:/home/jelly/ros2_ws/install/mecharm_pi:/home/jelly/ros2_ws/install/mecharm:/home/jelly/ros2_ws/install/mycobot_controller:/home/jelly/ros2_ws/install/mycobot_communication:/home/jelly/ros2_ws/install/mecharm_communication:/opt/ros/humble /usr/bin/cmake --build /home/jelly/ros2_ws/build/mycobot_description -- -j4 -l4
[0.228s] Invoking command in '/home/jelly/ros2_ws/build/mycobot_description': CMAKE_PREFIX_PATH=${CMAKE_PREFIX_PATH}:/home/jelly/ros2_ws/install/mycobot_280:/home/jelly/ros2_ws/install/mecharm_pi:/home/jelly/ros2_ws/install/mecharm:/home/jelly/ros2_ws/install/mycobot_controller:/home/jelly/ros2_ws/install/mycobot_communication:/home/jelly/ros2_ws/install/mecharm_communication:/opt/ros/humble /usr/bin/cmake --install /home/jelly/ros2_ws/build/mycobot_description
[0.272s] -- Install configuration: ""
[0.272s] -- Up-to-date: /home/jelly/ros2_ws/install/mycobot_description/share/mycobot_description/meshes
[0.273s] -- Up-to-date: /home/jelly/ros2_ws/install/mycobot_description/share/mycobot_description/meshes/mycobot_280
[0.274s] -- Up-to-date: /home/jelly/ros2_ws/install/mycobot_description/share/mycobot_description/meshes/mycobot_280/joint2.stl
[0.282s] -- Up-to-date: /home/jelly/ros2_ws/install/mycobot_description/share/mycobot_description/meshes/mycobot_280/spectrometer.stl
[0.283s] -- Up-to-date: /home/jelly/ros2_ws/install/mycobot_description/share/mycobot_description/meshes/mycobot_280/joint4.stl
[0.283s] -- Up-to-date: /home/jelly/ros2_ws/install/mycobot_description/share/mycobot_description/meshes/mycobot_280/holder.stl
[0.283s] -- Up-to-date: /home/jelly/ros2_ws/install/mycobot_description/share/mycobot_description/meshes/mycobot_280/joint5.stl
[0.283s] -- Up-to-date: /home/jelly/ros2_ws/install/mycobot_description/share/mycobot_description/meshes/mycobot_280/joint3.stl
[0.283s] -- Up-to-date: /home/jelly/ros2_ws/install/mycobot_description/share/mycobot_description/meshes/mycobot_280/joint7.stl
[0.283s] -- Up-to-date: /home/jelly/ros2_ws/install/mycobot_description/share/mycobot_description/meshes/mycobot_280/joint1.stl
[0.283s] -- Up-to-date: /home/jelly/ros2_ws/install/mycobot_description/share/mycobot_description/meshes/mycobot_280/joint6.stl
[0.284s] -- Up-to-date: /home/jelly/ros2_ws/install/mycobot_description/share/mycobot_description/urdf
[0.284s] -- Up-to-date: /home/jelly/ros2_ws/install/mycobot_description/share/mycobot_description/urdf/mycobot_280_urdf.xacro
[0.284s] -- Up-to-date: /home/jelly/ros2_ws/install/mycobot_description/share/ament_index/resource_index/package_run_dependencies/mycobot_description
[0.284s] -- Up-to-date: /home/jelly/ros2_ws/install/mycobot_description/share/ament_index/resource_index/parent_prefix_path/mycobot_description
[0.286s] -- Up-to-date: /home/jelly/ros2_ws/install/mycobot_description/share/mycobot_description/environment/ament_prefix_path.sh
[0.286s] -- Up-to-date: /home/jelly/ros2_ws/install/mycobot_description/share/mycobot_description/environment/ament_prefix_path.dsv
[0.287s] -- Up-to-date: /home/jelly/ros2_ws/install/mycobot_description/share/mycobot_description/environment/path.sh
[0.287s] -- Up-to-date: /home/jelly/ros2_ws/install/mycobot_description/share/mycobot_description/environment/path.dsv
[0.287s] -- Up-to-date: /home/jelly/ros2_ws/install/mycobot_description/share/mycobot_description/local_setup.bash
[0.287s] -- Up-to-date: /home/jelly/ros2_ws/install/mycobot_description/share/mycobot_description/local_setup.sh
[0.287s] -- Up-to-date: /home/jelly/ros2_ws/install/mycobot_description/share/mycobot_description/local_setup.zsh
[0.288s] -- Up-to-date: /home/jelly/ros2_ws/install/mycobot_description/share/mycobot_description/local_setup.dsv
[0.288s] -- Installing: /home/jelly/ros2_ws/install/mycobot_description/share/mycobot_description/package.dsv
[0.288s] -- Up-to-date: /home/jelly/ros2_ws/install/mycobot_description/share/ament_index/resource_index/packages/mycobot_description
[0.288s] -- Up-to-date: /home/jelly/ros2_ws/install/mycobot_description/share/mycobot_description/cmake/mycobot_descriptionConfig.cmake
[0.289s] -- Up-to-date: /home/jelly/ros2_ws/install/mycobot_description/share/mycobot_description/cmake/mycobot_descriptionConfig-version.cmake
[0.289s] -- Up-to-date: /home/jelly/ros2_ws/install/mycobot_description/share/mycobot_description/package.xml
[0.291s] Invoked command in '/home/jelly/ros2_ws/build/mycobot_description' returned '0': CMAKE_PREFIX_PATH=${CMAKE_PREFIX_PATH}:/home/jelly/ros2_ws/install/mycobot_280:/home/jelly/ros2_ws/install/mecharm_pi:/home/jelly/ros2_ws/install/mecharm:/home/jelly/ros2_ws/install/mycobot_controller:/home/jelly/ros2_ws/install/mycobot_communication:/home/jelly/ros2_ws/install/mecharm_communication:/opt/ros/humble /usr/bin/cmake --install /home/jelly/ros2_ws/build/mycobot_description
