[0.056s] Invoking command in '/home/coleman/ros2_ws/build/mycobot_gazebo': CMAKE_PREFIX_PATH=${CMAKE_PREFIX_PATH}:/opt/ros/humble /usr/bin/cmake --build /home/coleman/ros2_ws/build/mycobot_gazebo -- -j16 -l16
[0.117s] -- Found ament_cmake: 1.3.9 (/opt/ros/humble/share/ament_cmake/cmake)
[0.429s] -- Found rclcpp: 16.0.9 (/opt/ros/humble/share/rclcpp/cmake)
[0.505s] -- Found rosidl_generator_c: 3.1.5 (/opt/ros/humble/share/rosidl_generator_c/cmake)
[0.512s] -- Found rosidl_adapter: 3.1.5 (/opt/ros/humble/share/rosidl_adapter/cmake)
[0.537s] -- Found rosidl_generator_cpp: 3.1.5 (/opt/ros/humble/share/rosidl_generator_cpp/cmake)
[0.558s] -- Using all available rosidl_typesupport_c: rosidl_typesupport_fastrtps_c;rosidl_typesupport_introspection_c
[0.600s] -- Using all available rosidl_typesupport_cpp: rosidl_typesupport_fastrtps_cpp;rosidl_typesupport_introspection_cpp
[0.753s] -- Found rmw_implementation_cmake: 6.1.2 (/opt/ros/humble/share/rmw_implementation_cmake/cmake)
[0.758s] -- Found rmw_fastrtps_cpp: 6.2.6 (/opt/ros/humble/share/rmw_fastrtps_cpp/cmake)
[1.027s] -- Using RMW implementation 'rmw_fastrtps_cpp' as default
[1.345s] -- Found xacro: 2.0.8 (/opt/ros/humble/share/xacro/cmake)
[1.346s] -- Found trajectory_msgs: 4.2.4 (/opt/ros/humble/share/trajectory_msgs/cmake)
[1.588s] -- Found ros_gz: 0.244.14 (/opt/ros/humble/share/ros_gz/cmake)
[1.588s] -- Found ament_lint_auto: 0.12.11 (/opt/ros/humble/share/ament_lint_auto/cmake)
[1.850s] -- Added test 'lint_cmake' to check CMake code style
[1.980s] -- Added test 'xmllint' to check XML markup files
[1.981s] -- Configuring done
[1.992s] -- Generating done
[1.996s] -- Build files have been written to: /home/coleman/ros2_ws/build/mycobot_gazebo
[2.042s] Invoked command in '/home/coleman/ros2_ws/build/mycobot_gazebo' returned '0': CMAKE_PREFIX_PATH=${CMAKE_PREFIX_PATH}:/opt/ros/humble /usr/bin/cmake --build /home/coleman/ros2_ws/build/mycobot_gazebo -- -j16 -l16
[2.096s] Invoking command in '/home/coleman/ros2_ws/build/mycobot_gazebo': CMAKE_PREFIX_PATH=${CMAKE_PREFIX_PATH}:/opt/ros/humble /usr/bin/cmake --install /home/coleman/ros2_ws/build/mycobot_gazebo
[2.109s] -- Install configuration: ""
[2.110s] -- Up-to-date: /home/coleman/ros2_ws/install/mycobot_gazebo/share/ament_index/resource_index/package_run_dependencies/mycobot_gazebo
[2.111s] -- Up-to-date: /home/coleman/ros2_ws/install/mycobot_gazebo/share/ament_index/resource_index/parent_prefix_path/mycobot_gazebo
[2.112s] -- Up-to-date: /home/coleman/ros2_ws/install/mycobot_gazebo/share/mycobot_gazebo/environment/ament_prefix_path.sh
[2.112s] -- Installing: /home/coleman/ros2_ws/install/mycobot_gazebo/share/mycobot_gazebo/environment/ament_prefix_path.dsv
[2.112s] -- Up-to-date: /home/coleman/ros2_ws/install/mycobot_gazebo/share/mycobot_gazebo/environment/path.sh
[2.113s] -- Installing: /home/coleman/ros2_ws/install/mycobot_gazebo/share/mycobot_gazebo/environment/path.dsv
[2.113s] -- Up-to-date: /home/coleman/ros2_ws/install/mycobot_gazebo/share/mycobot_gazebo/local_setup.bash
[2.113s] -- Up-to-date: /home/coleman/ros2_ws/install/mycobot_gazebo/share/mycobot_gazebo/local_setup.sh
[2.113s] -- Up-to-date: /home/coleman/ros2_ws/install/mycobot_gazebo/share/mycobot_gazebo/local_setup.zsh
[2.113s] -- Installing: /home/coleman/ros2_ws/install/mycobot_gazebo/share/mycobot_gazebo/local_setup.dsv
[2.114s] -- Installing: /home/coleman/ros2_ws/install/mycobot_gazebo/share/mycobot_gazebo/package.dsv
[2.115s] -- Up-to-date: /home/coleman/ros2_ws/install/mycobot_gazebo/share/ament_index/resource_index/packages/mycobot_gazebo
[2.115s] -- Up-to-date: /home/coleman/ros2_ws/install/mycobot_gazebo/share/mycobot_gazebo/cmake/mycobot_gazeboConfig.cmake
[2.116s] -- Up-to-date: /home/coleman/ros2_ws/install/mycobot_gazebo/share/mycobot_gazebo/cmake/mycobot_gazeboConfig-version.cmake
[2.116s] -- Up-to-date: /home/coleman/ros2_ws/install/mycobot_gazebo/share/mycobot_gazebo/package.xml
[2.120s] Invoked command in '/home/coleman/ros2_ws/build/mycobot_gazebo' returned '0': CMAKE_PREFIX_PATH=${CMAKE_PREFIX_PATH}:/opt/ros/humble /usr/bin/cmake --install /home/coleman/ros2_ws/build/mycobot_gazebo
