[0.034s] Invoking command in '/home/jelly/ros2_ws/build/FMT': /usr/bin/cmake --build /home/jelly/ros2_ws/build/FMT -- -j4 -l4
[0.147s] [  2%] Built target gtest
[0.212s] [  7%] Built target fmt
[0.248s] [ 15%] Built target compile-fp-test
[0.255s] [ 23%] Built target scan-test
[0.255s] [ 33%] Built target format-impl-test
[0.327s] [ 42%] Built target posix-mock-test
[0.341s] [ 50%] Built target unicode-test
[0.342s] [ 56%] Built target test-main
[0.410s] [ 59%] Built target base-test
[0.439s] [ 61%] Built target chrono-test
[0.444s] [ 64%] Built target assert-test
[0.479s] [ 67%] Built target args-test
[0.563s] [ 70%] Built target format-test
[0.575s] [ 73%] Built target color-test
[0.583s] [ 76%] Built target gtest-extra-test
[0.626s] [ 78%] Built target ostream-test
[0.693s] [ 83%] Built target ranges-test
[0.700s] [ 85%] Built target printf-test
[0.700s] [ 88%] Built target compile-test
[0.736s] [ 91%] Built target std-test
[0.787s] [ 94%] Built target xchar-test
[0.799s] [ 97%] Built target enforce-checks-test
[0.827s] [100%] Built target os-test
[0.859s] Invoked command in '/home/jelly/ros2_ws/build/FMT' returned '0': /usr/bin/cmake --build /home/jelly/ros2_ws/build/FMT -- -j4 -l4
[1.055s] Invoking command in '/home/jelly/ros2_ws/build/FMT': /usr/bin/cmake --install /home/jelly/ros2_ws/build/FMT
[1.068s] -- Install configuration: "Release"
[1.069s] -- Up-to-date: /home/jelly/ros2_ws/install/FMT/lib/libfmt.a
[1.069s] -- Up-to-date: /home/jelly/ros2_ws/install/FMT/include/fmt/args.h
[1.069s] -- Up-to-date: /home/jelly/ros2_ws/install/FMT/include/fmt/base.h
[1.069s] -- Up-to-date: /home/jelly/ros2_ws/install/FMT/include/fmt/chrono.h
[1.069s] -- Up-to-date: /home/jelly/ros2_ws/install/FMT/include/fmt/color.h
[1.069s] -- Up-to-date: /home/jelly/ros2_ws/install/FMT/include/fmt/compile.h
[1.070s] -- Up-to-date: /home/jelly/ros2_ws/install/FMT/include/fmt/core.h
[1.070s] -- Up-to-date: /home/jelly/ros2_ws/install/FMT/include/fmt/format.h
[1.070s] -- Up-to-date: /home/jelly/ros2_ws/install/FMT/include/fmt/format-inl.h
[1.076s] -- Up-to-date: /home/jelly/ros2_ws/install/FMT/include/fmt/os.h
[1.076s] -- Up-to-date: /home/jelly/ros2_ws/install/FMT/include/fmt/ostream.h
[1.077s] -- Up-to-date: /home/jelly/ros2_ws/install/FMT/include/fmt/printf.h
[1.077s] -- Up-to-date: /home/jelly/ros2_ws/install/FMT/include/fmt/ranges.h
[1.078s] -- Up-to-date: /home/jelly/ros2_ws/install/FMT/include/fmt/std.h
[1.078s] -- Up-to-date: /home/jelly/ros2_ws/install/FMT/include/fmt/xchar.h
[1.078s] -- Up-to-date: /home/jelly/ros2_ws/install/FMT/lib/cmake/fmt/fmt-config.cmake
[1.079s] -- Up-to-date: /home/jelly/ros2_ws/install/FMT/lib/cmake/fmt/fmt-config-version.cmake
[1.079s] -- Up-to-date: /home/jelly/ros2_ws/install/FMT/lib/cmake/fmt/fmt-targets.cmake
[1.080s] -- Up-to-date: /home/jelly/ros2_ws/install/FMT/lib/cmake/fmt/fmt-targets-release.cmake
[1.081s] -- Up-to-date: /home/jelly/ros2_ws/install/FMT/lib/pkgconfig/fmt.pc
[1.086s] Invoked command in '/home/jelly/ros2_ws/build/FMT' returned '0': /usr/bin/cmake --install /home/jelly/ros2_ws/build/FMT
