[0.041s] Invoking command in '/home/jelly/ros2_ws/build/FMT': /usr/bin/cmake --build /home/jelly/ros2_ws/build/FMT -- -j4 -l4
[0.162s] [  4%] Built target fmt
[0.167s] [  7%] Built target gtest
[0.268s] [ 15%] Built target scan-test
[0.311s] [ 21%] Built target test-main
[0.314s] [ 29%] Built target compile-fp-test
[0.329s] [ 39%] Built target format-impl-test
[0.419s] [ 47%] Built target unicode-test
[0.549s] [ 56%] Built target posix-mock-test
[0.549s] [ 59%] Built target os-test
[0.568s] [ 61%] Built target base-test
[0.589s] [ 64%] Built target args-test
[0.590s] [ 67%] Built target chrono-test
[0.591s] [ 70%] Built target assert-test
[0.591s] [ 73%] Built target gtest-extra-test
[0.595s] [ 76%] Built target color-test
[0.648s] [ 78%] Built target format-test
[0.652s] [ 81%] Built target ostream-test
[0.664s] [ 84%] Built target compile-test
[0.707s] [ 87%] Built target printf-test
[0.733s] [ 90%] Built target std-test
[0.753s] [ 92%] Built target xchar-test
[0.758s] [ 97%] Built target ranges-test
[0.806s] [100%] Built target enforce-checks-test
[0.840s] Invoked command in '/home/jelly/ros2_ws/build/FMT' returned '0': /usr/bin/cmake --build /home/jelly/ros2_ws/build/FMT -- -j4 -l4
[1.016s] Invoking command in '/home/jelly/ros2_ws/build/FMT': /usr/bin/cmake --install /home/jelly/ros2_ws/build/FMT
[1.043s] -- Install configuration: "Release"
[1.043s] -- Up-to-date: /home/jelly/ros2_ws/install/FMT/lib/libfmt.a
[1.044s] -- Up-to-date: /home/jelly/ros2_ws/install/FMT/include/fmt/args.h
[1.044s] -- Up-to-date: /home/jelly/ros2_ws/install/FMT/include/fmt/base.h
[1.044s] -- Up-to-date: /home/jelly/ros2_ws/install/FMT/include/fmt/chrono.h
[1.045s] -- Up-to-date: /home/jelly/ros2_ws/install/FMT/include/fmt/color.h
[1.045s] -- Up-to-date: /home/jelly/ros2_ws/install/FMT/include/fmt/compile.h
[1.045s] -- Up-to-date: /home/jelly/ros2_ws/install/FMT/include/fmt/core.h
[1.045s] -- Up-to-date: /home/jelly/ros2_ws/install/FMT/include/fmt/format.h
[1.046s] -- Up-to-date: /home/jelly/ros2_ws/install/FMT/include/fmt/format-inl.h
[1.046s] -- Up-to-date: /home/jelly/ros2_ws/install/FMT/include/fmt/os.h
[1.047s] -- Up-to-date: /home/jelly/ros2_ws/install/FMT/include/fmt/ostream.h
[1.047s] -- Up-to-date: /home/jelly/ros2_ws/install/FMT/include/fmt/printf.h
[1.047s] -- Up-to-date: /home/jelly/ros2_ws/install/FMT/include/fmt/ranges.h
[1.049s] -- Up-to-date: /home/jelly/ros2_ws/install/FMT/include/fmt/std.h
[1.049s] -- Up-to-date: /home/jelly/ros2_ws/install/FMT/include/fmt/xchar.h
[1.049s] -- Up-to-date: /home/jelly/ros2_ws/install/FMT/lib/cmake/fmt/fmt-config.cmake
[1.051s] -- Up-to-date: /home/jelly/ros2_ws/install/FMT/lib/cmake/fmt/fmt-config-version.cmake
[1.052s] -- Up-to-date: /home/jelly/ros2_ws/install/FMT/lib/cmake/fmt/fmt-targets.cmake
[1.052s] -- Up-to-date: /home/jelly/ros2_ws/install/FMT/lib/cmake/fmt/fmt-targets-release.cmake
[1.052s] -- Up-to-date: /home/jelly/ros2_ws/install/FMT/lib/pkgconfig/fmt.pc
[1.057s] Invoked command in '/home/jelly/ros2_ws/build/FMT' returned '0': /usr/bin/cmake --install /home/jelly/ros2_ws/build/FMT
