[0.035s] Invoking command in '/home/jelly/ros2_ws/build/motion_planning_python_api': CMAKE_PREFIX_PATH=${CMAKE_PREFIX_PATH}:/home/jelly/ros2_ws/install/mycobot_real_moveit:/home/jelly/ros2_ws/install/mycobot_280:/opt/ros/humble /usr/bin/cmake --build /home/jelly/ros2_ws/build/motion_planning_python_api -- -j4 -l4
[0.329s] Invoked command in '/home/jelly/ros2_ws/build/motion_planning_python_api' returned '0': CMAKE_PREFIX_PATH=${CMAKE_PREFIX_PATH}:/home/jelly/ros2_ws/install/mycobot_real_moveit:/home/jelly/ros2_ws/install/mycobot_280:/opt/ros/humble /usr/bin/cmake --build /home/jelly/ros2_ws/build/motion_planning_python_api -- -j4 -l4
[0.381s] Invoking command in '/home/jelly/ros2_ws/build/motion_planning_python_api': CMAKE_PREFIX_PATH=${CMAKE_PREFIX_PATH}:/home/jelly/ros2_ws/install/mycobot_real_moveit:/home/jelly/ros2_ws/install/mycobot_280:/opt/ros/humble /usr/bin/cmake --install /home/jelly/ros2_ws/build/motion_planning_python_api
[0.406s] -- Install configuration: ""
[0.409s] -- Execute custom install script
[0.410s] -- Up-to-date symlink: /home/jelly/ros2_ws/install/motion_planning_python_api/lib/motion_planning_python_api/motion_planning_python_api_tutorial.py
[0.411s] -- Up-to-date symlink: /home/jelly/ros2_ws/install/motion_planning_python_api/lib/motion_planning_python_api/motion_planning_python_api_planning_scene.py
[0.412s] -- Up-to-date symlink: /home/jelly/ros2_ws/install/motion_planning_python_api/share/motion_planning_python_api/config/motion_planning_python_api_tutorial.rviz
[0.413s] -- Up-to-date symlink: /home/jelly/ros2_ws/install/motion_planning_python_api/share/motion_planning_python_api/config/motion_planning_python_api_tutorial.yaml
[0.416s] -- Up-to-date symlink: /home/jelly/ros2_ws/install/motion_planning_python_api/share/motion_planning_python_api/launch/motion_planning_python_api_tutorial.launch.py
[0.416s] -- Up-to-date symlink: /home/jelly/ros2_ws/install/motion_planning_python_api/share/ament_index/resource_index/package_run_dependencies/motion_planning_python_api
[0.418s] -- Up-to-date symlink: /home/jelly/ros2_ws/install/motion_planning_python_api/share/ament_index/resource_index/parent_prefix_path/motion_planning_python_api
[0.418s] -- Up-to-date symlink: /home/jelly/ros2_ws/install/motion_planning_python_api/share/motion_planning_python_api/environment/ament_prefix_path.sh
[0.419s] -- Up-to-date symlink: /home/jelly/ros2_ws/install/motion_planning_python_api/share/motion_planning_python_api/environment/ament_prefix_path.dsv
[0.420s] -- Up-to-date symlink: /home/jelly/ros2_ws/install/motion_planning_python_api/share/motion_planning_python_api/environment/path.sh
[0.422s] -- Up-to-date symlink: /home/jelly/ros2_ws/install/motion_planning_python_api/share/motion_planning_python_api/environment/path.dsv
[0.423s] -- Up-to-date symlink: /home/jelly/ros2_ws/install/motion_planning_python_api/share/motion_planning_python_api/local_setup.bash
[0.424s] -- Up-to-date symlink: /home/jelly/ros2_ws/install/motion_planning_python_api/share/motion_planning_python_api/local_setup.sh
[0.425s] -- Up-to-date symlink: /home/jelly/ros2_ws/install/motion_planning_python_api/share/motion_planning_python_api/local_setup.zsh
[0.427s] -- Up-to-date symlink: /home/jelly/ros2_ws/install/motion_planning_python_api/share/motion_planning_python_api/local_setup.dsv
[0.428s] -- Symlinking: /home/jelly/ros2_ws/install/motion_planning_python_api/share/motion_planning_python_api/package.dsv
[0.465s] -- Up-to-date symlink: /home/jelly/ros2_ws/install/motion_planning_python_api/share/ament_index/resource_index/packages/motion_planning_python_api
[0.465s] -- Up-to-date symlink: /home/jelly/ros2_ws/install/motion_planning_python_api/share/motion_planning_python_api/cmake/motion_planning_python_apiConfig.cmake
[0.466s] -- Up-to-date symlink: /home/jelly/ros2_ws/install/motion_planning_python_api/share/motion_planning_python_api/cmake/motion_planning_python_apiConfig-version.cmake
[0.466s] -- Up-to-date symlink: /home/jelly/ros2_ws/install/motion_planning_python_api/share/motion_planning_python_api/package.xml
[0.472s] Invoked command in '/home/jelly/ros2_ws/build/motion_planning_python_api' returned '0': CMAKE_PREFIX_PATH=${CMAKE_PREFIX_PATH}:/home/jelly/ros2_ws/install/mycobot_real_moveit:/home/jelly/ros2_ws/install/mycobot_280:/opt/ros/humble /usr/bin/cmake --install /home/jelly/ros2_ws/build/motion_planning_python_api
