[0.033s] Invoking command in '/home/jelly/ros2_ws/build/catch2': /usr/bin/cmake /home/jelly/ros2_ws/src/catch2_ros -DCMAKE_INSTALL_PREFIX=/home/jelly/ros2_ws/install/catch2
[0.139s] -- The C compiler identification is GNU 11.4.0
[0.291s] -- The CXX compiler identification is GNU 11.4.0
[0.309s] -- Detecting C compiler ABI info
[0.880s] -- Detecting C compiler ABI info - done
[0.906s] -- Check for working C compiler: /usr/bin/cc - skipped
[0.909s] -- Detecting C compile features
[0.909s] -- Detecting C compile features - done
[0.927s] -- Detecting CXX compiler ABI info
[1.381s] -- Detecting CXX compiler ABI info - done
[1.411s] -- Check for working CXX compiler: /usr/bin/c++ - skipped
[1.413s] -- Detecting CXX compile features
[1.413s] -- Detecting CXX compile features - done
[1.423s] -- Found ament_cmake: 1.3.9 (/opt/ros/humble/share/ament_cmake/cmake)
[2.190s] -- Found Python3: /usr/bin/python3 (found version "3.10.12") found components: Interpreter 
[2.935s] -- Configuring done
[2.935s] -- Generating done
[2.941s] -- Build files have been written to: /home/jelly/ros2_ws/build/catch2
[2.974s] Invoked command in '/home/jelly/ros2_ws/build/catch2' returned '0': /usr/bin/cmake /home/jelly/ros2_ws/src/catch2_ros -DCMAKE_INSTALL_PREFIX=/home/jelly/ros2_ws/install/catch2
[2.975s] Invoking command in '/home/jelly/ros2_ws/build/catch2': /usr/bin/cmake --build /home/jelly/ros2_ws/build/catch2 -- -j4 -l4
[3.196s] Invoked command in '/home/jelly/ros2_ws/build/catch2' returned '0': /usr/bin/cmake --build /home/jelly/ros2_ws/build/catch2 -- -j4 -l4
[3.608s] Invoking command in '/home/jelly/ros2_ws/build/catch2': /usr/bin/cmake --install /home/jelly/ros2_ws/build/catch2
[3.642s] -- Install configuration: ""
[3.643s] -- Installing: /home/jelly/ros2_ws/install/catch2/include/
[3.643s] -- Installing: /home/jelly/ros2_ws/install/catch2/include//catch2
[3.645s] -- Installing: /home/jelly/ros2_ws/install/catch2/include//catch2/.clang-format
[3.646s] -- Installing: /home/jelly/ros2_ws/install/catch2/include//catch2/catch.hpp
[3.653s] -- Installing: /home/jelly/ros2_ws/install/catch2/include//catch2/fakeit.hpp
[3.664s] -- Installing: /home/jelly/ros2_ws/install/catch2/share/ament_index/resource_index/package_run_dependencies/catch2
[3.665s] -- Installing: /home/jelly/ros2_ws/install/catch2/share/ament_index/resource_index/parent_prefix_path/catch2
[3.666s] -- Installing: /home/jelly/ros2_ws/install/catch2/share/catch2/environment/ament_prefix_path.sh
[3.668s] -- Installing: /home/jelly/ros2_ws/install/catch2/share/catch2/environment/ament_prefix_path.dsv
[3.674s] -- Installing: /home/jelly/ros2_ws/install/catch2/share/catch2/environment/path.sh
[3.678s] -- Installing: /home/jelly/ros2_ws/install/catch2/share/catch2/environment/path.dsv
[3.680s] -- Installing: /home/jelly/ros2_ws/install/catch2/share/catch2/local_setup.bash
[3.683s] -- Installing: /home/jelly/ros2_ws/install/catch2/share/catch2/local_setup.sh
[3.688s] -- Installing: /home/jelly/ros2_ws/install/catch2/share/catch2/local_setup.zsh
[3.692s] -- Installing: /home/jelly/ros2_ws/install/catch2/share/catch2/local_setup.dsv
[3.693s] -- Installing: /home/jelly/ros2_ws/install/catch2/share/catch2/package.dsv
[3.695s] -- Installing: /home/jelly/ros2_ws/install/catch2/share/ament_index/resource_index/packages/catch2
[3.695s] -- Installing: /home/jelly/ros2_ws/install/catch2/share/catch2/cmake/catch2_TargetsExport.cmake
[3.697s] -- Installing: /home/jelly/ros2_ws/install/catch2/share/catch2/cmake/ament_cmake_export_include_directories-extras.cmake
[3.699s] -- Installing: /home/jelly/ros2_ws/install/catch2/share/catch2/cmake/ament_cmake_export_targets-extras.cmake
[3.701s] -- Installing: /home/jelly/ros2_ws/install/catch2/share/catch2/cmake/catch2Config.cmake
[3.702s] -- Installing: /home/jelly/ros2_ws/install/catch2/share/catch2/cmake/catch2Config-version.cmake
[3.708s] -- Installing: /home/jelly/ros2_ws/install/catch2/share/catch2/package.xml
[3.755s] Invoked command in '/home/jelly/ros2_ws/build/catch2' returned '0': /usr/bin/cmake --install /home/jelly/ros2_ws/build/catch2
