[0.077s] Invoking command in '/home/jelly/ros2_ws/build/mycobot_ros2': AMENT_PREFIX_PATH=/home/jelly/ros2_ws/install/mycobot_description:${AMENT_PREFIX_PATH} CMAKE_PREFIX_PATH=/home/jelly/ros2_ws/install/mycobot_description:/opt/ros/humble /usr/bin/cmake /home/jelly/ros2_ws/src/mycobot_ros2/mycobot_ros2 -DAMENT_CMAKE_SYMLINK_INSTALL=1 -DCMAKE_INSTALL_PREFIX=/home/jelly/ros2_ws/install/mycobot_ros2
[0.413s] -- The C compiler identification is GNU 11.4.0
[0.621s] -- The CXX compiler identification is GNU 11.4.0
[0.645s] -- Detecting C compiler ABI info
[1.087s] -- Detecting C compiler ABI info - done
[1.123s] -- Check for working C compiler: /usr/bin/cc - skipped
[1.123s] -- Detecting C compile features
[1.124s] -- Detecting C compile features - done
[1.143s] -- Detecting CXX compiler ABI info
[1.707s] -- Detecting CXX compiler ABI info - done
[1.730s] -- Check for working CXX compiler: /usr/bin/c++ - skipped
[1.730s] -- Detecting CXX compile features
[1.731s] -- Detecting CXX compile features - done
[1.734s] -- Found ament_cmake: 1.3.9 (/opt/ros/humble/share/ament_cmake/cmake)
[2.315s] -- Found Python3: /usr/bin/python3 (found version "3.10.12") found components: Interpreter 
[2.579s] -- Override CMake install command with custom implementation using symlinks instead of copying resources
[2.698s] -- Found ament_lint_auto: 0.12.11 (/opt/ros/humble/share/ament_lint_auto/cmake)
[2.904s] -- Added test 'lint_cmake' to check CMake code style
[2.905s] -- Added test 'xmllint' to check XML markup files
[2.913s] -- Configuring done
[2.921s] -- Generating done
[2.927s] -- Build files have been written to: /home/jelly/ros2_ws/build/mycobot_ros2
[2.940s] Invoked command in '/home/jelly/ros2_ws/build/mycobot_ros2' returned '0': AMENT_PREFIX_PATH=/home/jelly/ros2_ws/install/mycobot_description:${AMENT_PREFIX_PATH} CMAKE_PREFIX_PATH=/home/jelly/ros2_ws/install/mycobot_description:/opt/ros/humble /usr/bin/cmake /home/jelly/ros2_ws/src/mycobot_ros2/mycobot_ros2 -DAMENT_CMAKE_SYMLINK_INSTALL=1 -DCMAKE_INSTALL_PREFIX=/home/jelly/ros2_ws/install/mycobot_ros2
[2.952s] Invoking command in '/home/jelly/ros2_ws/build/mycobot_ros2': AMENT_PREFIX_PATH=/home/jelly/ros2_ws/install/mycobot_description:${AMENT_PREFIX_PATH} CMAKE_PREFIX_PATH=/home/jelly/ros2_ws/install/mycobot_description:/opt/ros/humble /usr/bin/cmake --build /home/jelly/ros2_ws/build/mycobot_ros2 -- -j4 -l4
[3.097s] Invoked command in '/home/jelly/ros2_ws/build/mycobot_ros2' returned '0': AMENT_PREFIX_PATH=/home/jelly/ros2_ws/install/mycobot_description:${AMENT_PREFIX_PATH} CMAKE_PREFIX_PATH=/home/jelly/ros2_ws/install/mycobot_description:/opt/ros/humble /usr/bin/cmake --build /home/jelly/ros2_ws/build/mycobot_ros2 -- -j4 -l4
[3.276s] Invoking command in '/home/jelly/ros2_ws/build/mycobot_ros2': AMENT_PREFIX_PATH=/home/jelly/ros2_ws/install/mycobot_description:${AMENT_PREFIX_PATH} CMAKE_PREFIX_PATH=/home/jelly/ros2_ws/install/mycobot_description:/opt/ros/humble /usr/bin/cmake --install /home/jelly/ros2_ws/build/mycobot_ros2
[3.304s] -- Install configuration: ""
[3.307s] -- Execute custom install script
[3.307s] -- Symlinking: /home/jelly/ros2_ws/install/mycobot_ros2/share/ament_index/resource_index/package_run_dependencies/mycobot_ros2
[3.375s] -- Symlinking: /home/jelly/ros2_ws/install/mycobot_ros2/share/ament_index/resource_index/parent_prefix_path/mycobot_ros2
[3.406s] -- Symlinking: /home/jelly/ros2_ws/install/mycobot_ros2/share/mycobot_ros2/environment/ament_prefix_path.sh
[3.445s] -- Symlinking: /home/jelly/ros2_ws/install/mycobot_ros2/share/mycobot_ros2/environment/ament_prefix_path.dsv
[3.480s] -- Symlinking: /home/jelly/ros2_ws/install/mycobot_ros2/share/mycobot_ros2/environment/path.sh
[3.513s] -- Symlinking: /home/jelly/ros2_ws/install/mycobot_ros2/share/mycobot_ros2/environment/path.dsv
[3.549s] -- Symlinking: /home/jelly/ros2_ws/install/mycobot_ros2/share/mycobot_ros2/local_setup.bash
[3.591s] -- Symlinking: /home/jelly/ros2_ws/install/mycobot_ros2/share/mycobot_ros2/local_setup.sh
[3.625s] -- Symlinking: /home/jelly/ros2_ws/install/mycobot_ros2/share/mycobot_ros2/local_setup.zsh
[3.660s] -- Symlinking: /home/jelly/ros2_ws/install/mycobot_ros2/share/mycobot_ros2/local_setup.dsv
[3.697s] -- Symlinking: /home/jelly/ros2_ws/install/mycobot_ros2/share/mycobot_ros2/package.dsv
[3.722s] -- Symlinking: /home/jelly/ros2_ws/install/mycobot_ros2/share/ament_index/resource_index/packages/mycobot_ros2
[3.741s] -- Symlinking: /home/jelly/ros2_ws/install/mycobot_ros2/share/mycobot_ros2/cmake/mycobot_ros2Config.cmake
[3.765s] -- Symlinking: /home/jelly/ros2_ws/install/mycobot_ros2/share/mycobot_ros2/cmake/mycobot_ros2Config-version.cmake
[3.806s] -- Symlinking: /home/jelly/ros2_ws/install/mycobot_ros2/share/mycobot_ros2/package.xml
[3.850s] Invoked command in '/home/jelly/ros2_ws/build/mycobot_ros2' returned '0': AMENT_PREFIX_PATH=/home/jelly/ros2_ws/install/mycobot_description:${AMENT_PREFIX_PATH} CMAKE_PREFIX_PATH=/home/jelly/ros2_ws/install/mycobot_description:/opt/ros/humble /usr/bin/cmake --install /home/jelly/ros2_ws/build/mycobot_ros2
