[0.023s] Invoking command in '/home/jelly/ros2_ws/build/moveit2_scripts': /usr/bin/cmake /home/jelly/ros2_ws/src/moveit2_scripts -DCMAKE_INSTALL_PREFIX=/home/jelly/ros2_ws/install/moveit2_scripts
[0.186s] -- The C compiler identification is GNU 11.4.0
[0.297s] -- The CXX compiler identification is GNU 11.4.0
[0.310s] -- Detecting C compiler ABI info
[0.465s] -- Detecting C compiler ABI info - done
[0.477s] -- Check for working C compiler: /usr/bin/cc - skipped
[0.478s] -- Detecting C compile features
[0.479s] -- Detecting C compile features - done
[0.487s] -- Detecting CXX compiler ABI info
[0.752s] -- Detecting CXX compiler ABI info - done
[0.772s] -- Check for working CXX compiler: /usr/bin/c++ - skipped
[0.772s] -- Detecting CXX compile features
[0.773s] -- Detecting CXX compile features - done
[0.803s] [31mCMake Error at CMakeLists.txt:9 (find_package):
[0.804s]   By not providing "Findament_cmake.cmake" in CMAKE_MODULE_PATH this project
[0.804s]   has asked CMake to find a package configuration file provided by
[0.804s]   "ament_cmake", but CMake did not find one.
[0.804s] 
[0.804s]   Could not find a package configuration file provided by "ament_cmake" with
[0.804s]   any of the following names:
[0.805s] 
[0.805s]     ament_cmakeConfig.cmake
[0.805s]     ament_cmake-config.cmake
[0.805s] 
[0.806s]   Add the installation prefix of "ament_cmake" to CMAKE_PREFIX_PATH or set
[0.806s]   "ament_cmake_DIR" to a directory containing one of the above files.  If
[0.806s]   "ament_cmake" provides a separate development package or SDK, be sure it
[0.806s]   has been installed.
[0.806s] 
[0.806s] [0m
[0.806s] -- Configuring incomplete, errors occurred!
[0.806s] See also "/home/jelly/ros2_ws/build/moveit2_scripts/CMakeFiles/CMakeOutput.log".
[0.837s] Invoked command in '/home/jelly/ros2_ws/build/moveit2_scripts' returned '1': /usr/bin/cmake /home/jelly/ros2_ws/src/moveit2_scripts -DCMAKE_INSTALL_PREFIX=/home/jelly/ros2_ws/install/moveit2_scripts
