[0.149s] Invoking command in '/home/jelly/ros2_ws/build/mycobot_hardware_interface': CMAKE_PREFIX_PATH=/home/jelly/ros2_ws/install/mycobot:/home/jelly/ros2_ws/install/serial:/home/jelly/ros2_ws/install/fp:/home/jelly/ros2_ws/install/catch2:/home/jelly/ros2_ws/install/mycobot_280_description:/home/jelly/ros2_ws/install/mycobot_hardware_interface:/home/jelly/ros2_ws/install/mycobot_ros2:/home/jelly/ros2_ws/install/mycobot_moveit_config:/home/jelly/ros2_ws/install/mycobot_gazebo:/home/jelly/ros2_ws/install/mycobot_description:/home/jelly/ros2_ws/install/moveit2_scripts:/home/jelly/ros2_ws/install/motion_planning_python_api:/home/jelly/ros2_ws/install/custom_hardware:/home/jelly/ros2_ws/install/FMT:/home/jelly/ros2_ws/install/mycobot_280:/home/jelly/ros2_ws/install/mecharm_pi:/home/jelly/ros2_ws/install/mecharm:/home/jelly/ros2_ws/install/mycobot_controller:/home/jelly/ros2_ws/install/mycobot_communication:/home/jelly/ros2_ws/install/mecharm_communication:/opt/ros/humble /usr/bin/cmake --build /home/jelly/ros2_ws/build/mycobot_hardware_interface -- -j4 -l4
[0.503s] [100%] Built target mycobot_hardware_interface
[0.563s] Invoked command in '/home/jelly/ros2_ws/build/mycobot_hardware_interface' returned '0': CMAKE_PREFIX_PATH=/home/jelly/ros2_ws/install/mycobot:/home/jelly/ros2_ws/install/serial:/home/jelly/ros2_ws/install/fp:/home/jelly/ros2_ws/install/catch2:/home/jelly/ros2_ws/install/mycobot_280_description:/home/jelly/ros2_ws/install/mycobot_hardware_interface:/home/jelly/ros2_ws/install/mycobot_ros2:/home/jelly/ros2_ws/install/mycobot_moveit_config:/home/jelly/ros2_ws/install/mycobot_gazebo:/home/jelly/ros2_ws/install/mycobot_description:/home/jelly/ros2_ws/install/moveit2_scripts:/home/jelly/ros2_ws/install/motion_planning_python_api:/home/jelly/ros2_ws/install/custom_hardware:/home/jelly/ros2_ws/install/FMT:/home/jelly/ros2_ws/install/mycobot_280:/home/jelly/ros2_ws/install/mecharm_pi:/home/jelly/ros2_ws/install/mecharm:/home/jelly/ros2_ws/install/mycobot_controller:/home/jelly/ros2_ws/install/mycobot_communication:/home/jelly/ros2_ws/install/mecharm_communication:/opt/ros/humble /usr/bin/cmake --build /home/jelly/ros2_ws/build/mycobot_hardware_interface -- -j4 -l4
[0.869s] Invoking command in '/home/jelly/ros2_ws/build/mycobot_hardware_interface': CMAKE_PREFIX_PATH=/home/jelly/ros2_ws/install/mycobot:/home/jelly/ros2_ws/install/serial:/home/jelly/ros2_ws/install/fp:/home/jelly/ros2_ws/install/catch2:/home/jelly/ros2_ws/install/mycobot_280_description:/home/jelly/ros2_ws/install/mycobot_hardware_interface:/home/jelly/ros2_ws/install/mycobot_ros2:/home/jelly/ros2_ws/install/mycobot_moveit_config:/home/jelly/ros2_ws/install/mycobot_gazebo:/home/jelly/ros2_ws/install/mycobot_description:/home/jelly/ros2_ws/install/moveit2_scripts:/home/jelly/ros2_ws/install/motion_planning_python_api:/home/jelly/ros2_ws/install/custom_hardware:/home/jelly/ros2_ws/install/FMT:/home/jelly/ros2_ws/install/mycobot_280:/home/jelly/ros2_ws/install/mecharm_pi:/home/jelly/ros2_ws/install/mecharm:/home/jelly/ros2_ws/install/mycobot_controller:/home/jelly/ros2_ws/install/mycobot_communication:/home/jelly/ros2_ws/install/mecharm_communication:/opt/ros/humble /usr/bin/cmake --install /home/jelly/ros2_ws/build/mycobot_hardware_interface
[0.910s] -- Install configuration: ""
[0.910s] -- Up-to-date: /home/jelly/ros2_ws/install/mycobot_hardware_interface/share/mycobot_hardware_interface/hardware_interface_plugin.xml
[0.912s] -- Up-to-date: /home/jelly/ros2_ws/install/mycobot_hardware_interface/include
[0.913s] -- Up-to-date: /home/jelly/ros2_ws/install/mycobot_hardware_interface/include/mycobot_hardware_interface
[0.913s] -- Up-to-date: /home/jelly/ros2_ws/install/mycobot_hardware_interface/include/mycobot_hardware_interface/hardware_interface.hpp
[0.914s] -- Up-to-date: /home/jelly/ros2_ws/install/mycobot_hardware_interface/lib/libmycobot_hardware_interface.so
[0.919s] -- Up-to-date: /home/jelly/ros2_ws/install/mycobot_hardware_interface/share/mycobot_hardware_interface/environment/library_path.sh
[0.928s] -- Up-to-date: /home/jelly/ros2_ws/install/mycobot_hardware_interface/share/mycobot_hardware_interface/environment/library_path.dsv
[0.943s] -- Up-to-date: /home/jelly/ros2_ws/install/mycobot_hardware_interface/share/ament_index/resource_index/package_run_dependencies/mycobot_hardware_interface
[0.943s] -- Up-to-date: /home/jelly/ros2_ws/install/mycobot_hardware_interface/share/ament_index/resource_index/parent_prefix_path/mycobot_hardware_interface
[0.943s] -- Up-to-date: /home/jelly/ros2_ws/install/mycobot_hardware_interface/share/mycobot_hardware_interface/environment/ament_prefix_path.sh
[0.945s] -- Up-to-date: /home/jelly/ros2_ws/install/mycobot_hardware_interface/share/mycobot_hardware_interface/environment/ament_prefix_path.dsv
[0.947s] -- Up-to-date: /home/jelly/ros2_ws/install/mycobot_hardware_interface/share/mycobot_hardware_interface/environment/path.sh
[0.947s] -- Up-to-date: /home/jelly/ros2_ws/install/mycobot_hardware_interface/share/mycobot_hardware_interface/environment/path.dsv
[0.947s] -- Up-to-date: /home/jelly/ros2_ws/install/mycobot_hardware_interface/share/mycobot_hardware_interface/local_setup.bash
[0.961s] -- Up-to-date: /home/jelly/ros2_ws/install/mycobot_hardware_interface/share/mycobot_hardware_interface/local_setup.sh
[0.961s] -- Up-to-date: /home/jelly/ros2_ws/install/mycobot_hardware_interface/share/mycobot_hardware_interface/local_setup.zsh
[0.961s] -- Up-to-date: /home/jelly/ros2_ws/install/mycobot_hardware_interface/share/mycobot_hardware_interface/local_setup.dsv
[0.961s] -- Installing: /home/jelly/ros2_ws/install/mycobot_hardware_interface/share/mycobot_hardware_interface/package.dsv
[0.962s] -- Up-to-date: /home/jelly/ros2_ws/install/mycobot_hardware_interface/share/ament_index/resource_index/packages/mycobot_hardware_interface
[0.962s] -- Up-to-date: /home/jelly/ros2_ws/install/mycobot_hardware_interface/share/ament_index/resource_index/hardware_interface__pluginlib__plugin/mycobot_hardware_interface
[0.962s] -- Up-to-date: /home/jelly/ros2_ws/install/mycobot_hardware_interface/share/mycobot_hardware_interface/cmake/export_mycobot_hardware_interfaceExport.cmake
[0.962s] -- Up-to-date: /home/jelly/ros2_ws/install/mycobot_hardware_interface/share/mycobot_hardware_interface/cmake/export_mycobot_hardware_interfaceExport-noconfig.cmake
[0.962s] -- Up-to-date: /home/jelly/ros2_ws/install/mycobot_hardware_interface/share/mycobot_hardware_interface/cmake/ament_cmake_export_include_directories-extras.cmake
[0.962s] -- Up-to-date: /home/jelly/ros2_ws/install/mycobot_hardware_interface/share/mycobot_hardware_interface/cmake/ament_cmake_export_libraries-extras.cmake
[0.962s] -- Up-to-date: /home/jelly/ros2_ws/install/mycobot_hardware_interface/share/mycobot_hardware_interface/cmake/ament_cmake_export_targets-extras.cmake
[0.963s] -- Up-to-date: /home/jelly/ros2_ws/install/mycobot_hardware_interface/share/mycobot_hardware_interface/cmake/mycobot_hardware_interfaceConfig.cmake
[0.963s] -- Up-to-date: /home/jelly/ros2_ws/install/mycobot_hardware_interface/share/mycobot_hardware_interface/cmake/mycobot_hardware_interfaceConfig-version.cmake
[0.963s] -- Up-to-date: /home/jelly/ros2_ws/install/mycobot_hardware_interface/share/mycobot_hardware_interface/package.xml
[0.976s] Invoked command in '/home/jelly/ros2_ws/build/mycobot_hardware_interface' returned '0': CMAKE_PREFIX_PATH=/home/jelly/ros2_ws/install/mycobot:/home/jelly/ros2_ws/install/serial:/home/jelly/ros2_ws/install/fp:/home/jelly/ros2_ws/install/catch2:/home/jelly/ros2_ws/install/mycobot_280_description:/home/jelly/ros2_ws/install/mycobot_hardware_interface:/home/jelly/ros2_ws/install/mycobot_ros2:/home/jelly/ros2_ws/install/mycobot_moveit_config:/home/jelly/ros2_ws/install/mycobot_gazebo:/home/jelly/ros2_ws/install/mycobot_description:/home/jelly/ros2_ws/install/moveit2_scripts:/home/jelly/ros2_ws/install/motion_planning_python_api:/home/jelly/ros2_ws/install/custom_hardware:/home/jelly/ros2_ws/install/FMT:/home/jelly/ros2_ws/install/mycobot_280:/home/jelly/ros2_ws/install/mecharm_pi:/home/jelly/ros2_ws/install/mecharm:/home/jelly/ros2_ws/install/mycobot_controller:/home/jelly/ros2_ws/install/mycobot_communication:/home/jelly/ros2_ws/install/mecharm_communication:/opt/ros/humble /usr/bin/cmake --install /home/jelly/ros2_ws/build/mycobot_hardware_interface
