[0.149s] DEBUG:colcon:Command line arguments: ['/usr/bin/colcon', 'build']
[0.149s] DEBUG:colcon:Parsed command line arguments: Namespace(log_base=None, log_level=None, verb_name='build', build_base='build', install_base='install', merge_install=False, symlink_install=False, test_result_base=None, continue_on_error=False, executor='parallel', parallel_workers=4, event_handlers=None, ignore_user_meta=False, metas=['./colcon.meta'], base_paths=['.'], packages_ignore=None, packages_ignore_regex=None, paths=None, packages_up_to=None, packages_up_to_regex=None, packages_above=None, packages_above_and_dependencies=None, packages_above_depth=None, packages_select_by_dep=None, packages_skip_by_dep=None, packages_skip_up_to=None, packages_select_build_failed=False, packages_skip_build_finished=False, packages_select_test_failures=False, packages_skip_test_passed=False, packages_select=None, packages_skip=None, packages_select_regex=None, packages_skip_regex=None, packages_start=None, packages_end=None, allow_overriding=[], cmake_args=None, cmake_target=None, cmake_target_skip_unavailable=False, cmake_clean_cache=False, cmake_clean_first=False, cmake_force_configure=False, ament_cmake_args=None, catkin_cmake_args=None, catkin_skip_building_tests=False, verb_parser=<colcon_defaults.argument_parser.defaults.DefaultArgumentsDecorator object at 0x7cf8f22d1030>, verb_extension=<colcon_core.verb.build.BuildVerb object at 0x7cf8f22d0af0>, main=<bound method BuildVerb.main of <colcon_core.verb.build.BuildVerb object at 0x7cf8f22d0af0>>)
[0.394s] Level 1:colcon.colcon_core.package_discovery:discover_packages(colcon_meta) check parameters
[0.394s] Level 1:colcon.colcon_core.package_discovery:discover_packages(recursive) check parameters
[0.395s] Level 1:colcon.colcon_core.package_discovery:discover_packages(ignore) check parameters
[0.395s] Level 1:colcon.colcon_core.package_discovery:discover_packages(path) check parameters
[0.395s] Level 1:colcon.colcon_core.package_discovery:discover_packages(colcon_meta) discover
[0.395s] Level 1:colcon.colcon_core.package_discovery:discover_packages(recursive) discover
[0.395s] INFO:colcon.colcon_core.package_discovery:Crawling recursively for packages in '/home/jelly/ros2_ws'
[0.395s] Level 1:colcon.colcon_core.package_identification:_identify(.) by extensions ['ignore', 'ignore_ament_install']
[0.395s] Level 1:colcon.colcon_core.package_identification:_identify(.) by extension 'ignore'
[0.395s] Level 1:colcon.colcon_core.package_identification:_identify(.) by extension 'ignore_ament_install'
[0.395s] Level 1:colcon.colcon_core.package_identification:_identify(.) by extensions ['colcon_pkg']
[0.395s] Level 1:colcon.colcon_core.package_identification:_identify(.) by extension 'colcon_pkg'
[0.395s] Level 1:colcon.colcon_core.package_identification:_identify(.) by extensions ['colcon_meta']
[0.396s] Level 1:colcon.colcon_core.package_identification:_identify(.) by extension 'colcon_meta'
[0.396s] Level 1:colcon.colcon_core.package_identification:_identify(.) by extensions ['ros']
[0.396s] Level 1:colcon.colcon_core.package_identification:_identify(.) by extension 'ros'
[0.413s] Level 1:colcon.colcon_core.package_identification:_identify(.) by extensions ['cmake', 'python']
[0.413s] Level 1:colcon.colcon_core.package_identification:_identify(.) by extension 'cmake'
[0.413s] Level 1:colcon.colcon_core.package_identification:_identify(.) by extension 'python'
[0.413s] Level 1:colcon.colcon_core.package_identification:_identify(.) by extensions ['python_setup_py']
[0.413s] Level 1:colcon.colcon_core.package_identification:_identify(.) by extension 'python_setup_py'
[0.413s] Level 1:colcon.colcon_core.package_identification:_identify(build) by extensions ['ignore', 'ignore_ament_install']
[0.414s] Level 1:colcon.colcon_core.package_identification:_identify(build) by extension 'ignore'
[0.414s] Level 1:colcon.colcon_core.package_identification:_identify(build) ignored
[0.414s] Level 1:colcon.colcon_core.package_identification:_identify(install) by extensions ['ignore', 'ignore_ament_install']
[0.414s] Level 1:colcon.colcon_core.package_identification:_identify(install) by extension 'ignore'
[0.414s] Level 1:colcon.colcon_core.package_identification:_identify(install) ignored
[0.414s] Level 1:colcon.colcon_core.package_identification:_identify(log) by extensions ['ignore', 'ignore_ament_install']
[0.414s] Level 1:colcon.colcon_core.package_identification:_identify(log) by extension 'ignore'
[0.414s] Level 1:colcon.colcon_core.package_identification:_identify(log) ignored
[0.415s] Level 1:colcon.colcon_core.package_identification:_identify(src) by extensions ['ignore', 'ignore_ament_install']
[0.415s] Level 1:colcon.colcon_core.package_identification:_identify(src) by extension 'ignore'
[0.415s] Level 1:colcon.colcon_core.package_identification:_identify(src) by extension 'ignore_ament_install'
[0.415s] Level 1:colcon.colcon_core.package_identification:_identify(src) by extensions ['colcon_pkg']
[0.415s] Level 1:colcon.colcon_core.package_identification:_identify(src) by extension 'colcon_pkg'
[0.415s] Level 1:colcon.colcon_core.package_identification:_identify(src) by extensions ['colcon_meta']
[0.415s] Level 1:colcon.colcon_core.package_identification:_identify(src) by extension 'colcon_meta'
[0.415s] Level 1:colcon.colcon_core.package_identification:_identify(src) by extensions ['ros']
[0.415s] Level 1:colcon.colcon_core.package_identification:_identify(src) by extension 'ros'
[0.415s] Level 1:colcon.colcon_core.package_identification:_identify(src) by extensions ['cmake', 'python']
[0.415s] Level 1:colcon.colcon_core.package_identification:_identify(src) by extension 'cmake'
[0.416s] Level 1:colcon.colcon_core.package_identification:_identify(src) by extension 'python'
[0.416s] Level 1:colcon.colcon_core.package_identification:_identify(src) by extensions ['python_setup_py']
[0.416s] Level 1:colcon.colcon_core.package_identification:_identify(src) by extension 'python_setup_py'
[0.416s] Level 1:colcon.colcon_core.package_identification:_identify(src/catch2_ros) by extensions ['ignore', 'ignore_ament_install']
[0.417s] Level 1:colcon.colcon_core.package_identification:_identify(src/catch2_ros) by extension 'ignore'
[0.417s] Level 1:colcon.colcon_core.package_identification:_identify(src/catch2_ros) by extension 'ignore_ament_install'
[0.417s] Level 1:colcon.colcon_core.package_identification:_identify(src/catch2_ros) by extensions ['colcon_pkg']
[0.417s] Level 1:colcon.colcon_core.package_identification:_identify(src/catch2_ros) by extension 'colcon_pkg'
[0.417s] Level 1:colcon.colcon_core.package_identification:_identify(src/catch2_ros) by extensions ['colcon_meta']
[0.417s] Level 1:colcon.colcon_core.package_identification:_identify(src/catch2_ros) by extension 'colcon_meta'
[0.417s] Level 1:colcon.colcon_core.package_identification:_identify(src/catch2_ros) by extensions ['ros']
[0.418s] Level 1:colcon.colcon_core.package_identification:_identify(src/catch2_ros) by extension 'ros'
[0.421s] DEBUG:colcon.colcon_core.package_identification:Package 'src/catch2_ros' with type 'ros.ament_cmake' and name 'catch2'
[0.421s] Level 1:colcon.colcon_core.package_identification:_identify(src/fmt) by extensions ['ignore', 'ignore_ament_install']
[0.421s] Level 1:colcon.colcon_core.package_identification:_identify(src/fmt) by extension 'ignore'
[0.422s] Level 1:colcon.colcon_core.package_identification:_identify(src/fmt) by extension 'ignore_ament_install'
[0.422s] Level 1:colcon.colcon_core.package_identification:_identify(src/fmt) by extensions ['colcon_pkg']
[0.422s] Level 1:colcon.colcon_core.package_identification:_identify(src/fmt) by extension 'colcon_pkg'
[0.422s] Level 1:colcon.colcon_core.package_identification:_identify(src/fmt) by extensions ['colcon_meta']
[0.422s] Level 1:colcon.colcon_core.package_identification:_identify(src/fmt) by extension 'colcon_meta'
[0.422s] Level 1:colcon.colcon_core.package_identification:_identify(src/fmt) by extensions ['ros']
[0.422s] Level 1:colcon.colcon_core.package_identification:_identify(src/fmt) by extension 'ros'
[0.422s] Level 1:colcon.colcon_core.package_identification:_identify(src/fmt) by extensions ['cmake', 'python']
[0.422s] Level 1:colcon.colcon_core.package_identification:_identify(src/fmt) by extension 'cmake'
[0.431s] Level 1:colcon.colcon_core.package_identification:_identify(src/fmt) by extension 'python'
[0.431s] DEBUG:colcon.colcon_core.package_identification:Package 'src/fmt' with type 'cmake' and name 'FMT'
[0.431s] Level 1:colcon.colcon_core.package_identification:_identify(src/fp) by extensions ['ignore', 'ignore_ament_install']
[0.431s] Level 1:colcon.colcon_core.package_identification:_identify(src/fp) by extension 'ignore'
[0.431s] Level 1:colcon.colcon_core.package_identification:_identify(src/fp) by extension 'ignore_ament_install'
[0.431s] Level 1:colcon.colcon_core.package_identification:_identify(src/fp) by extensions ['colcon_pkg']
[0.432s] Level 1:colcon.colcon_core.package_identification:_identify(src/fp) by extension 'colcon_pkg'
[0.432s] Level 1:colcon.colcon_core.package_identification:_identify(src/fp) by extensions ['colcon_meta']
[0.432s] Level 1:colcon.colcon_core.package_identification:_identify(src/fp) by extension 'colcon_meta'
[0.432s] Level 1:colcon.colcon_core.package_identification:_identify(src/fp) by extensions ['ros']
[0.432s] Level 1:colcon.colcon_core.package_identification:_identify(src/fp) by extension 'ros'
[0.433s] DEBUG:colcon.colcon_core.package_identification:Package 'src/fp' with type 'ros.ament_cmake' and name 'fp'
[0.433s] Level 1:colcon.colcon_core.package_identification:_identify(src/motion_planning_python_api) by extensions ['ignore', 'ignore_ament_install']
[0.433s] Level 1:colcon.colcon_core.package_identification:_identify(src/motion_planning_python_api) by extension 'ignore'
[0.433s] Level 1:colcon.colcon_core.package_identification:_identify(src/motion_planning_python_api) by extension 'ignore_ament_install'
[0.434s] Level 1:colcon.colcon_core.package_identification:_identify(src/motion_planning_python_api) by extensions ['colcon_pkg']
[0.434s] Level 1:colcon.colcon_core.package_identification:_identify(src/motion_planning_python_api) by extension 'colcon_pkg'
[0.434s] Level 1:colcon.colcon_core.package_identification:_identify(src/motion_planning_python_api) by extensions ['colcon_meta']
[0.434s] Level 1:colcon.colcon_core.package_identification:_identify(src/motion_planning_python_api) by extension 'colcon_meta'
[0.434s] Level 1:colcon.colcon_core.package_identification:_identify(src/motion_planning_python_api) by extensions ['ros']
[0.434s] Level 1:colcon.colcon_core.package_identification:_identify(src/motion_planning_python_api) by extension 'ros'
[0.435s] DEBUG:colcon.colcon_core.package_identification:Package 'src/motion_planning_python_api' with type 'ros.ament_cmake' and name 'motion_planning_python_api'
[0.435s] Level 1:colcon.colcon_core.package_identification:_identify(src/moveit2_scripts) by extensions ['ignore', 'ignore_ament_install']
[0.435s] Level 1:colcon.colcon_core.package_identification:_identify(src/moveit2_scripts) by extension 'ignore'
[0.435s] Level 1:colcon.colcon_core.package_identification:_identify(src/moveit2_scripts) by extension 'ignore_ament_install'
[0.435s] Level 1:colcon.colcon_core.package_identification:_identify(src/moveit2_scripts) by extensions ['colcon_pkg']
[0.435s] Level 1:colcon.colcon_core.package_identification:_identify(src/moveit2_scripts) by extension 'colcon_pkg'
[0.435s] Level 1:colcon.colcon_core.package_identification:_identify(src/moveit2_scripts) by extensions ['colcon_meta']
[0.435s] Level 1:colcon.colcon_core.package_identification:_identify(src/moveit2_scripts) by extension 'colcon_meta'
[0.435s] Level 1:colcon.colcon_core.package_identification:_identify(src/moveit2_scripts) by extensions ['ros']
[0.436s] Level 1:colcon.colcon_core.package_identification:_identify(src/moveit2_scripts) by extension 'ros'
[0.437s] DEBUG:colcon.colcon_core.package_identification:Package 'src/moveit2_scripts' with type 'ros.ament_cmake' and name 'moveit2_scripts'
[0.437s] Level 1:colcon.colcon_core.package_identification:_identify(src/mycobot-ros2-fix) by extensions ['ignore', 'ignore_ament_install']
[0.437s] Level 1:colcon.colcon_core.package_identification:_identify(src/mycobot-ros2-fix) by extension 'ignore'
[0.437s] Level 1:colcon.colcon_core.package_identification:_identify(src/mycobot-ros2-fix) by extension 'ignore_ament_install'
[0.438s] Level 1:colcon.colcon_core.package_identification:_identify(src/mycobot-ros2-fix) by extensions ['colcon_pkg']
[0.438s] Level 1:colcon.colcon_core.package_identification:_identify(src/mycobot-ros2-fix) by extension 'colcon_pkg'
[0.438s] Level 1:colcon.colcon_core.package_identification:_identify(src/mycobot-ros2-fix) by extensions ['colcon_meta']
[0.438s] Level 1:colcon.colcon_core.package_identification:_identify(src/mycobot-ros2-fix) by extension 'colcon_meta'
[0.438s] Level 1:colcon.colcon_core.package_identification:_identify(src/mycobot-ros2-fix) by extensions ['ros']
[0.438s] Level 1:colcon.colcon_core.package_identification:_identify(src/mycobot-ros2-fix) by extension 'ros'
[0.438s] Level 1:colcon.colcon_core.package_identification:_identify(src/mycobot-ros2-fix) by extensions ['cmake', 'python']
[0.438s] Level 1:colcon.colcon_core.package_identification:_identify(src/mycobot-ros2-fix) by extension 'cmake'
[0.438s] Level 1:colcon.colcon_core.package_identification:_identify(src/mycobot-ros2-fix) by extension 'python'
[0.438s] Level 1:colcon.colcon_core.package_identification:_identify(src/mycobot-ros2-fix) by extensions ['python_setup_py']
[0.438s] Level 1:colcon.colcon_core.package_identification:_identify(src/mycobot-ros2-fix) by extension 'python_setup_py'
[0.438s] Level 1:colcon.colcon_core.package_identification:_identify(src/mycobot-ros2-fix/build) by extensions ['ignore', 'ignore_ament_install']
[0.439s] Level 1:colcon.colcon_core.package_identification:_identify(src/mycobot-ros2-fix/build) by extension 'ignore'
[0.439s] Level 1:colcon.colcon_core.package_identification:_identify(src/mycobot-ros2-fix/build) ignored
[0.439s] Level 1:colcon.colcon_core.package_identification:_identify(src/mycobot-ros2-fix/install) by extensions ['ignore', 'ignore_ament_install']
[0.439s] Level 1:colcon.colcon_core.package_identification:_identify(src/mycobot-ros2-fix/install) by extension 'ignore'
[0.439s] Level 1:colcon.colcon_core.package_identification:_identify(src/mycobot-ros2-fix/install) ignored
[0.439s] Level 1:colcon.colcon_core.package_identification:_identify(src/mycobot-ros2-fix/log) by extensions ['ignore', 'ignore_ament_install']
[0.440s] Level 1:colcon.colcon_core.package_identification:_identify(src/mycobot-ros2-fix/log) by extension 'ignore'
[0.440s] Level 1:colcon.colcon_core.package_identification:_identify(src/mycobot-ros2-fix/log) ignored
[0.440s] Level 1:colcon.colcon_core.package_identification:_identify(src/mycobot-ros2-fix/mycobot) by extensions ['ignore', 'ignore_ament_install']
[0.440s] Level 1:colcon.colcon_core.package_identification:_identify(src/mycobot-ros2-fix/mycobot) by extension 'ignore'
[0.440s] Level 1:colcon.colcon_core.package_identification:_identify(src/mycobot-ros2-fix/mycobot) by extension 'ignore_ament_install'
[0.440s] Level 1:colcon.colcon_core.package_identification:_identify(src/mycobot-ros2-fix/mycobot) by extensions ['colcon_pkg']
[0.440s] Level 1:colcon.colcon_core.package_identification:_identify(src/mycobot-ros2-fix/mycobot) by extension 'colcon_pkg'
[0.440s] Level 1:colcon.colcon_core.package_identification:_identify(src/mycobot-ros2-fix/mycobot) by extensions ['colcon_meta']
[0.440s] Level 1:colcon.colcon_core.package_identification:_identify(src/mycobot-ros2-fix/mycobot) by extension 'colcon_meta'
[0.440s] Level 1:colcon.colcon_core.package_identification:_identify(src/mycobot-ros2-fix/mycobot) by extensions ['ros']
[0.440s] Level 1:colcon.colcon_core.package_identification:_identify(src/mycobot-ros2-fix/mycobot) by extension 'ros'
[0.441s] DEBUG:colcon.colcon_core.package_identification:Package 'src/mycobot-ros2-fix/mycobot' with type 'ros.ament_cmake' and name 'mycobot'
[0.442s] Level 1:colcon.colcon_core.package_identification:_identify(src/mycobot-ros2-fix/mycobot_280_description) by extensions ['ignore', 'ignore_ament_install']
[0.442s] Level 1:colcon.colcon_core.package_identification:_identify(src/mycobot-ros2-fix/mycobot_280_description) by extension 'ignore'
[0.442s] Level 1:colcon.colcon_core.package_identification:_identify(src/mycobot-ros2-fix/mycobot_280_description) by extension 'ignore_ament_install'
[0.442s] Level 1:colcon.colcon_core.package_identification:_identify(src/mycobot-ros2-fix/mycobot_280_description) by extensions ['colcon_pkg']
[0.442s] Level 1:colcon.colcon_core.package_identification:_identify(src/mycobot-ros2-fix/mycobot_280_description) by extension 'colcon_pkg'
[0.442s] Level 1:colcon.colcon_core.package_identification:_identify(src/mycobot-ros2-fix/mycobot_280_description) by extensions ['colcon_meta']
[0.442s] Level 1:colcon.colcon_core.package_identification:_identify(src/mycobot-ros2-fix/mycobot_280_description) by extension 'colcon_meta'
[0.442s] Level 1:colcon.colcon_core.package_identification:_identify(src/mycobot-ros2-fix/mycobot_280_description) by extensions ['ros']
[0.442s] Level 1:colcon.colcon_core.package_identification:_identify(src/mycobot-ros2-fix/mycobot_280_description) by extension 'ros'
[0.443s] DEBUG:colcon.colcon_core.package_identification:Package 'src/mycobot-ros2-fix/mycobot_280_description' with type 'ros.ament_cmake' and name 'mycobot_280_description'
[0.444s] Level 1:colcon.colcon_core.package_identification:_identify(src/mycobot-ros2-fix/mycobot_hardware_interface) by extensions ['ignore', 'ignore_ament_install']
[0.444s] Level 1:colcon.colcon_core.package_identification:_identify(src/mycobot-ros2-fix/mycobot_hardware_interface) by extension 'ignore'
[0.444s] Level 1:colcon.colcon_core.package_identification:_identify(src/mycobot-ros2-fix/mycobot_hardware_interface) by extension 'ignore_ament_install'
[0.444s] Level 1:colcon.colcon_core.package_identification:_identify(src/mycobot-ros2-fix/mycobot_hardware_interface) by extensions ['colcon_pkg']
[0.444s] Level 1:colcon.colcon_core.package_identification:_identify(src/mycobot-ros2-fix/mycobot_hardware_interface) by extension 'colcon_pkg'
[0.444s] Level 1:colcon.colcon_core.package_identification:_identify(src/mycobot-ros2-fix/mycobot_hardware_interface) by extensions ['colcon_meta']
[0.444s] Level 1:colcon.colcon_core.package_identification:_identify(src/mycobot-ros2-fix/mycobot_hardware_interface) by extension 'colcon_meta'
[0.444s] Level 1:colcon.colcon_core.package_identification:_identify(src/mycobot-ros2-fix/mycobot_hardware_interface) by extensions ['ros']
[0.444s] Level 1:colcon.colcon_core.package_identification:_identify(src/mycobot-ros2-fix/mycobot_hardware_interface) by extension 'ros'
[0.446s] DEBUG:colcon.colcon_core.package_identification:Package 'src/mycobot-ros2-fix/mycobot_hardware_interface' with type 'ros.ament_cmake' and name 'mycobot_hardware_interface'
[0.446s] Level 1:colcon.colcon_core.package_identification:_identify(src/mycobot_280) by extensions ['ignore', 'ignore_ament_install']
[0.446s] Level 1:colcon.colcon_core.package_identification:_identify(src/mycobot_280) by extension 'ignore'
[0.446s] Level 1:colcon.colcon_core.package_identification:_identify(src/mycobot_280) by extension 'ignore_ament_install'
[0.446s] Level 1:colcon.colcon_core.package_identification:_identify(src/mycobot_280) by extensions ['colcon_pkg']
[0.446s] Level 1:colcon.colcon_core.package_identification:_identify(src/mycobot_280) by extension 'colcon_pkg'
[0.446s] Level 1:colcon.colcon_core.package_identification:_identify(src/mycobot_280) by extensions ['colcon_meta']
[0.446s] Level 1:colcon.colcon_core.package_identification:_identify(src/mycobot_280) by extension 'colcon_meta'
[0.446s] Level 1:colcon.colcon_core.package_identification:_identify(src/mycobot_280) by extensions ['ros']
[0.447s] Level 1:colcon.colcon_core.package_identification:_identify(src/mycobot_280) by extension 'ros'
[0.448s] DEBUG:colcon.colcon_core.package_identification:Package 'src/mycobot_280' with type 'ros.ament_python' and name 'mycobot_280'
[0.448s] Level 1:colcon.colcon_core.package_identification:_identify(src/mycobot_ros2) by extensions ['ignore', 'ignore_ament_install']
[0.448s] Level 1:colcon.colcon_core.package_identification:_identify(src/mycobot_ros2) by extension 'ignore'
[0.448s] Level 1:colcon.colcon_core.package_identification:_identify(src/mycobot_ros2) by extension 'ignore_ament_install'
[0.448s] Level 1:colcon.colcon_core.package_identification:_identify(src/mycobot_ros2) by extensions ['colcon_pkg']
[0.448s] Level 1:colcon.colcon_core.package_identification:_identify(src/mycobot_ros2) by extension 'colcon_pkg'
[0.448s] Level 1:colcon.colcon_core.package_identification:_identify(src/mycobot_ros2) by extensions ['colcon_meta']
[0.448s] Level 1:colcon.colcon_core.package_identification:_identify(src/mycobot_ros2) by extension 'colcon_meta'
[0.449s] Level 1:colcon.colcon_core.package_identification:_identify(src/mycobot_ros2) by extensions ['ros']
[0.449s] Level 1:colcon.colcon_core.package_identification:_identify(src/mycobot_ros2) by extension 'ros'
[0.449s] Level 1:colcon.colcon_core.package_identification:_identify(src/mycobot_ros2) by extensions ['cmake', 'python']
[0.449s] Level 1:colcon.colcon_core.package_identification:_identify(src/mycobot_ros2) by extension 'cmake'
[0.449s] Level 1:colcon.colcon_core.package_identification:_identify(src/mycobot_ros2) by extension 'python'
[0.449s] Level 1:colcon.colcon_core.package_identification:_identify(src/mycobot_ros2) by extensions ['python_setup_py']
[0.449s] Level 1:colcon.colcon_core.package_identification:_identify(src/mycobot_ros2) by extension 'python_setup_py'
[0.449s] Level 1:colcon.colcon_core.package_identification:_identify(src/mycobot_ros2/mycobot_description) by extensions ['ignore', 'ignore_ament_install']
[0.449s] Level 1:colcon.colcon_core.package_identification:_identify(src/mycobot_ros2/mycobot_description) by extension 'ignore'
[0.449s] Level 1:colcon.colcon_core.package_identification:_identify(src/mycobot_ros2/mycobot_description) by extension 'ignore_ament_install'
[0.449s] Level 1:colcon.colcon_core.package_identification:_identify(src/mycobot_ros2/mycobot_description) by extensions ['colcon_pkg']
[0.450s] Level 1:colcon.colcon_core.package_identification:_identify(src/mycobot_ros2/mycobot_description) by extension 'colcon_pkg'
[0.450s] Level 1:colcon.colcon_core.package_identification:_identify(src/mycobot_ros2/mycobot_description) by extensions ['colcon_meta']
[0.450s] Level 1:colcon.colcon_core.package_identification:_identify(src/mycobot_ros2/mycobot_description) by extension 'colcon_meta'
[0.450s] Level 1:colcon.colcon_core.package_identification:_identify(src/mycobot_ros2/mycobot_description) by extensions ['ros']
[0.450s] Level 1:colcon.colcon_core.package_identification:_identify(src/mycobot_ros2/mycobot_description) by extension 'ros'
[0.450s] DEBUG:colcon.colcon_core.package_identification:Package 'src/mycobot_ros2/mycobot_description' with type 'ros.ament_cmake' and name 'mycobot_description'
[0.451s] Level 1:colcon.colcon_core.package_identification:_identify(src/mycobot_ros2/mycobot_gazebo) by extensions ['ignore', 'ignore_ament_install']
[0.451s] Level 1:colcon.colcon_core.package_identification:_identify(src/mycobot_ros2/mycobot_gazebo) by extension 'ignore'
[0.451s] Level 1:colcon.colcon_core.package_identification:_identify(src/mycobot_ros2/mycobot_gazebo) by extension 'ignore_ament_install'
[0.451s] Level 1:colcon.colcon_core.package_identification:_identify(src/mycobot_ros2/mycobot_gazebo) by extensions ['colcon_pkg']
[0.451s] Level 1:colcon.colcon_core.package_identification:_identify(src/mycobot_ros2/mycobot_gazebo) by extension 'colcon_pkg'
[0.451s] Level 1:colcon.colcon_core.package_identification:_identify(src/mycobot_ros2/mycobot_gazebo) by extensions ['colcon_meta']
[0.451s] Level 1:colcon.colcon_core.package_identification:_identify(src/mycobot_ros2/mycobot_gazebo) by extension 'colcon_meta'
[0.451s] Level 1:colcon.colcon_core.package_identification:_identify(src/mycobot_ros2/mycobot_gazebo) by extensions ['ros']
[0.451s] Level 1:colcon.colcon_core.package_identification:_identify(src/mycobot_ros2/mycobot_gazebo) by extension 'ros'
[0.452s] DEBUG:colcon.colcon_core.package_identification:Package 'src/mycobot_ros2/mycobot_gazebo' with type 'ros.ament_cmake' and name 'mycobot_gazebo'
[0.452s] Level 1:colcon.colcon_core.package_identification:_identify(src/mycobot_ros2/mycobot_moveit_config) by extensions ['ignore', 'ignore_ament_install']
[0.452s] Level 1:colcon.colcon_core.package_identification:_identify(src/mycobot_ros2/mycobot_moveit_config) by extension 'ignore'
[0.453s] Level 1:colcon.colcon_core.package_identification:_identify(src/mycobot_ros2/mycobot_moveit_config) by extension 'ignore_ament_install'
[0.453s] Level 1:colcon.colcon_core.package_identification:_identify(src/mycobot_ros2/mycobot_moveit_config) by extensions ['colcon_pkg']
[0.453s] Level 1:colcon.colcon_core.package_identification:_identify(src/mycobot_ros2/mycobot_moveit_config) by extension 'colcon_pkg'
[0.453s] Level 1:colcon.colcon_core.package_identification:_identify(src/mycobot_ros2/mycobot_moveit_config) by extensions ['colcon_meta']
[0.453s] Level 1:colcon.colcon_core.package_identification:_identify(src/mycobot_ros2/mycobot_moveit_config) by extension 'colcon_meta'
[0.453s] Level 1:colcon.colcon_core.package_identification:_identify(src/mycobot_ros2/mycobot_moveit_config) by extensions ['ros']
[0.453s] Level 1:colcon.colcon_core.package_identification:_identify(src/mycobot_ros2/mycobot_moveit_config) by extension 'ros'
[0.454s] DEBUG:colcon.colcon_core.package_identification:Package 'src/mycobot_ros2/mycobot_moveit_config' with type 'ros.ament_cmake' and name 'mycobot_moveit_config'
[0.454s] Level 1:colcon.colcon_core.package_identification:_identify(src/mycobot_ros2/mycobot_ros2) by extensions ['ignore', 'ignore_ament_install']
[0.454s] Level 1:colcon.colcon_core.package_identification:_identify(src/mycobot_ros2/mycobot_ros2) by extension 'ignore'
[0.454s] Level 1:colcon.colcon_core.package_identification:_identify(src/mycobot_ros2/mycobot_ros2) by extension 'ignore_ament_install'
[0.454s] Level 1:colcon.colcon_core.package_identification:_identify(src/mycobot_ros2/mycobot_ros2) by extensions ['colcon_pkg']
[0.455s] Level 1:colcon.colcon_core.package_identification:_identify(src/mycobot_ros2/mycobot_ros2) by extension 'colcon_pkg'
[0.455s] Level 1:colcon.colcon_core.package_identification:_identify(src/mycobot_ros2/mycobot_ros2) by extensions ['colcon_meta']
[0.455s] Level 1:colcon.colcon_core.package_identification:_identify(src/mycobot_ros2/mycobot_ros2) by extension 'colcon_meta'
[0.455s] Level 1:colcon.colcon_core.package_identification:_identify(src/mycobot_ros2/mycobot_ros2) by extensions ['ros']
[0.455s] Level 1:colcon.colcon_core.package_identification:_identify(src/mycobot_ros2/mycobot_ros2) by extension 'ros'
[0.456s] DEBUG:colcon.colcon_core.package_identification:Package 'src/mycobot_ros2/mycobot_ros2' with type 'ros.ament_cmake' and name 'mycobot_ros2'
[0.456s] Level 1:colcon.colcon_core.package_identification:_identify(src/serial) by extensions ['ignore', 'ignore_ament_install']
[0.456s] Level 1:colcon.colcon_core.package_identification:_identify(src/serial) by extension 'ignore'
[0.456s] Level 1:colcon.colcon_core.package_identification:_identify(src/serial) by extension 'ignore_ament_install'
[0.456s] Level 1:colcon.colcon_core.package_identification:_identify(src/serial) by extensions ['colcon_pkg']
[0.456s] Level 1:colcon.colcon_core.package_identification:_identify(src/serial) by extension 'colcon_pkg'
[0.456s] Level 1:colcon.colcon_core.package_identification:_identify(src/serial) by extensions ['colcon_meta']
[0.456s] Level 1:colcon.colcon_core.package_identification:_identify(src/serial) by extension 'colcon_meta'
[0.456s] Level 1:colcon.colcon_core.package_identification:_identify(src/serial) by extensions ['ros']
[0.457s] Level 1:colcon.colcon_core.package_identification:_identify(src/serial) by extension 'ros'
[0.457s] DEBUG:colcon.colcon_core.package_identification:Package 'src/serial' with type 'ros.ament_cmake' and name 'serial'
[0.457s] Level 1:colcon.colcon_core.package_discovery:discover_packages(recursive) using defaults
[0.457s] Level 1:colcon.colcon_core.package_discovery:discover_packages(ignore) discover
[0.458s] Level 1:colcon.colcon_core.package_discovery:discover_packages(ignore) using defaults
[0.458s] Level 1:colcon.colcon_core.package_discovery:discover_packages(path) discover
[0.458s] Level 1:colcon.colcon_core.package_discovery:discover_packages(path) using defaults
[0.500s] Level 1:colcon.colcon_core.package_discovery:discover_packages(prefix_path) check parameters
[0.500s] Level 1:colcon.colcon_core.package_discovery:discover_packages(prefix_path) discover
[0.502s] DEBUG:colcon.colcon_installed_package_information.package_discovery:Found 0 installed packages in /home/jelly/ros2_ws/install
[0.502s] Level 1:colcon.colcon_core.package_discovery:discover_packages(prefix_path) using defaults
[0.504s] Level 5:colcon.colcon_core.verb:set package 'FMT' build argument 'cmake_args' from command line to 'None'
[0.504s] Level 5:colcon.colcon_core.verb:set package 'FMT' build argument 'cmake_target' from command line to 'None'
[0.504s] Level 5:colcon.colcon_core.verb:set package 'FMT' build argument 'cmake_target_skip_unavailable' from command line to 'False'
[0.504s] Level 5:colcon.colcon_core.verb:set package 'FMT' build argument 'cmake_clean_cache' from command line to 'False'
[0.504s] Level 5:colcon.colcon_core.verb:set package 'FMT' build argument 'cmake_clean_first' from command line to 'False'
[0.504s] Level 5:colcon.colcon_core.verb:set package 'FMT' build argument 'cmake_force_configure' from command line to 'False'
[0.504s] Level 5:colcon.colcon_core.verb:set package 'FMT' build argument 'ament_cmake_args' from command line to 'None'
[0.504s] Level 5:colcon.colcon_core.verb:set package 'FMT' build argument 'catkin_cmake_args' from command line to 'None'
[0.504s] Level 5:colcon.colcon_core.verb:set package 'FMT' build argument 'catkin_skip_building_tests' from command line to 'False'
[0.504s] DEBUG:colcon.colcon_core.verb:Building package 'FMT' with the following arguments: {'ament_cmake_args': None, 'build_base': '/home/jelly/ros2_ws/build/FMT', 'catkin_cmake_args': None, 'catkin_skip_building_tests': False, 'cmake_args': None, 'cmake_clean_cache': False, 'cmake_clean_first': False, 'cmake_force_configure': False, 'cmake_target': None, 'cmake_target_skip_unavailable': False, 'install_base': '/home/jelly/ros2_ws/install/FMT', 'merge_install': False, 'path': '/home/jelly/ros2_ws/src/fmt', 'symlink_install': False, 'test_result_base': None}
[0.505s] Level 5:colcon.colcon_core.verb:set package 'catch2' build argument 'cmake_args' from command line to 'None'
[0.505s] Level 5:colcon.colcon_core.verb:set package 'catch2' build argument 'cmake_target' from command line to 'None'
[0.505s] Level 5:colcon.colcon_core.verb:set package 'catch2' build argument 'cmake_target_skip_unavailable' from command line to 'False'
[0.505s] Level 5:colcon.colcon_core.verb:set package 'catch2' build argument 'cmake_clean_cache' from command line to 'False'
[0.505s] Level 5:colcon.colcon_core.verb:set package 'catch2' build argument 'cmake_clean_first' from command line to 'False'
[0.505s] Level 5:colcon.colcon_core.verb:set package 'catch2' build argument 'cmake_force_configure' from command line to 'False'
[0.505s] Level 5:colcon.colcon_core.verb:set package 'catch2' build argument 'ament_cmake_args' from command line to 'None'
[0.505s] Level 5:colcon.colcon_core.verb:set package 'catch2' build argument 'catkin_cmake_args' from command line to 'None'
[0.505s] Level 5:colcon.colcon_core.verb:set package 'catch2' build argument 'catkin_skip_building_tests' from command line to 'False'
[0.505s] DEBUG:colcon.colcon_core.verb:Building package 'catch2' with the following arguments: {'ament_cmake_args': None, 'build_base': '/home/jelly/ros2_ws/build/catch2', 'catkin_cmake_args': None, 'catkin_skip_building_tests': False, 'cmake_args': None, 'cmake_clean_cache': False, 'cmake_clean_first': False, 'cmake_force_configure': False, 'cmake_target': None, 'cmake_target_skip_unavailable': False, 'install_base': '/home/jelly/ros2_ws/install/catch2', 'merge_install': False, 'path': '/home/jelly/ros2_ws/src/catch2_ros', 'symlink_install': False, 'test_result_base': None}
[0.506s] Level 5:colcon.colcon_core.verb:set package 'fp' build argument 'cmake_args' from command line to 'None'
[0.506s] Level 5:colcon.colcon_core.verb:set package 'fp' build argument 'cmake_target' from command line to 'None'
[0.506s] Level 5:colcon.colcon_core.verb:set package 'fp' build argument 'cmake_target_skip_unavailable' from command line to 'False'
[0.506s] Level 5:colcon.colcon_core.verb:set package 'fp' build argument 'cmake_clean_cache' from command line to 'False'
[0.506s] Level 5:colcon.colcon_core.verb:set package 'fp' build argument 'cmake_clean_first' from command line to 'False'
[0.506s] Level 5:colcon.colcon_core.verb:set package 'fp' build argument 'cmake_force_configure' from command line to 'False'
[0.506s] Level 5:colcon.colcon_core.verb:set package 'fp' build argument 'ament_cmake_args' from command line to 'None'
[0.506s] Level 5:colcon.colcon_core.verb:set package 'fp' build argument 'catkin_cmake_args' from command line to 'None'
[0.506s] Level 5:colcon.colcon_core.verb:set package 'fp' build argument 'catkin_skip_building_tests' from command line to 'False'
[0.506s] DEBUG:colcon.colcon_core.verb:Building package 'fp' with the following arguments: {'ament_cmake_args': None, 'build_base': '/home/jelly/ros2_ws/build/fp', 'catkin_cmake_args': None, 'catkin_skip_building_tests': False, 'cmake_args': None, 'cmake_clean_cache': False, 'cmake_clean_first': False, 'cmake_force_configure': False, 'cmake_target': None, 'cmake_target_skip_unavailable': False, 'install_base': '/home/jelly/ros2_ws/install/fp', 'merge_install': False, 'path': '/home/jelly/ros2_ws/src/fp', 'symlink_install': False, 'test_result_base': None}
[0.507s] Level 5:colcon.colcon_core.verb:set package 'motion_planning_python_api' build argument 'cmake_args' from command line to 'None'
[0.507s] Level 5:colcon.colcon_core.verb:set package 'motion_planning_python_api' build argument 'cmake_target' from command line to 'None'
[0.507s] Level 5:colcon.colcon_core.verb:set package 'motion_planning_python_api' build argument 'cmake_target_skip_unavailable' from command line to 'False'
[0.507s] Level 5:colcon.colcon_core.verb:set package 'motion_planning_python_api' build argument 'cmake_clean_cache' from command line to 'False'
[0.507s] Level 5:colcon.colcon_core.verb:set package 'motion_planning_python_api' build argument 'cmake_clean_first' from command line to 'False'
[0.507s] Level 5:colcon.colcon_core.verb:set package 'motion_planning_python_api' build argument 'cmake_force_configure' from command line to 'False'
[0.507s] Level 5:colcon.colcon_core.verb:set package 'motion_planning_python_api' build argument 'ament_cmake_args' from command line to 'None'
[0.507s] Level 5:colcon.colcon_core.verb:set package 'motion_planning_python_api' build argument 'catkin_cmake_args' from command line to 'None'
[0.507s] Level 5:colcon.colcon_core.verb:set package 'motion_planning_python_api' build argument 'catkin_skip_building_tests' from command line to 'False'
[0.507s] DEBUG:colcon.colcon_core.verb:Building package 'motion_planning_python_api' with the following arguments: {'ament_cmake_args': None, 'build_base': '/home/jelly/ros2_ws/build/motion_planning_python_api', 'catkin_cmake_args': None, 'catkin_skip_building_tests': False, 'cmake_args': None, 'cmake_clean_cache': False, 'cmake_clean_first': False, 'cmake_force_configure': False, 'cmake_target': None, 'cmake_target_skip_unavailable': False, 'install_base': '/home/jelly/ros2_ws/install/motion_planning_python_api', 'merge_install': False, 'path': '/home/jelly/ros2_ws/src/motion_planning_python_api', 'symlink_install': False, 'test_result_base': None}
[0.508s] Level 5:colcon.colcon_core.verb:set package 'moveit2_scripts' build argument 'cmake_args' from command line to 'None'
[0.508s] Level 5:colcon.colcon_core.verb:set package 'moveit2_scripts' build argument 'cmake_target' from command line to 'None'
[0.508s] Level 5:colcon.colcon_core.verb:set package 'moveit2_scripts' build argument 'cmake_target_skip_unavailable' from command line to 'False'
[0.508s] Level 5:colcon.colcon_core.verb:set package 'moveit2_scripts' build argument 'cmake_clean_cache' from command line to 'False'
[0.508s] Level 5:colcon.colcon_core.verb:set package 'moveit2_scripts' build argument 'cmake_clean_first' from command line to 'False'
[0.508s] Level 5:colcon.colcon_core.verb:set package 'moveit2_scripts' build argument 'cmake_force_configure' from command line to 'False'
[0.508s] Level 5:colcon.colcon_core.verb:set package 'moveit2_scripts' build argument 'ament_cmake_args' from command line to 'None'
[0.508s] Level 5:colcon.colcon_core.verb:set package 'moveit2_scripts' build argument 'catkin_cmake_args' from command line to 'None'
[0.508s] Level 5:colcon.colcon_core.verb:set package 'moveit2_scripts' build argument 'catkin_skip_building_tests' from command line to 'False'
[0.508s] DEBUG:colcon.colcon_core.verb:Building package 'moveit2_scripts' with the following arguments: {'ament_cmake_args': None, 'build_base': '/home/jelly/ros2_ws/build/moveit2_scripts', 'catkin_cmake_args': None, 'catkin_skip_building_tests': False, 'cmake_args': None, 'cmake_clean_cache': False, 'cmake_clean_first': False, 'cmake_force_configure': False, 'cmake_target': None, 'cmake_target_skip_unavailable': False, 'install_base': '/home/jelly/ros2_ws/install/moveit2_scripts', 'merge_install': False, 'path': '/home/jelly/ros2_ws/src/moveit2_scripts', 'symlink_install': False, 'test_result_base': None}
[0.508s] Level 5:colcon.colcon_core.verb:set package 'mycobot_description' build argument 'cmake_args' from command line to 'None'
[0.509s] Level 5:colcon.colcon_core.verb:set package 'mycobot_description' build argument 'cmake_target' from command line to 'None'
[0.509s] Level 5:colcon.colcon_core.verb:set package 'mycobot_description' build argument 'cmake_target_skip_unavailable' from command line to 'False'
[0.509s] Level 5:colcon.colcon_core.verb:set package 'mycobot_description' build argument 'cmake_clean_cache' from command line to 'False'
[0.509s] Level 5:colcon.colcon_core.verb:set package 'mycobot_description' build argument 'cmake_clean_first' from command line to 'False'
[0.509s] Level 5:colcon.colcon_core.verb:set package 'mycobot_description' build argument 'cmake_force_configure' from command line to 'False'
[0.509s] Level 5:colcon.colcon_core.verb:set package 'mycobot_description' build argument 'ament_cmake_args' from command line to 'None'
[0.509s] Level 5:colcon.colcon_core.verb:set package 'mycobot_description' build argument 'catkin_cmake_args' from command line to 'None'
[0.509s] Level 5:colcon.colcon_core.verb:set package 'mycobot_description' build argument 'catkin_skip_building_tests' from command line to 'False'
[0.509s] DEBUG:colcon.colcon_core.verb:Building package 'mycobot_description' with the following arguments: {'ament_cmake_args': None, 'build_base': '/home/jelly/ros2_ws/build/mycobot_description', 'catkin_cmake_args': None, 'catkin_skip_building_tests': False, 'cmake_args': None, 'cmake_clean_cache': False, 'cmake_clean_first': False, 'cmake_force_configure': False, 'cmake_target': None, 'cmake_target_skip_unavailable': False, 'install_base': '/home/jelly/ros2_ws/install/mycobot_description', 'merge_install': False, 'path': '/home/jelly/ros2_ws/src/mycobot_ros2/mycobot_description', 'symlink_install': False, 'test_result_base': None}
[0.509s] Level 5:colcon.colcon_core.verb:set package 'mycobot_gazebo' build argument 'cmake_args' from command line to 'None'
[0.509s] Level 5:colcon.colcon_core.verb:set package 'mycobot_gazebo' build argument 'cmake_target' from command line to 'None'
[0.509s] Level 5:colcon.colcon_core.verb:set package 'mycobot_gazebo' build argument 'cmake_target_skip_unavailable' from command line to 'False'
[0.509s] Level 5:colcon.colcon_core.verb:set package 'mycobot_gazebo' build argument 'cmake_clean_cache' from command line to 'False'
[0.509s] Level 5:colcon.colcon_core.verb:set package 'mycobot_gazebo' build argument 'cmake_clean_first' from command line to 'False'
[0.510s] Level 5:colcon.colcon_core.verb:set package 'mycobot_gazebo' build argument 'cmake_force_configure' from command line to 'False'
[0.510s] Level 5:colcon.colcon_core.verb:set package 'mycobot_gazebo' build argument 'ament_cmake_args' from command line to 'None'
[0.510s] Level 5:colcon.colcon_core.verb:set package 'mycobot_gazebo' build argument 'catkin_cmake_args' from command line to 'None'
[0.510s] Level 5:colcon.colcon_core.verb:set package 'mycobot_gazebo' build argument 'catkin_skip_building_tests' from command line to 'False'
[0.510s] DEBUG:colcon.colcon_core.verb:Building package 'mycobot_gazebo' with the following arguments: {'ament_cmake_args': None, 'build_base': '/home/jelly/ros2_ws/build/mycobot_gazebo', 'catkin_cmake_args': None, 'catkin_skip_building_tests': False, 'cmake_args': None, 'cmake_clean_cache': False, 'cmake_clean_first': False, 'cmake_force_configure': False, 'cmake_target': None, 'cmake_target_skip_unavailable': False, 'install_base': '/home/jelly/ros2_ws/install/mycobot_gazebo', 'merge_install': False, 'path': '/home/jelly/ros2_ws/src/mycobot_ros2/mycobot_gazebo', 'symlink_install': False, 'test_result_base': None}
[0.510s] Level 5:colcon.colcon_core.verb:set package 'serial' build argument 'cmake_args' from command line to 'None'
[0.510s] Level 5:colcon.colcon_core.verb:set package 'serial' build argument 'cmake_target' from command line to 'None'
[0.510s] Level 5:colcon.colcon_core.verb:set package 'serial' build argument 'cmake_target_skip_unavailable' from command line to 'False'
[0.510s] Level 5:colcon.colcon_core.verb:set package 'serial' build argument 'cmake_clean_cache' from command line to 'False'
[0.510s] Level 5:colcon.colcon_core.verb:set package 'serial' build argument 'cmake_clean_first' from command line to 'False'
[0.510s] Level 5:colcon.colcon_core.verb:set package 'serial' build argument 'cmake_force_configure' from command line to 'False'
[0.511s] Level 5:colcon.colcon_core.verb:set package 'serial' build argument 'ament_cmake_args' from command line to 'None'
[0.511s] Level 5:colcon.colcon_core.verb:set package 'serial' build argument 'catkin_cmake_args' from command line to 'None'
[0.511s] Level 5:colcon.colcon_core.verb:set package 'serial' build argument 'catkin_skip_building_tests' from command line to 'False'
[0.511s] DEBUG:colcon.colcon_core.verb:Building package 'serial' with the following arguments: {'ament_cmake_args': None, 'build_base': '/home/jelly/ros2_ws/build/serial', 'catkin_cmake_args': None, 'catkin_skip_building_tests': False, 'cmake_args': None, 'cmake_clean_cache': False, 'cmake_clean_first': False, 'cmake_force_configure': False, 'cmake_target': None, 'cmake_target_skip_unavailable': False, 'install_base': '/home/jelly/ros2_ws/install/serial', 'merge_install': False, 'path': '/home/jelly/ros2_ws/src/serial', 'symlink_install': False, 'test_result_base': None}
[0.511s] Level 5:colcon.colcon_core.verb:set package 'mycobot' build argument 'cmake_args' from command line to 'None'
[0.511s] Level 5:colcon.colcon_core.verb:set package 'mycobot' build argument 'cmake_target' from command line to 'None'
[0.511s] Level 5:colcon.colcon_core.verb:set package 'mycobot' build argument 'cmake_target_skip_unavailable' from command line to 'False'
[0.511s] Level 5:colcon.colcon_core.verb:set package 'mycobot' build argument 'cmake_clean_cache' from command line to 'False'
[0.511s] Level 5:colcon.colcon_core.verb:set package 'mycobot' build argument 'cmake_clean_first' from command line to 'False'
[0.511s] Level 5:colcon.colcon_core.verb:set package 'mycobot' build argument 'cmake_force_configure' from command line to 'False'
[0.512s] Level 5:colcon.colcon_core.verb:set package 'mycobot' build argument 'ament_cmake_args' from command line to 'None'
[0.512s] Level 5:colcon.colcon_core.verb:set package 'mycobot' build argument 'catkin_cmake_args' from command line to 'None'
[0.512s] Level 5:colcon.colcon_core.verb:set package 'mycobot' build argument 'catkin_skip_building_tests' from command line to 'False'
[0.512s] DEBUG:colcon.colcon_core.verb:Building package 'mycobot' with the following arguments: {'ament_cmake_args': None, 'build_base': '/home/jelly/ros2_ws/build/mycobot', 'catkin_cmake_args': None, 'catkin_skip_building_tests': False, 'cmake_args': None, 'cmake_clean_cache': False, 'cmake_clean_first': False, 'cmake_force_configure': False, 'cmake_target': None, 'cmake_target_skip_unavailable': False, 'install_base': '/home/jelly/ros2_ws/install/mycobot', 'merge_install': False, 'path': '/home/jelly/ros2_ws/src/mycobot-ros2-fix/mycobot', 'symlink_install': False, 'test_result_base': None}
[0.512s] Level 5:colcon.colcon_core.verb:set package 'mycobot_280' build argument 'cmake_args' from command line to 'None'
[0.512s] Level 5:colcon.colcon_core.verb:set package 'mycobot_280' build argument 'cmake_target' from command line to 'None'
[0.512s] Level 5:colcon.colcon_core.verb:set package 'mycobot_280' build argument 'cmake_target_skip_unavailable' from command line to 'False'
[0.512s] Level 5:colcon.colcon_core.verb:set package 'mycobot_280' build argument 'cmake_clean_cache' from command line to 'False'
[0.512s] Level 5:colcon.colcon_core.verb:set package 'mycobot_280' build argument 'cmake_clean_first' from command line to 'False'
[0.512s] Level 5:colcon.colcon_core.verb:set package 'mycobot_280' build argument 'cmake_force_configure' from command line to 'False'
[0.512s] Level 5:colcon.colcon_core.verb:set package 'mycobot_280' build argument 'ament_cmake_args' from command line to 'None'
[0.512s] Level 5:colcon.colcon_core.verb:set package 'mycobot_280' build argument 'catkin_cmake_args' from command line to 'None'
[0.513s] Level 5:colcon.colcon_core.verb:set package 'mycobot_280' build argument 'catkin_skip_building_tests' from command line to 'False'
[0.513s] DEBUG:colcon.colcon_core.verb:Building package 'mycobot_280' with the following arguments: {'ament_cmake_args': None, 'build_base': '/home/jelly/ros2_ws/build/mycobot_280', 'catkin_cmake_args': None, 'catkin_skip_building_tests': False, 'cmake_args': None, 'cmake_clean_cache': False, 'cmake_clean_first': False, 'cmake_force_configure': False, 'cmake_target': None, 'cmake_target_skip_unavailable': False, 'install_base': '/home/jelly/ros2_ws/install/mycobot_280', 'merge_install': False, 'path': '/home/jelly/ros2_ws/src/mycobot_280', 'symlink_install': False, 'test_result_base': None}
[0.513s] Level 5:colcon.colcon_core.verb:set package 'mycobot_moveit_config' build argument 'cmake_args' from command line to 'None'
[0.513s] Level 5:colcon.colcon_core.verb:set package 'mycobot_moveit_config' build argument 'cmake_target' from command line to 'None'
[0.513s] Level 5:colcon.colcon_core.verb:set package 'mycobot_moveit_config' build argument 'cmake_target_skip_unavailable' from command line to 'False'
[0.513s] Level 5:colcon.colcon_core.verb:set package 'mycobot_moveit_config' build argument 'cmake_clean_cache' from command line to 'False'
[0.513s] Level 5:colcon.colcon_core.verb:set package 'mycobot_moveit_config' build argument 'cmake_clean_first' from command line to 'False'
[0.513s] Level 5:colcon.colcon_core.verb:set package 'mycobot_moveit_config' build argument 'cmake_force_configure' from command line to 'False'
[0.513s] Level 5:colcon.colcon_core.verb:set package 'mycobot_moveit_config' build argument 'ament_cmake_args' from command line to 'None'
[0.513s] Level 5:colcon.colcon_core.verb:set package 'mycobot_moveit_config' build argument 'catkin_cmake_args' from command line to 'None'
[0.513s] Level 5:colcon.colcon_core.verb:set package 'mycobot_moveit_config' build argument 'catkin_skip_building_tests' from command line to 'False'
[0.513s] DEBUG:colcon.colcon_core.verb:Building package 'mycobot_moveit_config' with the following arguments: {'ament_cmake_args': None, 'build_base': '/home/jelly/ros2_ws/build/mycobot_moveit_config', 'catkin_cmake_args': None, 'catkin_skip_building_tests': False, 'cmake_args': None, 'cmake_clean_cache': False, 'cmake_clean_first': False, 'cmake_force_configure': False, 'cmake_target': None, 'cmake_target_skip_unavailable': False, 'install_base': '/home/jelly/ros2_ws/install/mycobot_moveit_config', 'merge_install': False, 'path': '/home/jelly/ros2_ws/src/mycobot_ros2/mycobot_moveit_config', 'symlink_install': False, 'test_result_base': None}
[0.514s] Level 5:colcon.colcon_core.verb:set package 'mycobot_ros2' build argument 'cmake_args' from command line to 'None'
[0.514s] Level 5:colcon.colcon_core.verb:set package 'mycobot_ros2' build argument 'cmake_target' from command line to 'None'
[0.514s] Level 5:colcon.colcon_core.verb:set package 'mycobot_ros2' build argument 'cmake_target_skip_unavailable' from command line to 'False'
[0.514s] Level 5:colcon.colcon_core.verb:set package 'mycobot_ros2' build argument 'cmake_clean_cache' from command line to 'False'
[0.514s] Level 5:colcon.colcon_core.verb:set package 'mycobot_ros2' build argument 'cmake_clean_first' from command line to 'False'
[0.514s] Level 5:colcon.colcon_core.verb:set package 'mycobot_ros2' build argument 'cmake_force_configure' from command line to 'False'
[0.514s] Level 5:colcon.colcon_core.verb:set package 'mycobot_ros2' build argument 'ament_cmake_args' from command line to 'None'
[0.514s] Level 5:colcon.colcon_core.verb:set package 'mycobot_ros2' build argument 'catkin_cmake_args' from command line to 'None'
[0.514s] Level 5:colcon.colcon_core.verb:set package 'mycobot_ros2' build argument 'catkin_skip_building_tests' from command line to 'False'
[0.514s] DEBUG:colcon.colcon_core.verb:Building package 'mycobot_ros2' with the following arguments: {'ament_cmake_args': None, 'build_base': '/home/jelly/ros2_ws/build/mycobot_ros2', 'catkin_cmake_args': None, 'catkin_skip_building_tests': False, 'cmake_args': None, 'cmake_clean_cache': False, 'cmake_clean_first': False, 'cmake_force_configure': False, 'cmake_target': None, 'cmake_target_skip_unavailable': False, 'install_base': '/home/jelly/ros2_ws/install/mycobot_ros2', 'merge_install': False, 'path': '/home/jelly/ros2_ws/src/mycobot_ros2/mycobot_ros2', 'symlink_install': False, 'test_result_base': None}
[0.515s] Level 5:colcon.colcon_core.verb:set package 'mycobot_hardware_interface' build argument 'cmake_args' from command line to 'None'
[0.515s] Level 5:colcon.colcon_core.verb:set package 'mycobot_hardware_interface' build argument 'cmake_target' from command line to 'None'
[0.515s] Level 5:colcon.colcon_core.verb:set package 'mycobot_hardware_interface' build argument 'cmake_target_skip_unavailable' from command line to 'False'
[0.515s] Level 5:colcon.colcon_core.verb:set package 'mycobot_hardware_interface' build argument 'cmake_clean_cache' from command line to 'False'
[0.515s] Level 5:colcon.colcon_core.verb:set package 'mycobot_hardware_interface' build argument 'cmake_clean_first' from command line to 'False'
[0.515s] Level 5:colcon.colcon_core.verb:set package 'mycobot_hardware_interface' build argument 'cmake_force_configure' from command line to 'False'
[0.515s] Level 5:colcon.colcon_core.verb:set package 'mycobot_hardware_interface' build argument 'ament_cmake_args' from command line to 'None'
[0.515s] Level 5:colcon.colcon_core.verb:set package 'mycobot_hardware_interface' build argument 'catkin_cmake_args' from command line to 'None'
[0.515s] Level 5:colcon.colcon_core.verb:set package 'mycobot_hardware_interface' build argument 'catkin_skip_building_tests' from command line to 'False'
[0.515s] DEBUG:colcon.colcon_core.verb:Building package 'mycobot_hardware_interface' with the following arguments: {'ament_cmake_args': None, 'build_base': '/home/jelly/ros2_ws/build/mycobot_hardware_interface', 'catkin_cmake_args': None, 'catkin_skip_building_tests': False, 'cmake_args': None, 'cmake_clean_cache': False, 'cmake_clean_first': False, 'cmake_force_configure': False, 'cmake_target': None, 'cmake_target_skip_unavailable': False, 'install_base': '/home/jelly/ros2_ws/install/mycobot_hardware_interface', 'merge_install': False, 'path': '/home/jelly/ros2_ws/src/mycobot-ros2-fix/mycobot_hardware_interface', 'symlink_install': False, 'test_result_base': None}
[0.516s] Level 5:colcon.colcon_core.verb:set package 'mycobot_280_description' build argument 'cmake_args' from command line to 'None'
[0.516s] Level 5:colcon.colcon_core.verb:set package 'mycobot_280_description' build argument 'cmake_target' from command line to 'None'
[0.516s] Level 5:colcon.colcon_core.verb:set package 'mycobot_280_description' build argument 'cmake_target_skip_unavailable' from command line to 'False'
[0.516s] Level 5:colcon.colcon_core.verb:set package 'mycobot_280_description' build argument 'cmake_clean_cache' from command line to 'False'
[0.516s] Level 5:colcon.colcon_core.verb:set package 'mycobot_280_description' build argument 'cmake_clean_first' from command line to 'False'
[0.516s] Level 5:colcon.colcon_core.verb:set package 'mycobot_280_description' build argument 'cmake_force_configure' from command line to 'False'
[0.516s] Level 5:colcon.colcon_core.verb:set package 'mycobot_280_description' build argument 'ament_cmake_args' from command line to 'None'
[0.516s] Level 5:colcon.colcon_core.verb:set package 'mycobot_280_description' build argument 'catkin_cmake_args' from command line to 'None'
[0.516s] Level 5:colcon.colcon_core.verb:set package 'mycobot_280_description' build argument 'catkin_skip_building_tests' from command line to 'False'
[0.516s] DEBUG:colcon.colcon_core.verb:Building package 'mycobot_280_description' with the following arguments: {'ament_cmake_args': None, 'build_base': '/home/jelly/ros2_ws/build/mycobot_280_description', 'catkin_cmake_args': None, 'catkin_skip_building_tests': False, 'cmake_args': None, 'cmake_clean_cache': False, 'cmake_clean_first': False, 'cmake_force_configure': False, 'cmake_target': None, 'cmake_target_skip_unavailable': False, 'install_base': '/home/jelly/ros2_ws/install/mycobot_280_description', 'merge_install': False, 'path': '/home/jelly/ros2_ws/src/mycobot-ros2-fix/mycobot_280_description', 'symlink_install': False, 'test_result_base': None}
[0.516s] INFO:colcon.colcon_core.executor:Executing jobs using 'parallel' executor
[0.518s] DEBUG:colcon.colcon_parallel_executor.executor.parallel:run_until_complete
[0.518s] INFO:colcon.colcon_ros.task.ament_cmake.build:Building ROS package in '/home/jelly/ros2_ws/src/catch2_ros' with build type 'ament_cmake'
[0.518s] INFO:colcon.colcon_cmake.task.cmake.build:Building CMake package in '/home/jelly/ros2_ws/src/catch2_ros'
[0.523s] INFO:colcon.colcon_core.plugin_system:Skipping extension 'colcon_core.shell.bat': Not used on non-Windows systems
[0.523s] INFO:colcon.colcon_core.shell:Skip shell extension 'powershell' for command environment: Not usable outside of PowerShell
[0.523s] DEBUG:colcon.colcon_core.shell:Skip shell extension 'dsv' for command environment
[0.526s] INFO:colcon.colcon_ros.task.ament_cmake.build:Building ROS package in '/home/jelly/ros2_ws/src/fp' with build type 'ament_cmake'
[0.526s] INFO:colcon.colcon_cmake.task.cmake.build:Building CMake package in '/home/jelly/ros2_ws/src/fp'
[0.526s] INFO:colcon.colcon_core.shell:Skip shell extension 'powershell' for command environment: Not usable outside of PowerShell
[0.526s] DEBUG:colcon.colcon_core.shell:Skip shell extension 'dsv' for command environment
[0.536s] INFO:colcon.colcon_ros.task.ament_cmake.build:Building ROS package in '/home/jelly/ros2_ws/src/serial' with build type 'ament_cmake'
[0.536s] INFO:colcon.colcon_cmake.task.cmake.build:Building CMake package in '/home/jelly/ros2_ws/src/serial'
[0.536s] INFO:colcon.colcon_core.shell:Skip shell extension 'powershell' for command environment: Not usable outside of PowerShell
[0.537s] DEBUG:colcon.colcon_core.shell:Skip shell extension 'dsv' for command environment
[0.544s] INFO:colcon.colcon_ros.task.ament_cmake.build:Building ROS package in '/home/jelly/ros2_ws/src/mycobot_ros2/mycobot_description' with build type 'ament_cmake'
[0.545s] INFO:colcon.colcon_cmake.task.cmake.build:Building CMake package in '/home/jelly/ros2_ws/src/mycobot_ros2/mycobot_description'
[0.545s] INFO:colcon.colcon_core.shell:Skip shell extension 'powershell' for command environment: Not usable outside of PowerShell
[0.545s] DEBUG:colcon.colcon_core.shell:Skip shell extension 'dsv' for command environment
[0.555s] DEBUG:colcon.colcon_core.event_handler.log_command:Invoking command in '/home/jelly/ros2_ws/build/catch2': /usr/bin/cmake /home/jelly/ros2_ws/src/catch2_ros -DCMAKE_INSTALL_PREFIX=/home/jelly/ros2_ws/install/catch2
[0.566s] DEBUG:colcon.colcon_core.event_handler.log_command:Invoking command in '/home/jelly/ros2_ws/build/fp': /usr/bin/cmake --build /home/jelly/ros2_ws/build/fp -- -j4 -l4
[0.570s] DEBUG:colcon.colcon_core.event_handler.log_command:Invoking command in '/home/jelly/ros2_ws/build/serial': /usr/bin/cmake /home/jelly/ros2_ws/src/serial -DCMAKE_INSTALL_PREFIX=/home/jelly/ros2_ws/install/serial
[0.593s] DEBUG:colcon.colcon_core.event_handler.log_command:Invoking command in '/home/jelly/ros2_ws/build/mycobot_description': /usr/bin/cmake /home/jelly/ros2_ws/src/mycobot_ros2/mycobot_description -DCMAKE_INSTALL_PREFIX=/home/jelly/ros2_ws/install/mycobot_description
[3.142s] DEBUG:colcon.colcon_core.event_handler.log_command:Invoked command in '/home/jelly/ros2_ws/build/serial' returned '0': /usr/bin/cmake /home/jelly/ros2_ws/src/serial -DCMAKE_INSTALL_PREFIX=/home/jelly/ros2_ws/install/serial
[3.142s] DEBUG:colcon.colcon_core.event_handler.log_command:Invoking command in '/home/jelly/ros2_ws/build/serial': /usr/bin/cmake --build /home/jelly/ros2_ws/build/serial -- -j4 -l4
[3.428s] DEBUG:colcon.colcon_core.event_handler.log_command:Invoked command in '/home/jelly/ros2_ws/build/mycobot_description' returned '0': /usr/bin/cmake /home/jelly/ros2_ws/src/mycobot_ros2/mycobot_description -DCMAKE_INSTALL_PREFIX=/home/jelly/ros2_ws/install/mycobot_description
[3.429s] DEBUG:colcon.colcon_core.event_handler.log_command:Invoking command in '/home/jelly/ros2_ws/build/mycobot_description': /usr/bin/cmake --build /home/jelly/ros2_ws/build/mycobot_description -- -j4 -l4
[3.495s] DEBUG:colcon.colcon_core.event_handler.log_command:Invoked command in '/home/jelly/ros2_ws/build/catch2' returned '0': /usr/bin/cmake /home/jelly/ros2_ws/src/catch2_ros -DCMAKE_INSTALL_PREFIX=/home/jelly/ros2_ws/install/catch2
[3.496s] DEBUG:colcon.colcon_core.event_handler.log_command:Invoking command in '/home/jelly/ros2_ws/build/catch2': /usr/bin/cmake --build /home/jelly/ros2_ws/build/catch2 -- -j4 -l4
[3.656s] DEBUG:colcon.colcon_core.event_handler.log_command:Invoked command in '/home/jelly/ros2_ws/build/mycobot_description' returned '0': /usr/bin/cmake --build /home/jelly/ros2_ws/build/mycobot_description -- -j4 -l4
[3.716s] DEBUG:colcon.colcon_core.event_handler.log_command:Invoked command in '/home/jelly/ros2_ws/build/catch2' returned '0': /usr/bin/cmake --build /home/jelly/ros2_ws/build/catch2 -- -j4 -l4
[4.110s] DEBUG:colcon.colcon_core.event_handler.log_command:Invoking command in '/home/jelly/ros2_ws/build/mycobot_description': /usr/bin/cmake --install /home/jelly/ros2_ws/build/mycobot_description
[4.128s] DEBUG:colcon.colcon_core.event_handler.log_command:Invoking command in '/home/jelly/ros2_ws/build/catch2': /usr/bin/cmake --install /home/jelly/ros2_ws/build/catch2
[4.225s] Level 1:colcon.colcon_core.environment:create_environment_scripts_only(mycobot_description)
[4.228s] Level 1:colcon.colcon_core.environment:checking '/home/jelly/ros2_ws/install/mycobot_description' for CMake module files
[4.229s] DEBUG:colcon.colcon_core.event_handler.log_command:Invoked command in '/home/jelly/ros2_ws/build/mycobot_description' returned '0': /usr/bin/cmake --install /home/jelly/ros2_ws/build/mycobot_description
[4.230s] Level 1:colcon.colcon_core.environment:checking '/home/jelly/ros2_ws/install/mycobot_description' for CMake config files
[4.230s] Level 1:colcon.colcon_core.shell:create_environment_hook('mycobot_description', 'cmake_prefix_path')
[4.230s] INFO:colcon.colcon_core.shell:Creating environment hook '/home/jelly/ros2_ws/install/mycobot_description/share/mycobot_description/hook/cmake_prefix_path.ps1'
[4.231s] INFO:colcon.colcon_core.shell:Creating environment descriptor '/home/jelly/ros2_ws/install/mycobot_description/share/mycobot_description/hook/cmake_prefix_path.dsv'
[4.232s] INFO:colcon.colcon_core.shell:Creating environment hook '/home/jelly/ros2_ws/install/mycobot_description/share/mycobot_description/hook/cmake_prefix_path.sh'
[4.233s] Level 1:colcon.colcon_core.environment:checking '/home/jelly/ros2_ws/install/mycobot_description/bin'
[4.233s] Level 1:colcon.colcon_core.environment:checking '/home/jelly/ros2_ws/install/mycobot_description/lib/pkgconfig/mycobot_description.pc'
[4.235s] Level 1:colcon.colcon_core.environment:checking '/home/jelly/ros2_ws/install/mycobot_description/lib/python3.10/site-packages'
[4.243s] Level 1:colcon.colcon_core.environment:checking '/home/jelly/ros2_ws/install/mycobot_description/bin'
[4.244s] INFO:colcon.colcon_core.shell:Creating package script '/home/jelly/ros2_ws/install/mycobot_description/share/mycobot_description/package.ps1'
[4.247s] INFO:colcon.colcon_core.shell:Creating package descriptor '/home/jelly/ros2_ws/install/mycobot_description/share/mycobot_description/package.dsv'
[4.248s] INFO:colcon.colcon_core.shell:Creating package script '/home/jelly/ros2_ws/install/mycobot_description/share/mycobot_description/package.sh'
[4.249s] INFO:colcon.colcon_core.shell:Creating package script '/home/jelly/ros2_ws/install/mycobot_description/share/mycobot_description/package.bash'
[4.251s] INFO:colcon.colcon_core.shell:Creating package script '/home/jelly/ros2_ws/install/mycobot_description/share/mycobot_description/package.zsh'
[4.252s] Level 1:colcon.colcon_core.environment:create_file_with_runtime_dependencies(/home/jelly/ros2_ws/install/mycobot_description/share/colcon-core/packages/mycobot_description)
[4.273s] Level 1:colcon.colcon_core.environment:create_environment_scripts_only(catch2)
[4.273s] Level 1:colcon.colcon_core.environment:checking '/home/jelly/ros2_ws/install/catch2' for CMake module files
[4.274s] Level 1:colcon.colcon_core.environment:checking '/home/jelly/ros2_ws/install/catch2' for CMake config files
[4.274s] Level 1:colcon.colcon_core.shell:create_environment_hook('catch2', 'cmake_prefix_path')
[4.275s] INFO:colcon.colcon_core.shell:Creating environment hook '/home/jelly/ros2_ws/install/catch2/share/catch2/hook/cmake_prefix_path.ps1'
[4.276s] DEBUG:colcon.colcon_core.event_handler.log_command:Invoked command in '/home/jelly/ros2_ws/build/catch2' returned '0': /usr/bin/cmake --install /home/jelly/ros2_ws/build/catch2
[4.278s] INFO:colcon.colcon_core.shell:Creating environment descriptor '/home/jelly/ros2_ws/install/catch2/share/catch2/hook/cmake_prefix_path.dsv'
[4.280s] INFO:colcon.colcon_core.shell:Creating environment hook '/home/jelly/ros2_ws/install/catch2/share/catch2/hook/cmake_prefix_path.sh'
[4.281s] Level 1:colcon.colcon_core.environment:checking '/home/jelly/ros2_ws/install/catch2/bin'
[4.281s] Level 1:colcon.colcon_core.environment:checking '/home/jelly/ros2_ws/install/catch2/lib/pkgconfig/catch2.pc'
[4.281s] Level 1:colcon.colcon_core.environment:checking '/home/jelly/ros2_ws/install/catch2/lib/python3.10/site-packages'
[4.281s] Level 1:colcon.colcon_core.environment:checking '/home/jelly/ros2_ws/install/catch2/bin'
[4.282s] INFO:colcon.colcon_core.shell:Creating package script '/home/jelly/ros2_ws/install/catch2/share/catch2/package.ps1'
[4.283s] INFO:colcon.colcon_core.shell:Creating package descriptor '/home/jelly/ros2_ws/install/catch2/share/catch2/package.dsv'
[4.283s] INFO:colcon.colcon_core.shell:Creating package script '/home/jelly/ros2_ws/install/catch2/share/catch2/package.sh'
[4.284s] INFO:colcon.colcon_core.shell:Creating package script '/home/jelly/ros2_ws/install/catch2/share/catch2/package.bash'
[4.285s] INFO:colcon.colcon_core.shell:Creating package script '/home/jelly/ros2_ws/install/catch2/share/catch2/package.zsh'
[4.289s] Level 1:colcon.colcon_core.environment:create_file_with_runtime_dependencies(/home/jelly/ros2_ws/install/catch2/share/colcon-core/packages/catch2)
[4.431s] Level 1:colcon.colcon_core.environment:create_environment_scripts_only(mycobot_description)
[4.431s] Level 1:colcon.colcon_core.environment:checking '/home/jelly/ros2_ws/install/mycobot_description' for CMake module files
[4.432s] Level 1:colcon.colcon_core.environment:checking '/home/jelly/ros2_ws/install/mycobot_description' for CMake config files
[4.432s] Level 1:colcon.colcon_core.shell:create_environment_hook('mycobot_description', 'cmake_prefix_path')
[4.433s] INFO:colcon.colcon_core.shell:Creating environment hook '/home/jelly/ros2_ws/install/mycobot_description/share/mycobot_description/hook/cmake_prefix_path.ps1'
[4.433s] INFO:colcon.colcon_core.shell:Creating environment descriptor '/home/jelly/ros2_ws/install/mycobot_description/share/mycobot_description/hook/cmake_prefix_path.dsv'
[4.434s] INFO:colcon.colcon_core.shell:Creating environment hook '/home/jelly/ros2_ws/install/mycobot_description/share/mycobot_description/hook/cmake_prefix_path.sh'
[4.435s] Level 1:colcon.colcon_core.environment:checking '/home/jelly/ros2_ws/install/mycobot_description/bin'
[4.435s] Level 1:colcon.colcon_core.environment:checking '/home/jelly/ros2_ws/install/mycobot_description/lib/pkgconfig/mycobot_description.pc'
[4.435s] Level 1:colcon.colcon_core.environment:checking '/home/jelly/ros2_ws/install/mycobot_description/lib/python3.10/site-packages'
[4.436s] Level 1:colcon.colcon_core.environment:checking '/home/jelly/ros2_ws/install/mycobot_description/bin'
[4.436s] INFO:colcon.colcon_core.shell:Creating package script '/home/jelly/ros2_ws/install/mycobot_description/share/mycobot_description/package.ps1'
[4.437s] INFO:colcon.colcon_core.shell:Creating package descriptor '/home/jelly/ros2_ws/install/mycobot_description/share/mycobot_description/package.dsv'
[4.438s] INFO:colcon.colcon_core.shell:Creating package script '/home/jelly/ros2_ws/install/mycobot_description/share/mycobot_description/package.sh'
[4.438s] INFO:colcon.colcon_core.shell:Creating package script '/home/jelly/ros2_ws/install/mycobot_description/share/mycobot_description/package.bash'
[4.441s] INFO:colcon.colcon_core.shell:Creating package script '/home/jelly/ros2_ws/install/mycobot_description/share/mycobot_description/package.zsh'
[4.442s] Level 1:colcon.colcon_core.environment:create_file_with_runtime_dependencies(/home/jelly/ros2_ws/install/mycobot_description/share/colcon-core/packages/mycobot_description)
[4.443s] INFO:colcon.colcon_ros.task.ament_cmake.build:Building ROS package in '/home/jelly/ros2_ws/src/mycobot_ros2/mycobot_gazebo' with build type 'ament_cmake'
[4.444s] INFO:colcon.colcon_cmake.task.cmake.build:Building CMake package in '/home/jelly/ros2_ws/src/mycobot_ros2/mycobot_gazebo'
[4.444s] INFO:colcon.colcon_core.shell:Skip shell extension 'powershell' for command environment: Not usable outside of PowerShell
[4.444s] DEBUG:colcon.colcon_core.shell:Skip shell extension 'dsv' for command environment
[4.502s] DEBUG:colcon.colcon_core.event_handler.log_command:Invoking command in '/home/jelly/ros2_ws/build/mycobot_gazebo': /usr/bin/cmake /home/jelly/ros2_ws/src/mycobot_ros2/mycobot_gazebo -DCMAKE_INSTALL_PREFIX=/home/jelly/ros2_ws/install/mycobot_gazebo
[4.581s] Level 1:colcon.colcon_core.environment:create_environment_scripts_only(catch2)
[4.581s] Level 1:colcon.colcon_core.environment:checking '/home/jelly/ros2_ws/install/catch2' for CMake module files
[4.582s] Level 1:colcon.colcon_core.environment:checking '/home/jelly/ros2_ws/install/catch2' for CMake config files
[4.582s] Level 1:colcon.colcon_core.shell:create_environment_hook('catch2', 'cmake_prefix_path')
[4.582s] INFO:colcon.colcon_core.shell:Creating environment hook '/home/jelly/ros2_ws/install/catch2/share/catch2/hook/cmake_prefix_path.ps1'
[4.584s] INFO:colcon.colcon_core.shell:Creating environment descriptor '/home/jelly/ros2_ws/install/catch2/share/catch2/hook/cmake_prefix_path.dsv'
[4.584s] INFO:colcon.colcon_core.shell:Creating environment hook '/home/jelly/ros2_ws/install/catch2/share/catch2/hook/cmake_prefix_path.sh'
[4.585s] Level 1:colcon.colcon_core.environment:checking '/home/jelly/ros2_ws/install/catch2/bin'
[4.586s] Level 1:colcon.colcon_core.environment:checking '/home/jelly/ros2_ws/install/catch2/lib/pkgconfig/catch2.pc'
[4.586s] Level 1:colcon.colcon_core.environment:checking '/home/jelly/ros2_ws/install/catch2/lib/python3.10/site-packages'
[4.586s] Level 1:colcon.colcon_core.environment:checking '/home/jelly/ros2_ws/install/catch2/bin'
[4.587s] INFO:colcon.colcon_core.shell:Creating package script '/home/jelly/ros2_ws/install/catch2/share/catch2/package.ps1'
[4.588s] INFO:colcon.colcon_core.shell:Creating package descriptor '/home/jelly/ros2_ws/install/catch2/share/catch2/package.dsv'
[4.589s] INFO:colcon.colcon_core.shell:Creating package script '/home/jelly/ros2_ws/install/catch2/share/catch2/package.sh'
[4.589s] INFO:colcon.colcon_core.shell:Creating package script '/home/jelly/ros2_ws/install/catch2/share/catch2/package.bash'
[4.590s] INFO:colcon.colcon_core.shell:Creating package script '/home/jelly/ros2_ws/install/catch2/share/catch2/package.zsh'
[4.591s] Level 1:colcon.colcon_core.environment:create_file_with_runtime_dependencies(/home/jelly/ros2_ws/install/catch2/share/colcon-core/packages/catch2)
[4.606s] INFO:colcon.colcon_cmake.task.cmake.build:Building CMake package in '/home/jelly/ros2_ws/src/fmt'
[4.606s] INFO:colcon.colcon_core.shell:Skip shell extension 'powershell' for command environment: Not usable outside of PowerShell
[4.606s] DEBUG:colcon.colcon_core.shell:Skip shell extension 'dsv' for command environment
[4.666s] DEBUG:colcon.colcon_core.event_handler.log_command:Invoking command in '/home/jelly/ros2_ws/build/FMT': /usr/bin/cmake /home/jelly/ros2_ws/src/fmt -DCMAKE_INSTALL_PREFIX=/home/jelly/ros2_ws/install/FMT
[6.597s] DEBUG:colcon.colcon_core.event_handler.log_command:Invoked command in '/home/jelly/ros2_ws/build/serial' returned '0': /usr/bin/cmake --build /home/jelly/ros2_ws/build/serial -- -j4 -l4
[7.013s] DEBUG:colcon.colcon_core.event_handler.log_command:Invoking command in '/home/jelly/ros2_ws/build/serial': /usr/bin/cmake --install /home/jelly/ros2_ws/build/serial
[7.101s] DEBUG:colcon.colcon_core.event_handler.log_command:Invoked command in '/home/jelly/ros2_ws/build/FMT' returned '0': /usr/bin/cmake /home/jelly/ros2_ws/src/fmt -DCMAKE_INSTALL_PREFIX=/home/jelly/ros2_ws/install/FMT
[7.105s] DEBUG:colcon.colcon_core.event_handler.log_command:Invoking command in '/home/jelly/ros2_ws/build/FMT': /usr/bin/cmake --build /home/jelly/ros2_ws/build/FMT -- -j4 -l4
[7.119s] Level 1:colcon.colcon_core.environment:create_environment_scripts_only(serial)
[7.126s] DEBUG:colcon.colcon_core.event_handler.log_command:Invoked command in '/home/jelly/ros2_ws/build/serial' returned '0': /usr/bin/cmake --install /home/jelly/ros2_ws/build/serial
[7.126s] Level 1:colcon.colcon_core.environment:checking '/home/jelly/ros2_ws/install/serial' for CMake module files
[7.127s] Level 1:colcon.colcon_core.environment:checking '/home/jelly/ros2_ws/install/serial' for CMake config files
[7.127s] Level 1:colcon.colcon_core.shell:create_environment_hook('serial', 'cmake_prefix_path')
[7.127s] INFO:colcon.colcon_core.shell:Creating environment hook '/home/jelly/ros2_ws/install/serial/share/serial/hook/cmake_prefix_path.ps1'
[7.128s] INFO:colcon.colcon_core.shell:Creating environment descriptor '/home/jelly/ros2_ws/install/serial/share/serial/hook/cmake_prefix_path.dsv'
[7.128s] INFO:colcon.colcon_core.shell:Creating environment hook '/home/jelly/ros2_ws/install/serial/share/serial/hook/cmake_prefix_path.sh'
[7.129s] Level 1:colcon.colcon_core.environment:checking '/home/jelly/ros2_ws/install/serial/lib'
[7.129s] Level 1:colcon.colcon_core.environment:checking '/home/jelly/ros2_ws/install/serial/bin'
[7.129s] Level 1:colcon.colcon_core.environment:checking '/home/jelly/ros2_ws/install/serial/lib/pkgconfig/serial.pc'
[7.130s] Level 1:colcon.colcon_core.environment:checking '/home/jelly/ros2_ws/install/serial/lib/python3.10/site-packages'
[7.130s] Level 1:colcon.colcon_core.environment:checking '/home/jelly/ros2_ws/install/serial/bin'
[7.130s] INFO:colcon.colcon_core.shell:Creating package script '/home/jelly/ros2_ws/install/serial/share/serial/package.ps1'
[7.131s] INFO:colcon.colcon_core.shell:Creating package descriptor '/home/jelly/ros2_ws/install/serial/share/serial/package.dsv'
[7.131s] INFO:colcon.colcon_core.shell:Creating package script '/home/jelly/ros2_ws/install/serial/share/serial/package.sh'
[7.132s] INFO:colcon.colcon_core.shell:Creating package script '/home/jelly/ros2_ws/install/serial/share/serial/package.bash'
[7.133s] INFO:colcon.colcon_core.shell:Creating package script '/home/jelly/ros2_ws/install/serial/share/serial/package.zsh'
[7.133s] Level 1:colcon.colcon_core.environment:create_file_with_runtime_dependencies(/home/jelly/ros2_ws/install/serial/share/colcon-core/packages/serial)
[7.433s] DEBUG:colcon.colcon_core.event_handler.log_command:Invoked command in '/home/jelly/ros2_ws/build/mycobot_gazebo' returned '1': /usr/bin/cmake /home/jelly/ros2_ws/src/mycobot_ros2/mycobot_gazebo -DCMAKE_INSTALL_PREFIX=/home/jelly/ros2_ws/install/mycobot_gazebo
[7.473s] Level 1:colcon.colcon_core.environment:create_environment_scripts_only(mycobot_gazebo)
[7.474s] Level 1:colcon.colcon_core.environment:checking '/home/jelly/ros2_ws/install/mycobot_gazebo' for CMake module files
[7.474s] Level 1:colcon.colcon_core.environment:checking '/home/jelly/ros2_ws/install/mycobot_gazebo' for CMake config files
[7.475s] Level 1:colcon.colcon_core.environment:checking '/home/jelly/ros2_ws/install/mycobot_gazebo/bin'
[7.475s] Level 1:colcon.colcon_core.environment:checking '/home/jelly/ros2_ws/install/mycobot_gazebo/lib/pkgconfig/mycobot_gazebo.pc'
[7.475s] Level 1:colcon.colcon_core.environment:checking '/home/jelly/ros2_ws/install/mycobot_gazebo/lib/python3.10/site-packages'
[7.475s] Level 1:colcon.colcon_core.environment:checking '/home/jelly/ros2_ws/install/mycobot_gazebo/bin'
[7.476s] INFO:colcon.colcon_core.shell:Creating package script '/home/jelly/ros2_ws/install/mycobot_gazebo/share/mycobot_gazebo/package.ps1'
[7.476s] INFO:colcon.colcon_core.shell:Creating package descriptor '/home/jelly/ros2_ws/install/mycobot_gazebo/share/mycobot_gazebo/package.dsv'
[7.477s] INFO:colcon.colcon_core.shell:Creating package script '/home/jelly/ros2_ws/install/mycobot_gazebo/share/mycobot_gazebo/package.sh'
[7.477s] INFO:colcon.colcon_core.shell:Creating package script '/home/jelly/ros2_ws/install/mycobot_gazebo/share/mycobot_gazebo/package.bash'
[7.477s] INFO:colcon.colcon_core.shell:Creating package script '/home/jelly/ros2_ws/install/mycobot_gazebo/share/mycobot_gazebo/package.zsh'
[7.478s] Level 1:colcon.colcon_core.environment:create_file_with_runtime_dependencies(/home/jelly/ros2_ws/install/mycobot_gazebo/share/colcon-core/packages/mycobot_gazebo)
[167.157s] DEBUG:colcon.colcon_parallel_executor.executor.parallel:closing loop
[167.157s] DEBUG:colcon.colcon_parallel_executor.executor.parallel:loop closed
[167.157s] DEBUG:colcon.colcon_parallel_executor.executor.parallel:run_until_complete finished with '1'
[167.157s] DEBUG:colcon.colcon_core.event_reactor:joining thread
[167.167s] INFO:colcon.colcon_core.plugin_system:Skipping extension 'colcon_notification.desktop_notification.terminal_notifier': Not used on non-Darwin systems
[167.167s] INFO:colcon.colcon_core.plugin_system:Skipping extension 'colcon_notification.desktop_notification.win32': Not used on non-Windows systems
[167.167s] INFO:colcon.colcon_notification.desktop_notification:Sending desktop notification using 'notify2'
[167.191s] DEBUG:colcon.colcon_core.event_reactor:joined thread
[167.192s] INFO:colcon.colcon_core.shell:Creating prefix script '/home/jelly/ros2_ws/install/local_setup.ps1'
[167.193s] INFO:colcon.colcon_core.shell:Creating prefix util module '/home/jelly/ros2_ws/install/_local_setup_util_ps1.py'
[167.195s] INFO:colcon.colcon_core.shell:Creating prefix chain script '/home/jelly/ros2_ws/install/setup.ps1'
[167.196s] INFO:colcon.colcon_core.shell:Creating prefix script '/home/jelly/ros2_ws/install/local_setup.sh'
[167.197s] INFO:colcon.colcon_core.shell:Creating prefix util module '/home/jelly/ros2_ws/install/_local_setup_util_sh.py'
[167.197s] INFO:colcon.colcon_core.shell:Creating prefix chain script '/home/jelly/ros2_ws/install/setup.sh'
[167.198s] INFO:colcon.colcon_core.shell:Creating prefix script '/home/jelly/ros2_ws/install/local_setup.bash'
[167.199s] INFO:colcon.colcon_core.shell:Creating prefix chain script '/home/jelly/ros2_ws/install/setup.bash'
[167.200s] INFO:colcon.colcon_core.shell:Creating prefix script '/home/jelly/ros2_ws/install/local_setup.zsh'
[167.201s] INFO:colcon.colcon_core.shell:Creating prefix chain script '/home/jelly/ros2_ws/install/setup.zsh'
