-- Install configuration: ""
-- Installing: /home/jelly/ros2_ws/install/catch2/include/
-- Installing: /home/jelly/ros2_ws/install/catch2/include//catch2
-- Installing: /home/jelly/ros2_ws/install/catch2/include//catch2/.clang-format
-- Installing: /home/jelly/ros2_ws/install/catch2/include//catch2/catch.hpp
-- Installing: /home/jelly/ros2_ws/install/catch2/include//catch2/fakeit.hpp
-- Installing: /home/jelly/ros2_ws/install/catch2/share/ament_index/resource_index/package_run_dependencies/catch2
-- Installing: /home/jelly/ros2_ws/install/catch2/share/ament_index/resource_index/parent_prefix_path/catch2
-- Installing: /home/jelly/ros2_ws/install/catch2/share/catch2/environment/ament_prefix_path.sh
-- Installing: /home/jelly/ros2_ws/install/catch2/share/catch2/environment/ament_prefix_path.dsv
-- Installing: /home/jelly/ros2_ws/install/catch2/share/catch2/environment/path.sh
-- Installing: /home/jelly/ros2_ws/install/catch2/share/catch2/environment/path.dsv
-- Installing: /home/jelly/ros2_ws/install/catch2/share/catch2/local_setup.bash
-- Installing: /home/jelly/ros2_ws/install/catch2/share/catch2/local_setup.sh
-- Installing: /home/jelly/ros2_ws/install/catch2/share/catch2/local_setup.zsh
-- Installing: /home/jelly/ros2_ws/install/catch2/share/catch2/local_setup.dsv
-- Installing: /home/jelly/ros2_ws/install/catch2/share/catch2/package.dsv
-- Installing: /home/jelly/ros2_ws/install/catch2/share/ament_index/resource_index/packages/catch2
-- Installing: /home/jelly/ros2_ws/install/catch2/share/catch2/cmake/catch2_TargetsExport.cmake
-- Installing: /home/jelly/ros2_ws/install/catch2/share/catch2/cmake/ament_cmake_export_include_directories-extras.cmake
-- Installing: /home/jelly/ros2_ws/install/catch2/share/catch2/cmake/ament_cmake_export_targets-extras.cmake
-- Installing: /home/jelly/ros2_ws/install/catch2/share/catch2/cmake/catch2Config.cmake
-- Installing: /home/jelly/ros2_ws/install/catch2/share/catch2/cmake/catch2Config-version.cmake
-- Installing: /home/jelly/ros2_ws/install/catch2/share/catch2/package.xml
