[0.049s] Invoking command in '/home/jelly/ros2_ws/build/fp': CMAKE_PREFIX_PATH=${CMAKE_PREFIX_PATH}:/home/jelly/ros2_ws/install/mycobot_280:/home/jelly/ros2_ws/install/mecharm_pi:/home/jelly/ros2_ws/install/mecharm:/home/jelly/ros2_ws/install/mycobot_controller:/home/jelly/ros2_ws/install/mycobot_communication:/home/jelly/ros2_ws/install/mecharm_communication:/opt/ros/humble /usr/bin/cmake --build /home/jelly/ros2_ws/build/fp -- -j4 -l4
[0.263s] [ 10%] Built target no_discard
[0.300s] [ 20%] Built target result
[0.309s] [ 30%] Built target validate_in
[0.332s] [ 40%] Built target maybe_error
[0.396s] [ 50%] Built target validate_range
[0.434s] [ 60%] Built target gtest_main
[0.472s] [ 70%] Built target gtest
[0.604s] [ 80%] Built target result_tests
[0.622s] [ 90%] Built target mbind_tests
[0.628s] [100%] Built target validate_tests
[0.669s] Invoked command in '/home/jelly/ros2_ws/build/fp' returned '0': CMAKE_PREFIX_PATH=${CMAKE_PREFIX_PATH}:/home/jelly/ros2_ws/install/mycobot_280:/home/jelly/ros2_ws/install/mecharm_pi:/home/jelly/ros2_ws/install/mecharm:/home/jelly/ros2_ws/install/mycobot_controller:/home/jelly/ros2_ws/install/mycobot_communication:/home/jelly/ros2_ws/install/mecharm_communication:/opt/ros/humble /usr/bin/cmake --build /home/jelly/ros2_ws/build/fp -- -j4 -l4
[0.797s] Invoking command in '/home/jelly/ros2_ws/build/fp': CMAKE_PREFIX_PATH=${CMAKE_PREFIX_PATH}:/home/jelly/ros2_ws/install/mycobot_280:/home/jelly/ros2_ws/install/mecharm_pi:/home/jelly/ros2_ws/install/mecharm:/home/jelly/ros2_ws/install/mycobot_controller:/home/jelly/ros2_ws/install/mycobot_communication:/home/jelly/ros2_ws/install/mecharm_communication:/opt/ros/humble /usr/bin/cmake --install /home/jelly/ros2_ws/build/fp
[0.834s] -- Install configuration: ""
[0.834s] -- Up-to-date: /home/jelly/ros2_ws/install/fp/include/
[0.836s] -- Up-to-date: /home/jelly/ros2_ws/install/fp/include//fp
[0.836s] -- Up-to-date: /home/jelly/ros2_ws/install/fp/include//fp/all.hpp
[0.836s] -- Up-to-date: /home/jelly/ros2_ws/install/fp/include//fp/monad.hpp
[0.836s] -- Up-to-date: /home/jelly/ros2_ws/install/fp/include//fp/result.hpp
[0.836s] -- Up-to-date: /home/jelly/ros2_ws/install/fp/include//fp/_external
[0.837s] -- Up-to-date: /home/jelly/ros2_ws/install/fp/include//fp/_external/expected.hpp
[0.837s] -- Up-to-date: /home/jelly/ros2_ws/install/fp/include//fp/no_discard.hpp
[0.837s] -- Up-to-date: /home/jelly/ros2_ws/install/fp/include//fp/macros.hpp
[0.837s] -- Up-to-date: /home/jelly/ros2_ws/install/fp/include//fp/validate.hpp
[0.837s] -- Up-to-date: /home/jelly/ros2_ws/install/fp/share/ament_index/resource_index/package_run_dependencies/fp
[0.837s] -- Up-to-date: /home/jelly/ros2_ws/install/fp/share/ament_index/resource_index/parent_prefix_path/fp
[0.837s] -- Up-to-date: /home/jelly/ros2_ws/install/fp/share/fp/environment/ament_prefix_path.sh
[0.837s] -- Up-to-date: /home/jelly/ros2_ws/install/fp/share/fp/environment/ament_prefix_path.dsv
[0.838s] -- Up-to-date: /home/jelly/ros2_ws/install/fp/share/fp/environment/path.sh
[0.839s] -- Up-to-date: /home/jelly/ros2_ws/install/fp/share/fp/environment/path.dsv
[0.839s] -- Up-to-date: /home/jelly/ros2_ws/install/fp/share/fp/local_setup.bash
[0.839s] -- Up-to-date: /home/jelly/ros2_ws/install/fp/share/fp/local_setup.sh
[0.839s] -- Up-to-date: /home/jelly/ros2_ws/install/fp/share/fp/local_setup.zsh
[0.839s] -- Up-to-date: /home/jelly/ros2_ws/install/fp/share/fp/local_setup.dsv
[0.839s] -- Installing: /home/jelly/ros2_ws/install/fp/share/fp/package.dsv
[0.839s] -- Up-to-date: /home/jelly/ros2_ws/install/fp/share/ament_index/resource_index/packages/fp
[0.840s] -- Up-to-date: /home/jelly/ros2_ws/install/fp/share/fp/cmake/fpTargetsExport.cmake
[0.841s] -- Up-to-date: /home/jelly/ros2_ws/install/fp/share/fp/cmake/ament_cmake_export_include_directories-extras.cmake
[0.841s] -- Up-to-date: /home/jelly/ros2_ws/install/fp/share/fp/cmake/ament_cmake_export_targets-extras.cmake
[0.841s] -- Up-to-date: /home/jelly/ros2_ws/install/fp/share/fp/cmake/ament_cmake_export_dependencies-extras.cmake
[0.841s] -- Up-to-date: /home/jelly/ros2_ws/install/fp/share/fp/cmake/fpConfig.cmake
[0.841s] -- Up-to-date: /home/jelly/ros2_ws/install/fp/share/fp/cmake/fpConfig-version.cmake
[0.841s] -- Up-to-date: /home/jelly/ros2_ws/install/fp/share/fp/package.xml
[0.841s] Invoked command in '/home/jelly/ros2_ws/build/fp' returned '0': CMAKE_PREFIX_PATH=${CMAKE_PREFIX_PATH}:/home/jelly/ros2_ws/install/mycobot_280:/home/jelly/ros2_ws/install/mecharm_pi:/home/jelly/ros2_ws/install/mecharm:/home/jelly/ros2_ws/install/mycobot_controller:/home/jelly/ros2_ws/install/mycobot_communication:/home/jelly/ros2_ws/install/mecharm_communication:/opt/ros/humble /usr/bin/cmake --install /home/jelly/ros2_ws/build/fp
