[0.100s] Invoking command in '/home/coleman/ros2_ws/build/mycobot_description': CMAKE_PREFIX_PATH=${CMAKE_PREFIX_PATH}:/opt/ros/humble /usr/bin/cmake --build /home/coleman/ros2_ws/build/mycobot_description -- -j16 -l16
[0.299s] Invoked command in '/home/coleman/ros2_ws/build/mycobot_description' returned '0': CMAKE_PREFIX_PATH=${CMAKE_PREFIX_PATH}:/opt/ros/humble /usr/bin/cmake --build /home/coleman/ros2_ws/build/mycobot_description -- -j16 -l16
[0.574s] Invoking command in '/home/coleman/ros2_ws/build/mycobot_description': CMAKE_PREFIX_PATH=${CMAKE_PREFIX_PATH}:/opt/ros/humble /usr/bin/cmake --install /home/coleman/ros2_ws/build/mycobot_description
[0.621s] -- Install configuration: ""
[0.650s] -- Up-to-date: /home/coleman/ros2_ws/install/mycobot_description/share/mycobot_description/launch
[0.654s] -- Up-to-date: /home/coleman/ros2_ws/install/mycobot_description/share/mycobot_description/meshes
[0.655s] -- Up-to-date: /home/coleman/ros2_ws/install/mycobot_description/share/mycobot_description/meshes/mycobot_280
[0.656s] -- Up-to-date: /home/coleman/ros2_ws/install/mycobot_description/share/mycobot_description/meshes/mycobot_280/joint2.stl
[0.672s] -- Up-to-date: /home/coleman/ros2_ws/install/mycobot_description/share/mycobot_description/meshes/mycobot_280/spectrometer.stl
[0.675s] -- Up-to-date: /home/coleman/ros2_ws/install/mycobot_description/share/mycobot_description/meshes/mycobot_280/holder.stl
[0.676s] -- Up-to-date: /home/coleman/ros2_ws/install/mycobot_description/share/mycobot_description/meshes/mycobot_280/joint3.stl
[0.691s] -- Up-to-date: /home/coleman/ros2_ws/install/mycobot_description/share/mycobot_description/meshes/mycobot_280/joint5.stl
[0.692s] -- Up-to-date: /home/coleman/ros2_ws/install/mycobot_description/share/mycobot_description/meshes/mycobot_280/joint1.stl
[0.694s] -- Up-to-date: /home/coleman/ros2_ws/install/mycobot_description/share/mycobot_description/meshes/mycobot_280/joint7.stl
[0.699s] -- Up-to-date: /home/coleman/ros2_ws/install/mycobot_description/share/mycobot_description/meshes/mycobot_280/joint6.stl
[0.700s] -- Up-to-date: /home/coleman/ros2_ws/install/mycobot_description/share/mycobot_description/meshes/mycobot_280/joint4.stl
[0.704s] -- Up-to-date: /home/coleman/ros2_ws/install/mycobot_description/share/mycobot_description/rviz
[0.704s] -- Up-to-date: /home/coleman/ros2_ws/install/mycobot_description/share/mycobot_description/urdf
[0.705s] -- Up-to-date: /home/coleman/ros2_ws/install/mycobot_description/share/mycobot_description/urdf/mycobot_280_urdf.xacro
[0.706s] -- Up-to-date: /home/coleman/ros2_ws/install/mycobot_description/share/ament_index/resource_index/package_run_dependencies/mycobot_description
[0.720s] -- Up-to-date: /home/coleman/ros2_ws/install/mycobot_description/share/ament_index/resource_index/parent_prefix_path/mycobot_description
[0.724s] -- Up-to-date: /home/coleman/ros2_ws/install/mycobot_description/share/mycobot_description/environment/ament_prefix_path.sh
[0.728s] -- Up-to-date: /home/coleman/ros2_ws/install/mycobot_description/share/mycobot_description/environment/ament_prefix_path.dsv
[0.733s] -- Up-to-date: /home/coleman/ros2_ws/install/mycobot_description/share/mycobot_description/environment/path.sh
[0.734s] -- Up-to-date: /home/coleman/ros2_ws/install/mycobot_description/share/mycobot_description/environment/path.dsv
[0.736s] -- Up-to-date: /home/coleman/ros2_ws/install/mycobot_description/share/mycobot_description/local_setup.bash
[0.739s] -- Up-to-date: /home/coleman/ros2_ws/install/mycobot_description/share/mycobot_description/local_setup.sh
[0.742s] -- Up-to-date: /home/coleman/ros2_ws/install/mycobot_description/share/mycobot_description/local_setup.zsh
[0.744s] -- Up-to-date: /home/coleman/ros2_ws/install/mycobot_description/share/mycobot_description/local_setup.dsv
[0.744s] -- Installing: /home/coleman/ros2_ws/install/mycobot_description/share/mycobot_description/package.dsv
[0.752s] -- Up-to-date: /home/coleman/ros2_ws/install/mycobot_description/share/ament_index/resource_index/packages/mycobot_description
[0.756s] -- Up-to-date: /home/coleman/ros2_ws/install/mycobot_description/share/mycobot_description/cmake/mycobot_descriptionConfig.cmake
[0.758s] -- Up-to-date: /home/coleman/ros2_ws/install/mycobot_description/share/mycobot_description/cmake/mycobot_descriptionConfig-version.cmake
[0.760s] -- Up-to-date: /home/coleman/ros2_ws/install/mycobot_description/share/mycobot_description/package.xml
[0.931s] Invoked command in '/home/coleman/ros2_ws/build/mycobot_description' returned '0': CMAKE_PREFIX_PATH=${CMAKE_PREFIX_PATH}:/opt/ros/humble /usr/bin/cmake --install /home/coleman/ros2_ws/build/mycobot_description
