[1.649s] Invoking command in '/home/jelly/ros2_ws/src/mycobot_280': CMAKE_PREFIX_PATH=/home/jelly/ros2_ws/install/mycobot_description:/home/jelly/ros2_ws/install/mycobot_280_description:/home/jelly/ros2_ws/install/mycobot_hardware_interface:/home/jelly/ros2_ws/install/mycobot:/home/jelly/ros2_ws/install/serial:/home/jelly/ros2_ws/install/mycobot_ros2:/home/jelly/ros2_ws/install/mycobot_moveit_config:/home/jelly/ros2_ws/install/mycobot_gazebo:/home/jelly/ros2_ws/install/moveit2_scripts:/home/jelly/ros2_ws/install/motion_planning_python_api:/home/jelly/ros2_ws/install/fp:/home/jelly/ros2_ws/install/catch2:/home/jelly/ros2_ws/install/FMT PYTHONPATH=/home/jelly/ros2_ws/build/mycobot_280/prefix_override:/usr/lib/python3/dist-packages/colcon_core/task/python/colcon_distutils_commands:/home/jelly/ros2_ws/install/mycobot_280/lib/python3.10/site-packages:${PYTHONPATH} /usr/bin/python3 -W ignore:setup.py install is deprecated setup.py egg_info --egg-base ../../build/mycobot_280 build --build-base /home/jelly/ros2_ws/build/mycobot_280/build install --record /home/jelly/ros2_ws/build/mycobot_280/install.log --single-version-externally-managed install_data
[2.114s] running egg_info
[2.137s] writing ../../build/mycobot_280/mycobot_280.egg-info/PKG-INFO
[2.138s] writing dependency_links to ../../build/mycobot_280/mycobot_280.egg-info/dependency_links.txt
[2.139s] writing entry points to ../../build/mycobot_280/mycobot_280.egg-info/entry_points.txt
[2.139s] writing requirements to ../../build/mycobot_280/mycobot_280.egg-info/requires.txt
[2.140s] writing top-level names to ../../build/mycobot_280/mycobot_280.egg-info/top_level.txt
[2.194s] reading manifest file '../../build/mycobot_280/mycobot_280.egg-info/SOURCES.txt'
[2.195s] adding license file 'LICENSE'
[2.196s] writing manifest file '../../build/mycobot_280/mycobot_280.egg-info/SOURCES.txt'
[2.196s] running build
[2.197s] running build_py
[2.197s] copying mycobot_280/detect_marker.py -> /home/jelly/ros2_ws/build/mycobot_280/build/lib/mycobot_280
[2.197s] copying mycobot_280/following_marker.py -> /home/jelly/ros2_ws/build/mycobot_280/build/lib/mycobot_280
[2.198s] copying mycobot_280/follow_display.py -> /home/jelly/ros2_ws/build/mycobot_280/build/lib/mycobot_280
[2.198s] copying mycobot_280/slider_control.py -> /home/jelly/ros2_ws/build/mycobot_280/build/lib/mycobot_280
[2.198s] copying mycobot_280/__init__.py -> /home/jelly/ros2_ws/build/mycobot_280/build/lib/mycobot_280
[2.198s] copying mycobot_280/listen_real_of_topic.py -> /home/jelly/ros2_ws/build/mycobot_280/build/lib/mycobot_280
[2.199s] copying mycobot_280/opencv_camera.py -> /home/jelly/ros2_ws/build/mycobot_280/build/lib/mycobot_280
[2.199s] copying mycobot_280/camera_display.py -> /home/jelly/ros2_ws/build/mycobot_280/build/lib/mycobot_280
[2.199s] copying mycobot_280/teleop_keyboard.py -> /home/jelly/ros2_ws/build/mycobot_280/build/lib/mycobot_280
[2.199s] copying mycobot_280/listen_real.py -> /home/jelly/ros2_ws/build/mycobot_280/build/lib/mycobot_280
[2.200s] copying mycobot_280/simple_gui.py -> /home/jelly/ros2_ws/build/mycobot_280/build/lib/mycobot_280
[2.200s] copying mycobot_280/follow_and_pump.py -> /home/jelly/ros2_ws/build/mycobot_280/build/lib/mycobot_280
[2.200s] running install
[2.208s] running install_lib
[2.234s] running install_data
[2.234s] copying resource/mycobot_280 -> /home/jelly/ros2_ws/install/mycobot_280/share/ament_index/resource_index/packages
[2.234s] copying package.xml -> /home/jelly/ros2_ws/install/mycobot_280/share/mycobot_280
[2.235s] copying launch/test.launch.py -> /home/jelly/ros2_ws/install/mycobot_280/share/mycobot_280/launch
[2.235s] copying launch/slider_control_pump.launch.py -> /home/jelly/ros2_ws/install/mycobot_280/share/mycobot_280/launch
[2.235s] copying launch/teleop_keyboard.launch.py -> /home/jelly/ros2_ws/install/mycobot_280/share/mycobot_280/launch
[2.235s] copying launch/test_camera_flange.launch.py -> /home/jelly/ros2_ws/install/mycobot_280/share/mycobot_280/launch
[2.236s] copying launch/detect_marker.launch.py -> /home/jelly/ros2_ws/install/mycobot_280/share/mycobot_280/launch
[2.236s] copying launch/detect_marker_with_topic.launch.py -> /home/jelly/ros2_ws/install/mycobot_280/share/mycobot_280/launch
[2.236s] copying launch/simple_gui_pump.launch.py -> /home/jelly/ros2_ws/install/mycobot_280/share/mycobot_280/launch
[2.236s] copying launch/mycobot_follow.launch.py -> /home/jelly/ros2_ws/install/mycobot_280/share/mycobot_280/launch
[2.237s] copying launch/slider_control_camera_flange.launch.py -> /home/jelly/ros2_ws/install/mycobot_280/share/mycobot_280/launch
[2.237s] copying launch/test_camera_flange_pump.launch.py -> /home/jelly/ros2_ws/install/mycobot_280/share/mycobot_280/launch
[2.237s] copying launch/test_pump.launch.py -> /home/jelly/ros2_ws/install/mycobot_280/share/mycobot_280/launch
[2.237s] copying launch/simple_gui.launch.py -> /home/jelly/ros2_ws/install/mycobot_280/share/mycobot_280/launch
[2.237s] copying launch/slider_control.launch.py -> /home/jelly/ros2_ws/install/mycobot_280/share/mycobot_280/launch
[2.238s] copying config/mycobot.rviz -> /home/jelly/ros2_ws/install/mycobot_280/share/mycobot_280/config
[2.238s] copying config/mycobot_with_marker.rviz -> /home/jelly/ros2_ws/install/mycobot_280/share/mycobot_280/config
[2.238s] running install_egg_info
[2.274s] removing '/home/jelly/ros2_ws/install/mycobot_280/lib/python3.10/site-packages/mycobot_280-0.0.0-py3.10.egg-info' (and everything under it)
[2.275s] Copying ../../build/mycobot_280/mycobot_280.egg-info to /home/jelly/ros2_ws/install/mycobot_280/lib/python3.10/site-packages/mycobot_280-0.0.0-py3.10.egg-info
[2.276s] running install_scripts
[2.489s] Installing camera_display script to /home/jelly/ros2_ws/install/mycobot_280/lib/mycobot_280
[2.490s] Installing detect_marker script to /home/jelly/ros2_ws/install/mycobot_280/lib/mycobot_280
[2.490s] Installing follow_display script to /home/jelly/ros2_ws/install/mycobot_280/lib/mycobot_280
[2.491s] Installing following_marker script to /home/jelly/ros2_ws/install/mycobot_280/lib/mycobot_280
[2.491s] Installing listen_real script to /home/jelly/ros2_ws/install/mycobot_280/lib/mycobot_280
[2.492s] Installing listen_real_of_topic script to /home/jelly/ros2_ws/install/mycobot_280/lib/mycobot_280
[2.492s] Installing opencv_camera script to /home/jelly/ros2_ws/install/mycobot_280/lib/mycobot_280
[2.492s] Installing simple_gui script to /home/jelly/ros2_ws/install/mycobot_280/lib/mycobot_280
[2.493s] Installing slider_control script to /home/jelly/ros2_ws/install/mycobot_280/lib/mycobot_280
[2.493s] Installing teleop_keyboard script to /home/jelly/ros2_ws/install/mycobot_280/lib/mycobot_280
[2.493s] writing list of installed files to '/home/jelly/ros2_ws/build/mycobot_280/install.log'
[2.529s] Invoked command in '/home/jelly/ros2_ws/src/mycobot_280' returned '0': CMAKE_PREFIX_PATH=/home/jelly/ros2_ws/install/mycobot_description:/home/jelly/ros2_ws/install/mycobot_280_description:/home/jelly/ros2_ws/install/mycobot_hardware_interface:/home/jelly/ros2_ws/install/mycobot:/home/jelly/ros2_ws/install/serial:/home/jelly/ros2_ws/install/mycobot_ros2:/home/jelly/ros2_ws/install/mycobot_moveit_config:/home/jelly/ros2_ws/install/mycobot_gazebo:/home/jelly/ros2_ws/install/moveit2_scripts:/home/jelly/ros2_ws/install/motion_planning_python_api:/home/jelly/ros2_ws/install/fp:/home/jelly/ros2_ws/install/catch2:/home/jelly/ros2_ws/install/FMT PYTHONPATH=/home/jelly/ros2_ws/build/mycobot_280/prefix_override:/usr/lib/python3/dist-packages/colcon_core/task/python/colcon_distutils_commands:/home/jelly/ros2_ws/install/mycobot_280/lib/python3.10/site-packages:${PYTHONPATH} /usr/bin/python3 -W ignore:setup.py install is deprecated setup.py egg_info --egg-base ../../build/mycobot_280 build --build-base /home/jelly/ros2_ws/build/mycobot_280/build install --record /home/jelly/ros2_ws/build/mycobot_280/install.log --single-version-externally-managed install_data
