[0.281s] DEBUG:colcon:Command line arguments: ['/home/coleman/.local/bin/colcon', 'build']
[0.282s] DEBUG:colcon:Parsed command line arguments: Namespace(log_base=None, log_level=None, verb_name='build', build_base='build', install_base='install', merge_install=False, symlink_install=False, test_result_base=None, continue_on_error=False, executor='parallel', parallel_workers=16, event_handlers=None, ignore_user_meta=False, metas=['./colcon.meta'], base_paths=['.'], packages_ignore=None, packages_ignore_regex=None, paths=None, packages_up_to=None, packages_up_to_regex=None, packages_above=None, packages_above_and_dependencies=None, packages_above_depth=None, packages_select_by_dep=None, packages_skip_by_dep=None, packages_skip_up_to=None, packages_select_build_failed=False, packages_skip_build_finished=False, packages_select_test_failures=False, packages_skip_test_passed=False, packages_select=None, packages_skip=None, packages_select_regex=None, packages_skip_regex=None, packages_start=None, packages_end=None, allow_overriding=[], cmake_args=None, cmake_target=None, cmake_target_skip_unavailable=False, cmake_clean_cache=False, cmake_clean_first=False, cmake_force_configure=False, ament_cmake_args=None, catkin_cmake_args=None, catkin_skip_building_tests=False, verb_parser=<colcon_defaults.argument_parser.defaults.DefaultArgumentsDecorator object at 0x71e8435c5c60>, verb_extension=<colcon_core.verb.build.BuildVerb object at 0x71e8436d26b0>, main=<bound method BuildVerb.main of <colcon_core.verb.build.BuildVerb object at 0x71e8436d26b0>>)
[0.634s] Level 1:colcon.colcon_core.package_discovery:discover_packages(colcon_meta) check parameters
[0.634s] Level 1:colcon.colcon_core.package_discovery:discover_packages(recursive) check parameters
[0.635s] Level 1:colcon.colcon_core.package_discovery:discover_packages(ignore) check parameters
[0.635s] Level 1:colcon.colcon_core.package_discovery:discover_packages(path) check parameters
[0.635s] Level 1:colcon.colcon_core.package_discovery:discover_packages(colcon_meta) discover
[0.635s] Level 1:colcon.colcon_core.package_discovery:discover_packages(recursive) discover
[0.635s] INFO:colcon.colcon_core.package_discovery:Crawling recursively for packages in '/home/coleman/ros2_ws'
[0.635s] Level 1:colcon.colcon_core.package_identification:_identify(.) by extensions ['ignore', 'ignore_ament_install']
[0.636s] Level 1:colcon.colcon_core.package_identification:_identify(.) by extension 'ignore'
[0.636s] Level 1:colcon.colcon_core.package_identification:_identify(.) by extension 'ignore_ament_install'
[0.636s] Level 1:colcon.colcon_core.package_identification:_identify(.) by extensions ['colcon_pkg']
[0.636s] Level 1:colcon.colcon_core.package_identification:_identify(.) by extension 'colcon_pkg'
[0.636s] Level 1:colcon.colcon_core.package_identification:_identify(.) by extensions ['colcon_meta']
[0.636s] Level 1:colcon.colcon_core.package_identification:_identify(.) by extension 'colcon_meta'
[0.636s] Level 1:colcon.colcon_core.package_identification:_identify(.) by extensions ['ros']
[0.637s] Level 1:colcon.colcon_core.package_identification:_identify(.) by extension 'ros'
[0.658s] Level 1:colcon.colcon_core.package_identification:_identify(.) by extensions ['cmake', 'python']
[0.658s] Level 1:colcon.colcon_core.package_identification:_identify(.) by extension 'cmake'
[0.658s] Level 1:colcon.colcon_core.package_identification:_identify(.) by extension 'python'
[0.659s] Level 1:colcon.colcon_core.package_identification:_identify(.) by extensions ['python_setup_py']
[0.659s] Level 1:colcon.colcon_core.package_identification:_identify(.) by extension 'python_setup_py'
[0.659s] Level 1:colcon.colcon_core.package_identification:_identify(build) by extensions ['ignore', 'ignore_ament_install']
[0.659s] Level 1:colcon.colcon_core.package_identification:_identify(build) by extension 'ignore'
[0.659s] Level 1:colcon.colcon_core.package_identification:_identify(build) ignored
[0.660s] Level 1:colcon.colcon_core.package_identification:_identify(install) by extensions ['ignore', 'ignore_ament_install']
[0.660s] Level 1:colcon.colcon_core.package_identification:_identify(install) by extension 'ignore'
[0.660s] Level 1:colcon.colcon_core.package_identification:_identify(install) ignored
[0.660s] Level 1:colcon.colcon_core.package_identification:_identify(log) by extensions ['ignore', 'ignore_ament_install']
[0.661s] Level 1:colcon.colcon_core.package_identification:_identify(log) by extension 'ignore'
[0.661s] Level 1:colcon.colcon_core.package_identification:_identify(log) ignored
[0.661s] Level 1:colcon.colcon_core.package_identification:_identify(src) by extensions ['ignore', 'ignore_ament_install']
[0.661s] Level 1:colcon.colcon_core.package_identification:_identify(src) by extension 'ignore'
[0.661s] Level 1:colcon.colcon_core.package_identification:_identify(src) by extension 'ignore_ament_install'
[0.662s] Level 1:colcon.colcon_core.package_identification:_identify(src) by extensions ['colcon_pkg']
[0.662s] Level 1:colcon.colcon_core.package_identification:_identify(src) by extension 'colcon_pkg'
[0.662s] Level 1:colcon.colcon_core.package_identification:_identify(src) by extensions ['colcon_meta']
[0.662s] Level 1:colcon.colcon_core.package_identification:_identify(src) by extension 'colcon_meta'
[0.662s] Level 1:colcon.colcon_core.package_identification:_identify(src) by extensions ['ros']
[0.662s] Level 1:colcon.colcon_core.package_identification:_identify(src) by extension 'ros'
[0.662s] Level 1:colcon.colcon_core.package_identification:_identify(src) by extensions ['cmake', 'python']
[0.663s] Level 1:colcon.colcon_core.package_identification:_identify(src) by extension 'cmake'
[0.663s] Level 1:colcon.colcon_core.package_identification:_identify(src) by extension 'python'
[0.663s] Level 1:colcon.colcon_core.package_identification:_identify(src) by extensions ['python_setup_py']
[0.663s] Level 1:colcon.colcon_core.package_identification:_identify(src) by extension 'python_setup_py'
[0.663s] Level 1:colcon.colcon_core.package_identification:_identify(src/mycobot_ros2) by extensions ['ignore', 'ignore_ament_install']
[0.663s] Level 1:colcon.colcon_core.package_identification:_identify(src/mycobot_ros2) by extension 'ignore'
[0.664s] Level 1:colcon.colcon_core.package_identification:_identify(src/mycobot_ros2) by extension 'ignore_ament_install'
[0.664s] Level 1:colcon.colcon_core.package_identification:_identify(src/mycobot_ros2) by extensions ['colcon_pkg']
[0.664s] Level 1:colcon.colcon_core.package_identification:_identify(src/mycobot_ros2) by extension 'colcon_pkg'
[0.664s] Level 1:colcon.colcon_core.package_identification:_identify(src/mycobot_ros2) by extensions ['colcon_meta']
[0.664s] Level 1:colcon.colcon_core.package_identification:_identify(src/mycobot_ros2) by extension 'colcon_meta'
[0.665s] Level 1:colcon.colcon_core.package_identification:_identify(src/mycobot_ros2) by extensions ['ros']
[0.665s] Level 1:colcon.colcon_core.package_identification:_identify(src/mycobot_ros2) by extension 'ros'
[0.665s] Level 1:colcon.colcon_core.package_identification:_identify(src/mycobot_ros2) by extensions ['cmake', 'python']
[0.665s] Level 1:colcon.colcon_core.package_identification:_identify(src/mycobot_ros2) by extension 'cmake'
[0.666s] Level 1:colcon.colcon_core.package_identification:_identify(src/mycobot_ros2) by extension 'python'
[0.666s] Level 1:colcon.colcon_core.package_identification:_identify(src/mycobot_ros2) by extensions ['python_setup_py']
[0.666s] Level 1:colcon.colcon_core.package_identification:_identify(src/mycobot_ros2) by extension 'python_setup_py'
[0.666s] Level 1:colcon.colcon_core.package_identification:_identify(src/mycobot_ros2/mycobot_description) by extensions ['ignore', 'ignore_ament_install']
[0.666s] Level 1:colcon.colcon_core.package_identification:_identify(src/mycobot_ros2/mycobot_description) by extension 'ignore'
[0.667s] Level 1:colcon.colcon_core.package_identification:_identify(src/mycobot_ros2/mycobot_description) by extension 'ignore_ament_install'
[0.667s] Level 1:colcon.colcon_core.package_identification:_identify(src/mycobot_ros2/mycobot_description) by extensions ['colcon_pkg']
[0.667s] Level 1:colcon.colcon_core.package_identification:_identify(src/mycobot_ros2/mycobot_description) by extension 'colcon_pkg'
[0.667s] Level 1:colcon.colcon_core.package_identification:_identify(src/mycobot_ros2/mycobot_description) by extensions ['colcon_meta']
[0.667s] Level 1:colcon.colcon_core.package_identification:_identify(src/mycobot_ros2/mycobot_description) by extension 'colcon_meta'
[0.667s] Level 1:colcon.colcon_core.package_identification:_identify(src/mycobot_ros2/mycobot_description) by extensions ['ros']
[0.668s] Level 1:colcon.colcon_core.package_identification:_identify(src/mycobot_ros2/mycobot_description) by extension 'ros'
[0.671s] DEBUG:colcon.colcon_core.package_identification:Package 'src/mycobot_ros2/mycobot_description' with type 'ros.ament_cmake' and name 'mycobot_description'
[0.672s] Level 1:colcon.colcon_core.package_identification:_identify(src/mycobot_ros2/mycobot_gazebo) by extensions ['ignore', 'ignore_ament_install']
[0.672s] Level 1:colcon.colcon_core.package_identification:_identify(src/mycobot_ros2/mycobot_gazebo) by extension 'ignore'
[0.672s] Level 1:colcon.colcon_core.package_identification:_identify(src/mycobot_ros2/mycobot_gazebo) by extension 'ignore_ament_install'
[0.672s] Level 1:colcon.colcon_core.package_identification:_identify(src/mycobot_ros2/mycobot_gazebo) by extensions ['colcon_pkg']
[0.672s] Level 1:colcon.colcon_core.package_identification:_identify(src/mycobot_ros2/mycobot_gazebo) by extension 'colcon_pkg'
[0.673s] Level 1:colcon.colcon_core.package_identification:_identify(src/mycobot_ros2/mycobot_gazebo) by extensions ['colcon_meta']
[0.673s] Level 1:colcon.colcon_core.package_identification:_identify(src/mycobot_ros2/mycobot_gazebo) by extension 'colcon_meta'
[0.673s] Level 1:colcon.colcon_core.package_identification:_identify(src/mycobot_ros2/mycobot_gazebo) by extensions ['ros']
[0.673s] Level 1:colcon.colcon_core.package_identification:_identify(src/mycobot_ros2/mycobot_gazebo) by extension 'ros'
[0.674s] DEBUG:colcon.colcon_core.package_identification:Package 'src/mycobot_ros2/mycobot_gazebo' with type 'ros.ament_cmake' and name 'mycobot_gazebo'
[0.675s] Level 1:colcon.colcon_core.package_identification:_identify(src/mycobot_ros2/mycobot_moveit_config) by extensions ['ignore', 'ignore_ament_install']
[0.675s] Level 1:colcon.colcon_core.package_identification:_identify(src/mycobot_ros2/mycobot_moveit_config) by extension 'ignore'
[0.675s] Level 1:colcon.colcon_core.package_identification:_identify(src/mycobot_ros2/mycobot_moveit_config) by extension 'ignore_ament_install'
[0.675s] Level 1:colcon.colcon_core.package_identification:_identify(src/mycobot_ros2/mycobot_moveit_config) by extensions ['colcon_pkg']
[0.675s] Level 1:colcon.colcon_core.package_identification:_identify(src/mycobot_ros2/mycobot_moveit_config) by extension 'colcon_pkg'
[0.676s] Level 1:colcon.colcon_core.package_identification:_identify(src/mycobot_ros2/mycobot_moveit_config) by extensions ['colcon_meta']
[0.676s] Level 1:colcon.colcon_core.package_identification:_identify(src/mycobot_ros2/mycobot_moveit_config) by extension 'colcon_meta'
[0.676s] Level 1:colcon.colcon_core.package_identification:_identify(src/mycobot_ros2/mycobot_moveit_config) by extensions ['ros']
[0.676s] Level 1:colcon.colcon_core.package_identification:_identify(src/mycobot_ros2/mycobot_moveit_config) by extension 'ros'
[0.677s] DEBUG:colcon.colcon_core.package_identification:Package 'src/mycobot_ros2/mycobot_moveit_config' with type 'ros.ament_cmake' and name 'mycobot_moveit_config'
[0.678s] Level 1:colcon.colcon_core.package_identification:_identify(src/mycobot_ros2/mycobot_ros2) by extensions ['ignore', 'ignore_ament_install']
[0.678s] Level 1:colcon.colcon_core.package_identification:_identify(src/mycobot_ros2/mycobot_ros2) by extension 'ignore'
[0.678s] Level 1:colcon.colcon_core.package_identification:_identify(src/mycobot_ros2/mycobot_ros2) by extension 'ignore_ament_install'
[0.678s] Level 1:colcon.colcon_core.package_identification:_identify(src/mycobot_ros2/mycobot_ros2) by extensions ['colcon_pkg']
[0.678s] Level 1:colcon.colcon_core.package_identification:_identify(src/mycobot_ros2/mycobot_ros2) by extension 'colcon_pkg'
[0.678s] Level 1:colcon.colcon_core.package_identification:_identify(src/mycobot_ros2/mycobot_ros2) by extensions ['colcon_meta']
[0.678s] Level 1:colcon.colcon_core.package_identification:_identify(src/mycobot_ros2/mycobot_ros2) by extension 'colcon_meta'
[0.679s] Level 1:colcon.colcon_core.package_identification:_identify(src/mycobot_ros2/mycobot_ros2) by extensions ['ros']
[0.679s] Level 1:colcon.colcon_core.package_identification:_identify(src/mycobot_ros2/mycobot_ros2) by extension 'ros'
[0.680s] DEBUG:colcon.colcon_core.package_identification:Package 'src/mycobot_ros2/mycobot_ros2' with type 'ros.ament_cmake' and name 'mycobot_ros2'
[0.680s] Level 1:colcon.colcon_core.package_discovery:discover_packages(recursive) using defaults
[0.680s] Level 1:colcon.colcon_core.package_discovery:discover_packages(ignore) discover
[0.680s] Level 1:colcon.colcon_core.package_discovery:discover_packages(ignore) using defaults
[0.680s] Level 1:colcon.colcon_core.package_discovery:discover_packages(path) discover
[0.681s] Level 1:colcon.colcon_core.package_discovery:discover_packages(path) using defaults
[0.714s] Level 1:colcon.colcon_core.package_discovery:discover_packages(prefix_path) check parameters
[0.714s] Level 1:colcon.colcon_core.package_discovery:discover_packages(prefix_path) discover
[0.718s] DEBUG:colcon.colcon_installed_package_information.package_discovery:Found 4 installed packages in /home/coleman/ros2_ws/install
[0.722s] DEBUG:colcon.colcon_installed_package_information.package_discovery:Found 372 installed packages in /opt/ros/humble
[0.725s] Level 1:colcon.colcon_core.package_discovery:discover_packages(prefix_path) using defaults
[0.835s] Level 5:colcon.colcon_core.verb:set package 'mycobot_description' build argument 'cmake_args' from command line to 'None'
[0.836s] Level 5:colcon.colcon_core.verb:set package 'mycobot_description' build argument 'cmake_target' from command line to 'None'
[0.836s] Level 5:colcon.colcon_core.verb:set package 'mycobot_description' build argument 'cmake_target_skip_unavailable' from command line to 'False'
[0.836s] Level 5:colcon.colcon_core.verb:set package 'mycobot_description' build argument 'cmake_clean_cache' from command line to 'False'
[0.836s] Level 5:colcon.colcon_core.verb:set package 'mycobot_description' build argument 'cmake_clean_first' from command line to 'False'
[0.836s] Level 5:colcon.colcon_core.verb:set package 'mycobot_description' build argument 'cmake_force_configure' from command line to 'False'
[0.836s] Level 5:colcon.colcon_core.verb:set package 'mycobot_description' build argument 'ament_cmake_args' from command line to 'None'
[0.837s] Level 5:colcon.colcon_core.verb:set package 'mycobot_description' build argument 'catkin_cmake_args' from command line to 'None'
[0.837s] Level 5:colcon.colcon_core.verb:set package 'mycobot_description' build argument 'catkin_skip_building_tests' from command line to 'False'
[0.837s] DEBUG:colcon.colcon_core.verb:Building package 'mycobot_description' with the following arguments: {'ament_cmake_args': None, 'build_base': '/home/coleman/ros2_ws/build/mycobot_description', 'catkin_cmake_args': None, 'catkin_skip_building_tests': False, 'cmake_args': None, 'cmake_clean_cache': False, 'cmake_clean_first': False, 'cmake_force_configure': False, 'cmake_target': None, 'cmake_target_skip_unavailable': False, 'install_base': '/home/coleman/ros2_ws/install/mycobot_description', 'merge_install': False, 'path': '/home/coleman/ros2_ws/src/mycobot_ros2/mycobot_description', 'symlink_install': False, 'test_result_base': None}
[0.837s] Level 5:colcon.colcon_core.verb:set package 'mycobot_gazebo' build argument 'cmake_args' from command line to 'None'
[0.838s] Level 5:colcon.colcon_core.verb:set package 'mycobot_gazebo' build argument 'cmake_target' from command line to 'None'
[0.838s] Level 5:colcon.colcon_core.verb:set package 'mycobot_gazebo' build argument 'cmake_target_skip_unavailable' from command line to 'False'
[0.838s] Level 5:colcon.colcon_core.verb:set package 'mycobot_gazebo' build argument 'cmake_clean_cache' from command line to 'False'
[0.838s] Level 5:colcon.colcon_core.verb:set package 'mycobot_gazebo' build argument 'cmake_clean_first' from command line to 'False'
[0.838s] Level 5:colcon.colcon_core.verb:set package 'mycobot_gazebo' build argument 'cmake_force_configure' from command line to 'False'
[0.838s] Level 5:colcon.colcon_core.verb:set package 'mycobot_gazebo' build argument 'ament_cmake_args' from command line to 'None'
[0.838s] Level 5:colcon.colcon_core.verb:set package 'mycobot_gazebo' build argument 'catkin_cmake_args' from command line to 'None'
[0.838s] Level 5:colcon.colcon_core.verb:set package 'mycobot_gazebo' build argument 'catkin_skip_building_tests' from command line to 'False'
[0.838s] DEBUG:colcon.colcon_core.verb:Building package 'mycobot_gazebo' with the following arguments: {'ament_cmake_args': None, 'build_base': '/home/coleman/ros2_ws/build/mycobot_gazebo', 'catkin_cmake_args': None, 'catkin_skip_building_tests': False, 'cmake_args': None, 'cmake_clean_cache': False, 'cmake_clean_first': False, 'cmake_force_configure': False, 'cmake_target': None, 'cmake_target_skip_unavailable': False, 'install_base': '/home/coleman/ros2_ws/install/mycobot_gazebo', 'merge_install': False, 'path': '/home/coleman/ros2_ws/src/mycobot_ros2/mycobot_gazebo', 'symlink_install': False, 'test_result_base': None}
[0.839s] Level 5:colcon.colcon_core.verb:set package 'mycobot_moveit_config' build argument 'cmake_args' from command line to 'None'
[0.839s] Level 5:colcon.colcon_core.verb:set package 'mycobot_moveit_config' build argument 'cmake_target' from command line to 'None'
[0.839s] Level 5:colcon.colcon_core.verb:set package 'mycobot_moveit_config' build argument 'cmake_target_skip_unavailable' from command line to 'False'
[0.840s] Level 5:colcon.colcon_core.verb:set package 'mycobot_moveit_config' build argument 'cmake_clean_cache' from command line to 'False'
[0.840s] Level 5:colcon.colcon_core.verb:set package 'mycobot_moveit_config' build argument 'cmake_clean_first' from command line to 'False'
[0.840s] Level 5:colcon.colcon_core.verb:set package 'mycobot_moveit_config' build argument 'cmake_force_configure' from command line to 'False'
[0.841s] Level 5:colcon.colcon_core.verb:set package 'mycobot_moveit_config' build argument 'ament_cmake_args' from command line to 'None'
[0.841s] Level 5:colcon.colcon_core.verb:set package 'mycobot_moveit_config' build argument 'catkin_cmake_args' from command line to 'None'
[0.841s] Level 5:colcon.colcon_core.verb:set package 'mycobot_moveit_config' build argument 'catkin_skip_building_tests' from command line to 'False'
[0.841s] DEBUG:colcon.colcon_core.verb:Building package 'mycobot_moveit_config' with the following arguments: {'ament_cmake_args': None, 'build_base': '/home/coleman/ros2_ws/build/mycobot_moveit_config', 'catkin_cmake_args': None, 'catkin_skip_building_tests': False, 'cmake_args': None, 'cmake_clean_cache': False, 'cmake_clean_first': False, 'cmake_force_configure': False, 'cmake_target': None, 'cmake_target_skip_unavailable': False, 'install_base': '/home/coleman/ros2_ws/install/mycobot_moveit_config', 'merge_install': False, 'path': '/home/coleman/ros2_ws/src/mycobot_ros2/mycobot_moveit_config', 'symlink_install': False, 'test_result_base': None}
[0.842s] Level 5:colcon.colcon_core.verb:set package 'mycobot_ros2' build argument 'cmake_args' from command line to 'None'
[0.842s] Level 5:colcon.colcon_core.verb:set package 'mycobot_ros2' build argument 'cmake_target' from command line to 'None'
[0.842s] Level 5:colcon.colcon_core.verb:set package 'mycobot_ros2' build argument 'cmake_target_skip_unavailable' from command line to 'False'
[0.842s] Level 5:colcon.colcon_core.verb:set package 'mycobot_ros2' build argument 'cmake_clean_cache' from command line to 'False'
[0.842s] Level 5:colcon.colcon_core.verb:set package 'mycobot_ros2' build argument 'cmake_clean_first' from command line to 'False'
[0.842s] Level 5:colcon.colcon_core.verb:set package 'mycobot_ros2' build argument 'cmake_force_configure' from command line to 'False'
[0.843s] Level 5:colcon.colcon_core.verb:set package 'mycobot_ros2' build argument 'ament_cmake_args' from command line to 'None'
[0.843s] Level 5:colcon.colcon_core.verb:set package 'mycobot_ros2' build argument 'catkin_cmake_args' from command line to 'None'
[0.843s] Level 5:colcon.colcon_core.verb:set package 'mycobot_ros2' build argument 'catkin_skip_building_tests' from command line to 'False'
[0.843s] DEBUG:colcon.colcon_core.verb:Building package 'mycobot_ros2' with the following arguments: {'ament_cmake_args': None, 'build_base': '/home/coleman/ros2_ws/build/mycobot_ros2', 'catkin_cmake_args': None, 'catkin_skip_building_tests': False, 'cmake_args': None, 'cmake_clean_cache': False, 'cmake_clean_first': False, 'cmake_force_configure': False, 'cmake_target': None, 'cmake_target_skip_unavailable': False, 'install_base': '/home/coleman/ros2_ws/install/mycobot_ros2', 'merge_install': False, 'path': '/home/coleman/ros2_ws/src/mycobot_ros2/mycobot_ros2', 'symlink_install': False, 'test_result_base': None}
[0.843s] INFO:colcon.colcon_core.executor:Executing jobs using 'parallel' executor
[0.849s] DEBUG:colcon.colcon_parallel_executor.executor.parallel:run_until_complete
[0.849s] INFO:colcon.colcon_ros.task.ament_cmake.build:Building ROS package in '/home/coleman/ros2_ws/src/mycobot_ros2/mycobot_description' with build type 'ament_cmake'
[0.849s] INFO:colcon.colcon_cmake.task.cmake.build:Building CMake package in '/home/coleman/ros2_ws/src/mycobot_ros2/mycobot_description'
[0.858s] INFO:colcon.colcon_core.plugin_system:Skipping extension 'colcon_core.shell.bat': Not used on non-Windows systems
[0.858s] INFO:colcon.colcon_core.shell:Skip shell extension 'powershell' for command environment: Not usable outside of PowerShell
[0.858s] DEBUG:colcon.colcon_core.shell:Skip shell extension 'dsv' for command environment
[0.871s] INFO:colcon.colcon_ros.task.ament_cmake.build:Building ROS package in '/home/coleman/ros2_ws/src/mycobot_ros2/mycobot_gazebo' with build type 'ament_cmake'
[0.871s] INFO:colcon.colcon_cmake.task.cmake.build:Building CMake package in '/home/coleman/ros2_ws/src/mycobot_ros2/mycobot_gazebo'
[0.871s] INFO:colcon.colcon_core.shell:Skip shell extension 'powershell' for command environment: Not usable outside of PowerShell
[0.872s] DEBUG:colcon.colcon_core.shell:Skip shell extension 'dsv' for command environment
[0.910s] DEBUG:colcon.colcon_core.event_handler.log_command:Invoking command in '/home/coleman/ros2_ws/build/mycobot_description': CMAKE_PREFIX_PATH=${CMAKE_PREFIX_PATH}:/opt/ros/humble /usr/bin/cmake --build /home/coleman/ros2_ws/build/mycobot_description -- -j16 -l16
[0.951s] DEBUG:colcon.colcon_core.event_handler.log_command:Invoking command in '/home/coleman/ros2_ws/build/mycobot_gazebo': CMAKE_PREFIX_PATH=${CMAKE_PREFIX_PATH}:/opt/ros/humble /usr/bin/cmake --build /home/coleman/ros2_ws/build/mycobot_gazebo -- -j16 -l16
[1.084s] DEBUG:colcon.colcon_core.event_handler.log_command:Invoked command in '/home/coleman/ros2_ws/build/mycobot_description' returned '0': CMAKE_PREFIX_PATH=${CMAKE_PREFIX_PATH}:/opt/ros/humble /usr/bin/cmake --build /home/coleman/ros2_ws/build/mycobot_description -- -j16 -l16
[1.175s] DEBUG:colcon.colcon_core.event_handler.log_command:Invoked command in '/home/coleman/ros2_ws/build/mycobot_gazebo' returned '0': CMAKE_PREFIX_PATH=${CMAKE_PREFIX_PATH}:/opt/ros/humble /usr/bin/cmake --build /home/coleman/ros2_ws/build/mycobot_gazebo -- -j16 -l16
[1.252s] DEBUG:colcon.colcon_core.event_handler.log_command:Invoking command in '/home/coleman/ros2_ws/build/mycobot_description': CMAKE_PREFIX_PATH=${CMAKE_PREFIX_PATH}:/opt/ros/humble /usr/bin/cmake --install /home/coleman/ros2_ws/build/mycobot_description
[1.374s] Level 1:colcon.colcon_core.environment:create_environment_scripts_only(mycobot_description)
[1.418s] DEBUG:colcon.colcon_core.event_handler.log_command:Invoking command in '/home/coleman/ros2_ws/build/mycobot_gazebo': CMAKE_PREFIX_PATH=${CMAKE_PREFIX_PATH}:/opt/ros/humble /usr/bin/cmake --install /home/coleman/ros2_ws/build/mycobot_gazebo
[1.420s] DEBUG:colcon.colcon_core.event_handler.log_command:Invoked command in '/home/coleman/ros2_ws/build/mycobot_description' returned '0': CMAKE_PREFIX_PATH=${CMAKE_PREFIX_PATH}:/opt/ros/humble /usr/bin/cmake --install /home/coleman/ros2_ws/build/mycobot_description
[1.489s] Level 1:colcon.colcon_core.environment:checking '/home/coleman/ros2_ws/install/mycobot_description' for CMake module files
[1.494s] Level 1:colcon.colcon_core.environment:checking '/home/coleman/ros2_ws/install/mycobot_description' for CMake config files
[1.516s] Level 1:colcon.colcon_core.shell:create_environment_hook('mycobot_description', 'cmake_prefix_path')
[1.517s] INFO:colcon.colcon_core.shell:Creating environment hook '/home/coleman/ros2_ws/install/mycobot_description/share/mycobot_description/hook/cmake_prefix_path.ps1'
[1.520s] INFO:colcon.colcon_core.shell:Creating environment descriptor '/home/coleman/ros2_ws/install/mycobot_description/share/mycobot_description/hook/cmake_prefix_path.dsv'
[1.522s] INFO:colcon.colcon_core.shell:Creating environment hook '/home/coleman/ros2_ws/install/mycobot_description/share/mycobot_description/hook/cmake_prefix_path.sh'
[1.538s] Level 1:colcon.colcon_core.environment:checking '/home/coleman/ros2_ws/install/mycobot_description/bin'
[1.538s] Level 1:colcon.colcon_core.environment:checking '/home/coleman/ros2_ws/install/mycobot_description/lib/pkgconfig/mycobot_description.pc'
[1.539s] Level 1:colcon.colcon_core.environment:checking '/home/coleman/ros2_ws/install/mycobot_description/lib/python3.10/site-packages'
[1.539s] Level 1:colcon.colcon_core.environment:checking '/home/coleman/ros2_ws/install/mycobot_description/bin'
[1.539s] INFO:colcon.colcon_core.shell:Creating package script '/home/coleman/ros2_ws/install/mycobot_description/share/mycobot_description/package.ps1'
[1.560s] INFO:colcon.colcon_core.shell:Creating package descriptor '/home/coleman/ros2_ws/install/mycobot_description/share/mycobot_description/package.dsv'
[1.584s] INFO:colcon.colcon_core.shell:Creating package script '/home/coleman/ros2_ws/install/mycobot_description/share/mycobot_description/package.sh'
[1.603s] INFO:colcon.colcon_core.shell:Creating package script '/home/coleman/ros2_ws/install/mycobot_description/share/mycobot_description/package.bash'
[1.627s] INFO:colcon.colcon_core.shell:Creating package script '/home/coleman/ros2_ws/install/mycobot_description/share/mycobot_description/package.zsh'
[1.638s] Level 1:colcon.colcon_core.environment:create_file_with_runtime_dependencies(/home/coleman/ros2_ws/install/mycobot_description/share/colcon-core/packages/mycobot_description)
[1.806s] Level 1:colcon.colcon_core.environment:create_environment_scripts_only(mycobot_description)
[1.807s] Level 1:colcon.colcon_core.environment:checking '/home/coleman/ros2_ws/install/mycobot_description' for CMake module files
[1.815s] Level 1:colcon.colcon_core.environment:checking '/home/coleman/ros2_ws/install/mycobot_description' for CMake config files
[1.854s] Level 1:colcon.colcon_core.shell:create_environment_hook('mycobot_description', 'cmake_prefix_path')
[1.855s] INFO:colcon.colcon_core.shell:Creating environment hook '/home/coleman/ros2_ws/install/mycobot_description/share/mycobot_description/hook/cmake_prefix_path.ps1'
[1.859s] INFO:colcon.colcon_core.shell:Creating environment descriptor '/home/coleman/ros2_ws/install/mycobot_description/share/mycobot_description/hook/cmake_prefix_path.dsv'
[1.867s] INFO:colcon.colcon_core.shell:Creating environment hook '/home/coleman/ros2_ws/install/mycobot_description/share/mycobot_description/hook/cmake_prefix_path.sh'
[1.874s] Level 1:colcon.colcon_core.environment:checking '/home/coleman/ros2_ws/install/mycobot_description/bin'
[1.875s] Level 1:colcon.colcon_core.environment:checking '/home/coleman/ros2_ws/install/mycobot_description/lib/pkgconfig/mycobot_description.pc'
[1.875s] Level 1:colcon.colcon_core.environment:checking '/home/coleman/ros2_ws/install/mycobot_description/lib/python3.10/site-packages'
[1.876s] Level 1:colcon.colcon_core.environment:checking '/home/coleman/ros2_ws/install/mycobot_description/bin'
[1.879s] INFO:colcon.colcon_core.shell:Creating package script '/home/coleman/ros2_ws/install/mycobot_description/share/mycobot_description/package.ps1'
[1.881s] INFO:colcon.colcon_core.shell:Creating package descriptor '/home/coleman/ros2_ws/install/mycobot_description/share/mycobot_description/package.dsv'
[1.895s] INFO:colcon.colcon_core.shell:Creating package script '/home/coleman/ros2_ws/install/mycobot_description/share/mycobot_description/package.sh'
[1.903s] INFO:colcon.colcon_core.shell:Creating package script '/home/coleman/ros2_ws/install/mycobot_description/share/mycobot_description/package.bash'
[1.911s] INFO:colcon.colcon_core.shell:Creating package script '/home/coleman/ros2_ws/install/mycobot_description/share/mycobot_description/package.zsh'
[1.922s] Level 1:colcon.colcon_core.environment:create_file_with_runtime_dependencies(/home/coleman/ros2_ws/install/mycobot_description/share/colcon-core/packages/mycobot_description)
[1.926s] INFO:colcon.colcon_ros.task.ament_cmake.build:Building ROS package in '/home/coleman/ros2_ws/src/mycobot_ros2/mycobot_ros2' with build type 'ament_cmake'
[1.927s] INFO:colcon.colcon_cmake.task.cmake.build:Building CMake package in '/home/coleman/ros2_ws/src/mycobot_ros2/mycobot_ros2'
[1.927s] INFO:colcon.colcon_core.shell:Skip shell extension 'powershell' for command environment: Not usable outside of PowerShell
[1.927s] DEBUG:colcon.colcon_core.shell:Skip shell extension 'dsv' for command environment
[2.027s] Level 1:colcon.colcon_core.environment:create_environment_scripts_only(mycobot_gazebo)
[2.027s] Level 1:colcon.colcon_core.environment:checking '/home/coleman/ros2_ws/install/mycobot_gazebo' for CMake module files
[2.032s] Level 1:colcon.colcon_core.environment:checking '/home/coleman/ros2_ws/install/mycobot_gazebo' for CMake config files
[2.035s] Level 1:colcon.colcon_core.shell:create_environment_hook('mycobot_gazebo', 'cmake_prefix_path')
[2.035s] INFO:colcon.colcon_core.shell:Creating environment hook '/home/coleman/ros2_ws/install/mycobot_gazebo/share/mycobot_gazebo/hook/cmake_prefix_path.ps1'
[2.046s] INFO:colcon.colcon_core.shell:Creating environment descriptor '/home/coleman/ros2_ws/install/mycobot_gazebo/share/mycobot_gazebo/hook/cmake_prefix_path.dsv'
[2.055s] INFO:colcon.colcon_core.shell:Creating environment hook '/home/coleman/ros2_ws/install/mycobot_gazebo/share/mycobot_gazebo/hook/cmake_prefix_path.sh'
[2.103s] Level 1:colcon.colcon_core.environment:checking '/home/coleman/ros2_ws/install/mycobot_gazebo/bin'
[2.103s] Level 1:colcon.colcon_core.environment:checking '/home/coleman/ros2_ws/install/mycobot_gazebo/lib/pkgconfig/mycobot_gazebo.pc'
[2.104s] Level 1:colcon.colcon_core.environment:checking '/home/coleman/ros2_ws/install/mycobot_gazebo/lib/python3.10/site-packages'
[2.105s] Level 1:colcon.colcon_core.environment:checking '/home/coleman/ros2_ws/install/mycobot_gazebo/bin'
[2.105s] INFO:colcon.colcon_core.shell:Creating package script '/home/coleman/ros2_ws/install/mycobot_gazebo/share/mycobot_gazebo/package.ps1'
[2.108s] INFO:colcon.colcon_core.shell:Creating package descriptor '/home/coleman/ros2_ws/install/mycobot_gazebo/share/mycobot_gazebo/package.dsv'
[2.118s] INFO:colcon.colcon_core.shell:Creating package script '/home/coleman/ros2_ws/install/mycobot_gazebo/share/mycobot_gazebo/package.sh'
[2.132s] INFO:colcon.colcon_core.shell:Creating package script '/home/coleman/ros2_ws/install/mycobot_gazebo/share/mycobot_gazebo/package.bash'
[2.142s] INFO:colcon.colcon_core.shell:Creating package script '/home/coleman/ros2_ws/install/mycobot_gazebo/share/mycobot_gazebo/package.zsh'
[2.147s] Level 1:colcon.colcon_core.environment:create_file_with_runtime_dependencies(/home/coleman/ros2_ws/install/mycobot_gazebo/share/colcon-core/packages/mycobot_gazebo)
[2.364s] Level 1:colcon.colcon_core.environment:create_environment_scripts_only(mycobot_gazebo)
[2.365s] Level 1:colcon.colcon_core.environment:checking '/home/coleman/ros2_ws/install/mycobot_gazebo' for CMake module files
[2.367s] Level 1:colcon.colcon_core.environment:checking '/home/coleman/ros2_ws/install/mycobot_gazebo' for CMake config files
[2.399s] Level 1:colcon.colcon_core.shell:create_environment_hook('mycobot_gazebo', 'cmake_prefix_path')
[2.399s] INFO:colcon.colcon_core.shell:Creating environment hook '/home/coleman/ros2_ws/install/mycobot_gazebo/share/mycobot_gazebo/hook/cmake_prefix_path.ps1'
[2.408s] INFO:colcon.colcon_core.shell:Creating environment descriptor '/home/coleman/ros2_ws/install/mycobot_gazebo/share/mycobot_gazebo/hook/cmake_prefix_path.dsv'
[2.420s] INFO:colcon.colcon_core.shell:Creating environment hook '/home/coleman/ros2_ws/install/mycobot_gazebo/share/mycobot_gazebo/hook/cmake_prefix_path.sh'
[2.424s] Level 1:colcon.colcon_core.environment:checking '/home/coleman/ros2_ws/install/mycobot_gazebo/bin'
[2.426s] Level 1:colcon.colcon_core.environment:checking '/home/coleman/ros2_ws/install/mycobot_gazebo/lib/pkgconfig/mycobot_gazebo.pc'
[2.426s] Level 1:colcon.colcon_core.environment:checking '/home/coleman/ros2_ws/install/mycobot_gazebo/lib/python3.10/site-packages'
[2.427s] Level 1:colcon.colcon_core.environment:checking '/home/coleman/ros2_ws/install/mycobot_gazebo/bin'
[2.427s] INFO:colcon.colcon_core.shell:Creating package script '/home/coleman/ros2_ws/install/mycobot_gazebo/share/mycobot_gazebo/package.ps1'
[2.435s] INFO:colcon.colcon_core.shell:Creating package descriptor '/home/coleman/ros2_ws/install/mycobot_gazebo/share/mycobot_gazebo/package.dsv'
[2.453s] INFO:colcon.colcon_core.shell:Creating package script '/home/coleman/ros2_ws/install/mycobot_gazebo/share/mycobot_gazebo/package.sh'
[2.506s] INFO:colcon.colcon_core.shell:Creating package script '/home/coleman/ros2_ws/install/mycobot_gazebo/share/mycobot_gazebo/package.bash'
[2.514s] INFO:colcon.colcon_core.shell:Creating package script '/home/coleman/ros2_ws/install/mycobot_gazebo/share/mycobot_gazebo/package.zsh'
[2.522s] Level 1:colcon.colcon_core.environment:create_file_with_runtime_dependencies(/home/coleman/ros2_ws/install/mycobot_gazebo/share/colcon-core/packages/mycobot_gazebo)
[2.532s] INFO:colcon.colcon_ros.task.ament_cmake.build:Building ROS package in '/home/coleman/ros2_ws/src/mycobot_ros2/mycobot_moveit_config' with build type 'ament_cmake'
[2.532s] INFO:colcon.colcon_cmake.task.cmake.build:Building CMake package in '/home/coleman/ros2_ws/src/mycobot_ros2/mycobot_moveit_config'
[2.533s] INFO:colcon.colcon_core.shell:Skip shell extension 'powershell' for command environment: Not usable outside of PowerShell
[2.533s] DEBUG:colcon.colcon_core.shell:Skip shell extension 'dsv' for command environment
[2.939s] Level 1:colcon.colcon_core.environment:create_environment_scripts_only(mycobot_ros2)
[2.940s] Level 1:colcon.colcon_core.environment:checking '/home/coleman/ros2_ws/install/mycobot_ros2' for CMake module files
[2.968s] Level 1:colcon.colcon_core.environment:checking '/home/coleman/ros2_ws/install/mycobot_ros2' for CMake config files
[2.971s] Level 1:colcon.colcon_core.shell:create_environment_hook('mycobot_ros2', 'cmake_prefix_path')
[2.971s] INFO:colcon.colcon_core.shell:Creating environment hook '/home/coleman/ros2_ws/install/mycobot_ros2/share/mycobot_ros2/hook/cmake_prefix_path.ps1'
[2.976s] INFO:colcon.colcon_core.shell:Creating environment descriptor '/home/coleman/ros2_ws/install/mycobot_ros2/share/mycobot_ros2/hook/cmake_prefix_path.dsv'
[2.978s] INFO:colcon.colcon_core.shell:Creating environment hook '/home/coleman/ros2_ws/install/mycobot_ros2/share/mycobot_ros2/hook/cmake_prefix_path.sh'
[2.988s] DEBUG:colcon.colcon_core.event_handler.log_command:Invoked command in '/home/coleman/ros2_ws/build/mycobot_gazebo' returned '0': CMAKE_PREFIX_PATH=${CMAKE_PREFIX_PATH}:/opt/ros/humble /usr/bin/cmake --install /home/coleman/ros2_ws/build/mycobot_gazebo
[3.003s] Level 1:colcon.colcon_core.environment:checking '/home/coleman/ros2_ws/install/mycobot_ros2/bin'
[3.003s] Level 1:colcon.colcon_core.environment:checking '/home/coleman/ros2_ws/install/mycobot_ros2/lib/pkgconfig/mycobot_ros2.pc'
[3.003s] Level 1:colcon.colcon_core.environment:checking '/home/coleman/ros2_ws/install/mycobot_ros2/lib/python3.10/site-packages'
[3.004s] Level 1:colcon.colcon_core.environment:checking '/home/coleman/ros2_ws/install/mycobot_ros2/bin'
[3.006s] INFO:colcon.colcon_core.shell:Creating package script '/home/coleman/ros2_ws/install/mycobot_ros2/share/mycobot_ros2/package.ps1'
[3.008s] INFO:colcon.colcon_core.shell:Creating package descriptor '/home/coleman/ros2_ws/install/mycobot_ros2/share/mycobot_ros2/package.dsv'
[3.015s] INFO:colcon.colcon_core.shell:Creating package script '/home/coleman/ros2_ws/install/mycobot_ros2/share/mycobot_ros2/package.sh'
[3.022s] DEBUG:colcon.colcon_core.event_handler.log_command:Invoking command in '/home/coleman/ros2_ws/build/mycobot_ros2': CMAKE_PREFIX_PATH=/home/coleman/ros2_ws/install/mycobot_description:/home/coleman/ros2_ws/install/mycobot_ros2:/home/coleman/ros2_ws/install/mycobot_moveit_config:/home/coleman/ros2_ws/install/mycobot_gazebo:/opt/ros/humble /usr/bin/cmake --build /home/coleman/ros2_ws/build/mycobot_ros2 -- -j16 -l16
[3.024s] INFO:colcon.colcon_core.shell:Creating package script '/home/coleman/ros2_ws/install/mycobot_ros2/share/mycobot_ros2/package.bash'
[3.026s] INFO:colcon.colcon_core.shell:Creating package script '/home/coleman/ros2_ws/install/mycobot_ros2/share/mycobot_ros2/package.zsh'
[3.027s] Level 1:colcon.colcon_core.environment:create_file_with_runtime_dependencies(/home/coleman/ros2_ws/install/mycobot_ros2/share/colcon-core/packages/mycobot_ros2)
[3.038s] DEBUG:colcon.colcon_core.event_handler.log_command:Invoked command in '/home/coleman/ros2_ws/build/mycobot_ros2' returned '0': CMAKE_PREFIX_PATH=/home/coleman/ros2_ws/install/mycobot_description:/home/coleman/ros2_ws/install/mycobot_ros2:/home/coleman/ros2_ws/install/mycobot_moveit_config:/home/coleman/ros2_ws/install/mycobot_gazebo:/opt/ros/humble /usr/bin/cmake --build /home/coleman/ros2_ws/build/mycobot_ros2 -- -j16 -l16
[3.042s] DEBUG:colcon.colcon_core.event_handler.log_command:Invoking command in '/home/coleman/ros2_ws/build/mycobot_moveit_config': CMAKE_PREFIX_PATH=/home/coleman/ros2_ws/install/mycobot_gazebo:/home/coleman/ros2_ws/install/mycobot_ros2:/home/coleman/ros2_ws/install/mycobot_moveit_config:/home/coleman/ros2_ws/install/mycobot_description:/opt/ros/humble /usr/bin/cmake --build /home/coleman/ros2_ws/build/mycobot_moveit_config -- -j16 -l16
[3.046s] DEBUG:colcon.colcon_core.event_handler.log_command:Invoking command in '/home/coleman/ros2_ws/build/mycobot_ros2': CMAKE_PREFIX_PATH=/home/coleman/ros2_ws/install/mycobot_description:/home/coleman/ros2_ws/install/mycobot_ros2:/home/coleman/ros2_ws/install/mycobot_moveit_config:/home/coleman/ros2_ws/install/mycobot_gazebo:/opt/ros/humble /usr/bin/cmake --install /home/coleman/ros2_ws/build/mycobot_ros2
[3.047s] DEBUG:colcon.colcon_core.event_handler.log_command:Invoked command in '/home/coleman/ros2_ws/build/mycobot_moveit_config' returned '0': CMAKE_PREFIX_PATH=/home/coleman/ros2_ws/install/mycobot_gazebo:/home/coleman/ros2_ws/install/mycobot_ros2:/home/coleman/ros2_ws/install/mycobot_moveit_config:/home/coleman/ros2_ws/install/mycobot_description:/opt/ros/humble /usr/bin/cmake --build /home/coleman/ros2_ws/build/mycobot_moveit_config -- -j16 -l16
[3.094s] DEBUG:colcon.colcon_core.event_handler.log_command:Invoked command in '/home/coleman/ros2_ws/build/mycobot_ros2' returned '0': CMAKE_PREFIX_PATH=/home/coleman/ros2_ws/install/mycobot_description:/home/coleman/ros2_ws/install/mycobot_ros2:/home/coleman/ros2_ws/install/mycobot_moveit_config:/home/coleman/ros2_ws/install/mycobot_gazebo:/opt/ros/humble /usr/bin/cmake --install /home/coleman/ros2_ws/build/mycobot_ros2
[3.099s] DEBUG:colcon.colcon_core.event_handler.log_command:Invoking command in '/home/coleman/ros2_ws/build/mycobot_moveit_config': CMAKE_PREFIX_PATH=/home/coleman/ros2_ws/install/mycobot_gazebo:/home/coleman/ros2_ws/install/mycobot_ros2:/home/coleman/ros2_ws/install/mycobot_moveit_config:/home/coleman/ros2_ws/install/mycobot_description:/opt/ros/humble /usr/bin/cmake --install /home/coleman/ros2_ws/build/mycobot_moveit_config
[3.177s] Level 1:colcon.colcon_core.environment:create_environment_scripts_only(mycobot_moveit_config)
[3.178s] Level 1:colcon.colcon_core.environment:checking '/home/coleman/ros2_ws/install/mycobot_moveit_config' for CMake module files
[3.199s] Level 1:colcon.colcon_core.environment:checking '/home/coleman/ros2_ws/install/mycobot_moveit_config' for CMake config files
[3.212s] DEBUG:colcon.colcon_core.event_handler.log_command:Invoked command in '/home/coleman/ros2_ws/build/mycobot_moveit_config' returned '0': CMAKE_PREFIX_PATH=/home/coleman/ros2_ws/install/mycobot_gazebo:/home/coleman/ros2_ws/install/mycobot_ros2:/home/coleman/ros2_ws/install/mycobot_moveit_config:/home/coleman/ros2_ws/install/mycobot_description:/opt/ros/humble /usr/bin/cmake --install /home/coleman/ros2_ws/build/mycobot_moveit_config
[3.220s] Level 1:colcon.colcon_core.shell:create_environment_hook('mycobot_moveit_config', 'cmake_prefix_path')
[3.222s] INFO:colcon.colcon_core.shell:Creating environment hook '/home/coleman/ros2_ws/install/mycobot_moveit_config/share/mycobot_moveit_config/hook/cmake_prefix_path.ps1'
[3.225s] INFO:colcon.colcon_core.shell:Creating environment descriptor '/home/coleman/ros2_ws/install/mycobot_moveit_config/share/mycobot_moveit_config/hook/cmake_prefix_path.dsv'
[3.226s] INFO:colcon.colcon_core.shell:Creating environment hook '/home/coleman/ros2_ws/install/mycobot_moveit_config/share/mycobot_moveit_config/hook/cmake_prefix_path.sh'
[3.228s] Level 1:colcon.colcon_core.environment:checking '/home/coleman/ros2_ws/install/mycobot_moveit_config/bin'
[3.228s] Level 1:colcon.colcon_core.environment:checking '/home/coleman/ros2_ws/install/mycobot_moveit_config/lib/pkgconfig/mycobot_moveit_config.pc'
[3.228s] Level 1:colcon.colcon_core.environment:checking '/home/coleman/ros2_ws/install/mycobot_moveit_config/lib/python3.10/site-packages'
[3.230s] Level 1:colcon.colcon_core.environment:checking '/home/coleman/ros2_ws/install/mycobot_moveit_config/bin'
[3.231s] INFO:colcon.colcon_core.shell:Creating package script '/home/coleman/ros2_ws/install/mycobot_moveit_config/share/mycobot_moveit_config/package.ps1'
[3.232s] INFO:colcon.colcon_core.shell:Creating package descriptor '/home/coleman/ros2_ws/install/mycobot_moveit_config/share/mycobot_moveit_config/package.dsv'
[3.236s] INFO:colcon.colcon_core.shell:Creating package script '/home/coleman/ros2_ws/install/mycobot_moveit_config/share/mycobot_moveit_config/package.sh'
[3.238s] INFO:colcon.colcon_core.shell:Creating package script '/home/coleman/ros2_ws/install/mycobot_moveit_config/share/mycobot_moveit_config/package.bash'
[3.242s] INFO:colcon.colcon_core.shell:Creating package script '/home/coleman/ros2_ws/install/mycobot_moveit_config/share/mycobot_moveit_config/package.zsh'
[3.246s] Level 1:colcon.colcon_core.environment:create_file_with_runtime_dependencies(/home/coleman/ros2_ws/install/mycobot_moveit_config/share/colcon-core/packages/mycobot_moveit_config)
[3.256s] Level 1:colcon.colcon_core.environment:create_environment_scripts_only(mycobot_ros2)
[3.256s] Level 1:colcon.colcon_core.environment:checking '/home/coleman/ros2_ws/install/mycobot_ros2' for CMake module files
[3.260s] Level 1:colcon.colcon_core.environment:checking '/home/coleman/ros2_ws/install/mycobot_ros2' for CMake config files
[3.260s] Level 1:colcon.colcon_core.shell:create_environment_hook('mycobot_ros2', 'cmake_prefix_path')
[3.261s] INFO:colcon.colcon_core.shell:Creating environment hook '/home/coleman/ros2_ws/install/mycobot_ros2/share/mycobot_ros2/hook/cmake_prefix_path.ps1'
[3.266s] INFO:colcon.colcon_core.shell:Creating environment descriptor '/home/coleman/ros2_ws/install/mycobot_ros2/share/mycobot_ros2/hook/cmake_prefix_path.dsv'
[3.271s] INFO:colcon.colcon_core.shell:Creating environment hook '/home/coleman/ros2_ws/install/mycobot_ros2/share/mycobot_ros2/hook/cmake_prefix_path.sh'
[3.277s] Level 1:colcon.colcon_core.environment:checking '/home/coleman/ros2_ws/install/mycobot_ros2/bin'
[3.277s] Level 1:colcon.colcon_core.environment:checking '/home/coleman/ros2_ws/install/mycobot_ros2/lib/pkgconfig/mycobot_ros2.pc'
[3.278s] Level 1:colcon.colcon_core.environment:checking '/home/coleman/ros2_ws/install/mycobot_ros2/lib/python3.10/site-packages'
[3.278s] Level 1:colcon.colcon_core.environment:checking '/home/coleman/ros2_ws/install/mycobot_ros2/bin'
[3.279s] INFO:colcon.colcon_core.shell:Creating package script '/home/coleman/ros2_ws/install/mycobot_ros2/share/mycobot_ros2/package.ps1'
[3.280s] INFO:colcon.colcon_core.shell:Creating package descriptor '/home/coleman/ros2_ws/install/mycobot_ros2/share/mycobot_ros2/package.dsv'
[3.283s] INFO:colcon.colcon_core.shell:Creating package script '/home/coleman/ros2_ws/install/mycobot_ros2/share/mycobot_ros2/package.sh'
[3.283s] INFO:colcon.colcon_core.shell:Creating package script '/home/coleman/ros2_ws/install/mycobot_ros2/share/mycobot_ros2/package.bash'
[3.284s] INFO:colcon.colcon_core.shell:Creating package script '/home/coleman/ros2_ws/install/mycobot_ros2/share/mycobot_ros2/package.zsh'
[3.287s] Level 1:colcon.colcon_core.environment:create_file_with_runtime_dependencies(/home/coleman/ros2_ws/install/mycobot_ros2/share/colcon-core/packages/mycobot_ros2)
[3.379s] Level 1:colcon.colcon_core.environment:create_environment_scripts_only(mycobot_moveit_config)
[3.380s] Level 1:colcon.colcon_core.environment:checking '/home/coleman/ros2_ws/install/mycobot_moveit_config' for CMake module files
[3.384s] Level 1:colcon.colcon_core.environment:checking '/home/coleman/ros2_ws/install/mycobot_moveit_config' for CMake config files
[3.385s] Level 1:colcon.colcon_core.shell:create_environment_hook('mycobot_moveit_config', 'cmake_prefix_path')
[3.386s] INFO:colcon.colcon_core.shell:Creating environment hook '/home/coleman/ros2_ws/install/mycobot_moveit_config/share/mycobot_moveit_config/hook/cmake_prefix_path.ps1'
[3.387s] INFO:colcon.colcon_core.shell:Creating environment descriptor '/home/coleman/ros2_ws/install/mycobot_moveit_config/share/mycobot_moveit_config/hook/cmake_prefix_path.dsv'
[3.387s] INFO:colcon.colcon_core.shell:Creating environment hook '/home/coleman/ros2_ws/install/mycobot_moveit_config/share/mycobot_moveit_config/hook/cmake_prefix_path.sh'
[3.391s] Level 1:colcon.colcon_core.environment:checking '/home/coleman/ros2_ws/install/mycobot_moveit_config/bin'
[3.391s] Level 1:colcon.colcon_core.environment:checking '/home/coleman/ros2_ws/install/mycobot_moveit_config/lib/pkgconfig/mycobot_moveit_config.pc'
[3.392s] Level 1:colcon.colcon_core.environment:checking '/home/coleman/ros2_ws/install/mycobot_moveit_config/lib/python3.10/site-packages'
[3.394s] Level 1:colcon.colcon_core.environment:checking '/home/coleman/ros2_ws/install/mycobot_moveit_config/bin'
[3.394s] INFO:colcon.colcon_core.shell:Creating package script '/home/coleman/ros2_ws/install/mycobot_moveit_config/share/mycobot_moveit_config/package.ps1'
[3.395s] INFO:colcon.colcon_core.shell:Creating package descriptor '/home/coleman/ros2_ws/install/mycobot_moveit_config/share/mycobot_moveit_config/package.dsv'
[3.399s] INFO:colcon.colcon_core.shell:Creating package script '/home/coleman/ros2_ws/install/mycobot_moveit_config/share/mycobot_moveit_config/package.sh'
[3.399s] INFO:colcon.colcon_core.shell:Creating package script '/home/coleman/ros2_ws/install/mycobot_moveit_config/share/mycobot_moveit_config/package.bash'
[3.401s] INFO:colcon.colcon_core.shell:Creating package script '/home/coleman/ros2_ws/install/mycobot_moveit_config/share/mycobot_moveit_config/package.zsh'
[3.406s] Level 1:colcon.colcon_core.environment:create_file_with_runtime_dependencies(/home/coleman/ros2_ws/install/mycobot_moveit_config/share/colcon-core/packages/mycobot_moveit_config)
[3.410s] DEBUG:colcon.colcon_parallel_executor.executor.parallel:closing loop
[3.415s] DEBUG:colcon.colcon_parallel_executor.executor.parallel:loop closed
[3.416s] DEBUG:colcon.colcon_parallel_executor.executor.parallel:run_until_complete finished with '0'
[3.416s] DEBUG:colcon.colcon_core.event_reactor:joining thread
[3.435s] INFO:colcon.colcon_core.plugin_system:Skipping extension 'colcon_notification.desktop_notification.terminal_notifier': Not used on non-Darwin systems
[3.436s] INFO:colcon.colcon_core.plugin_system:Skipping extension 'colcon_notification.desktop_notification.win32': Not used on non-Windows systems
[3.436s] INFO:colcon.colcon_notification.desktop_notification:Sending desktop notification using 'notify2'
[3.579s] DEBUG:colcon.colcon_core.event_reactor:joined thread
[3.580s] INFO:colcon.colcon_core.shell:Creating prefix script '/home/coleman/ros2_ws/install/local_setup.ps1'
[3.584s] INFO:colcon.colcon_core.shell:Creating prefix util module '/home/coleman/ros2_ws/install/_local_setup_util_ps1.py'
[3.590s] INFO:colcon.colcon_core.shell:Creating prefix chain script '/home/coleman/ros2_ws/install/setup.ps1'
[3.593s] INFO:colcon.colcon_core.shell:Creating prefix script '/home/coleman/ros2_ws/install/local_setup.sh'
[3.596s] INFO:colcon.colcon_core.shell:Creating prefix util module '/home/coleman/ros2_ws/install/_local_setup_util_sh.py'
[3.597s] INFO:colcon.colcon_core.shell:Creating prefix chain script '/home/coleman/ros2_ws/install/setup.sh'
[3.599s] INFO:colcon.colcon_core.shell:Creating prefix script '/home/coleman/ros2_ws/install/local_setup.bash'
[3.602s] INFO:colcon.colcon_core.shell:Creating prefix chain script '/home/coleman/ros2_ws/install/setup.bash'
[3.605s] INFO:colcon.colcon_core.shell:Creating prefix script '/home/coleman/ros2_ws/install/local_setup.zsh'
[3.608s] INFO:colcon.colcon_core.shell:Creating prefix chain script '/home/coleman/ros2_ws/install/setup.zsh'
