[0.039s] Invoking command in '/home/jelly/ros2_ws/build/FMT': /usr/bin/cmake --build /home/jelly/ros2_ws/build/FMT -- -j4 -l4
[0.172s] [  4%] Built target fmt
[0.174s] [  7%] Built target gtest
[0.247s] [ 12%] Built target test-main
[0.252s] [ 22%] Built target format-impl-test
[0.260s] [ 30%] Built target compile-fp-test
[0.268s] [ 39%] Built target scan-test
[0.311s] [ 42%] Built target xchar-test
[0.354s] [ 50%] Built target posix-mock-test
[0.354s] [ 59%] Built target unicode-test
[0.387s] [ 61%] Built target enforce-checks-test
[0.427s] [ 66%] Built target args-test
[0.428s] [ 67%] Built target os-test
[0.483s] [ 70%] Built target assert-test
[0.485s] [ 73%] Built target base-test
[0.562s] [ 76%] Built target color-test
[0.562s] [ 78%] Built target chrono-test
[0.591s] [ 81%] Built target gtest-extra-test
[0.604s] [ 84%] Built target format-test
[0.654s] [ 87%] Built target ostream-test
[0.665s] [ 90%] Built target compile-test
[0.679s] [ 94%] Built target ranges-test
[0.683s] [ 97%] Built target printf-test
[0.719s] [100%] Built target std-test
[0.747s] Invoked command in '/home/jelly/ros2_ws/build/FMT' returned '0': /usr/bin/cmake --build /home/jelly/ros2_ws/build/FMT -- -j4 -l4
[1.153s] Invoking command in '/home/jelly/ros2_ws/build/FMT': /usr/bin/cmake --install /home/jelly/ros2_ws/build/FMT
[1.166s] -- Install configuration: "Release"
[1.167s] -- Up-to-date: /home/jelly/ros2_ws/install/FMT/lib/libfmt.a
[1.170s] -- Up-to-date: /home/jelly/ros2_ws/install/FMT/include/fmt/args.h
[1.170s] -- Up-to-date: /home/jelly/ros2_ws/install/FMT/include/fmt/base.h
[1.170s] -- Up-to-date: /home/jelly/ros2_ws/install/FMT/include/fmt/chrono.h
[1.170s] -- Up-to-date: /home/jelly/ros2_ws/install/FMT/include/fmt/color.h
[1.170s] -- Up-to-date: /home/jelly/ros2_ws/install/FMT/include/fmt/compile.h
[1.171s] -- Up-to-date: /home/jelly/ros2_ws/install/FMT/include/fmt/core.h
[1.171s] -- Up-to-date: /home/jelly/ros2_ws/install/FMT/include/fmt/format.h
[1.171s] -- Up-to-date: /home/jelly/ros2_ws/install/FMT/include/fmt/format-inl.h
[1.171s] -- Up-to-date: /home/jelly/ros2_ws/install/FMT/include/fmt/os.h
[1.171s] -- Up-to-date: /home/jelly/ros2_ws/install/FMT/include/fmt/ostream.h
[1.171s] -- Up-to-date: /home/jelly/ros2_ws/install/FMT/include/fmt/printf.h
[1.171s] -- Up-to-date: /home/jelly/ros2_ws/install/FMT/include/fmt/ranges.h
[1.171s] -- Up-to-date: /home/jelly/ros2_ws/install/FMT/include/fmt/std.h
[1.172s] -- Up-to-date: /home/jelly/ros2_ws/install/FMT/include/fmt/xchar.h
[1.172s] -- Up-to-date: /home/jelly/ros2_ws/install/FMT/lib/cmake/fmt/fmt-config.cmake
[1.172s] -- Up-to-date: /home/jelly/ros2_ws/install/FMT/lib/cmake/fmt/fmt-config-version.cmake
[1.180s] -- Up-to-date: /home/jelly/ros2_ws/install/FMT/lib/cmake/fmt/fmt-targets.cmake
[1.181s] -- Up-to-date: /home/jelly/ros2_ws/install/FMT/lib/cmake/fmt/fmt-targets-release.cmake
[1.181s] -- Up-to-date: /home/jelly/ros2_ws/install/FMT/lib/pkgconfig/fmt.pc
[1.188s] Invoked command in '/home/jelly/ros2_ws/build/FMT' returned '0': /usr/bin/cmake --install /home/jelly/ros2_ws/build/FMT
