gmake[2]: *** Deleting file 'rosidl_typesupport_fastrtps_c/mypalletizer_interfaces/msg/detail/mypal_angles__rosidl_typesupport_fastrtps_c.h'
gmake[2]: *** Deleting file 'rosidl_typesupport_introspection_cpp/mypalletizer_interfaces/srv/detail/gripper_status__rosidl_typesupport_introspection_cpp.hpp'
gmake[2]: *** [CMakeFiles/mypalletizer_interfaces__rosidl_typesupport_introspection_cpp.dir/build.make:155: rosidl_typesupport_introspection_cpp/mypalletizer_interfaces/srv/detail/gripper_status__rosidl_typesupport_introspection_cpp.hpp] Interrupt
gmake[1]: *** [CMakeFiles/Makefile2:368: CMakeFiles/mypalletizer_interfaces__rosidl_typesupport_introspection_cpp.dir/all] Interrupt
gmake[2]: *** Deleting file 'rosidl_typesupport_fastrtps_cpp/mypalletizer_interfaces/msg/detail/dds_fastrtps/mypal_angles__type_support.cpp'
gmake[2]: *** [CMakeFiles/mypalletizer_interfaces__rosidl_typesupport_fastrtps_cpp.dir/build.make:125: rosidl_typesupport_fastrtps_cpp/mypalletizer_interfaces/msg/detail/dds_fastrtps/mypal_angles__type_support.cpp] Interrupt
gmake[2]: *** [CMakeFiles/mypalletizer_interfaces__rosidl_typesupport_cpp.dir/build.make:176: CMakeFiles/mypalletizer_interfaces__rosidl_typesupport_cpp.dir/rosidl_typesupport_cpp/mypalletizer_interfaces/msg/mypal_coords__type_support.cpp.o] Interrupt
gmake[1]: *** [CMakeFiles/Makefile2:342: CMakeFiles/mypalletizer_interfaces__rosidl_typesupport_fastrtps_cpp.dir/all] Interrupt
gmake[1]: *** [CMakeFiles/Makefile2:395: CMakeFiles/mypalletizer_interfaces__rosidl_typesupport_cpp.dir/all] Interrupt
Traceback (most recent call last):
  File "/opt/ros/humble/lib/rosidl_typesupport_fastrtps_c/rosidl_typesupport_fastrtps_c", line 33, in <module>
    sys.exit(main())
  File "/opt/ros/humble/lib/rosidl_typesupport_fastrtps_c/rosidl_typesupport_fastrtps_c", line 29, in main
    generate_typesupport_fastrtps_c(args.generator_arguments_file)
  File "/opt/ros/humble/local/lib/python3.10/dist-packages/rosidl_typesupport_fastrtps_c/__init__.py", line 24, in generate_typesupport_fastrtps_c
    return generate_files(generator_arguments_file, mapping)
  File "/opt/ros/humble/local/lib/python3.10/dist-packages/rosidl_cmake/__init__.py", line 87, in generate_files
    expand_template(
  File "/opt/ros/humble/local/lib/python3.10/dist-packages/rosidl_cmake/__init__.py", line 149, in expand_template
    interpreter.string(template_content, template_path, locals=data)
  File "/usr/lib/python3/dist-packages/em.py", line 2391, in string
    self.safe(scanner, True, locals)
  File "/usr/lib/python3/dist-packages/em.py", line 2401, in safe
    self.parse(scanner, locals)
  File "/usr/lib/python3/dist-packages/em.py", line 2417, in parse
    token = scanner.one()
  File "/usr/lib/python3/dist-packages/em.py", line 1984, in one
    token.scan(self)
  File "/usr/lib/python3/dist-packages/em.py", line 1468, in scan
    self.subscan(scanner, self.type)
  File "/usr/lib/python3/dist-packages/em.py", line 1483, in subscan
    token = scanner.one()
  File "/usr/lib/python3/dist-packages/em.py", line 1984, in one
    token.scan(self)
  File "/usr/lib/python3/dist-packages/em.py", line 1421, in scan
    i = scanner.complex('{', '}', 0)
  File "/usr/lib/python3/dist-packages/em.py", line 1893, in complex
    newQuote = self.check(i, quote)
  File "/usr/lib/python3/dist-packages/em.py", line 1762, in check
    def check(self, i, archetype=None):
KeyboardInterrupt
Exception ignored in: <function Interpreter.__del__ at 0x782e6020a170>
Traceback (most recent call last):
  File "/usr/lib/python3/dist-packages/em.py", line 2094, in __del__
  File "/usr/lib/python3/dist-packages/em.py", line 2157, in shutdown
  File "/usr/lib/python3/dist-packages/em.py", line 2647, in finalize
  File "/usr/lib/python3/dist-packages/em.py", line 2200, in push
AttributeError: '_io.TextIOWrapper' object has no attribute 'push'
gmake[2]: *** [CMakeFiles/mypalletizer_interfaces__rosidl_typesupport_fastrtps_c.dir/build.make:125: rosidl_typesupport_fastrtps_c/mypalletizer_interfaces/msg/detail/mypal_angles__rosidl_typesupport_fastrtps_c.h] Interrupt
gmake[1]: *** [CMakeFiles/Makefile2:238: CMakeFiles/mypalletizer_interfaces__rosidl_typesupport_fastrtps_c.dir/all] Interrupt
gmake: *** [Makefile:146: all] Interrupt
