[1.013s] Invoking command in '/home/jelly/ros2_ws/src/mycobot_280': AMENT_PREFIX_PATH=/home/jelly/ros2_ws/install/mycobot_description:${AMENT_PREFIX_PATH} CMAKE_PREFIX_PATH=/home/jelly/ros2_ws/install/mycobot_description PYTHONPATH=/home/jelly/ros2_ws/build/mycobot_280/prefix_override:/usr/lib/python3/dist-packages/colcon_core/task/python/colcon_distutils_commands:/home/jelly/ros2_ws/install/mycobot_280/lib/python3.10/site-packages:${PYTHONPATH} /usr/bin/python3 -W ignore:setup.py install is deprecated setup.py egg_info --egg-base ../../build/mycobot_280 build --build-base /home/jelly/ros2_ws/build/mycobot_280/build install --record /home/jelly/ros2_ws/build/mycobot_280/install.log --single-version-externally-managed install_data
[1.381s] running egg_info
[1.382s] writing ../../build/mycobot_280/mycobot_280.egg-info/PKG-INFO
[1.383s] writing dependency_links to ../../build/mycobot_280/mycobot_280.egg-info/dependency_links.txt
[1.383s] writing entry points to ../../build/mycobot_280/mycobot_280.egg-info/entry_points.txt
[1.384s] writing requirements to ../../build/mycobot_280/mycobot_280.egg-info/requires.txt
[1.384s] writing top-level names to ../../build/mycobot_280/mycobot_280.egg-info/top_level.txt
[1.387s] reading manifest file '../../build/mycobot_280/mycobot_280.egg-info/SOURCES.txt'
[1.387s] adding license file 'LICENSE'
[1.388s] writing manifest file '../../build/mycobot_280/mycobot_280.egg-info/SOURCES.txt'
[1.389s] running build
[1.389s] running build_py
[1.389s] copying mycobot_280/slider_control.py -> /home/jelly/ros2_ws/build/mycobot_280/build/lib/mycobot_280
[1.390s] running install
[1.391s] running install_lib
[1.392s] copying /home/jelly/ros2_ws/build/mycobot_280/build/lib/mycobot_280/slider_control.py -> /home/jelly/ros2_ws/install/mycobot_280/lib/python3.10/site-packages/mycobot_280
[1.393s] byte-compiling /home/jelly/ros2_ws/install/mycobot_280/lib/python3.10/site-packages/mycobot_280/slider_control.py to slider_control.cpython-310.pyc
[1.395s] running install_data
[1.396s] running install_egg_info
[1.399s] removing '/home/jelly/ros2_ws/install/mycobot_280/lib/python3.10/site-packages/mycobot_280-0.0.0-py3.10.egg-info' (and everything under it)
[1.405s] Copying ../../build/mycobot_280/mycobot_280.egg-info to /home/jelly/ros2_ws/install/mycobot_280/lib/python3.10/site-packages/mycobot_280-0.0.0-py3.10.egg-info
[1.407s] running install_scripts
[1.435s] Installing camera_display script to /home/jelly/ros2_ws/install/mycobot_280/lib/mycobot_280
[1.436s] Installing detect_marker script to /home/jelly/ros2_ws/install/mycobot_280/lib/mycobot_280
[1.436s] Installing follow_display script to /home/jelly/ros2_ws/install/mycobot_280/lib/mycobot_280
[1.436s] Installing following_marker script to /home/jelly/ros2_ws/install/mycobot_280/lib/mycobot_280
[1.436s] Installing listen_real script to /home/jelly/ros2_ws/install/mycobot_280/lib/mycobot_280
[1.437s] Installing listen_real_of_topic script to /home/jelly/ros2_ws/install/mycobot_280/lib/mycobot_280
[1.438s] Installing opencv_camera script to /home/jelly/ros2_ws/install/mycobot_280/lib/mycobot_280
[1.438s] Installing simple_gui script to /home/jelly/ros2_ws/install/mycobot_280/lib/mycobot_280
[1.438s] Installing slider_control script to /home/jelly/ros2_ws/install/mycobot_280/lib/mycobot_280
[1.439s] Installing teleop_keyboard script to /home/jelly/ros2_ws/install/mycobot_280/lib/mycobot_280
[1.439s] writing list of installed files to '/home/jelly/ros2_ws/build/mycobot_280/install.log'
[1.478s] Invoked command in '/home/jelly/ros2_ws/src/mycobot_280' returned '0': AMENT_PREFIX_PATH=/home/jelly/ros2_ws/install/mycobot_description:${AMENT_PREFIX_PATH} CMAKE_PREFIX_PATH=/home/jelly/ros2_ws/install/mycobot_description PYTHONPATH=/home/jelly/ros2_ws/build/mycobot_280/prefix_override:/usr/lib/python3/dist-packages/colcon_core/task/python/colcon_distutils_commands:/home/jelly/ros2_ws/install/mycobot_280/lib/python3.10/site-packages:${PYTHONPATH} /usr/bin/python3 -W ignore:setup.py install is deprecated setup.py egg_info --egg-base ../../build/mycobot_280 build --build-base /home/jelly/ros2_ws/build/mycobot_280/build install --record /home/jelly/ros2_ws/build/mycobot_280/install.log --single-version-externally-managed install_data
