[0.053s] Invoking command in '/home/jelly/ros2_ws/build/moveit2_scripts': CMAKE_PREFIX_PATH=${CMAKE_PREFIX_PATH}:/home/jelly/ros2_ws/install/mycobot_280:/opt/ros/humble /usr/bin/cmake --build /home/jelly/ros2_ws/build/moveit2_scripts -- -j4 -l4
[0.266s] [ 25%] Built target test_trajectory2
[0.272s] [ 50%] Built target test_trajectory3
[0.272s] [ 75%] Built target test_trajectory
[0.308s] [100%] Built target cartesian_path
[0.480s] Invoked command in '/home/jelly/ros2_ws/build/moveit2_scripts' returned '0': CMAKE_PREFIX_PATH=${CMAKE_PREFIX_PATH}:/home/jelly/ros2_ws/install/mycobot_280:/opt/ros/humble /usr/bin/cmake --build /home/jelly/ros2_ws/build/moveit2_scripts -- -j4 -l4
[0.631s] Invoking command in '/home/jelly/ros2_ws/build/moveit2_scripts': CMAKE_PREFIX_PATH=${CMAKE_PREFIX_PATH}:/home/jelly/ros2_ws/install/mycobot_280:/opt/ros/humble /usr/bin/cmake --install /home/jelly/ros2_ws/build/moveit2_scripts
[0.651s] -- Install configuration: ""
[0.651s] -- Execute custom install script
[0.652s] -- Up-to-date symlink: /home/jelly/ros2_ws/install/moveit2_scripts/share/ament_index/resource_index/package_run_dependencies/moveit2_scripts
[0.652s] -- Up-to-date symlink: /home/jelly/ros2_ws/install/moveit2_scripts/share/ament_index/resource_index/parent_prefix_path/moveit2_scripts
[0.652s] -- Up-to-date symlink: /home/jelly/ros2_ws/install/moveit2_scripts/share/moveit2_scripts/environment/ament_prefix_path.sh
[0.652s] -- Up-to-date symlink: /home/jelly/ros2_ws/install/moveit2_scripts/share/moveit2_scripts/environment/ament_prefix_path.dsv
[0.653s] -- Up-to-date symlink: /home/jelly/ros2_ws/install/moveit2_scripts/share/moveit2_scripts/environment/path.sh
[0.653s] -- Up-to-date symlink: /home/jelly/ros2_ws/install/moveit2_scripts/share/moveit2_scripts/environment/path.dsv
[0.654s] -- Up-to-date symlink: /home/jelly/ros2_ws/install/moveit2_scripts/share/moveit2_scripts/local_setup.bash
[0.654s] -- Up-to-date symlink: /home/jelly/ros2_ws/install/moveit2_scripts/share/moveit2_scripts/local_setup.sh
[0.654s] -- Up-to-date symlink: /home/jelly/ros2_ws/install/moveit2_scripts/share/moveit2_scripts/local_setup.zsh
[0.655s] -- Up-to-date symlink: /home/jelly/ros2_ws/install/moveit2_scripts/share/moveit2_scripts/local_setup.dsv
[0.655s] -- Symlinking: /home/jelly/ros2_ws/install/moveit2_scripts/share/moveit2_scripts/package.dsv
[0.683s] -- Up-to-date symlink: /home/jelly/ros2_ws/install/moveit2_scripts/share/ament_index/resource_index/packages/moveit2_scripts
[0.683s] -- Up-to-date symlink: /home/jelly/ros2_ws/install/moveit2_scripts/share/moveit2_scripts/cmake/moveit2_scriptsConfig.cmake
[0.683s] -- Up-to-date symlink: /home/jelly/ros2_ws/install/moveit2_scripts/share/moveit2_scripts/cmake/moveit2_scriptsConfig-version.cmake
[0.684s] -- Up-to-date symlink: /home/jelly/ros2_ws/install/moveit2_scripts/share/moveit2_scripts/package.xml
[0.684s] -- Up-to-date symlink: /home/jelly/ros2_ws/install/moveit2_scripts/lib/moveit2_scripts/test_trajectory
[0.685s] -- Up-to-date symlink: /home/jelly/ros2_ws/install/moveit2_scripts/share/moveit2_scripts/launch/cartesian_path.launch.py
[0.686s] -- Up-to-date symlink: /home/jelly/ros2_ws/install/moveit2_scripts/share/moveit2_scripts/launch/test_trajectory.launch.py
[0.687s] -- Up-to-date symlink: /home/jelly/ros2_ws/install/moveit2_scripts/share/moveit2_scripts/launch/test_trajectory2.launch.py
[0.687s] -- Up-to-date symlink: /home/jelly/ros2_ws/install/moveit2_scripts/share/moveit2_scripts/launch/test_trajectory3.launch.py
[0.688s] -- Up-to-date symlink: /home/jelly/ros2_ws/install/moveit2_scripts/lib/moveit2_scripts/test_trajectory
[0.688s] -- Up-to-date symlink: /home/jelly/ros2_ws/install/moveit2_scripts/lib/moveit2_scripts/test_trajectory2
[0.688s] -- Up-to-date symlink: /home/jelly/ros2_ws/install/moveit2_scripts/lib/moveit2_scripts/test_trajectory
[0.689s] -- Up-to-date symlink: /home/jelly/ros2_ws/install/moveit2_scripts/lib/moveit2_scripts/test_trajectory3
[0.689s] -- Up-to-date symlink: /home/jelly/ros2_ws/install/moveit2_scripts/lib/moveit2_scripts/cartesian_path
[0.694s] Invoked command in '/home/jelly/ros2_ws/build/moveit2_scripts' returned '0': CMAKE_PREFIX_PATH=${CMAKE_PREFIX_PATH}:/home/jelly/ros2_ws/install/mycobot_280:/opt/ros/humble /usr/bin/cmake --install /home/jelly/ros2_ws/build/moveit2_scripts
