[0.046s] Invoking command in '/home/coleman/ros2_ws/build/mycobot_gazebo': CMAKE_PREFIX_PATH=${CMAKE_PREFIX_PATH}:/opt/ros/humble /usr/bin/cmake --build /home/coleman/ros2_ws/build/mycobot_gazebo -- -j16 -l16
[0.106s] -- Found ament_cmake: 1.3.9 (/opt/ros/humble/share/ament_cmake/cmake)
[0.421s] -- Found rclcpp: 16.0.9 (/opt/ros/humble/share/rclcpp/cmake)
[0.487s] -- Found rosidl_generator_c: 3.1.5 (/opt/ros/humble/share/rosidl_generator_c/cmake)
[0.494s] -- Found rosidl_adapter: 3.1.5 (/opt/ros/humble/share/rosidl_adapter/cmake)
[0.506s] -- Found rosidl_generator_cpp: 3.1.5 (/opt/ros/humble/share/rosidl_generator_cpp/cmake)
[0.532s] -- Using all available rosidl_typesupport_c: rosidl_typesupport_fastrtps_c;rosidl_typesupport_introspection_c
[0.577s] -- Using all available rosidl_typesupport_cpp: rosidl_typesupport_fastrtps_cpp;rosidl_typesupport_introspection_cpp
[0.765s] -- Found rmw_implementation_cmake: 6.1.2 (/opt/ros/humble/share/rmw_implementation_cmake/cmake)
[0.767s] -- Found rmw_fastrtps_cpp: 6.2.6 (/opt/ros/humble/share/rmw_fastrtps_cpp/cmake)
[1.009s] -- Using RMW implementation 'rmw_fastrtps_cpp' as default
[1.313s] -- Found xacro: 2.0.8 (/opt/ros/humble/share/xacro/cmake)
[1.314s] -- Found trajectory_msgs: 4.2.4 (/opt/ros/humble/share/trajectory_msgs/cmake)
[1.568s] -- Found ros_gz: 0.244.14 (/opt/ros/humble/share/ros_gz/cmake)
[1.568s] -- Found ros_gz_bridge: 0.244.14 (/opt/ros/humble/share/ros_gz_bridge/cmake)
[1.720s] [31mCMake Error at /usr/share/cmake-3.22/Modules/CMakeFindDependencyMacro.cmake:47 (find_package):
[1.720s]   By not providing "Findignition-cmake2.cmake" in CMAKE_MODULE_PATH this
[1.720s]   project has asked CMake to find a package configuration file provided by
[1.720s]   "ignition-cmake2", but CMake did not find one.
[1.721s] 
[1.721s]   Could not find a package configuration file provided by "ignition-cmake2"
[1.721s]   with any of the following names:
[1.721s] 
[1.721s]     ignition-cmake2Config.cmake
[1.721s]     ignition-cmake2-config.cmake
[1.722s] 
[1.722s]   Add the installation prefix of "ignition-cmake2" to CMAKE_PREFIX_PATH or
[1.722s]   set "ignition-cmake2_DIR" to a directory containing one of the above files.
[1.722s]   If "ignition-cmake2" provides a separate development package or SDK, be
[1.722s]   sure it has been installed.
[1.723s] Call Stack (most recent call first):
[1.723s]   /usr/lib/x86_64-linux-gnu/cmake/ignition-msgs8/ignition-msgs8-config.cmake:63 (find_dependency)
[1.723s]   /opt/ros/humble/share/ros_gz_bridge/cmake/ament_cmake_export_dependencies-extras.cmake:21 (find_package)
[1.723s]   /opt/ros/humble/share/ros_gz_bridge/cmake/ros_gz_bridgeConfig.cmake:41 (include)
[1.723s]   CMakeLists.txt:15 (find_package)
[1.723s] 
[1.724s] [0m
[1.724s] -- Configuring incomplete, errors occurred!
[1.724s] See also "/home/coleman/ros2_ws/build/mycobot_gazebo/CMakeFiles/CMakeOutput.log".
[1.733s] gmake: *** [Makefile:226: cmake_check_build_system] Error 1
[1.741s] Invoked command in '/home/coleman/ros2_ws/build/mycobot_gazebo' returned '2': CMAKE_PREFIX_PATH=${CMAKE_PREFIX_PATH}:/opt/ros/humble /usr/bin/cmake --build /home/coleman/ros2_ws/build/mycobot_gazebo -- -j16 -l16
