[0.052s] Invoking command in '/home/jelly/ros2_ws/build/FMT': /usr/bin/cmake --build /home/jelly/ros2_ws/build/FMT -- -j4 -l4
[0.183s] [  4%] Built target fmt
[0.199s] [  7%] Built target gtest
[0.322s] [ 12%] Built target test-main
[0.358s] [ 22%] Built target format-impl-test
[0.379s] [ 30%] Built target compile-fp-test
[0.398s] [ 39%] Built target scan-test
[0.431s] [ 42%] Built target xchar-test
[0.469s] [ 50%] Built target unicode-test
[0.481s] [ 53%] Built target enforce-checks-test
[0.495s] [ 56%] Built target os-test
[0.524s] [ 64%] Built target posix-mock-test
[0.563s] [ 67%] Built target base-test
[0.576s] [ 70%] Built target args-test
[0.578s] [ 73%] Built target assert-test
[0.612s] [ 76%] Built target chrono-test
[0.656s] [ 78%] Built target color-test
[0.679s] [ 81%] Built target gtest-extra-test
[0.712s] [ 84%] Built target format-test
[0.761s] [ 87%] Built target ostream-test
[0.762s] [ 90%] Built target compile-test
[0.771s] [ 92%] Built target printf-test
[0.798s] [ 97%] Built target ranges-test
[0.842s] [100%] Built target std-test
[0.873s] Invoked command in '/home/jelly/ros2_ws/build/FMT' returned '0': /usr/bin/cmake --build /home/jelly/ros2_ws/build/FMT -- -j4 -l4
[1.046s] Invoking command in '/home/jelly/ros2_ws/build/FMT': /usr/bin/cmake --install /home/jelly/ros2_ws/build/FMT
[1.067s] -- Install configuration: "Release"
[1.067s] -- Up-to-date: /home/jelly/ros2_ws/install/FMT/lib/libfmt.a
[1.068s] -- Up-to-date: /home/jelly/ros2_ws/install/FMT/include/fmt/args.h
[1.068s] -- Up-to-date: /home/jelly/ros2_ws/install/FMT/include/fmt/base.h
[1.068s] -- Up-to-date: /home/jelly/ros2_ws/install/FMT/include/fmt/chrono.h
[1.068s] -- Up-to-date: /home/jelly/ros2_ws/install/FMT/include/fmt/color.h
[1.069s] -- Up-to-date: /home/jelly/ros2_ws/install/FMT/include/fmt/compile.h
[1.069s] -- Up-to-date: /home/jelly/ros2_ws/install/FMT/include/fmt/core.h
[1.069s] -- Up-to-date: /home/jelly/ros2_ws/install/FMT/include/fmt/format.h
[1.069s] -- Up-to-date: /home/jelly/ros2_ws/install/FMT/include/fmt/format-inl.h
[1.069s] -- Up-to-date: /home/jelly/ros2_ws/install/FMT/include/fmt/os.h
[1.070s] -- Up-to-date: /home/jelly/ros2_ws/install/FMT/include/fmt/ostream.h
[1.070s] -- Up-to-date: /home/jelly/ros2_ws/install/FMT/include/fmt/printf.h
[1.071s] -- Up-to-date: /home/jelly/ros2_ws/install/FMT/include/fmt/ranges.h
[1.071s] -- Up-to-date: /home/jelly/ros2_ws/install/FMT/include/fmt/std.h
[1.071s] -- Up-to-date: /home/jelly/ros2_ws/install/FMT/include/fmt/xchar.h
[1.072s] -- Up-to-date: /home/jelly/ros2_ws/install/FMT/lib/cmake/fmt/fmt-config.cmake
[1.072s] -- Up-to-date: /home/jelly/ros2_ws/install/FMT/lib/cmake/fmt/fmt-config-version.cmake
[1.072s] -- Up-to-date: /home/jelly/ros2_ws/install/FMT/lib/cmake/fmt/fmt-targets.cmake
[1.073s] -- Up-to-date: /home/jelly/ros2_ws/install/FMT/lib/cmake/fmt/fmt-targets-release.cmake
[1.073s] -- Up-to-date: /home/jelly/ros2_ws/install/FMT/lib/pkgconfig/fmt.pc
[1.079s] Invoked command in '/home/jelly/ros2_ws/build/FMT' returned '0': /usr/bin/cmake --install /home/jelly/ros2_ws/build/FMT
