[0.040s] Invoking command in '/home/jelly/ros2_ws/build/serial': CMAKE_PREFIX_PATH=${CMAKE_PREFIX_PATH}:/home/jelly/ros2_ws/install/mycobot_280:/home/jelly/ros2_ws/install/mecharm_pi:/home/jelly/ros2_ws/install/mecharm:/home/jelly/ros2_ws/install/mycobot_controller:/home/jelly/ros2_ws/install/mycobot_communication:/home/jelly/ros2_ws/install/mecharm_communication:/opt/ros/humble /usr/bin/cmake --build /home/jelly/ros2_ws/build/serial -- -j4 -l4
[0.123s] [100%] Built target serial
[0.154s] Invoked command in '/home/jelly/ros2_ws/build/serial' returned '0': CMAKE_PREFIX_PATH=${CMAKE_PREFIX_PATH}:/home/jelly/ros2_ws/install/mycobot_280:/home/jelly/ros2_ws/install/mecharm_pi:/home/jelly/ros2_ws/install/mecharm:/home/jelly/ros2_ws/install/mycobot_controller:/home/jelly/ros2_ws/install/mycobot_communication:/home/jelly/ros2_ws/install/mecharm_communication:/opt/ros/humble /usr/bin/cmake --build /home/jelly/ros2_ws/build/serial -- -j4 -l4
[0.266s] Invoking command in '/home/jelly/ros2_ws/build/serial': CMAKE_PREFIX_PATH=${CMAKE_PREFIX_PATH}:/home/jelly/ros2_ws/install/mycobot_280:/home/jelly/ros2_ws/install/mecharm_pi:/home/jelly/ros2_ws/install/mecharm:/home/jelly/ros2_ws/install/mycobot_controller:/home/jelly/ros2_ws/install/mycobot_communication:/home/jelly/ros2_ws/install/mecharm_communication:/opt/ros/humble /usr/bin/cmake --install /home/jelly/ros2_ws/build/serial
[0.278s] -- Install configuration: ""
[0.279s] -- Up-to-date: /home/jelly/ros2_ws/install/serial/lib/libserial.a
[0.282s] -- Up-to-date: /home/jelly/ros2_ws/install/serial/include
[0.284s] -- Up-to-date: /home/jelly/ros2_ws/install/serial/include/serial
[0.286s] -- Up-to-date: /home/jelly/ros2_ws/install/serial/include/serial/impl
[0.289s] -- Up-to-date: /home/jelly/ros2_ws/install/serial/include/serial/impl/win.h
[0.291s] -- Up-to-date: /home/jelly/ros2_ws/install/serial/include/serial/impl/unix.h
[0.292s] -- Up-to-date: /home/jelly/ros2_ws/install/serial/include/serial/v8stdint.h
[0.294s] -- Up-to-date: /home/jelly/ros2_ws/install/serial/include/serial/serial.h
[0.295s] -- Up-to-date: /home/jelly/ros2_ws/install/serial/share/serial/environment/library_path.sh
[0.296s] -- Up-to-date: /home/jelly/ros2_ws/install/serial/share/serial/environment/library_path.dsv
[0.296s] -- Up-to-date: /home/jelly/ros2_ws/install/serial/share/ament_index/resource_index/package_run_dependencies/serial
[0.297s] -- Up-to-date: /home/jelly/ros2_ws/install/serial/share/ament_index/resource_index/parent_prefix_path/serial
[0.298s] -- Up-to-date: /home/jelly/ros2_ws/install/serial/share/serial/environment/ament_prefix_path.sh
[0.298s] -- Up-to-date: /home/jelly/ros2_ws/install/serial/share/serial/environment/ament_prefix_path.dsv
[0.299s] -- Up-to-date: /home/jelly/ros2_ws/install/serial/share/serial/environment/path.sh
[0.300s] -- Up-to-date: /home/jelly/ros2_ws/install/serial/share/serial/environment/path.dsv
[0.301s] -- Up-to-date: /home/jelly/ros2_ws/install/serial/share/serial/local_setup.bash
[0.301s] -- Up-to-date: /home/jelly/ros2_ws/install/serial/share/serial/local_setup.sh
[0.306s] -- Up-to-date: /home/jelly/ros2_ws/install/serial/share/serial/local_setup.zsh
[0.307s] -- Up-to-date: /home/jelly/ros2_ws/install/serial/share/serial/local_setup.dsv
[0.308s] -- Installing: /home/jelly/ros2_ws/install/serial/share/serial/package.dsv
[0.308s] -- Up-to-date: /home/jelly/ros2_ws/install/serial/share/ament_index/resource_index/packages/serial
[0.309s] -- Up-to-date: /home/jelly/ros2_ws/install/serial/share/serial/cmake/export_serialExport.cmake
[0.309s] -- Up-to-date: /home/jelly/ros2_ws/install/serial/share/serial/cmake/export_serialExport-noconfig.cmake
[0.310s] -- Up-to-date: /home/jelly/ros2_ws/install/serial/share/serial/cmake/ament_cmake_export_include_directories-extras.cmake
[0.312s] -- Up-to-date: /home/jelly/ros2_ws/install/serial/share/serial/cmake/ament_cmake_export_libraries-extras.cmake
[0.312s] -- Up-to-date: /home/jelly/ros2_ws/install/serial/share/serial/cmake/ament_cmake_export_targets-extras.cmake
[0.313s] -- Up-to-date: /home/jelly/ros2_ws/install/serial/share/serial/cmake/serialConfig.cmake
[0.313s] -- Up-to-date: /home/jelly/ros2_ws/install/serial/share/serial/cmake/serialConfig-version.cmake
[0.314s] -- Up-to-date: /home/jelly/ros2_ws/install/serial/share/serial/package.xml
[0.315s] Invoked command in '/home/jelly/ros2_ws/build/serial' returned '0': CMAKE_PREFIX_PATH=${CMAKE_PREFIX_PATH}:/home/jelly/ros2_ws/install/mycobot_280:/home/jelly/ros2_ws/install/mecharm_pi:/home/jelly/ros2_ws/install/mecharm:/home/jelly/ros2_ws/install/mycobot_controller:/home/jelly/ros2_ws/install/mycobot_communication:/home/jelly/ros2_ws/install/mecharm_communication:/opt/ros/humble /usr/bin/cmake --install /home/jelly/ros2_ws/build/serial
