[0.057s] Invoking command in '/home/jelly/ros2_ws/build/mycobot_description': CMAKE_PREFIX_PATH=/opt/ros/humble /usr/bin/cmake --build /home/jelly/ros2_ws/build/mycobot_description -- -j4 -l4
[0.142s] -- Found ament_cmake: 1.3.9 (/opt/ros/humble/share/ament_cmake/cmake)
[0.571s] -- Override CMake install command with custom implementation using symlinks instead of copying resources
[0.642s] -- Found ament_lint_auto: 0.12.11 (/opt/ros/humble/share/ament_lint_auto/cmake)
[0.824s] -- Added test 'lint_cmake' to check CMake code style
[0.824s] -- Added test 'xmllint' to check XML markup files
[0.830s] -- Configuring done
[0.848s] -- Generating done
[0.849s] -- Build files have been written to: /home/jelly/ros2_ws/build/mycobot_description
[0.910s] Invoked command in '/home/jelly/ros2_ws/build/mycobot_description' returned '0': CMAKE_PREFIX_PATH=/opt/ros/humble /usr/bin/cmake --build /home/jelly/ros2_ws/build/mycobot_description -- -j4 -l4
[1.057s] Invoking command in '/home/jelly/ros2_ws/build/mycobot_description': CMAKE_PREFIX_PATH=/opt/ros/humble /usr/bin/cmake --install /home/jelly/ros2_ws/build/mycobot_description
[1.097s] -- Install configuration: ""
[1.097s] -- Execute custom install script
[1.099s] -- Up-to-date symlink: /home/jelly/ros2_ws/install/mycobot_description/share/mycobot_description/meshes/mycobot_280/holder.stl
[1.099s] -- Up-to-date symlink: /home/jelly/ros2_ws/install/mycobot_description/share/mycobot_description/meshes/mycobot_280/joint1.stl
[1.100s] -- Up-to-date symlink: /home/jelly/ros2_ws/install/mycobot_description/share/mycobot_description/meshes/mycobot_280/joint2.stl
[1.101s] -- Up-to-date symlink: /home/jelly/ros2_ws/install/mycobot_description/share/mycobot_description/meshes/mycobot_280/joint3.stl
[1.102s] -- Up-to-date symlink: /home/jelly/ros2_ws/install/mycobot_description/share/mycobot_description/meshes/mycobot_280/joint4.stl
[1.103s] -- Up-to-date symlink: /home/jelly/ros2_ws/install/mycobot_description/share/mycobot_description/meshes/mycobot_280/joint5.stl
[1.104s] -- Up-to-date symlink: /home/jelly/ros2_ws/install/mycobot_description/share/mycobot_description/meshes/mycobot_280/joint6.stl
[1.105s] -- Up-to-date symlink: /home/jelly/ros2_ws/install/mycobot_description/share/mycobot_description/meshes/mycobot_280/joint7.stl
[1.105s] -- Up-to-date symlink: /home/jelly/ros2_ws/install/mycobot_description/share/mycobot_description/meshes/mycobot_280/spectrometer.stl
[1.107s] -- Up-to-date symlink: /home/jelly/ros2_ws/install/mycobot_description/share/mycobot_description/urdf/mycobot_280_urdf.xacro
[1.109s] -- Up-to-date symlink: /home/jelly/ros2_ws/install/mycobot_description/share/ament_index/resource_index/package_run_dependencies/mycobot_description
[1.110s] -- Up-to-date symlink: /home/jelly/ros2_ws/install/mycobot_description/share/ament_index/resource_index/parent_prefix_path/mycobot_description
[1.111s] -- Up-to-date symlink: /home/jelly/ros2_ws/install/mycobot_description/share/mycobot_description/environment/ament_prefix_path.sh
[1.112s] -- Up-to-date symlink: /home/jelly/ros2_ws/install/mycobot_description/share/mycobot_description/environment/ament_prefix_path.dsv
[1.113s] -- Up-to-date symlink: /home/jelly/ros2_ws/install/mycobot_description/share/mycobot_description/environment/path.sh
[1.114s] -- Up-to-date symlink: /home/jelly/ros2_ws/install/mycobot_description/share/mycobot_description/environment/path.dsv
[1.119s] -- Up-to-date symlink: /home/jelly/ros2_ws/install/mycobot_description/share/mycobot_description/local_setup.bash
[1.119s] -- Up-to-date symlink: /home/jelly/ros2_ws/install/mycobot_description/share/mycobot_description/local_setup.sh
[1.120s] -- Up-to-date symlink: /home/jelly/ros2_ws/install/mycobot_description/share/mycobot_description/local_setup.zsh
[1.122s] -- Up-to-date symlink: /home/jelly/ros2_ws/install/mycobot_description/share/mycobot_description/local_setup.dsv
[1.122s] -- Symlinking: /home/jelly/ros2_ws/install/mycobot_description/share/mycobot_description/package.dsv
[1.160s] -- Up-to-date symlink: /home/jelly/ros2_ws/install/mycobot_description/share/ament_index/resource_index/packages/mycobot_description
[1.163s] -- Up-to-date symlink: /home/jelly/ros2_ws/install/mycobot_description/share/mycobot_description/cmake/mycobot_descriptionConfig.cmake
[1.168s] -- Up-to-date symlink: /home/jelly/ros2_ws/install/mycobot_description/share/mycobot_description/cmake/mycobot_descriptionConfig-version.cmake
[1.170s] -- Up-to-date symlink: /home/jelly/ros2_ws/install/mycobot_description/share/mycobot_description/package.xml
[1.174s] Invoked command in '/home/jelly/ros2_ws/build/mycobot_description' returned '0': CMAKE_PREFIX_PATH=/opt/ros/humble /usr/bin/cmake --install /home/jelly/ros2_ws/build/mycobot_description
