[0.033s] Invoking command in '/home/jelly/ros2_ws/build/FMT': /usr/bin/cmake --build /home/jelly/ros2_ws/build/FMT -- -j4 -l4
[0.130s] [  4%] Built target fmt
[0.130s] [  7%] Built target gtest
[0.190s] [ 15%] Built target compile-fp-test
[0.218s] [ 25%] Built target format-impl-test
[0.233s] [ 33%] Built target unicode-test
[0.245s] [ 42%] Built target scan-test
[0.408s] [ 47%] Built target test-main
[0.408s] [ 56%] Built target posix-mock-test
[0.525s] [ 59%] Built target args-test
[0.526s] [ 61%] Built target assert-test
[0.526s] [ 64%] Built target base-test
[0.526s] [ 67%] Built target chrono-test
[0.526s] [ 70%] Built target color-test
[0.566s] [ 73%] Built target gtest-extra-test
[0.570s] [ 76%] Built target format-test
[0.596s] [ 78%] Built target ostream-test
[0.619s] [ 81%] Built target compile-test
[0.634s] [ 84%] Built target printf-test
[0.650s] [ 88%] Built target ranges-test
[0.698s] [ 91%] Built target enforce-checks-test
[0.698s] [ 94%] Built target std-test
[0.713s] [ 97%] Built target xchar-test
[0.735s] [100%] Built target os-test
[0.773s] Invoked command in '/home/jelly/ros2_ws/build/FMT' returned '0': /usr/bin/cmake --build /home/jelly/ros2_ws/build/FMT -- -j4 -l4
[1.315s] Invoking command in '/home/jelly/ros2_ws/build/FMT': /usr/bin/cmake --install /home/jelly/ros2_ws/build/FMT
