[0.049s] Invoking command in '/home/jelly/ros2_ws/build/serial': /usr/bin/cmake --build /home/jelly/ros2_ws/build/serial -- -j4 -l4
[0.229s] [100%] Built target serial
[0.265s] Invoked command in '/home/jelly/ros2_ws/build/serial' returned '0': /usr/bin/cmake --build /home/jelly/ros2_ws/build/serial -- -j4 -l4
[0.414s] Invoking command in '/home/jelly/ros2_ws/build/serial': /usr/bin/cmake --install /home/jelly/ros2_ws/build/serial
[0.441s] -- Install configuration: ""
[0.441s] -- Up-to-date: /home/jelly/ros2_ws/install/serial/lib/libserial.a
[0.441s] -- Up-to-date: /home/jelly/ros2_ws/install/serial/include
[0.441s] -- Up-to-date: /home/jelly/ros2_ws/install/serial/include/serial
[0.441s] -- Up-to-date: /home/jelly/ros2_ws/install/serial/include/serial/impl
[0.441s] -- Up-to-date: /home/jelly/ros2_ws/install/serial/include/serial/impl/win.h
[0.442s] -- Up-to-date: /home/jelly/ros2_ws/install/serial/include/serial/impl/unix.h
[0.442s] -- Up-to-date: /home/jelly/ros2_ws/install/serial/include/serial/v8stdint.h
[0.442s] -- Up-to-date: /home/jelly/ros2_ws/install/serial/include/serial/serial.h
[0.442s] -- Up-to-date: /home/jelly/ros2_ws/install/serial/share/serial/environment/library_path.sh
[0.442s] -- Up-to-date: /home/jelly/ros2_ws/install/serial/share/serial/environment/library_path.dsv
[0.442s] -- Up-to-date: /home/jelly/ros2_ws/install/serial/share/ament_index/resource_index/package_run_dependencies/serial
[0.442s] -- Up-to-date: /home/jelly/ros2_ws/install/serial/share/ament_index/resource_index/parent_prefix_path/serial
[0.442s] -- Up-to-date: /home/jelly/ros2_ws/install/serial/share/serial/environment/ament_prefix_path.sh
[0.442s] -- Up-to-date: /home/jelly/ros2_ws/install/serial/share/serial/environment/ament_prefix_path.dsv
[0.442s] -- Up-to-date: /home/jelly/ros2_ws/install/serial/share/serial/environment/path.sh
[0.443s] -- Up-to-date: /home/jelly/ros2_ws/install/serial/share/serial/environment/path.dsv
[0.443s] -- Up-to-date: /home/jelly/ros2_ws/install/serial/share/serial/local_setup.bash
[0.443s] -- Up-to-date: /home/jelly/ros2_ws/install/serial/share/serial/local_setup.sh
[0.443s] -- Up-to-date: /home/jelly/ros2_ws/install/serial/share/serial/local_setup.zsh
[0.443s] -- Up-to-date: /home/jelly/ros2_ws/install/serial/share/serial/local_setup.dsv
[0.443s] -- Installing: /home/jelly/ros2_ws/install/serial/share/serial/package.dsv
[0.443s] -- Up-to-date: /home/jelly/ros2_ws/install/serial/share/ament_index/resource_index/packages/serial
[0.443s] -- Up-to-date: /home/jelly/ros2_ws/install/serial/share/serial/cmake/export_serialExport.cmake
[0.443s] -- Up-to-date: /home/jelly/ros2_ws/install/serial/share/serial/cmake/export_serialExport-noconfig.cmake
[0.443s] -- Up-to-date: /home/jelly/ros2_ws/install/serial/share/serial/cmake/ament_cmake_export_include_directories-extras.cmake
[0.443s] -- Up-to-date: /home/jelly/ros2_ws/install/serial/share/serial/cmake/ament_cmake_export_libraries-extras.cmake
[0.443s] -- Up-to-date: /home/jelly/ros2_ws/install/serial/share/serial/cmake/ament_cmake_export_targets-extras.cmake
[0.444s] -- Up-to-date: /home/jelly/ros2_ws/install/serial/share/serial/cmake/serialConfig.cmake
[0.444s] -- Up-to-date: /home/jelly/ros2_ws/install/serial/share/serial/cmake/serialConfig-version.cmake
[0.444s] -- Up-to-date: /home/jelly/ros2_ws/install/serial/share/serial/package.xml
[0.466s] Invoked command in '/home/jelly/ros2_ws/build/serial' returned '0': /usr/bin/cmake --install /home/jelly/ros2_ws/build/serial
