[0.036s] Invoking command in '/home/jelly/ros2_ws/build/moveit2_scripts': CMAKE_PREFIX_PATH=${CMAKE_PREFIX_PATH}:/home/jelly/ros2_ws/install/mycobot_280:/opt/ros/humble /usr/bin/cmake --build /home/jelly/ros2_ws/build/moveit2_scripts -- -j4 -l4
[0.333s] [ 25%] Built target test_trajectory2
[0.338s] [ 50%] Built target test_trajectory
[0.338s] [ 75%] Built target test_trajectory3
[0.345s] [100%] Built target cartesian_path
[0.400s] Invoked command in '/home/jelly/ros2_ws/build/moveit2_scripts' returned '0': CMAKE_PREFIX_PATH=${CMAKE_PREFIX_PATH}:/home/jelly/ros2_ws/install/mycobot_280:/opt/ros/humble /usr/bin/cmake --build /home/jelly/ros2_ws/build/moveit2_scripts -- -j4 -l4
[0.509s] Invoking command in '/home/jelly/ros2_ws/build/moveit2_scripts': CMAKE_PREFIX_PATH=${CMAKE_PREFIX_PATH}:/home/jelly/ros2_ws/install/mycobot_280:/opt/ros/humble /usr/bin/cmake --install /home/jelly/ros2_ws/build/moveit2_scripts
[0.525s] -- Install configuration: ""
[0.528s] -- Execute custom install script
[0.528s] -- Up-to-date symlink: /home/jelly/ros2_ws/install/moveit2_scripts/share/ament_index/resource_index/package_run_dependencies/moveit2_scripts
[0.529s] -- Up-to-date symlink: /home/jelly/ros2_ws/install/moveit2_scripts/share/ament_index/resource_index/parent_prefix_path/moveit2_scripts
[0.530s] -- Up-to-date symlink: /home/jelly/ros2_ws/install/moveit2_scripts/share/moveit2_scripts/environment/ament_prefix_path.sh
[0.530s] -- Up-to-date symlink: /home/jelly/ros2_ws/install/moveit2_scripts/share/moveit2_scripts/environment/ament_prefix_path.dsv
[0.531s] -- Up-to-date symlink: /home/jelly/ros2_ws/install/moveit2_scripts/share/moveit2_scripts/environment/path.sh
[0.531s] -- Up-to-date symlink: /home/jelly/ros2_ws/install/moveit2_scripts/share/moveit2_scripts/environment/path.dsv
[0.532s] -- Up-to-date symlink: /home/jelly/ros2_ws/install/moveit2_scripts/share/moveit2_scripts/local_setup.bash
[0.533s] -- Up-to-date symlink: /home/jelly/ros2_ws/install/moveit2_scripts/share/moveit2_scripts/local_setup.sh
[0.534s] -- Up-to-date symlink: /home/jelly/ros2_ws/install/moveit2_scripts/share/moveit2_scripts/local_setup.zsh
[0.534s] -- Up-to-date symlink: /home/jelly/ros2_ws/install/moveit2_scripts/share/moveit2_scripts/local_setup.dsv
[0.534s] -- Symlinking: /home/jelly/ros2_ws/install/moveit2_scripts/share/moveit2_scripts/package.dsv
[0.550s] -- Up-to-date symlink: /home/jelly/ros2_ws/install/moveit2_scripts/share/ament_index/resource_index/packages/moveit2_scripts
[0.551s] -- Up-to-date symlink: /home/jelly/ros2_ws/install/moveit2_scripts/share/moveit2_scripts/cmake/moveit2_scriptsConfig.cmake
[0.552s] -- Up-to-date symlink: /home/jelly/ros2_ws/install/moveit2_scripts/share/moveit2_scripts/cmake/moveit2_scriptsConfig-version.cmake
[0.552s] -- Up-to-date symlink: /home/jelly/ros2_ws/install/moveit2_scripts/share/moveit2_scripts/package.xml
[0.554s] -- Up-to-date symlink: /home/jelly/ros2_ws/install/moveit2_scripts/lib/moveit2_scripts/test_trajectory
[0.555s] -- Up-to-date symlink: /home/jelly/ros2_ws/install/moveit2_scripts/share/moveit2_scripts/launch/cartesian_path.launch.py
[0.555s] -- Up-to-date symlink: /home/jelly/ros2_ws/install/moveit2_scripts/share/moveit2_scripts/launch/test_trajectory.launch.py
[0.556s] -- Up-to-date symlink: /home/jelly/ros2_ws/install/moveit2_scripts/share/moveit2_scripts/launch/test_trajectory2.launch.py
[0.556s] -- Up-to-date symlink: /home/jelly/ros2_ws/install/moveit2_scripts/share/moveit2_scripts/launch/test_trajectory3.launch.py
[0.558s] -- Up-to-date symlink: /home/jelly/ros2_ws/install/moveit2_scripts/lib/moveit2_scripts/test_trajectory
[0.558s] -- Up-to-date symlink: /home/jelly/ros2_ws/install/moveit2_scripts/lib/moveit2_scripts/test_trajectory2
[0.559s] -- Up-to-date symlink: /home/jelly/ros2_ws/install/moveit2_scripts/lib/moveit2_scripts/test_trajectory
[0.559s] -- Up-to-date symlink: /home/jelly/ros2_ws/install/moveit2_scripts/lib/moveit2_scripts/test_trajectory3
[0.560s] -- Up-to-date symlink: /home/jelly/ros2_ws/install/moveit2_scripts/lib/moveit2_scripts/cartesian_path
[0.568s] Invoked command in '/home/jelly/ros2_ws/build/moveit2_scripts' returned '0': CMAKE_PREFIX_PATH=${CMAKE_PREFIX_PATH}:/home/jelly/ros2_ws/install/mycobot_280:/opt/ros/humble /usr/bin/cmake --install /home/jelly/ros2_ws/build/moveit2_scripts
