[0.042s] Invoking command in '/home/jelly/ros2_ws/build/FMT': /usr/bin/cmake --build /home/jelly/ros2_ws/build/FMT -- -j4 -l4
[0.177s] [  4%] Built target fmt
[0.205s] [  7%] Built target gtest
[0.303s] [ 12%] Built target test-main
[0.309s] [ 25%] Built target compile-fp-test
[0.310s] [ 30%] Built target format-impl-test
[0.372s] [ 39%] Built target scan-test
[0.391s] [ 47%] Built target posix-mock-test
[0.391s] [ 50%] Built target os-test
[0.421s] [ 59%] Built target unicode-test
[0.490s] [ 61%] Built target base-test
[0.532s] [ 64%] Built target assert-test
[0.533s] [ 67%] Built target args-test
[0.643s] [ 70%] Built target color-test
[0.645s] [ 73%] Built target chrono-test
[0.645s] [ 76%] Built target format-test
[0.672s] [ 78%] Built target gtest-extra-test
[0.729s] [ 81%] Built target ostream-test
[0.733s] [ 84%] Built target compile-test
[0.753s] [ 87%] Built target printf-test
[0.761s] [ 91%] Built target ranges-test
[0.831s] [ 94%] Built target std-test
[0.846s] [ 97%] Built target xchar-test
[0.850s] [100%] Built target enforce-checks-test
[0.899s] Invoked command in '/home/jelly/ros2_ws/build/FMT' returned '0': /usr/bin/cmake --build /home/jelly/ros2_ws/build/FMT -- -j4 -l4
[1.311s] Invoking command in '/home/jelly/ros2_ws/build/FMT': /usr/bin/cmake --install /home/jelly/ros2_ws/build/FMT
[1.330s] -- Install configuration: "Release"
[1.331s] -- Up-to-date: /home/jelly/ros2_ws/install/FMT/lib/libfmt.a
[1.331s] -- Up-to-date: /home/jelly/ros2_ws/install/FMT/include/fmt/args.h
[1.332s] -- Up-to-date: /home/jelly/ros2_ws/install/FMT/include/fmt/base.h
[1.333s] -- Up-to-date: /home/jelly/ros2_ws/install/FMT/include/fmt/chrono.h
[1.333s] -- Up-to-date: /home/jelly/ros2_ws/install/FMT/include/fmt/color.h
[1.333s] -- Up-to-date: /home/jelly/ros2_ws/install/FMT/include/fmt/compile.h
[1.333s] -- Up-to-date: /home/jelly/ros2_ws/install/FMT/include/fmt/core.h
[1.334s] -- Up-to-date: /home/jelly/ros2_ws/install/FMT/include/fmt/format.h
[1.334s] -- Up-to-date: /home/jelly/ros2_ws/install/FMT/include/fmt/format-inl.h
[1.334s] -- Up-to-date: /home/jelly/ros2_ws/install/FMT/include/fmt/os.h
[1.334s] -- Up-to-date: /home/jelly/ros2_ws/install/FMT/include/fmt/ostream.h
[1.334s] -- Up-to-date: /home/jelly/ros2_ws/install/FMT/include/fmt/printf.h
[1.334s] -- Up-to-date: /home/jelly/ros2_ws/install/FMT/include/fmt/ranges.h
[1.335s] -- Up-to-date: /home/jelly/ros2_ws/install/FMT/include/fmt/std.h
[1.335s] -- Up-to-date: /home/jelly/ros2_ws/install/FMT/include/fmt/xchar.h
[1.335s] -- Up-to-date: /home/jelly/ros2_ws/install/FMT/lib/cmake/fmt/fmt-config.cmake
[1.335s] -- Up-to-date: /home/jelly/ros2_ws/install/FMT/lib/cmake/fmt/fmt-config-version.cmake
[1.335s] -- Up-to-date: /home/jelly/ros2_ws/install/FMT/lib/cmake/fmt/fmt-targets.cmake
[1.335s] -- Up-to-date: /home/jelly/ros2_ws/install/FMT/lib/cmake/fmt/fmt-targets-release.cmake
[1.336s] -- Up-to-date: /home/jelly/ros2_ws/install/FMT/lib/pkgconfig/fmt.pc
[1.340s] Invoked command in '/home/jelly/ros2_ws/build/FMT' returned '0': /usr/bin/cmake --install /home/jelly/ros2_ws/build/FMT
