[0.039s] Invoking command in '/home/jelly/ros2_ws/build/mycobot_description': CMAKE_PREFIX_PATH=${CMAKE_PREFIX_PATH}:/opt/ros/humble /usr/bin/cmake --build /home/jelly/ros2_ws/build/mycobot_description -- -j4 -l4
[0.075s] -- Found ament_cmake: 1.3.9 (/opt/ros/humble/share/ament_cmake/cmake)
[0.388s] -- Found ament_lint_auto: 0.12.11 (/opt/ros/humble/share/ament_lint_auto/cmake)
[0.521s] -- Added test 'lint_cmake' to check CMake code style
[0.523s] -- Added test 'xmllint' to check XML markup files
[0.524s] -- Configuring done
[0.529s] -- Generating done
[0.531s] -- Build files have been written to: /home/jelly/ros2_ws/build/mycobot_description
[0.590s] Invoked command in '/home/jelly/ros2_ws/build/mycobot_description' returned '0': CMAKE_PREFIX_PATH=${CMAKE_PREFIX_PATH}:/opt/ros/humble /usr/bin/cmake --build /home/jelly/ros2_ws/build/mycobot_description -- -j4 -l4
[0.800s] Invoking command in '/home/jelly/ros2_ws/build/mycobot_description': CMAKE_PREFIX_PATH=${CMAKE_PREFIX_PATH}:/opt/ros/humble /usr/bin/cmake --install /home/jelly/ros2_ws/build/mycobot_description
[0.800s] -- Install configuration: ""
[0.800s] -- Up-to-date: /home/jelly/ros2_ws/install/mycobot_description/share/mycobot_description/meshes
[0.800s] -- Up-to-date: /home/jelly/ros2_ws/install/mycobot_description/share/mycobot_description/meshes/mycobot_280
[0.800s] -- Up-to-date: /home/jelly/ros2_ws/install/mycobot_description/share/mycobot_description/meshes/mycobot_280/joint2.stl
[0.801s] -- Up-to-date: /home/jelly/ros2_ws/install/mycobot_description/share/mycobot_description/meshes/mycobot_280/spectrometer.stl
[0.801s] -- Up-to-date: /home/jelly/ros2_ws/install/mycobot_description/share/mycobot_description/meshes/mycobot_280/joint4.stl
[0.801s] -- Up-to-date: /home/jelly/ros2_ws/install/mycobot_description/share/mycobot_description/meshes/mycobot_280/holder.stl
[0.801s] -- Up-to-date: /home/jelly/ros2_ws/install/mycobot_description/share/mycobot_description/meshes/mycobot_280/joint5.stl
[0.801s] -- Up-to-date: /home/jelly/ros2_ws/install/mycobot_description/share/mycobot_description/meshes/mycobot_280/joint3.stl
[0.801s] -- Up-to-date: /home/jelly/ros2_ws/install/mycobot_description/share/mycobot_description/meshes/mycobot_280/joint7.stl
[0.801s] -- Up-to-date: /home/jelly/ros2_ws/install/mycobot_description/share/mycobot_description/meshes/mycobot_280/joint1.stl
[0.801s] -- Up-to-date: /home/jelly/ros2_ws/install/mycobot_description/share/mycobot_description/meshes/mycobot_280/joint6.stl
[0.801s] -- Up-to-date: /home/jelly/ros2_ws/install/mycobot_description/share/mycobot_description/urdf
[0.801s] -- Up-to-date: /home/jelly/ros2_ws/install/mycobot_description/share/mycobot_description/urdf/mycobot_280_urdf.xacro
[0.801s] -- Up-to-date: /home/jelly/ros2_ws/install/mycobot_description/share/ament_index/resource_index/package_run_dependencies/mycobot_description
[0.802s] -- Installing: /home/jelly/ros2_ws/install/mycobot_description/share/ament_index/resource_index/parent_prefix_path/mycobot_description
[0.802s] -- Installing: /home/jelly/ros2_ws/install/mycobot_description/share/mycobot_description/environment/ament_prefix_path.sh
[0.802s] -- Installing: /home/jelly/ros2_ws/install/mycobot_description/share/mycobot_description/environment/ament_prefix_path.dsv
[0.802s] -- Installing: /home/jelly/ros2_ws/install/mycobot_description/share/mycobot_description/environment/path.sh
[0.802s] -- Installing: /home/jelly/ros2_ws/install/mycobot_description/share/mycobot_description/environment/path.dsv
[0.802s] -- Up-to-date: /home/jelly/ros2_ws/install/mycobot_description/share/mycobot_description/local_setup.bash
[0.802s] -- Up-to-date: /home/jelly/ros2_ws/install/mycobot_description/share/mycobot_description/local_setup.sh
[0.803s] -- Up-to-date: /home/jelly/ros2_ws/install/mycobot_description/share/mycobot_description/local_setup.zsh
[0.803s] -- Installing: /home/jelly/ros2_ws/install/mycobot_description/share/mycobot_description/local_setup.dsv
[0.803s] -- Installing: /home/jelly/ros2_ws/install/mycobot_description/share/mycobot_description/package.dsv
[0.803s] -- Up-to-date: /home/jelly/ros2_ws/install/mycobot_description/share/ament_index/resource_index/packages/mycobot_description
[0.803s] -- Up-to-date: /home/jelly/ros2_ws/install/mycobot_description/share/mycobot_description/cmake/mycobot_descriptionConfig.cmake
[0.803s] -- Up-to-date: /home/jelly/ros2_ws/install/mycobot_description/share/mycobot_description/cmake/mycobot_descriptionConfig-version.cmake
[0.803s] -- Up-to-date: /home/jelly/ros2_ws/install/mycobot_description/share/mycobot_description/package.xml
