[0.035s] Invoking command in '/home/jelly/ros2_ws/build/FMT': /usr/bin/cmake --build /home/jelly/ros2_ws/build/FMT -- -j4 -l4
[0.167s] [  4%] Built target fmt
[0.182s] [  7%] Built target gtest
[0.250s] [ 15%] Built target compile-fp-test
[0.275s] [ 21%] Built target test-main
[0.307s] [ 29%] Built target scan-test
[0.315s] [ 39%] Built target format-impl-test
[0.399s] [ 47%] Built target unicode-test
[0.421s] [ 50%] Built target os-test
[0.451s] [ 59%] Built target posix-mock-test
[0.491s] [ 61%] Built target base-test
[0.493s] [ 64%] Built target args-test
[0.551s] [ 67%] Built target chrono-test
[0.561s] [ 70%] Built target assert-test
[0.625s] [ 73%] Built target color-test
[0.654s] [ 76%] Built target gtest-extra-test
[0.681s] [ 78%] Built target format-test
[0.702s] [ 81%] Built target ostream-test
[0.737s] [ 84%] Built target printf-test
[0.744s] [ 87%] Built target compile-test
[0.766s] [ 91%] Built target ranges-test
[0.786s] [ 94%] Built target std-test
[0.813s] [ 97%] Built target enforce-checks-test
[0.828s] [100%] Built target xchar-test
[0.853s] Invoked command in '/home/jelly/ros2_ws/build/FMT' returned '0': /usr/bin/cmake --build /home/jelly/ros2_ws/build/FMT -- -j4 -l4
[1.026s] Invoking command in '/home/jelly/ros2_ws/build/FMT': /usr/bin/cmake --install /home/jelly/ros2_ws/build/FMT
[1.046s] -- Install configuration: "Release"
[1.046s] -- Up-to-date: /home/jelly/ros2_ws/install/FMT/lib/libfmt.a
[1.047s] -- Up-to-date: /home/jelly/ros2_ws/install/FMT/include/fmt/args.h
[1.047s] -- Up-to-date: /home/jelly/ros2_ws/install/FMT/include/fmt/base.h
[1.048s] -- Up-to-date: /home/jelly/ros2_ws/install/FMT/include/fmt/chrono.h
[1.049s] -- Up-to-date: /home/jelly/ros2_ws/install/FMT/include/fmt/color.h
[1.049s] -- Up-to-date: /home/jelly/ros2_ws/install/FMT/include/fmt/compile.h
[1.050s] -- Up-to-date: /home/jelly/ros2_ws/install/FMT/include/fmt/core.h
[1.050s] -- Up-to-date: /home/jelly/ros2_ws/install/FMT/include/fmt/format.h
[1.050s] -- Up-to-date: /home/jelly/ros2_ws/install/FMT/include/fmt/format-inl.h
[1.054s] -- Up-to-date: /home/jelly/ros2_ws/install/FMT/include/fmt/os.h
[1.054s] -- Up-to-date: /home/jelly/ros2_ws/install/FMT/include/fmt/ostream.h
[1.054s] -- Up-to-date: /home/jelly/ros2_ws/install/FMT/include/fmt/printf.h
[1.054s] -- Up-to-date: /home/jelly/ros2_ws/install/FMT/include/fmt/ranges.h
[1.054s] -- Up-to-date: /home/jelly/ros2_ws/install/FMT/include/fmt/std.h
[1.054s] -- Up-to-date: /home/jelly/ros2_ws/install/FMT/include/fmt/xchar.h
[1.055s] -- Up-to-date: /home/jelly/ros2_ws/install/FMT/lib/cmake/fmt/fmt-config.cmake
[1.055s] -- Up-to-date: /home/jelly/ros2_ws/install/FMT/lib/cmake/fmt/fmt-config-version.cmake
[1.055s] -- Up-to-date: /home/jelly/ros2_ws/install/FMT/lib/cmake/fmt/fmt-targets.cmake
[1.056s] -- Up-to-date: /home/jelly/ros2_ws/install/FMT/lib/cmake/fmt/fmt-targets-release.cmake
[1.056s] -- Up-to-date: /home/jelly/ros2_ws/install/FMT/lib/pkgconfig/fmt.pc
[1.058s] Invoked command in '/home/jelly/ros2_ws/build/FMT' returned '0': /usr/bin/cmake --install /home/jelly/ros2_ws/build/FMT
