[0.029s] Invoking command in '/home/jelly/ros2_ws/build/mycobot_ros2': CMAKE_PREFIX_PATH=/home/jelly/ros2_ws/install/mycobot_description:/home/jelly/ros2_ws/install/mycobot_280_description:/home/jelly/ros2_ws/install/mycobot_hardware_interface:/home/jelly/ros2_ws/install/mycobot:/home/jelly/ros2_ws/install/serial:/home/jelly/ros2_ws/install/mycobot_ros2:/home/jelly/ros2_ws/install/mycobot_moveit_config:/home/jelly/ros2_ws/install/mycobot_gazebo:/home/jelly/ros2_ws/install/moveit2_scripts:/home/jelly/ros2_ws/install/motion_planning_python_api:/home/jelly/ros2_ws/install/fp:/home/jelly/ros2_ws/install/catch2:/home/jelly/ros2_ws/install/FMT:/home/jelly/ros2_ws/install/mycobot_real_moveit:/home/jelly/ros2_ws/install/mycobot_280:/home/jelly/ros2_ws/install/my_moveit2_package:/opt/ros/humble /usr/bin/cmake --build /home/jelly/ros2_ws/build/mycobot_ros2 -- -j4 -l4
[0.121s] Invoked command in '/home/jelly/ros2_ws/build/mycobot_ros2' returned '0': CMAKE_PREFIX_PATH=/home/jelly/ros2_ws/install/mycobot_description:/home/jelly/ros2_ws/install/mycobot_280_description:/home/jelly/ros2_ws/install/mycobot_hardware_interface:/home/jelly/ros2_ws/install/mycobot:/home/jelly/ros2_ws/install/serial:/home/jelly/ros2_ws/install/mycobot_ros2:/home/jelly/ros2_ws/install/mycobot_moveit_config:/home/jelly/ros2_ws/install/mycobot_gazebo:/home/jelly/ros2_ws/install/moveit2_scripts:/home/jelly/ros2_ws/install/motion_planning_python_api:/home/jelly/ros2_ws/install/fp:/home/jelly/ros2_ws/install/catch2:/home/jelly/ros2_ws/install/FMT:/home/jelly/ros2_ws/install/mycobot_real_moveit:/home/jelly/ros2_ws/install/mycobot_280:/home/jelly/ros2_ws/install/my_moveit2_package:/opt/ros/humble /usr/bin/cmake --build /home/jelly/ros2_ws/build/mycobot_ros2 -- -j4 -l4
[0.186s] Invoking command in '/home/jelly/ros2_ws/build/mycobot_ros2': CMAKE_PREFIX_PATH=/home/jelly/ros2_ws/install/mycobot_description:/home/jelly/ros2_ws/install/mycobot_280_description:/home/jelly/ros2_ws/install/mycobot_hardware_interface:/home/jelly/ros2_ws/install/mycobot:/home/jelly/ros2_ws/install/serial:/home/jelly/ros2_ws/install/mycobot_ros2:/home/jelly/ros2_ws/install/mycobot_moveit_config:/home/jelly/ros2_ws/install/mycobot_gazebo:/home/jelly/ros2_ws/install/moveit2_scripts:/home/jelly/ros2_ws/install/motion_planning_python_api:/home/jelly/ros2_ws/install/fp:/home/jelly/ros2_ws/install/catch2:/home/jelly/ros2_ws/install/FMT:/home/jelly/ros2_ws/install/mycobot_real_moveit:/home/jelly/ros2_ws/install/mycobot_280:/home/jelly/ros2_ws/install/my_moveit2_package:/opt/ros/humble /usr/bin/cmake --install /home/jelly/ros2_ws/build/mycobot_ros2
[0.199s] -- Install configuration: ""
[0.200s] -- Execute custom install script
[0.200s] -- Up-to-date symlink: /home/jelly/ros2_ws/install/mycobot_ros2/share/ament_index/resource_index/package_run_dependencies/mycobot_ros2
[0.201s] -- Up-to-date symlink: /home/jelly/ros2_ws/install/mycobot_ros2/share/ament_index/resource_index/parent_prefix_path/mycobot_ros2
[0.201s] -- Up-to-date symlink: /home/jelly/ros2_ws/install/mycobot_ros2/share/mycobot_ros2/environment/ament_prefix_path.sh
[0.202s] -- Up-to-date symlink: /home/jelly/ros2_ws/install/mycobot_ros2/share/mycobot_ros2/environment/ament_prefix_path.dsv
[0.202s] -- Up-to-date symlink: /home/jelly/ros2_ws/install/mycobot_ros2/share/mycobot_ros2/environment/path.sh
[0.202s] -- Up-to-date symlink: /home/jelly/ros2_ws/install/mycobot_ros2/share/mycobot_ros2/environment/path.dsv
[0.203s] -- Up-to-date symlink: /home/jelly/ros2_ws/install/mycobot_ros2/share/mycobot_ros2/local_setup.bash
[0.203s] -- Up-to-date symlink: /home/jelly/ros2_ws/install/mycobot_ros2/share/mycobot_ros2/local_setup.sh
[0.204s] -- Up-to-date symlink: /home/jelly/ros2_ws/install/mycobot_ros2/share/mycobot_ros2/local_setup.zsh
[0.204s] -- Up-to-date symlink: /home/jelly/ros2_ws/install/mycobot_ros2/share/mycobot_ros2/local_setup.dsv
[0.205s] -- Symlinking: /home/jelly/ros2_ws/install/mycobot_ros2/share/mycobot_ros2/package.dsv
[0.227s] -- Up-to-date symlink: /home/jelly/ros2_ws/install/mycobot_ros2/share/ament_index/resource_index/packages/mycobot_ros2
[0.230s] -- Up-to-date symlink: /home/jelly/ros2_ws/install/mycobot_ros2/share/mycobot_ros2/cmake/mycobot_ros2Config.cmake
[0.230s] -- Up-to-date symlink: /home/jelly/ros2_ws/install/mycobot_ros2/share/mycobot_ros2/cmake/mycobot_ros2Config-version.cmake
[0.230s] -- Up-to-date symlink: /home/jelly/ros2_ws/install/mycobot_ros2/share/mycobot_ros2/package.xml
[0.230s] Invoked command in '/home/jelly/ros2_ws/build/mycobot_ros2' returned '0': CMAKE_PREFIX_PATH=/home/jelly/ros2_ws/install/mycobot_description:/home/jelly/ros2_ws/install/mycobot_280_description:/home/jelly/ros2_ws/install/mycobot_hardware_interface:/home/jelly/ros2_ws/install/mycobot:/home/jelly/ros2_ws/install/serial:/home/jelly/ros2_ws/install/mycobot_ros2:/home/jelly/ros2_ws/install/mycobot_moveit_config:/home/jelly/ros2_ws/install/mycobot_gazebo:/home/jelly/ros2_ws/install/moveit2_scripts:/home/jelly/ros2_ws/install/motion_planning_python_api:/home/jelly/ros2_ws/install/fp:/home/jelly/ros2_ws/install/catch2:/home/jelly/ros2_ws/install/FMT:/home/jelly/ros2_ws/install/mycobot_real_moveit:/home/jelly/ros2_ws/install/mycobot_280:/home/jelly/ros2_ws/install/my_moveit2_package:/opt/ros/humble /usr/bin/cmake --install /home/jelly/ros2_ws/build/mycobot_ros2
