[0.036s] Invoking command in '/home/coleman/ros2_ws/build/mycobot_gazebo': CMAKE_PREFIX_PATH=${CMAKE_PREFIX_PATH}:/opt/ros/humble /usr/bin/cmake --build /home/coleman/ros2_ws/build/mycobot_gazebo -- -j16 -l16
[0.081s] -- Found ament_cmake: 1.3.9 (/opt/ros/humble/share/ament_cmake/cmake)
[0.333s] -- Found rclcpp: 16.0.9 (/opt/ros/humble/share/rclcpp/cmake)
[0.395s] -- Found rosidl_generator_c: 3.1.5 (/opt/ros/humble/share/rosidl_generator_c/cmake)
[0.400s] -- Found rosidl_adapter: 3.1.5 (/opt/ros/humble/share/rosidl_adapter/cmake)
[0.413s] -- Found rosidl_generator_cpp: 3.1.5 (/opt/ros/humble/share/rosidl_generator_cpp/cmake)
[0.441s] -- Using all available rosidl_typesupport_c: rosidl_typesupport_fastrtps_c;rosidl_typesupport_introspection_c
[0.473s] -- Using all available rosidl_typesupport_cpp: rosidl_typesupport_fastrtps_cpp;rosidl_typesupport_introspection_cpp
[0.603s] -- Found rmw_implementation_cmake: 6.1.2 (/opt/ros/humble/share/rmw_implementation_cmake/cmake)
[0.606s] -- Found rmw_fastrtps_cpp: 6.2.6 (/opt/ros/humble/share/rmw_fastrtps_cpp/cmake)
[0.830s] -- Using RMW implementation 'rmw_fastrtps_cpp' as default
[1.139s] -- Found xacro: 2.0.8 (/opt/ros/humble/share/xacro/cmake)
[1.141s] -- Found ament_lint_auto: 0.12.11 (/opt/ros/humble/share/ament_lint_auto/cmake)
[1.404s] -- Added test 'lint_cmake' to check CMake code style
[1.543s] -- Added test 'xmllint' to check XML markup files
[1.544s] -- Configuring done
[1.558s] -- Generating done
[1.565s] -- Build files have been written to: /home/coleman/ros2_ws/build/mycobot_gazebo
[1.644s] Invoked command in '/home/coleman/ros2_ws/build/mycobot_gazebo' returned '0': CMAKE_PREFIX_PATH=${CMAKE_PREFIX_PATH}:/opt/ros/humble /usr/bin/cmake --build /home/coleman/ros2_ws/build/mycobot_gazebo -- -j16 -l16
[1.744s] Invoking command in '/home/coleman/ros2_ws/build/mycobot_gazebo': CMAKE_PREFIX_PATH=${CMAKE_PREFIX_PATH}:/opt/ros/humble /usr/bin/cmake --install /home/coleman/ros2_ws/build/mycobot_gazebo
[1.763s] -- Install configuration: ""
[1.763s] -- Up-to-date: /home/coleman/ros2_ws/install/mycobot_gazebo/share/ament_index/resource_index/package_run_dependencies/mycobot_gazebo
[1.763s] -- Up-to-date: /home/coleman/ros2_ws/install/mycobot_gazebo/share/ament_index/resource_index/parent_prefix_path/mycobot_gazebo
[1.764s] -- Up-to-date: /home/coleman/ros2_ws/install/mycobot_gazebo/share/mycobot_gazebo/environment/ament_prefix_path.sh
[1.764s] -- Installing: /home/coleman/ros2_ws/install/mycobot_gazebo/share/mycobot_gazebo/environment/ament_prefix_path.dsv
[1.766s] -- Up-to-date: /home/coleman/ros2_ws/install/mycobot_gazebo/share/mycobot_gazebo/environment/path.sh
[1.766s] -- Installing: /home/coleman/ros2_ws/install/mycobot_gazebo/share/mycobot_gazebo/environment/path.dsv
[1.768s] -- Up-to-date: /home/coleman/ros2_ws/install/mycobot_gazebo/share/mycobot_gazebo/local_setup.bash
[1.769s] -- Up-to-date: /home/coleman/ros2_ws/install/mycobot_gazebo/share/mycobot_gazebo/local_setup.sh
[1.769s] -- Up-to-date: /home/coleman/ros2_ws/install/mycobot_gazebo/share/mycobot_gazebo/local_setup.zsh
[1.770s] -- Installing: /home/coleman/ros2_ws/install/mycobot_gazebo/share/mycobot_gazebo/local_setup.dsv
[1.770s] -- Installing: /home/coleman/ros2_ws/install/mycobot_gazebo/share/mycobot_gazebo/package.dsv
[1.772s] -- Up-to-date: /home/coleman/ros2_ws/install/mycobot_gazebo/share/ament_index/resource_index/packages/mycobot_gazebo
[1.772s] -- Up-to-date: /home/coleman/ros2_ws/install/mycobot_gazebo/share/mycobot_gazebo/cmake/mycobot_gazeboConfig.cmake
[1.773s] -- Up-to-date: /home/coleman/ros2_ws/install/mycobot_gazebo/share/mycobot_gazebo/cmake/mycobot_gazeboConfig-version.cmake
[1.776s] -- Up-to-date: /home/coleman/ros2_ws/install/mycobot_gazebo/share/mycobot_gazebo/package.xml
[1.779s] Invoked command in '/home/coleman/ros2_ws/build/mycobot_gazebo' returned '0': CMAKE_PREFIX_PATH=${CMAKE_PREFIX_PATH}:/opt/ros/humble /usr/bin/cmake --install /home/coleman/ros2_ws/build/mycobot_gazebo
