[0.055s] Invoking command in '/home/jelly/ros2_ws/build/FMT': /usr/bin/cmake --build /home/jelly/ros2_ws/build/FMT -- -j4 -l4
[0.171s] [  4%] Built target fmt
[0.176s] [  7%] Built target gtest
[0.262s] [ 16%] Built target format-impl-test
[0.274s] [ 25%] Built target compile-fp-test
[0.276s] [ 30%] Built target test-main
[0.291s] [ 39%] Built target scan-test
[0.349s] [ 47%] Built target posix-mock-test
[0.349s] [ 50%] Built target os-test
[0.356s] [ 59%] Built target unicode-test
[0.414s] [ 61%] Built target base-test
[0.437s] [ 64%] Built target chrono-test
[0.438s] [ 67%] Built target assert-test
[0.441s] [ 70%] Built target args-test
[0.480s] [ 73%] Built target color-test
[0.498s] [ 76%] Built target format-test
[0.521s] [ 78%] Built target gtest-extra-test
[0.557s] [ 81%] Built target ostream-test
[0.591s] [ 85%] Built target ranges-test
[0.592s] [ 88%] Built target compile-test
[0.607s] [ 91%] Built target printf-test
[0.624s] [ 94%] Built target std-test
[0.652s] [ 97%] Built target xchar-test
[0.661s] [100%] Built target enforce-checks-test
[0.693s] Invoked command in '/home/jelly/ros2_ws/build/FMT' returned '0': /usr/bin/cmake --build /home/jelly/ros2_ws/build/FMT -- -j4 -l4
[0.837s] Invoking command in '/home/jelly/ros2_ws/build/FMT': /usr/bin/cmake --install /home/jelly/ros2_ws/build/FMT
[0.850s] -- Install configuration: "Release"
[0.850s] -- Up-to-date: /home/jelly/ros2_ws/install/FMT/lib/libfmt.a
[0.850s] -- Up-to-date: /home/jelly/ros2_ws/install/FMT/include/fmt/args.h
[0.851s] -- Up-to-date: /home/jelly/ros2_ws/install/FMT/include/fmt/base.h
[0.851s] -- Up-to-date: /home/jelly/ros2_ws/install/FMT/include/fmt/chrono.h
[0.852s] -- Up-to-date: /home/jelly/ros2_ws/install/FMT/include/fmt/color.h
[0.852s] -- Up-to-date: /home/jelly/ros2_ws/install/FMT/include/fmt/compile.h
[0.852s] -- Up-to-date: /home/jelly/ros2_ws/install/FMT/include/fmt/core.h
[0.852s] -- Up-to-date: /home/jelly/ros2_ws/install/FMT/include/fmt/format.h
[0.853s] -- Up-to-date: /home/jelly/ros2_ws/install/FMT/include/fmt/format-inl.h
[0.853s] -- Up-to-date: /home/jelly/ros2_ws/install/FMT/include/fmt/os.h
[0.854s] -- Up-to-date: /home/jelly/ros2_ws/install/FMT/include/fmt/ostream.h
[0.855s] -- Up-to-date: /home/jelly/ros2_ws/install/FMT/include/fmt/printf.h
[0.855s] -- Up-to-date: /home/jelly/ros2_ws/install/FMT/include/fmt/ranges.h
[0.856s] -- Up-to-date: /home/jelly/ros2_ws/install/FMT/include/fmt/std.h
[0.856s] -- Up-to-date: /home/jelly/ros2_ws/install/FMT/include/fmt/xchar.h
[0.857s] -- Up-to-date: /home/jelly/ros2_ws/install/FMT/lib/cmake/fmt/fmt-config.cmake
[0.857s] -- Up-to-date: /home/jelly/ros2_ws/install/FMT/lib/cmake/fmt/fmt-config-version.cmake
[0.857s] -- Up-to-date: /home/jelly/ros2_ws/install/FMT/lib/cmake/fmt/fmt-targets.cmake
[0.857s] -- Up-to-date: /home/jelly/ros2_ws/install/FMT/lib/cmake/fmt/fmt-targets-release.cmake
[0.857s] -- Up-to-date: /home/jelly/ros2_ws/install/FMT/lib/pkgconfig/fmt.pc
[0.859s] Invoked command in '/home/jelly/ros2_ws/build/FMT' returned '0': /usr/bin/cmake --install /home/jelly/ros2_ws/build/FMT
