[0.026s] Invoking command in '/home/jelly/ros2_ws/build/FMT': /usr/bin/cmake --build /home/jelly/ros2_ws/build/FMT -- -j4 -l4
[0.165s] [  4%] Built target fmt
[0.173s] [  7%] Built target gtest
[0.273s] [ 16%] Built target format-impl-test
[0.283s] [ 22%] Built target test-main
[0.289s] [ 30%] Built target compile-fp-test
[0.335s] [ 39%] Built target scan-test
[0.489s] [ 47%] Built target unicode-test
[0.625s] [ 50%] Built target os-test
[0.667s] [ 59%] Built target posix-mock-test
[0.687s] [ 61%] Built target args-test
[0.704s] [ 64%] Built target base-test
[0.725s] [ 67%] Built target assert-test
[0.761s] [ 70%] Built target chrono-test
[0.776s] [ 73%] Built target color-test
[0.793s] [ 76%] Built target format-test
[0.793s] [ 78%] Built target ostream-test
[0.793s] [ 81%] Built target gtest-extra-test
[0.850s] [ 84%] Built target compile-test
[0.853s] [ 88%] Built target ranges-test
[0.870s] [ 91%] Built target printf-test
[0.942s] [ 94%] Built target std-test
[0.965s] [ 97%] Built target xchar-test
[0.970s] [100%] Built target enforce-checks-test
[0.997s] Invoked command in '/home/jelly/ros2_ws/build/FMT' returned '0': /usr/bin/cmake --build /home/jelly/ros2_ws/build/FMT -- -j4 -l4
[1.216s] Invoking command in '/home/jelly/ros2_ws/build/FMT': /usr/bin/cmake --install /home/jelly/ros2_ws/build/FMT
[1.244s] -- Install configuration: "Release"
[1.245s] -- Up-to-date: /home/jelly/ros2_ws/install/FMT/lib/libfmt.a
[1.245s] -- Up-to-date: /home/jelly/ros2_ws/install/FMT/include/fmt/args.h
[1.245s] -- Up-to-date: /home/jelly/ros2_ws/install/FMT/include/fmt/base.h
[1.245s] -- Up-to-date: /home/jelly/ros2_ws/install/FMT/include/fmt/chrono.h
[1.245s] -- Up-to-date: /home/jelly/ros2_ws/install/FMT/include/fmt/color.h
[1.245s] -- Up-to-date: /home/jelly/ros2_ws/install/FMT/include/fmt/compile.h
[1.245s] -- Up-to-date: /home/jelly/ros2_ws/install/FMT/include/fmt/core.h
[1.245s] -- Up-to-date: /home/jelly/ros2_ws/install/FMT/include/fmt/format.h
[1.245s] -- Up-to-date: /home/jelly/ros2_ws/install/FMT/include/fmt/format-inl.h
[1.246s] -- Up-to-date: /home/jelly/ros2_ws/install/FMT/include/fmt/os.h
[1.246s] -- Up-to-date: /home/jelly/ros2_ws/install/FMT/include/fmt/ostream.h
[1.246s] -- Up-to-date: /home/jelly/ros2_ws/install/FMT/include/fmt/printf.h
[1.246s] -- Up-to-date: /home/jelly/ros2_ws/install/FMT/include/fmt/ranges.h
[1.246s] -- Up-to-date: /home/jelly/ros2_ws/install/FMT/include/fmt/std.h
[1.246s] -- Up-to-date: /home/jelly/ros2_ws/install/FMT/include/fmt/xchar.h
[1.246s] -- Up-to-date: /home/jelly/ros2_ws/install/FMT/lib/cmake/fmt/fmt-config.cmake
[1.246s] -- Up-to-date: /home/jelly/ros2_ws/install/FMT/lib/cmake/fmt/fmt-config-version.cmake
[1.246s] -- Up-to-date: /home/jelly/ros2_ws/install/FMT/lib/cmake/fmt/fmt-targets.cmake
[1.247s] -- Up-to-date: /home/jelly/ros2_ws/install/FMT/lib/cmake/fmt/fmt-targets-release.cmake
[1.247s] -- Up-to-date: /home/jelly/ros2_ws/install/FMT/lib/pkgconfig/fmt.pc
[1.251s] Invoked command in '/home/jelly/ros2_ws/build/FMT' returned '0': /usr/bin/cmake --install /home/jelly/ros2_ws/build/FMT
