[0.017s] Invoking command in '/home/jelly/ros2_ws/build/mycobot_ros2': AMENT_PREFIX_PATH=/home/jelly/ros2_ws/install/mycobot_description:${AMENT_PREFIX_PATH} CMAKE_PREFIX_PATH=/home/jelly/ros2_ws/install/mycobot_description:/opt/ros/humble /usr/bin/cmake --build /home/jelly/ros2_ws/build/mycobot_ros2 -- -j4 -l4
[0.106s] Invoked command in '/home/jelly/ros2_ws/build/mycobot_ros2' returned '0': AMENT_PREFIX_PATH=/home/jelly/ros2_ws/install/mycobot_description:${AMENT_PREFIX_PATH} CMAKE_PREFIX_PATH=/home/jelly/ros2_ws/install/mycobot_description:/opt/ros/humble /usr/bin/cmake --build /home/jelly/ros2_ws/build/mycobot_ros2 -- -j4 -l4
[0.160s] Invoking command in '/home/jelly/ros2_ws/build/mycobot_ros2': AMENT_PREFIX_PATH=/home/jelly/ros2_ws/install/mycobot_description:${AMENT_PREFIX_PATH} CMAKE_PREFIX_PATH=/home/jelly/ros2_ws/install/mycobot_description:/opt/ros/humble /usr/bin/cmake --install /home/jelly/ros2_ws/build/mycobot_ros2
[0.181s] -- Install configuration: ""
[0.182s] -- Execute custom install script
[0.183s] -- Up-to-date symlink: /home/jelly/ros2_ws/install/mycobot_ros2/share/ament_index/resource_index/package_run_dependencies/mycobot_ros2
[0.183s] -- Up-to-date symlink: /home/jelly/ros2_ws/install/mycobot_ros2/share/ament_index/resource_index/parent_prefix_path/mycobot_ros2
[0.184s] -- Up-to-date symlink: /home/jelly/ros2_ws/install/mycobot_ros2/share/mycobot_ros2/environment/ament_prefix_path.sh
[0.184s] -- Up-to-date symlink: /home/jelly/ros2_ws/install/mycobot_ros2/share/mycobot_ros2/environment/ament_prefix_path.dsv
[0.184s] -- Up-to-date symlink: /home/jelly/ros2_ws/install/mycobot_ros2/share/mycobot_ros2/environment/path.sh
[0.185s] -- Up-to-date symlink: /home/jelly/ros2_ws/install/mycobot_ros2/share/mycobot_ros2/environment/path.dsv
[0.185s] -- Up-to-date symlink: /home/jelly/ros2_ws/install/mycobot_ros2/share/mycobot_ros2/local_setup.bash
[0.186s] -- Up-to-date symlink: /home/jelly/ros2_ws/install/mycobot_ros2/share/mycobot_ros2/local_setup.sh
[0.186s] -- Up-to-date symlink: /home/jelly/ros2_ws/install/mycobot_ros2/share/mycobot_ros2/local_setup.zsh
[0.187s] -- Up-to-date symlink: /home/jelly/ros2_ws/install/mycobot_ros2/share/mycobot_ros2/local_setup.dsv
[0.187s] -- Symlinking: /home/jelly/ros2_ws/install/mycobot_ros2/share/mycobot_ros2/package.dsv
[0.203s] -- Up-to-date symlink: /home/jelly/ros2_ws/install/mycobot_ros2/share/ament_index/resource_index/packages/mycobot_ros2
[0.203s] -- Up-to-date symlink: /home/jelly/ros2_ws/install/mycobot_ros2/share/mycobot_ros2/cmake/mycobot_ros2Config.cmake
[0.203s] -- Up-to-date symlink: /home/jelly/ros2_ws/install/mycobot_ros2/share/mycobot_ros2/cmake/mycobot_ros2Config-version.cmake
[0.204s] -- Up-to-date symlink: /home/jelly/ros2_ws/install/mycobot_ros2/share/mycobot_ros2/package.xml
[0.207s] Invoked command in '/home/jelly/ros2_ws/build/mycobot_ros2' returned '0': AMENT_PREFIX_PATH=/home/jelly/ros2_ws/install/mycobot_description:${AMENT_PREFIX_PATH} CMAKE_PREFIX_PATH=/home/jelly/ros2_ws/install/mycobot_description:/opt/ros/humble /usr/bin/cmake --install /home/jelly/ros2_ws/build/mycobot_ros2
