[0.034s] Invoking command in '/home/jelly/ros2_ws/build/FMT': /usr/bin/cmake --build /home/jelly/ros2_ws/build/FMT -- -j4 -l4
[0.152s] [  2%] Built target gtest
[0.165s] [  7%] Built target fmt
[0.227s] [ 15%] Built target scan-test
[0.234s] [ 25%] Built target format-impl-test
[0.241s] [ 33%] Built target compile-fp-test
[0.247s] [ 42%] Built target unicode-test
[0.341s] [ 50%] Built target posix-mock-test
[0.404s] [ 56%] Built target test-main
[0.471s] [ 59%] Built target assert-test
[0.478s] [ 61%] Built target base-test
[0.479s] [ 64%] Built target chrono-test
[0.487s] [ 67%] Built target args-test
[0.521s] [ 70%] Built target color-test
[0.527s] [ 73%] Built target gtest-extra-test
[0.581s] [ 76%] Built target ostream-test
[0.601s] [ 78%] Built target format-test
[0.602s] [ 81%] Built target printf-test
[0.619s] [ 84%] Built target compile-test
[0.668s] [ 88%] Built target ranges-test
[0.696s] [ 91%] Built target std-test
[0.698s] [ 94%] Built target xchar-test
[0.714s] [ 97%] Built target enforce-checks-test
[0.733s] [100%] Built target os-test
[1.071s] Invoked command in '/home/jelly/ros2_ws/build/FMT' returned '0': /usr/bin/cmake --build /home/jelly/ros2_ws/build/FMT -- -j4 -l4
[1.234s] Invoking command in '/home/jelly/ros2_ws/build/FMT': /usr/bin/cmake --install /home/jelly/ros2_ws/build/FMT
[1.267s] -- Install configuration: "Release"
[1.268s] -- Up-to-date: /home/jelly/ros2_ws/install/FMT/lib/libfmt.a
[1.268s] -- Up-to-date: /home/jelly/ros2_ws/install/FMT/include/fmt/args.h
[1.269s] -- Up-to-date: /home/jelly/ros2_ws/install/FMT/include/fmt/base.h
[1.269s] -- Up-to-date: /home/jelly/ros2_ws/install/FMT/include/fmt/chrono.h
[1.269s] -- Up-to-date: /home/jelly/ros2_ws/install/FMT/include/fmt/color.h
[1.270s] -- Up-to-date: /home/jelly/ros2_ws/install/FMT/include/fmt/compile.h
[1.270s] -- Up-to-date: /home/jelly/ros2_ws/install/FMT/include/fmt/core.h
[1.271s] -- Up-to-date: /home/jelly/ros2_ws/install/FMT/include/fmt/format.h
[1.271s] -- Up-to-date: /home/jelly/ros2_ws/install/FMT/include/fmt/format-inl.h
[1.271s] -- Up-to-date: /home/jelly/ros2_ws/install/FMT/include/fmt/os.h
[1.271s] -- Up-to-date: /home/jelly/ros2_ws/install/FMT/include/fmt/ostream.h
[1.272s] -- Up-to-date: /home/jelly/ros2_ws/install/FMT/include/fmt/printf.h
[1.272s] -- Up-to-date: /home/jelly/ros2_ws/install/FMT/include/fmt/ranges.h
[1.272s] -- Up-to-date: /home/jelly/ros2_ws/install/FMT/include/fmt/std.h
[1.272s] -- Up-to-date: /home/jelly/ros2_ws/install/FMT/include/fmt/xchar.h
[1.273s] -- Up-to-date: /home/jelly/ros2_ws/install/FMT/lib/cmake/fmt/fmt-config.cmake
[1.273s] -- Up-to-date: /home/jelly/ros2_ws/install/FMT/lib/cmake/fmt/fmt-config-version.cmake
[1.273s] -- Up-to-date: /home/jelly/ros2_ws/install/FMT/lib/cmake/fmt/fmt-targets.cmake
[1.273s] -- Up-to-date: /home/jelly/ros2_ws/install/FMT/lib/cmake/fmt/fmt-targets-release.cmake
[1.273s] -- Up-to-date: /home/jelly/ros2_ws/install/FMT/lib/pkgconfig/fmt.pc
[1.293s] Invoked command in '/home/jelly/ros2_ws/build/FMT' returned '0': /usr/bin/cmake --install /home/jelly/ros2_ws/build/FMT
