[0.037s] Invoking command in '/home/jelly/ros2_ws/build/fp': CMAKE_PREFIX_PATH=/opt/ros/humble /usr/bin/cmake --build /home/jelly/ros2_ws/build/fp -- -j4 -l4
[0.193s] [ 10%] Built target result
[0.199s] [ 20%] Built target no_discard
[0.205s] [ 30%] Built target validate_in
[0.209s] [ 40%] Built target maybe_error
[0.299s] [ 50%] Built target validate_range
[0.300s] [ 60%] Built target gtest
[0.301s] [ 70%] Built target gtest_main
[0.365s] [ 80%] Built target result_tests
[0.383s] [ 90%] Built target validate_tests
[0.394s] [100%] Built target mbind_tests
[0.418s] Invoked command in '/home/jelly/ros2_ws/build/fp' returned '0': CMAKE_PREFIX_PATH=/opt/ros/humble /usr/bin/cmake --build /home/jelly/ros2_ws/build/fp -- -j4 -l4
[0.505s] Invoking command in '/home/jelly/ros2_ws/build/fp': CMAKE_PREFIX_PATH=/opt/ros/humble /usr/bin/cmake --install /home/jelly/ros2_ws/build/fp
[0.528s] -- Install configuration: ""
[0.528s] -- Execute custom install script
[0.529s] -- Up-to-date symlink: /home/jelly/ros2_ws/install/fp/include//fp/_external/expected.hpp
[0.529s] -- Up-to-date symlink: /home/jelly/ros2_ws/install/fp/include//fp/all.hpp
[0.529s] -- Up-to-date symlink: /home/jelly/ros2_ws/install/fp/include//fp/macros.hpp
[0.529s] -- Up-to-date symlink: /home/jelly/ros2_ws/install/fp/include//fp/monad.hpp
[0.530s] -- Up-to-date symlink: /home/jelly/ros2_ws/install/fp/include//fp/no_discard.hpp
[0.530s] -- Up-to-date symlink: /home/jelly/ros2_ws/install/fp/include//fp/result.hpp
[0.531s] -- Up-to-date symlink: /home/jelly/ros2_ws/install/fp/include//fp/validate.hpp
[0.531s] -- Up-to-date symlink: /home/jelly/ros2_ws/install/fp/share/ament_index/resource_index/package_run_dependencies/fp
[0.532s] -- Up-to-date symlink: /home/jelly/ros2_ws/install/fp/share/ament_index/resource_index/parent_prefix_path/fp
[0.533s] -- Up-to-date symlink: /home/jelly/ros2_ws/install/fp/share/fp/environment/ament_prefix_path.sh
[0.533s] -- Up-to-date symlink: /home/jelly/ros2_ws/install/fp/share/fp/environment/ament_prefix_path.dsv
[0.534s] -- Up-to-date symlink: /home/jelly/ros2_ws/install/fp/share/fp/environment/path.sh
[0.534s] -- Up-to-date symlink: /home/jelly/ros2_ws/install/fp/share/fp/environment/path.dsv
[0.534s] -- Up-to-date symlink: /home/jelly/ros2_ws/install/fp/share/fp/local_setup.bash
[0.535s] -- Up-to-date symlink: /home/jelly/ros2_ws/install/fp/share/fp/local_setup.sh
[0.535s] -- Up-to-date symlink: /home/jelly/ros2_ws/install/fp/share/fp/local_setup.zsh
[0.535s] -- Up-to-date symlink: /home/jelly/ros2_ws/install/fp/share/fp/local_setup.dsv
[0.535s] -- Symlinking: /home/jelly/ros2_ws/install/fp/share/fp/package.dsv
[0.562s] -- Up-to-date symlink: /home/jelly/ros2_ws/install/fp/share/ament_index/resource_index/packages/fp
[0.562s] -- Up-to-date symlink: /home/jelly/ros2_ws/install/fp/share/fp/cmake/ament_cmake_export_include_directories-extras.cmake
[0.573s] -- Up-to-date symlink: /home/jelly/ros2_ws/install/fp/share/fp/cmake/ament_cmake_export_targets-extras.cmake
[0.573s] -- Up-to-date symlink: /home/jelly/ros2_ws/install/fp/share/fp/cmake/ament_cmake_export_dependencies-extras.cmake
[0.573s] -- Up-to-date symlink: /home/jelly/ros2_ws/install/fp/share/fp/cmake/fpConfig.cmake
[0.573s] -- Up-to-date symlink: /home/jelly/ros2_ws/install/fp/share/fp/cmake/fpConfig-version.cmake
[0.574s] -- Up-to-date symlink: /home/jelly/ros2_ws/install/fp/share/fp/package.xml
[0.574s] -- Up-to-date: /home/jelly/ros2_ws/install/fp/share/fp/cmake/fpTargetsExport.cmake
[0.597s] Invoked command in '/home/jelly/ros2_ws/build/fp' returned '0': CMAKE_PREFIX_PATH=/opt/ros/humble /usr/bin/cmake --install /home/jelly/ros2_ws/build/fp
