[0.041s] Invoking command in '/home/jelly/ros2_ws/build/FMT': /usr/bin/cmake --build /home/jelly/ros2_ws/build/FMT -- -j4 -l4
[0.171s] [  2%] Built target gtest
[0.227s] [  7%] Built target fmt
[0.408s] [ 16%] Built target format-impl-test
[0.412s] [ 25%] Built target scan-test
[0.413s] [ 33%] Built target compile-fp-test
[0.416s] [ 42%] Built target unicode-test
[0.451s] [ 47%] Built target test-main
[0.467s] [ 56%] Built target posix-mock-test
[0.541s] [ 59%] Built target base-test
[0.545s] [ 61%] Built target assert-test
[0.546s] [ 64%] Built target args-test
[0.575s] [ 67%] Built target chrono-test
[0.619s] [ 70%] Built target gtest-extra-test
[0.637s] [ 73%] Built target color-test
[0.661s] [ 76%] Built target format-test
[0.676s] [ 78%] Built target ostream-test
[0.742s] [ 81%] Built target printf-test
[0.760s] [ 84%] Built target compile-test
[0.772s] [ 88%] Built target ranges-test
[0.776s] [ 91%] Built target std-test
[0.818s] [ 94%] Built target xchar-test
[0.838s] [ 97%] Built target enforce-checks-test
[0.843s] [100%] Built target os-test
[0.880s] Invoked command in '/home/jelly/ros2_ws/build/FMT' returned '0': /usr/bin/cmake --build /home/jelly/ros2_ws/build/FMT -- -j4 -l4
[1.047s] Invoking command in '/home/jelly/ros2_ws/build/FMT': /usr/bin/cmake --install /home/jelly/ros2_ws/build/FMT
[1.068s] -- Install configuration: "Release"
[1.068s] -- Up-to-date: /home/jelly/ros2_ws/install/FMT/lib/libfmt.a
[1.068s] -- Up-to-date: /home/jelly/ros2_ws/install/FMT/include/fmt/args.h
[1.069s] -- Up-to-date: /home/jelly/ros2_ws/install/FMT/include/fmt/base.h
[1.069s] -- Up-to-date: /home/jelly/ros2_ws/install/FMT/include/fmt/chrono.h
[1.069s] -- Up-to-date: /home/jelly/ros2_ws/install/FMT/include/fmt/color.h
[1.070s] -- Up-to-date: /home/jelly/ros2_ws/install/FMT/include/fmt/compile.h
[1.070s] -- Up-to-date: /home/jelly/ros2_ws/install/FMT/include/fmt/core.h
[1.070s] -- Up-to-date: /home/jelly/ros2_ws/install/FMT/include/fmt/format.h
[1.070s] -- Up-to-date: /home/jelly/ros2_ws/install/FMT/include/fmt/format-inl.h
[1.071s] -- Up-to-date: /home/jelly/ros2_ws/install/FMT/include/fmt/os.h
[1.071s] -- Up-to-date: /home/jelly/ros2_ws/install/FMT/include/fmt/ostream.h
[1.071s] -- Up-to-date: /home/jelly/ros2_ws/install/FMT/include/fmt/printf.h
[1.071s] -- Up-to-date: /home/jelly/ros2_ws/install/FMT/include/fmt/ranges.h
[1.072s] -- Up-to-date: /home/jelly/ros2_ws/install/FMT/include/fmt/std.h
[1.072s] -- Up-to-date: /home/jelly/ros2_ws/install/FMT/include/fmt/xchar.h
[1.073s] -- Up-to-date: /home/jelly/ros2_ws/install/FMT/lib/cmake/fmt/fmt-config.cmake
[1.073s] -- Up-to-date: /home/jelly/ros2_ws/install/FMT/lib/cmake/fmt/fmt-config-version.cmake
[1.074s] -- Up-to-date: /home/jelly/ros2_ws/install/FMT/lib/cmake/fmt/fmt-targets.cmake
[1.074s] -- Up-to-date: /home/jelly/ros2_ws/install/FMT/lib/cmake/fmt/fmt-targets-release.cmake
[1.075s] -- Up-to-date: /home/jelly/ros2_ws/install/FMT/lib/pkgconfig/fmt.pc
[1.092s] Invoked command in '/home/jelly/ros2_ws/build/FMT' returned '0': /usr/bin/cmake --install /home/jelly/ros2_ws/build/FMT
