[0.078s] Invoking command in '/home/jelly/ros2_ws/build/serial': CMAKE_PREFIX_PATH=/opt/ros/humble /usr/bin/cmake --build /home/jelly/ros2_ws/build/serial -- -j4 -l4
[0.426s] [100%] Built target serial
[0.524s] Invoked command in '/home/jelly/ros2_ws/build/serial' returned '0': CMAKE_PREFIX_PATH=/opt/ros/humble /usr/bin/cmake --build /home/jelly/ros2_ws/build/serial -- -j4 -l4
[0.783s] Invoking command in '/home/jelly/ros2_ws/build/serial': CMAKE_PREFIX_PATH=/opt/ros/humble /usr/bin/cmake --install /home/jelly/ros2_ws/build/serial
[0.829s] -- Install configuration: ""
[0.860s] -- Execute custom install script
[0.878s] -- Up-to-date symlink: /home/jelly/ros2_ws/install/serial/include/serial/impl/unix.h
[0.878s] -- Up-to-date symlink: /home/jelly/ros2_ws/install/serial/include/serial/impl/win.h
[0.878s] -- Up-to-date symlink: /home/jelly/ros2_ws/install/serial/include/serial/serial.h
[0.878s] -- Up-to-date symlink: /home/jelly/ros2_ws/install/serial/include/serial/v8stdint.h
[0.878s] -- Up-to-date symlink: /home/jelly/ros2_ws/install/serial/share/serial/environment/library_path.sh
[0.905s] -- Up-to-date symlink: /home/jelly/ros2_ws/install/serial/share/serial/environment/library_path.dsv
[0.907s] -- Up-to-date symlink: /home/jelly/ros2_ws/install/serial/share/ament_index/resource_index/package_run_dependencies/serial
[0.907s] -- Up-to-date symlink: /home/jelly/ros2_ws/install/serial/share/ament_index/resource_index/parent_prefix_path/serial
[0.907s] -- Up-to-date symlink: /home/jelly/ros2_ws/install/serial/share/serial/environment/ament_prefix_path.sh
[0.908s] -- Up-to-date symlink: /home/jelly/ros2_ws/install/serial/share/serial/environment/ament_prefix_path.dsv
[0.909s] -- Up-to-date symlink: /home/jelly/ros2_ws/install/serial/share/serial/environment/path.sh
[0.909s] -- Up-to-date symlink: /home/jelly/ros2_ws/install/serial/share/serial/environment/path.dsv
[0.909s] -- Up-to-date symlink: /home/jelly/ros2_ws/install/serial/share/serial/local_setup.bash
[0.912s] -- Up-to-date symlink: /home/jelly/ros2_ws/install/serial/share/serial/local_setup.sh
[0.916s] -- Up-to-date symlink: /home/jelly/ros2_ws/install/serial/share/serial/local_setup.zsh
[0.916s] -- Up-to-date symlink: /home/jelly/ros2_ws/install/serial/share/serial/local_setup.dsv
[0.916s] -- Symlinking: /home/jelly/ros2_ws/install/serial/share/serial/package.dsv
[0.975s] -- Up-to-date symlink: /home/jelly/ros2_ws/install/serial/share/ament_index/resource_index/packages/serial
[0.976s] -- Up-to-date symlink: /home/jelly/ros2_ws/install/serial/share/serial/cmake/ament_cmake_export_include_directories-extras.cmake
[0.986s] -- Up-to-date symlink: /home/jelly/ros2_ws/install/serial/share/serial/cmake/ament_cmake_export_libraries-extras.cmake
[0.991s] -- Up-to-date symlink: /home/jelly/ros2_ws/install/serial/share/serial/cmake/ament_cmake_export_targets-extras.cmake
[1.006s] -- Up-to-date symlink: /home/jelly/ros2_ws/install/serial/share/serial/cmake/serialConfig.cmake
[1.008s] -- Up-to-date symlink: /home/jelly/ros2_ws/install/serial/share/serial/cmake/serialConfig-version.cmake
[1.008s] -- Up-to-date symlink: /home/jelly/ros2_ws/install/serial/share/serial/package.xml
[1.008s] -- Up-to-date: /home/jelly/ros2_ws/install/serial/lib/libserial.a
[1.018s] -- Up-to-date: /home/jelly/ros2_ws/install/serial/share/serial/cmake/export_serialExport.cmake
[1.018s] -- Up-to-date: /home/jelly/ros2_ws/install/serial/share/serial/cmake/export_serialExport-noconfig.cmake
[1.094s] Invoked command in '/home/jelly/ros2_ws/build/serial' returned '0': CMAKE_PREFIX_PATH=/opt/ros/humble /usr/bin/cmake --install /home/jelly/ros2_ws/build/serial
