[0.035s] Invoking command in '/home/jelly/ros2_ws/build/FMT': /usr/bin/cmake --build /home/jelly/ros2_ws/build/FMT -- -j4 -l4
[0.143s] [  4%] Built target fmt
[0.152s] [  7%] Built target gtest
[0.231s] [ 16%] Built target format-impl-test
[0.239s] [ 22%] Built target test-main
[0.244s] [ 30%] Built target compile-fp-test
[0.260s] [ 39%] Built target scan-test
[0.394s] [ 47%] Built target unicode-test
[0.413s] [ 50%] Built target os-test
[0.447s] [ 59%] Built target posix-mock-test
[0.514s] [ 61%] Built target args-test
[0.576s] [ 64%] Built target base-test
[0.583s] [ 67%] Built target assert-test
[0.583s] [ 70%] Built target chrono-test
[0.584s] [ 73%] Built target color-test
[0.585s] [ 76%] Built target gtest-extra-test
[0.638s] [ 78%] Built target format-test
[0.639s] [ 81%] Built target compile-test
[0.645s] [ 84%] Built target ostream-test
[0.699s] [ 87%] Built target printf-test
[0.717s] [ 91%] Built target ranges-test
[0.751s] [ 94%] Built target std-test
[0.760s] [ 97%] Built target xchar-test
[0.793s] [100%] Built target enforce-checks-test
[0.817s] Invoked command in '/home/jelly/ros2_ws/build/FMT' returned '0': /usr/bin/cmake --build /home/jelly/ros2_ws/build/FMT -- -j4 -l4
[1.003s] Invoking command in '/home/jelly/ros2_ws/build/FMT': /usr/bin/cmake --install /home/jelly/ros2_ws/build/FMT
[1.025s] -- Install configuration: "Release"
[1.025s] -- Up-to-date: /home/jelly/ros2_ws/install/FMT/lib/libfmt.a
[1.026s] -- Up-to-date: /home/jelly/ros2_ws/install/FMT/include/fmt/args.h
[1.026s] -- Up-to-date: /home/jelly/ros2_ws/install/FMT/include/fmt/base.h
[1.027s] -- Up-to-date: /home/jelly/ros2_ws/install/FMT/include/fmt/chrono.h
[1.027s] -- Up-to-date: /home/jelly/ros2_ws/install/FMT/include/fmt/color.h
[1.028s] -- Up-to-date: /home/jelly/ros2_ws/install/FMT/include/fmt/compile.h
[1.028s] -- Up-to-date: /home/jelly/ros2_ws/install/FMT/include/fmt/core.h
[1.028s] -- Up-to-date: /home/jelly/ros2_ws/install/FMT/include/fmt/format.h
[1.028s] -- Up-to-date: /home/jelly/ros2_ws/install/FMT/include/fmt/format-inl.h
[1.029s] -- Up-to-date: /home/jelly/ros2_ws/install/FMT/include/fmt/os.h
[1.031s] -- Up-to-date: /home/jelly/ros2_ws/install/FMT/include/fmt/ostream.h
[1.031s] -- Up-to-date: /home/jelly/ros2_ws/install/FMT/include/fmt/printf.h
[1.031s] -- Up-to-date: /home/jelly/ros2_ws/install/FMT/include/fmt/ranges.h
[1.031s] -- Up-to-date: /home/jelly/ros2_ws/install/FMT/include/fmt/std.h
[1.036s] -- Up-to-date: /home/jelly/ros2_ws/install/FMT/include/fmt/xchar.h
[1.036s] -- Up-to-date: /home/jelly/ros2_ws/install/FMT/lib/cmake/fmt/fmt-config.cmake
[1.039s] -- Up-to-date: /home/jelly/ros2_ws/install/FMT/lib/cmake/fmt/fmt-config-version.cmake
[1.039s] -- Up-to-date: /home/jelly/ros2_ws/install/FMT/lib/cmake/fmt/fmt-targets.cmake
[1.039s] -- Up-to-date: /home/jelly/ros2_ws/install/FMT/lib/cmake/fmt/fmt-targets-release.cmake
[1.039s] -- Up-to-date: /home/jelly/ros2_ws/install/FMT/lib/pkgconfig/fmt.pc
[1.040s] Invoked command in '/home/jelly/ros2_ws/build/FMT' returned '0': /usr/bin/cmake --install /home/jelly/ros2_ws/build/FMT
