[0.009s] Invoking command in '/home/coleman/ros2_ws/build/mycobot_moveit_config': CMAKE_PREFIX_PATH=/home/coleman/ros2_ws/install/mycobot_description:/home/coleman/ros2_ws/install/mycobot_ros2:/home/coleman/ros2_ws/install/mycobot_moveit_config:/home/coleman/ros2_ws/install/mycobot_gazebo:/opt/ros/humble /usr/bin/cmake --build /home/coleman/ros2_ws/build/mycobot_moveit_config -- -j16 -l16
[0.028s] Invoked command in '/home/coleman/ros2_ws/build/mycobot_moveit_config' returned '0': CMAKE_PREFIX_PATH=/home/coleman/ros2_ws/install/mycobot_description:/home/coleman/ros2_ws/install/mycobot_ros2:/home/coleman/ros2_ws/install/mycobot_moveit_config:/home/coleman/ros2_ws/install/mycobot_gazebo:/opt/ros/humble /usr/bin/cmake --build /home/coleman/ros2_ws/build/mycobot_moveit_config -- -j16 -l16
[0.142s] Invoking command in '/home/coleman/ros2_ws/build/mycobot_moveit_config': CMAKE_PREFIX_PATH=/home/coleman/ros2_ws/install/mycobot_description:/home/coleman/ros2_ws/install/mycobot_ros2:/home/coleman/ros2_ws/install/mycobot_moveit_config:/home/coleman/ros2_ws/install/mycobot_gazebo:/opt/ros/humble /usr/bin/cmake --install /home/coleman/ros2_ws/build/mycobot_moveit_config
[0.165s] -- Install configuration: ""
[0.167s] -- Up-to-date: /home/coleman/ros2_ws/install/mycobot_moveit_config/share/ament_index/resource_index/package_run_dependencies/mycobot_moveit_config
[0.168s] -- Up-to-date: /home/coleman/ros2_ws/install/mycobot_moveit_config/share/ament_index/resource_index/parent_prefix_path/mycobot_moveit_config
[0.168s] -- Up-to-date: /home/coleman/ros2_ws/install/mycobot_moveit_config/share/mycobot_moveit_config/environment/ament_prefix_path.sh
[0.168s] -- Up-to-date: /home/coleman/ros2_ws/install/mycobot_moveit_config/share/mycobot_moveit_config/environment/ament_prefix_path.dsv
[0.168s] -- Up-to-date: /home/coleman/ros2_ws/install/mycobot_moveit_config/share/mycobot_moveit_config/environment/path.sh
[0.170s] -- Up-to-date: /home/coleman/ros2_ws/install/mycobot_moveit_config/share/mycobot_moveit_config/environment/path.dsv
[0.172s] -- Up-to-date: /home/coleman/ros2_ws/install/mycobot_moveit_config/share/mycobot_moveit_config/local_setup.bash
[0.173s] -- Up-to-date: /home/coleman/ros2_ws/install/mycobot_moveit_config/share/mycobot_moveit_config/local_setup.sh
[0.177s] -- Up-to-date: /home/coleman/ros2_ws/install/mycobot_moveit_config/share/mycobot_moveit_config/local_setup.zsh
[0.179s] -- Up-to-date: /home/coleman/ros2_ws/install/mycobot_moveit_config/share/mycobot_moveit_config/local_setup.dsv
[0.180s] -- Installing: /home/coleman/ros2_ws/install/mycobot_moveit_config/share/mycobot_moveit_config/package.dsv
[0.181s] -- Up-to-date: /home/coleman/ros2_ws/install/mycobot_moveit_config/share/ament_index/resource_index/packages/mycobot_moveit_config
[0.181s] -- Up-to-date: /home/coleman/ros2_ws/install/mycobot_moveit_config/share/mycobot_moveit_config/cmake/mycobot_moveit_configConfig.cmake
[0.181s] -- Up-to-date: /home/coleman/ros2_ws/install/mycobot_moveit_config/share/mycobot_moveit_config/cmake/mycobot_moveit_configConfig-version.cmake
[0.182s] -- Up-to-date: /home/coleman/ros2_ws/install/mycobot_moveit_config/share/mycobot_moveit_config/package.xml
[0.182s] -- Up-to-date: /home/coleman/ros2_ws/install/mycobot_moveit_config/share/mycobot_moveit_config/launch
[0.183s] -- Up-to-date: /home/coleman/ros2_ws/install/mycobot_moveit_config/share/mycobot_moveit_config/launch/warehouse_db.launch.py
[0.194s] -- Up-to-date: /home/coleman/ros2_ws/install/mycobot_moveit_config/share/mycobot_moveit_config/launch/rsp.launch.py
[0.196s] -- Up-to-date: /home/coleman/ros2_ws/install/mycobot_moveit_config/share/mycobot_moveit_config/launch/setup_assistant.launch.py
[0.196s] -- Up-to-date: /home/coleman/ros2_ws/install/mycobot_moveit_config/share/mycobot_moveit_config/launch/demo.launch.py
[0.197s] -- Up-to-date: /home/coleman/ros2_ws/install/mycobot_moveit_config/share/mycobot_moveit_config/launch/static_virtual_joint_tfs.launch.py
[0.197s] -- Up-to-date: /home/coleman/ros2_ws/install/mycobot_moveit_config/share/mycobot_moveit_config/launch/move_group.launch.py
[0.197s] -- Up-to-date: /home/coleman/ros2_ws/install/mycobot_moveit_config/share/mycobot_moveit_config/launch/spawn_controllers.launch.py
[0.198s] -- Up-to-date: /home/coleman/ros2_ws/install/mycobot_moveit_config/share/mycobot_moveit_config/launch/moveit_rviz.launch.py
[0.206s] -- Up-to-date: /home/coleman/ros2_ws/install/mycobot_moveit_config/share/mycobot_moveit_config/config
[0.209s] -- Up-to-date: /home/coleman/ros2_ws/install/mycobot_moveit_config/share/mycobot_moveit_config/config/pilz_cartesian_limits.yaml
[0.209s] -- Up-to-date: /home/coleman/ros2_ws/install/mycobot_moveit_config/share/mycobot_moveit_config/config/ros2_controllers.yaml
[0.213s] -- Up-to-date: /home/coleman/ros2_ws/install/mycobot_moveit_config/share/mycobot_moveit_config/config/moveit.rviz
[0.220s] -- Up-to-date: /home/coleman/ros2_ws/install/mycobot_moveit_config/share/mycobot_moveit_config/config/firefighter.srdf
[0.225s] -- Up-to-date: /home/coleman/ros2_ws/install/mycobot_moveit_config/share/mycobot_moveit_config/config/initial_positions.yaml
[0.226s] -- Up-to-date: /home/coleman/ros2_ws/install/mycobot_moveit_config/share/mycobot_moveit_config/config/moveit_controllers.yaml
[0.227s] -- Up-to-date: /home/coleman/ros2_ws/install/mycobot_moveit_config/share/mycobot_moveit_config/config/joint_limits.yaml
[0.227s] -- Up-to-date: /home/coleman/ros2_ws/install/mycobot_moveit_config/share/mycobot_moveit_config/config/firefighter.urdf.xacro
[0.229s] -- Up-to-date: /home/coleman/ros2_ws/install/mycobot_moveit_config/share/mycobot_moveit_config/config/firefighter.ros2_control.xacro
[0.230s] -- Up-to-date: /home/coleman/ros2_ws/install/mycobot_moveit_config/share/mycobot_moveit_config/config/kinematics.yaml
[0.233s] -- Up-to-date: /home/coleman/ros2_ws/install/mycobot_moveit_config/share/mycobot_moveit_config/.setup_assistant
[0.245s] Invoked command in '/home/coleman/ros2_ws/build/mycobot_moveit_config' returned '0': CMAKE_PREFIX_PATH=/home/coleman/ros2_ws/install/mycobot_description:/home/coleman/ros2_ws/install/mycobot_ros2:/home/coleman/ros2_ws/install/mycobot_moveit_config:/home/coleman/ros2_ws/install/mycobot_gazebo:/opt/ros/humble /usr/bin/cmake --install /home/coleman/ros2_ws/build/mycobot_moveit_config
