[0.027s] Invoking command in '/home/coleman/ros2_ws/build/mycobot_moveit_config': CMAKE_PREFIX_PATH=/home/coleman/ros2_ws/install/mycobot_gazebo:/home/coleman/ros2_ws/install/mycobot_ros2:/home/coleman/ros2_ws/install/mycobot_moveit_config:/home/coleman/ros2_ws/install/mycobot_description:/opt/ros/humble /usr/bin/cmake --build /home/coleman/ros2_ws/build/mycobot_moveit_config -- -j16 -l16
[0.032s] Invoked command in '/home/coleman/ros2_ws/build/mycobot_moveit_config' returned '0': CMAKE_PREFIX_PATH=/home/coleman/ros2_ws/install/mycobot_gazebo:/home/coleman/ros2_ws/install/mycobot_ros2:/home/coleman/ros2_ws/install/mycobot_moveit_config:/home/coleman/ros2_ws/install/mycobot_description:/opt/ros/humble /usr/bin/cmake --build /home/coleman/ros2_ws/build/mycobot_moveit_config -- -j16 -l16
[0.083s] Invoking command in '/home/coleman/ros2_ws/build/mycobot_moveit_config': CMAKE_PREFIX_PATH=/home/coleman/ros2_ws/install/mycobot_gazebo:/home/coleman/ros2_ws/install/mycobot_ros2:/home/coleman/ros2_ws/install/mycobot_moveit_config:/home/coleman/ros2_ws/install/mycobot_description:/opt/ros/humble /usr/bin/cmake --install /home/coleman/ros2_ws/build/mycobot_moveit_config
[0.127s] -- Install configuration: ""
[0.128s] -- Up-to-date: /home/coleman/ros2_ws/install/mycobot_moveit_config/share/ament_index/resource_index/package_run_dependencies/mycobot_moveit_config
[0.129s] -- Up-to-date: /home/coleman/ros2_ws/install/mycobot_moveit_config/share/ament_index/resource_index/parent_prefix_path/mycobot_moveit_config
[0.130s] -- Up-to-date: /home/coleman/ros2_ws/install/mycobot_moveit_config/share/mycobot_moveit_config/environment/ament_prefix_path.sh
[0.131s] -- Up-to-date: /home/coleman/ros2_ws/install/mycobot_moveit_config/share/mycobot_moveit_config/environment/ament_prefix_path.dsv
[0.132s] -- Up-to-date: /home/coleman/ros2_ws/install/mycobot_moveit_config/share/mycobot_moveit_config/environment/path.sh
[0.134s] -- Up-to-date: /home/coleman/ros2_ws/install/mycobot_moveit_config/share/mycobot_moveit_config/environment/path.dsv
[0.135s] -- Up-to-date: /home/coleman/ros2_ws/install/mycobot_moveit_config/share/mycobot_moveit_config/local_setup.bash
[0.142s] -- Up-to-date: /home/coleman/ros2_ws/install/mycobot_moveit_config/share/mycobot_moveit_config/local_setup.sh
[0.145s] -- Up-to-date: /home/coleman/ros2_ws/install/mycobot_moveit_config/share/mycobot_moveit_config/local_setup.zsh
[0.148s] -- Up-to-date: /home/coleman/ros2_ws/install/mycobot_moveit_config/share/mycobot_moveit_config/local_setup.dsv
[0.152s] -- Installing: /home/coleman/ros2_ws/install/mycobot_moveit_config/share/mycobot_moveit_config/package.dsv
[0.154s] -- Up-to-date: /home/coleman/ros2_ws/install/mycobot_moveit_config/share/ament_index/resource_index/packages/mycobot_moveit_config
[0.155s] -- Up-to-date: /home/coleman/ros2_ws/install/mycobot_moveit_config/share/mycobot_moveit_config/cmake/mycobot_moveit_configConfig.cmake
[0.156s] -- Up-to-date: /home/coleman/ros2_ws/install/mycobot_moveit_config/share/mycobot_moveit_config/cmake/mycobot_moveit_configConfig-version.cmake
[0.157s] -- Up-to-date: /home/coleman/ros2_ws/install/mycobot_moveit_config/share/mycobot_moveit_config/package.xml
[0.159s] -- Up-to-date: /home/coleman/ros2_ws/install/mycobot_moveit_config/share/mycobot_moveit_config/launch
[0.160s] -- Up-to-date: /home/coleman/ros2_ws/install/mycobot_moveit_config/share/mycobot_moveit_config/launch/warehouse_db.launch.py
[0.162s] -- Up-to-date: /home/coleman/ros2_ws/install/mycobot_moveit_config/share/mycobot_moveit_config/launch/rsp.launch.py
[0.167s] -- Up-to-date: /home/coleman/ros2_ws/install/mycobot_moveit_config/share/mycobot_moveit_config/launch/setup_assistant.launch.py
[0.169s] -- Up-to-date: /home/coleman/ros2_ws/install/mycobot_moveit_config/share/mycobot_moveit_config/launch/demo.launch.py
[0.187s] -- Up-to-date: /home/coleman/ros2_ws/install/mycobot_moveit_config/share/mycobot_moveit_config/launch/static_virtual_joint_tfs.launch.py
[0.188s] -- Installing: /home/coleman/ros2_ws/install/mycobot_moveit_config/share/mycobot_moveit_config/launch/move_group.launch.py
[0.193s] -- Up-to-date: /home/coleman/ros2_ws/install/mycobot_moveit_config/share/mycobot_moveit_config/launch/spawn_controllers.launch.py
[0.197s] -- Up-to-date: /home/coleman/ros2_ws/install/mycobot_moveit_config/share/mycobot_moveit_config/launch/moveit_rviz.launch.py
[0.199s] -- Up-to-date: /home/coleman/ros2_ws/install/mycobot_moveit_config/share/mycobot_moveit_config/config
[0.201s] -- Up-to-date: /home/coleman/ros2_ws/install/mycobot_moveit_config/share/mycobot_moveit_config/config/pilz_cartesian_limits.yaml
[0.205s] -- Up-to-date: /home/coleman/ros2_ws/install/mycobot_moveit_config/share/mycobot_moveit_config/config/mycobot_280.ros2_control.xacro
[0.213s] -- Up-to-date: /home/coleman/ros2_ws/install/mycobot_moveit_config/share/mycobot_moveit_config/config/ros2_controllers.yaml
[0.214s] -- Up-to-date: /home/coleman/ros2_ws/install/mycobot_moveit_config/share/mycobot_moveit_config/config/ompl_planning.yaml
[0.217s] -- Up-to-date: /home/coleman/ros2_ws/install/mycobot_moveit_config/share/mycobot_moveit_config/config/moveit.rviz
[0.221s] -- Up-to-date: /home/coleman/ros2_ws/install/mycobot_moveit_config/share/mycobot_moveit_config/config/initial_positions.yaml
[0.225s] -- Up-to-date: /home/coleman/ros2_ws/install/mycobot_moveit_config/share/mycobot_moveit_config/config/mycobot_280.urdf.xacro
[0.229s] -- Up-to-date: /home/coleman/ros2_ws/install/mycobot_moveit_config/share/mycobot_moveit_config/config/mycobot_280.srdf
[0.231s] -- Up-to-date: /home/coleman/ros2_ws/install/mycobot_moveit_config/share/mycobot_moveit_config/config/moveit_controllers.yaml
[0.234s] -- Up-to-date: /home/coleman/ros2_ws/install/mycobot_moveit_config/share/mycobot_moveit_config/config/joint_limits.yaml
[0.234s] -- Up-to-date: /home/coleman/ros2_ws/install/mycobot_moveit_config/share/mycobot_moveit_config/config/sensors_3d.yaml
[0.235s] -- Up-to-date: /home/coleman/ros2_ws/install/mycobot_moveit_config/share/mycobot_moveit_config/config/kinematics.yaml
[0.235s] -- Up-to-date: /home/coleman/ros2_ws/install/mycobot_moveit_config/share/mycobot_moveit_config/.setup_assistant
[0.239s] Invoked command in '/home/coleman/ros2_ws/build/mycobot_moveit_config' returned '0': CMAKE_PREFIX_PATH=/home/coleman/ros2_ws/install/mycobot_gazebo:/home/coleman/ros2_ws/install/mycobot_ros2:/home/coleman/ros2_ws/install/mycobot_moveit_config:/home/coleman/ros2_ws/install/mycobot_description:/opt/ros/humble /usr/bin/cmake --install /home/coleman/ros2_ws/build/mycobot_moveit_config
