[0.021s] Invoking command in '/home/jelly/ros2_ws/build/FMT': /usr/bin/cmake --build /home/jelly/ros2_ws/build/FMT -- -j4 -l4
[0.212s] [  2%] Built target gtest
[0.223s] [  7%] Built target fmt
[0.304s] [ 16%] Built target format-impl-test
[0.348s] [ 25%] Built target compile-fp-test
[0.353s] [ 33%] Built target scan-test
[0.354s] [ 42%] Built target unicode-test
[0.422s] [ 47%] Built target test-main
[0.550s] [ 56%] Built target posix-mock-test
[0.618s] [ 59%] Built target base-test
[0.626s] [ 61%] Built target chrono-test
[0.626s] [ 64%] Built target args-test
[0.626s] [ 67%] Built target assert-test
[0.663s] [ 70%] Built target gtest-extra-test
[0.669s] [ 73%] Built target format-test
[0.672s] [ 76%] Built target color-test
[0.674s] [ 78%] Built target ostream-test
[0.765s] [ 83%] Built target ranges-test
[0.770s] [ 85%] Built target std-test
[0.780s] [ 88%] Built target compile-test
[0.811s] [ 91%] Built target printf-test
[0.863s] [ 94%] Built target enforce-checks-test
[0.864s] [ 97%] Built target xchar-test
[0.874s] [100%] Built target os-test
[0.907s] Invoked command in '/home/jelly/ros2_ws/build/FMT' returned '0': /usr/bin/cmake --build /home/jelly/ros2_ws/build/FMT -- -j4 -l4
[1.120s] Invoking command in '/home/jelly/ros2_ws/build/FMT': /usr/bin/cmake --install /home/jelly/ros2_ws/build/FMT
[1.154s] -- Install configuration: "Release"
[1.154s] -- Up-to-date: /home/jelly/ros2_ws/install/FMT/lib/libfmt.a
[1.154s] -- Up-to-date: /home/jelly/ros2_ws/install/FMT/include/fmt/args.h
[1.154s] -- Up-to-date: /home/jelly/ros2_ws/install/FMT/include/fmt/base.h
[1.154s] -- Up-to-date: /home/jelly/ros2_ws/install/FMT/include/fmt/chrono.h
[1.154s] -- Up-to-date: /home/jelly/ros2_ws/install/FMT/include/fmt/color.h
[1.154s] -- Up-to-date: /home/jelly/ros2_ws/install/FMT/include/fmt/compile.h
[1.155s] -- Up-to-date: /home/jelly/ros2_ws/install/FMT/include/fmt/core.h
[1.155s] -- Up-to-date: /home/jelly/ros2_ws/install/FMT/include/fmt/format.h
[1.155s] -- Up-to-date: /home/jelly/ros2_ws/install/FMT/include/fmt/format-inl.h
[1.155s] -- Up-to-date: /home/jelly/ros2_ws/install/FMT/include/fmt/os.h
[1.155s] -- Up-to-date: /home/jelly/ros2_ws/install/FMT/include/fmt/ostream.h
[1.155s] -- Up-to-date: /home/jelly/ros2_ws/install/FMT/include/fmt/printf.h
[1.155s] -- Up-to-date: /home/jelly/ros2_ws/install/FMT/include/fmt/ranges.h
[1.156s] -- Up-to-date: /home/jelly/ros2_ws/install/FMT/include/fmt/std.h
[1.156s] -- Up-to-date: /home/jelly/ros2_ws/install/FMT/include/fmt/xchar.h
[1.156s] -- Up-to-date: /home/jelly/ros2_ws/install/FMT/lib/cmake/fmt/fmt-config.cmake
[1.161s] -- Up-to-date: /home/jelly/ros2_ws/install/FMT/lib/cmake/fmt/fmt-config-version.cmake
[1.162s] -- Up-to-date: /home/jelly/ros2_ws/install/FMT/lib/cmake/fmt/fmt-targets.cmake
[1.162s] -- Up-to-date: /home/jelly/ros2_ws/install/FMT/lib/cmake/fmt/fmt-targets-release.cmake
[1.162s] -- Up-to-date: /home/jelly/ros2_ws/install/FMT/lib/pkgconfig/fmt.pc
[1.175s] Invoked command in '/home/jelly/ros2_ws/build/FMT' returned '0': /usr/bin/cmake --install /home/jelly/ros2_ws/build/FMT
