[0.023s] Invoking command in '/home/jelly/ros2_ws/build/fp': /usr/bin/cmake --build /home/jelly/ros2_ws/build/fp -- -j4 -l4
[0.125s] [ 10%] Built target no_discard
[0.130s] [ 20%] Built target maybe_error
[0.146s] [ 30%] Built target result
[0.150s] [ 40%] Built target validate_in
[0.193s] [ 50%] Built target validate_range
[0.197s] [ 60%] Built target gtest
[0.201s] [ 70%] Built target gtest_main
[0.251s] [ 80%] Built target result_tests
[0.270s] [ 90%] Built target validate_tests
[0.278s] [100%] Built target mbind_tests
[0.359s] Invoked command in '/home/jelly/ros2_ws/build/fp' returned '0': /usr/bin/cmake --build /home/jelly/ros2_ws/build/fp -- -j4 -l4
[0.443s] Invoking command in '/home/jelly/ros2_ws/build/fp': /usr/bin/cmake --install /home/jelly/ros2_ws/build/fp
[0.455s] -- Install configuration: ""
[0.456s] -- Up-to-date: /usr/local/include/
[0.456s] -- Installing: /usr/local/include//fp
[0.456s] -- Installing: /usr/local/include//fp/all.hpp
[0.456s] -- Installing: /usr/local/include//fp/monad.hpp
[0.457s] -- Installing: /usr/local/include//fp/result.hpp
[0.457s] -- Installing: /usr/local/include//fp/_external
[0.457s] -- Installing: /usr/local/include//fp/_external/expected.hpp
[0.457s] -- Installing: /usr/local/include//fp/no_discard.hpp
[0.457s] -- Installing: /usr/local/include//fp/macros.hpp
[0.458s] -- Installing: /usr/local/include//fp/validate.hpp
[0.460s] -- Installing: /usr/local/share/ament_index/resource_index/package_run_dependencies/fp
[0.460s] -- Installing: /usr/local/share/ament_index/resource_index/parent_prefix_path/fp
[0.460s] -- Installing: /usr/local/share/fp/environment/ament_prefix_path.sh
[0.460s] -- Installing: /usr/local/share/fp/environment/ament_prefix_path.dsv
[0.461s] -- Installing: /usr/local/share/fp/environment/path.sh
[0.461s] -- Installing: /usr/local/share/fp/environment/path.dsv
[0.461s] -- Installing: /usr/local/share/fp/local_setup.bash
[0.461s] -- Installing: /usr/local/share/fp/local_setup.sh
[0.462s] -- Installing: /usr/local/share/fp/local_setup.zsh
[0.462s] -- Installing: /usr/local/share/fp/local_setup.dsv
[0.462s] -- Installing: /usr/local/share/fp/package.dsv
[0.462s] -- Installing: /usr/local/share/ament_index/resource_index/packages/fp
[0.462s] -- Installing: /usr/local/share/fp/cmake/fpTargetsExport.cmake
[0.463s] -- Installing: /usr/local/share/fp/cmake/ament_cmake_export_include_directories-extras.cmake
[0.463s] -- Installing: /usr/local/share/fp/cmake/ament_cmake_export_targets-extras.cmake
[0.463s] -- Installing: /usr/local/share/fp/cmake/ament_cmake_export_dependencies-extras.cmake
[0.463s] -- Installing: /usr/local/share/fp/cmake/fpConfig.cmake
[0.463s] -- Installing: /usr/local/share/fp/cmake/fpConfig-version.cmake
[0.463s] -- Installing: /usr/local/share/fp/package.xml
[0.469s] Invoked command in '/home/jelly/ros2_ws/build/fp' returned '0': /usr/bin/cmake --install /home/jelly/ros2_ws/build/fp
