[0.032s] Invoking command in '/home/jelly/ros2_ws/build/FMT': /usr/bin/cmake --build /home/jelly/ros2_ws/build/FMT -- -j4 -l4
[0.171s] [  2%] Built target gtest
[0.173s] [  7%] Built target fmt
[0.298s] [ 12%] Built target test-main
[0.363s] [ 22%] Built target format-impl-test
[0.364s] [ 30%] Built target compile-fp-test
[0.375s] [ 39%] Built target scan-test
[0.443s] [ 47%] Built target unicode-test
[0.477s] [ 50%] Built target enforce-checks-test
[0.483s] [ 53%] Built target xchar-test
[0.509s] [ 61%] Built target posix-mock-test
[0.572s] [ 64%] Built target os-test
[0.579s] [ 67%] Built target assert-test
[0.590s] [ 70%] Built target base-test
[0.591s] [ 73%] Built target args-test
[0.673s] [ 76%] Built target chrono-test
[0.694s] [ 78%] Built target format-test
[0.696s] [ 81%] Built target color-test
[0.731s] [ 84%] Built target gtest-extra-test
[0.768s] [ 87%] Built target printf-test
[0.788s] [ 90%] Built target ostream-test
[0.793s] [ 92%] Built target compile-test
[0.822s] [ 97%] Built target ranges-test
[0.856s] [100%] Built target std-test
[0.881s] Invoked command in '/home/jelly/ros2_ws/build/FMT' returned '0': /usr/bin/cmake --build /home/jelly/ros2_ws/build/FMT -- -j4 -l4
[1.075s] Invoking command in '/home/jelly/ros2_ws/build/FMT': /usr/bin/cmake --install /home/jelly/ros2_ws/build/FMT
[1.097s] -- Install configuration: "Release"
[1.099s] -- Up-to-date: /home/jelly/ros2_ws/install/FMT/lib/libfmt.a
[1.099s] -- Up-to-date: /home/jelly/ros2_ws/install/FMT/include/fmt/args.h
[1.099s] -- Up-to-date: /home/jelly/ros2_ws/install/FMT/include/fmt/base.h
[1.099s] -- Up-to-date: /home/jelly/ros2_ws/install/FMT/include/fmt/chrono.h
[1.099s] -- Up-to-date: /home/jelly/ros2_ws/install/FMT/include/fmt/color.h
[1.100s] -- Up-to-date: /home/jelly/ros2_ws/install/FMT/include/fmt/compile.h
[1.100s] -- Up-to-date: /home/jelly/ros2_ws/install/FMT/include/fmt/core.h
[1.100s] -- Up-to-date: /home/jelly/ros2_ws/install/FMT/include/fmt/format.h
[1.100s] -- Up-to-date: /home/jelly/ros2_ws/install/FMT/include/fmt/format-inl.h
[1.101s] -- Up-to-date: /home/jelly/ros2_ws/install/FMT/include/fmt/os.h
[1.101s] -- Up-to-date: /home/jelly/ros2_ws/install/FMT/include/fmt/ostream.h
[1.101s] -- Up-to-date: /home/jelly/ros2_ws/install/FMT/include/fmt/printf.h
[1.101s] -- Up-to-date: /home/jelly/ros2_ws/install/FMT/include/fmt/ranges.h
[1.101s] -- Up-to-date: /home/jelly/ros2_ws/install/FMT/include/fmt/std.h
[1.101s] -- Up-to-date: /home/jelly/ros2_ws/install/FMT/include/fmt/xchar.h
[1.101s] -- Up-to-date: /home/jelly/ros2_ws/install/FMT/lib/cmake/fmt/fmt-config.cmake
[1.102s] -- Up-to-date: /home/jelly/ros2_ws/install/FMT/lib/cmake/fmt/fmt-config-version.cmake
[1.102s] -- Up-to-date: /home/jelly/ros2_ws/install/FMT/lib/cmake/fmt/fmt-targets.cmake
[1.102s] -- Up-to-date: /home/jelly/ros2_ws/install/FMT/lib/cmake/fmt/fmt-targets-release.cmake
[1.102s] -- Up-to-date: /home/jelly/ros2_ws/install/FMT/lib/pkgconfig/fmt.pc
[1.126s] Invoked command in '/home/jelly/ros2_ws/build/FMT' returned '0': /usr/bin/cmake --install /home/jelly/ros2_ws/build/FMT
